
=INFO REPORT==== 30-Sep-2011::11:41:00 ===
  ts_launcher_static:(5:<0.60.0>) Launch msg receive ("localhost")

=INFO REPORT==== 30-Sep-2011::11:41:01 ===
     ts_launcher_mgr:(4:<0.56.0>) No registered processes ! syncing ...

=INFO REPORT==== 30-Sep-2011::11:41:01 ===
         ts_launcher:(5:<0.61.0>) Launch msg receive ("localhost")

=INFO REPORT==== 30-Sep-2011::11:41:01 ===
         ts_launcher:(5:<0.61.0>) Expected duration of first phase: 120.0 sec 

=INFO REPORT==== 30-Sep-2011::11:41:01 ===
         ts_launcher:(5:<0.61.0>) Activate launcher (120 users) in 14765 msec 

=INFO REPORT==== 30-Sep-2011::11:43:16 ===
         ts_launcher:(5:<0.61.0>) Phase duration exceeded, but not all users were launched (8 users, 6.7% of phase)

=INFO REPORT==== 30-Sep-2011::11:43:16 ===
         ts_launcher:(5:<0.61.0>) Start a new arrival phase (240 0.002); expected duration=121.28578002929687 sec

=INFO REPORT==== 30-Sep-2011::11:45:16 ===
         ts_launcher:(5:<0.61.0>) Phase duration exceeded, but not all users were launched (5 users, 2.1% of phase)

=INFO REPORT==== 30-Sep-2011::11:45:16 ===
         ts_launcher:(5:<0.61.0>) Start a new arrival phase (360 0.003); expected duration=120.00460498046876 sec

=INFO REPORT==== 30-Sep-2011::11:47:16 ===
         ts_launcher:(5:<0.61.0>) Phase duration exceeded, but not all users were launched (39 users, 10.8% of phase)

=INFO REPORT==== 30-Sep-2011::11:47:16 ===
         ts_launcher:(5:<0.61.0>) Start a new arrival phase (480 0.004); expected duration=120.05270288085937 sec

=INFO REPORT==== 30-Sep-2011::11:49:13 ===
         ts_launcher:(5:<0.61.0>) Start a new arrival phase (600 0.005); expected duration=117.08354809570312 sec

=INFO REPORT==== 30-Sep-2011::11:51:04 ===
         ts_launcher:(5:<0.61.0>) Start a new arrival phase (4500 0.0075); expected duration=110.9554501953125 sec

=INFO REPORT==== 30-Sep-2011::12:01:04 ===
         ts_launcher:(5:<0.61.0>) Phase duration exceeded, but not all users were launched (88 users, 2.0% of phase)

=INFO REPORT==== 30-Sep-2011::12:01:04 ===
         ts_launcher:(5:<0.61.0>) Start a new arrival phase (6000 0.01); expected duration=600.4464838867187 sec

=INFO REPORT==== 30-Sep-2011::12:11:04 ===
         ts_launcher:(5:<0.61.0>) Phase duration exceeded, but not all users were launched (232 users, 3.9% of phase)

=INFO REPORT==== 30-Sep-2011::12:11:04 ===
         ts_launcher:(5:<0.61.0>) Start a new arrival phase (7500 0.0125); expected duration=600.0284421386718 sec

=INFO REPORT==== 30-Sep-2011::12:21:04 ===
         ts_launcher:(5:<0.61.0>) Phase duration exceeded, but not all users were launched (36 users, 0.5% of phase)

=INFO REPORT==== 30-Sep-2011::12:21:04 ===
         ts_launcher:(5:<0.61.0>) Start a new arrival phase (9000 0.015); expected duration=600.0774001464844 sec

=INFO REPORT==== 30-Sep-2011::12:31:04 ===
         ts_launcher:(5:<0.61.0>) Phase duration exceeded, but not all users were launched (123 users, 1.4% of phase)

=INFO REPORT==== 30-Sep-2011::12:31:04 ===
         ts_launcher:(5:<0.61.0>) Start a new arrival phase (10500 0.0175); expected duration=600.0093220214844 sec

=INFO REPORT==== 30-Sep-2011::12:41:05 ===
         ts_launcher:(5:<0.61.0>) Phase duration exceeded, but not all users were launched (17 users, 0.2% of phase)

=INFO REPORT==== 30-Sep-2011::12:41:05 ===
         ts_launcher:(5:<0.61.0>) Start a new arrival phase (12000 0.02); expected duration=600.0675187988281 sec

=INFO REPORT==== 30-Sep-2011::12:51:05 ===
         ts_launcher:(5:<0.61.0>) Phase duration exceeded, but not all users were launched (53 users, 0.4% of phase)

=INFO REPORT==== 30-Sep-2011::12:51:05 ===
         ts_launcher:(5:<0.61.0>) Start a new arrival phase (13500 0.0225); expected duration=600.0165439453125 sec

=INFO REPORT==== 30-Sep-2011::13:01:05 ===
         ts_launcher:(5:<0.61.0>) Phase duration exceeded, but not all users were launched (45 users, 0.3% of phase)

=INFO REPORT==== 30-Sep-2011::13:01:05 ===
         ts_launcher:(5:<0.61.0>) This was the last phase, wait for connected users to finish their session

=INFO REPORT==== 30-Sep-2011::13:01:05 ===
     ts_launcher_mgr:(5:<0.56.0>) Still 439 active client(s)
