
=INFO REPORT==== 30-Sep-2011::11:41:01 ===
  ts_launcher_static:(5:<0.60.0>) Launch msg receive ("localhost")

=INFO REPORT==== 30-Sep-2011::11:41:01 ===
     ts_launcher_mgr:(4:<0.56.0>) No registered processes ! syncing ...

=INFO REPORT==== 30-Sep-2011::11:41:01 ===
         ts_launcher:(5:<0.61.0>) Launch msg receive ("localhost")

=INFO REPORT==== 30-Sep-2011::11:41:01 ===
         ts_launcher:(5:<0.61.0>) Expected duration of first phase: 120.0 sec 

=INFO REPORT==== 30-Sep-2011::11:41:01 ===
         ts_launcher:(5:<0.61.0>) Activate launcher (120 users) in 10355 msec 

=INFO REPORT==== 30-Sep-2011::11:43:07 ===
         ts_launcher:(5:<0.61.0>) Start a new arrival phase (240 0.002); expected duration=116.558494140625 sec

=INFO REPORT==== 30-Sep-2011::11:45:07 ===
         ts_launcher:(5:<0.61.0>) Phase duration exceeded, but not all users were launched (14 users, 5.8% of phase)

=INFO REPORT==== 30-Sep-2011::11:45:07 ===
         ts_launcher:(5:<0.61.0>) Start a new arrival phase (360 0.003); expected duration=120.24961401367187 sec

=INFO REPORT==== 30-Sep-2011::11:47:06 ===
         ts_launcher:(5:<0.61.0>) Start a new arrival phase (480 0.004); expected duration=118.28163012695312 sec

=INFO REPORT==== 30-Sep-2011::11:48:58 ===
         ts_launcher:(5:<0.61.0>) Start a new arrival phase (600 0.005); expected duration=111.80547290039063 sec

=INFO REPORT==== 30-Sep-2011::11:50:57 ===
         ts_launcher:(5:<0.61.0>) Start a new arrival phase (4500 0.0075); expected duration=119.63666796875 sec

=INFO REPORT==== 30-Sep-2011::12:00:57 ===
         ts_launcher:(5:<0.61.0>) Phase duration exceeded, but not all users were launched (2 users, 0.0% of phase)

=INFO REPORT==== 30-Sep-2011::12:00:57 ===
         ts_launcher:(5:<0.61.0>) Start a new arrival phase (6000 0.01); expected duration=600.0605258789062 sec

=INFO REPORT==== 30-Sep-2011::12:10:46 ===
         ts_launcher:(5:<0.61.0>) Start a new arrival phase (7500 0.0125); expected duration=588.3254899902344 sec

=INFO REPORT==== 30-Sep-2011::12:20:46 ===
         ts_launcher:(5:<0.61.0>) Phase duration exceeded, but not all users were launched (44 users, 0.6% of phase)

=INFO REPORT==== 30-Sep-2011::12:20:46 ===
         ts_launcher:(5:<0.61.0>) Start a new arrival phase (9000 0.015); expected duration=600.0102729492188 sec

=INFO REPORT==== 30-Sep-2011::12:30:46 ===
         ts_launcher:(5:<0.61.0>) Phase duration exceeded, but not all users were launched (226 users, 2.5% of phase)

=INFO REPORT==== 30-Sep-2011::12:30:46 ===
         ts_launcher:(5:<0.61.0>) Start a new arrival phase (10500 0.0175); expected duration=600.1384340820313 sec

=INFO REPORT==== 30-Sep-2011::12:40:46 ===
         ts_launcher:(5:<0.61.0>) Phase duration exceeded, but not all users were launched (138 users, 1.3% of phase)

=INFO REPORT==== 30-Sep-2011::12:40:46 ===
         ts_launcher:(5:<0.61.0>) Start a new arrival phase (12000 0.02); expected duration=600.0054919433594 sec

=INFO REPORT==== 30-Sep-2011::12:50:46 ===
         ts_launcher:(5:<0.61.0>) Phase duration exceeded, but not all users were launched (257 users, 2.1% of phase)

=INFO REPORT==== 30-Sep-2011::12:50:46 ===
         ts_launcher:(5:<0.61.0>) Start a new arrival phase (13500 0.0225); expected duration=600.0284350585938 sec

=INFO REPORT==== 30-Sep-2011::13:00:46 ===
         ts_launcher:(5:<0.61.0>) Phase duration exceeded, but not all users were launched (140 users, 1.0% of phase)

=INFO REPORT==== 30-Sep-2011::13:00:46 ===
         ts_launcher:(5:<0.61.0>) This was the last phase, wait for connected users to finish their session

=INFO REPORT==== 30-Sep-2011::13:00:46 ===
     ts_launcher_mgr:(5:<0.56.0>) Still 380 active client(s)

=INFO REPORT==== 30-Sep-2011::13:01:46 ===
     ts_launcher_mgr:(5:<0.56.0>) No more active users
