
=INFO REPORT==== 5-Oct-2011::12:59:54 ===
  ts_launcher_static:(5:<0.60.0>) Launch msg receive ("localhost")

=INFO REPORT==== 5-Oct-2011::12:59:54 ===
         ts_launcher:(5:<0.61.0>) Launch msg receive ("localhost")

=INFO REPORT==== 5-Oct-2011::12:59:54 ===
     ts_launcher_mgr:(4:<0.56.0>) No registered processes ! syncing ...

=INFO REPORT==== 5-Oct-2011::12:59:54 ===
         ts_launcher:(5:<0.61.0>) Expected duration of first phase: 120.0 sec 

=INFO REPORT==== 5-Oct-2011::12:59:54 ===
         ts_launcher:(5:<0.61.0>) Activate launcher (120 users) in 13246 msec 

=INFO REPORT==== 5-Oct-2011::13:02:08 ===
         ts_launcher:(5:<0.61.0>) Phase duration exceeded, but not all users were launched (2 users, 1.7% of phase)

=INFO REPORT==== 5-Oct-2011::13:02:08 ===
         ts_launcher:(5:<0.61.0>) Start a new arrival phase (240 0.002); expected duration=120.55646411132813 sec

=INFO REPORT==== 5-Oct-2011::13:04:08 ===
         ts_launcher:(5:<0.61.0>) Phase duration exceeded, but not all users were launched (8 users, 3.3% of phase)

=INFO REPORT==== 5-Oct-2011::13:04:08 ===
         ts_launcher:(5:<0.61.0>) Start a new arrival phase (360 0.003); expected duration=120.05742504882812 sec

=INFO REPORT==== 5-Oct-2011::13:06:08 ===
         ts_launcher:(5:<0.61.0>) Phase duration exceeded, but not all users were launched (45 users, 12.5% of phase)

=INFO REPORT==== 5-Oct-2011::13:06:08 ===
         ts_launcher:(5:<0.61.0>) Start a new arrival phase (480 0.004); expected duration=120.03529516601563 sec

=INFO REPORT==== 5-Oct-2011::13:08:06 ===
         ts_launcher:(5:<0.61.0>) Start a new arrival phase (600 0.005); expected duration=118.19441918945313 sec

=INFO REPORT==== 5-Oct-2011::13:10:01 ===
         ts_launcher:(5:<0.61.0>) Start a new arrival phase (4500 0.0075); expected duration=114.89644311523438 sec

=INFO REPORT==== 5-Oct-2011::13:20:01 ===
         ts_launcher:(5:<0.61.0>) Phase duration exceeded, but not all users were launched (10 users, 0.2% of phase)

=INFO REPORT==== 5-Oct-2011::13:20:01 ===
         ts_launcher:(5:<0.61.0>) Start a new arrival phase (6000 0.01); expected duration=600.5444140625 sec

=INFO REPORT==== 5-Oct-2011::13:29:58 ===
         ts_launcher:(5:<0.61.0>) Start a new arrival phase (7500 0.0125); expected duration=597.0495078125 sec

=INFO REPORT==== 5-Oct-2011::13:39:58 ===
         ts_launcher:(5:<0.61.0>) Phase duration exceeded, but not all users were launched (18 users, 0.2% of phase)

=INFO REPORT==== 5-Oct-2011::13:39:58 ===
         ts_launcher:(5:<0.61.0>) Start a new arrival phase (9000 0.015); expected duration=600.0245981445313 sec

=INFO REPORT==== 5-Oct-2011::13:49:56 ===
         ts_launcher:(5:<0.61.0>) Start a new arrival phase (10500 0.0175); expected duration=597.5413688964844 sec

=INFO REPORT==== 5-Oct-2011::13:59:56 ===
         ts_launcher:(5:<0.61.0>) Phase duration exceeded, but not all users were launched (80 users, 0.8% of phase)

=INFO REPORT==== 5-Oct-2011::13:59:56 ===
         ts_launcher:(5:<0.61.0>) Start a new arrival phase (12000 0.02); expected duration=600.0194838867187 sec

=INFO REPORT==== 5-Oct-2011::14:09:56 ===
         ts_launcher:(5:<0.61.0>) Phase duration exceeded, but not all users were launched (137 users, 1.1% of phase)

=INFO REPORT==== 5-Oct-2011::14:09:56 ===
         ts_launcher:(5:<0.61.0>) Start a new arrival phase (13500 0.0225); expected duration=600.0405532226563 sec

=INFO REPORT==== 5-Oct-2011::14:19:56 ===
         ts_launcher:(5:<0.61.0>) Phase duration exceeded, but not all users were launched (169 users, 1.3% of phase)

=INFO REPORT==== 5-Oct-2011::14:19:56 ===
         ts_launcher:(5:<0.61.0>) This was the last phase, wait for connected users to finish their session

=INFO REPORT==== 5-Oct-2011::14:19:56 ===
     ts_launcher_mgr:(5:<0.56.0>) Still 414 active client(s)
