
=INFO REPORT==== 5-Oct-2011::12:59:54 ===
  ts_launcher_static:(5:<0.60.0>) Launch msg receive ("localhost")

=INFO REPORT==== 5-Oct-2011::12:59:54 ===
     ts_launcher_mgr:(4:<0.56.0>) No registered processes ! syncing ...

=INFO REPORT==== 5-Oct-2011::12:59:54 ===
         ts_launcher:(5:<0.61.0>) Launch msg receive ("localhost")

=INFO REPORT==== 5-Oct-2011::12:59:54 ===
         ts_launcher:(5:<0.61.0>) Expected duration of first phase: 120.0 sec 

=INFO REPORT==== 5-Oct-2011::12:59:54 ===
         ts_launcher:(5:<0.61.0>) Activate launcher (120 users) in 11527 msec 

=INFO REPORT==== 5-Oct-2011::13:02:01 ===
         ts_launcher:(5:<0.61.0>) Start a new arrival phase (240 0.002); expected duration=116.32454711914062 sec

=INFO REPORT==== 5-Oct-2011::13:04:02 ===
         ts_launcher:(5:<0.61.0>) Phase duration exceeded, but not all users were launched (10 users, 4.2% of phase)

=INFO REPORT==== 5-Oct-2011::13:04:02 ===
         ts_launcher:(5:<0.61.0>) Start a new arrival phase (360 0.003); expected duration=120.37025 sec

=INFO REPORT==== 5-Oct-2011::13:05:59 ===
         ts_launcher:(5:<0.61.0>) Start a new arrival phase (480 0.004); expected duration=117.39437109375 sec

=INFO REPORT==== 5-Oct-2011::13:07:59 ===
         ts_launcher:(5:<0.61.0>) Phase duration exceeded, but not all users were launched (14 users, 2.9% of phase)

=INFO REPORT==== 5-Oct-2011::13:07:59 ===
         ts_launcher:(5:<0.61.0>) Start a new arrival phase (600 0.005); expected duration=120.03942822265626 sec

=INFO REPORT==== 5-Oct-2011::13:09:48 ===
         ts_launcher:(5:<0.61.0>) Start a new arrival phase (4500 0.0075); expected duration=108.59744287109375 sec

=INFO REPORT==== 5-Oct-2011::13:19:48 ===
         ts_launcher:(5:<0.61.0>) Phase duration exceeded, but not all users were launched (63 users, 1.4% of phase)

=INFO REPORT==== 5-Oct-2011::13:19:48 ===
         ts_launcher:(5:<0.61.0>) Start a new arrival phase (6000 0.01); expected duration=600.0333940429688 sec

=INFO REPORT==== 5-Oct-2011::13:29:48 ===
         ts_launcher:(5:<0.61.0>) Phase duration exceeded, but not all users were launched (41 users, 0.7% of phase)

=INFO REPORT==== 5-Oct-2011::13:29:48 ===
         ts_launcher:(5:<0.61.0>) Start a new arrival phase (7500 0.0125); expected duration=600.0304299316406 sec

=INFO REPORT==== 5-Oct-2011::13:39:47 ===
         ts_launcher:(5:<0.61.0>) Start a new arrival phase (9000 0.015); expected duration=599.6534399414063 sec

=INFO REPORT==== 5-Oct-2011::13:49:48 ===
         ts_launcher:(5:<0.61.0>) Phase duration exceeded, but not all users were launched (22 users, 0.2% of phase)

=INFO REPORT==== 5-Oct-2011::13:49:48 ===
         ts_launcher:(5:<0.61.0>) Start a new arrival phase (10500 0.0175); expected duration=600.1795671386719 sec

=INFO REPORT==== 5-Oct-2011::13:59:48 ===
         ts_launcher:(5:<0.61.0>) Phase duration exceeded, but not all users were launched (55 users, 0.5% of phase)

=INFO REPORT==== 5-Oct-2011::13:59:48 ===
         ts_launcher:(5:<0.61.0>) Start a new arrival phase (12000 0.02); expected duration=600.1084321289062 sec

=INFO REPORT==== 5-Oct-2011::14:09:48 ===
         ts_launcher:(5:<0.61.0>) Phase duration exceeded, but not all users were launched (237 users, 2.0% of phase)

=INFO REPORT==== 5-Oct-2011::14:09:48 ===
         ts_launcher:(5:<0.61.0>) Start a new arrival phase (13500 0.0225); expected duration=600.0552951660156 sec

=INFO REPORT==== 5-Oct-2011::14:19:48 ===
         ts_launcher:(5:<0.61.0>) Phase duration exceeded, but not all users were launched (79 users, 0.6% of phase)

=INFO REPORT==== 5-Oct-2011::14:19:48 ===
         ts_launcher:(5:<0.61.0>) This was the last phase, wait for connected users to finish their session

=INFO REPORT==== 5-Oct-2011::14:19:48 ===
     ts_launcher_mgr:(5:<0.56.0>) Still 374 active client(s)

=INFO REPORT==== 5-Oct-2011::14:20:48 ===
     ts_launcher_mgr:(5:<0.56.0>) No more active users
