
=INFO REPORT==== 11-Mar-2011::15:25:04 ===
         ts_launcher:(5:<0.61.0>) Expected duration of phase: 316.97142857142853 sec 

=INFO REPORT==== 11-Mar-2011::15:25:04 ===
     ts_launcher_mgr:(4:<0.56.0>) No registered processes ! syncing ...

=INFO REPORT==== 11-Mar-2011::15:25:50 ===
         ts_launcher:(5:<0.61.0>) Max number of concurrent clients reached, must start a new beam

=INFO REPORT==== 11-Mar-2011::15:26:47 ===
           ts_search:(4:<0.387.0>) Dyn Var: no Match (varname=authenticity_token), 

=INFO REPORT==== 11-Mar-2011::15:26:51 ===
           ts_search:(4:<0.442.0>) Dyn Var: no Match (varname=authenticity_token), 

=INFO REPORT==== 11-Mar-2011::15:26:53 ===
           ts_search:(4:<0.465.0>) Dyn Var: no Match (varname=authenticity_token), 

=INFO REPORT==== 11-Mar-2011::15:26:53 ===
           ts_search:(4:<0.470.0>) Dyn Var: no Match (varname=authenticity_token), 

=INFO REPORT==== 11-Mar-2011::15:26:53 ===
           ts_search:(4:<0.481.0>) Dyn Var: no Match (varname=authenticity_token), 

=INFO REPORT==== 11-Mar-2011::15:26:54 ===
           ts_search:(4:<0.331.0>) Dyn Var: no Match (varname=authenticity_token), 

=INFO REPORT==== 11-Mar-2011::15:26:56 ===
           ts_search:(4:<0.534.0>) Dyn Var: no Match (varname=authenticity_token), 

=INFO REPORT==== 11-Mar-2011::15:26:57 ===
           ts_search:(4:<0.547.0>) Dyn Var: no Match (varname=authenticity_token), 

=INFO REPORT==== 11-Mar-2011::15:27:00 ===
           ts_search:(4:<0.244.0>) Dyn Var: no Match (varname=authenticity_token), 

=INFO REPORT==== 11-Mar-2011::15:27:00 ===
           ts_search:(4:<0.591.0>) Dyn Var: no Match (varname=authenticity_token), 

=INFO REPORT==== 11-Mar-2011::15:27:04 ===
           ts_search:(4:<0.641.0>) Dyn Var: no Match (varname=authenticity_token), 

=INFO REPORT==== 11-Mar-2011::15:27:07 ===
           ts_search:(4:<0.693.0>) Dyn Var: no Match (varname=authenticity_token), 

=INFO REPORT==== 11-Mar-2011::15:27:16 ===
           ts_search:(4:<0.855.0>) Dyn Var: no Match (varname=authenticity_token), 
