
=INFO REPORT==== 11-Mar-2011::15:26:38 ===
         ts_launcher:(5:<0.61.0>) Expected duration of phase: 225.54285714285714 sec 

=INFO REPORT==== 11-Mar-2011::15:26:38 ===
     ts_launcher_mgr:(4:<0.56.0>) No registered processes ! syncing ...

=INFO REPORT==== 11-Mar-2011::15:27:25 ===
         ts_launcher:(5:<0.61.0>) Max number of concurrent clients reached, must start a new beam

=INFO REPORT==== 11-Mar-2011::15:28:10 ===
           ts_search:(4:<0.126.0>) Dyn Var: no Match (varname=authenticity_token), 

=INFO REPORT==== 11-Mar-2011::15:28:12 ===
           ts_search:(4:<0.184.0>) Dyn Var: no Match (varname=authenticity_token), 

=INFO REPORT==== 11-Mar-2011::15:28:13 ===
           ts_search:(4:<0.198.0>) Dyn Var: no Match (varname=authenticity_token), 

=INFO REPORT==== 11-Mar-2011::15:28:24 ===
           ts_search:(4:<0.385.0>) Dyn Var: no Match (varname=authenticity_token), 

=INFO REPORT==== 11-Mar-2011::15:28:26 ===
           ts_search:(4:<0.289.0>) Dyn Var: no Match (varname=authenticity_token), 

=INFO REPORT==== 11-Mar-2011::15:28:32 ===
           ts_search:(4:<0.499.0>) Dyn Var: no Match (varname=authenticity_token), 

=INFO REPORT==== 11-Mar-2011::15:28:32 ===
           ts_search:(4:<0.497.0>) Dyn Var: no Match (varname=authenticity_token), 

=INFO REPORT==== 11-Mar-2011::15:28:34 ===
           ts_search:(4:<0.536.0>) Dyn Var: no Match (varname=authenticity_token), 

=INFO REPORT==== 11-Mar-2011::15:28:42 ===
           ts_search:(4:<0.687.0>) Dyn Var: no Match (varname=authenticity_token), 

=INFO REPORT==== 11-Mar-2011::15:28:43 ===
           ts_search:(4:<0.693.0>) Dyn Var: no Match (varname=authenticity_token), 

=INFO REPORT==== 11-Mar-2011::15:28:44 ===
           ts_search:(4:<0.703.0>) Dyn Var: no Match (varname=authenticity_token), 

=INFO REPORT==== 11-Mar-2011::15:28:46 ===
           ts_search:(4:<0.747.0>) Dyn Var: no Match (varname=authenticity_token), 

=INFO REPORT==== 11-Mar-2011::15:28:46 ===
           ts_search:(4:<0.749.0>) Dyn Var: no Match (varname=authenticity_token), 

=INFO REPORT==== 11-Mar-2011::15:28:49 ===
           ts_search:(4:<0.783.0>) Dyn Var: no Match (varname=authenticity_token), 

=INFO REPORT==== 11-Mar-2011::15:28:54 ===
           ts_search:(4:<0.863.0>) Dyn Var: no Match (varname=authenticity_token), 

=INFO REPORT==== 11-Mar-2011::15:28:54 ===
           ts_search:(4:<0.877.0>) Dyn Var: no Match (varname=authenticity_token), 

=INFO REPORT==== 11-Mar-2011::15:28:55 ===
           ts_search:(4:<0.886.0>) Dyn Var: no Match (varname=authenticity_token), 

=INFO REPORT==== 11-Mar-2011::15:28:55 ===
           ts_search:(4:<0.891.0>) Dyn Var: no Match (varname=authenticity_token), 
