
=INFO REPORT==== 11-Mar-2011::15:29:21 ===
         ts_launcher:(5:<0.61.0>) Expected duration of phase: 67.54285714285713 sec 

=INFO REPORT==== 11-Mar-2011::15:29:21 ===
     ts_launcher_mgr:(4:<0.56.0>) No registered processes ! syncing ...

=INFO REPORT==== 11-Mar-2011::15:30:08 ===
         ts_launcher:(5:<0.61.0>) Max number of concurrent clients reached, must start a new beam

=INFO REPORT==== 11-Mar-2011::15:30:51 ===
           ts_search:(4:<0.198.0>) Dyn Var: no Match (varname=authenticity_token), 

=INFO REPORT==== 11-Mar-2011::15:30:58 ===
           ts_search:(4:<0.203.0>) Dyn Var: no Match (varname=authenticity_token), 

=INFO REPORT==== 11-Mar-2011::15:30:58 ===
           ts_search:(4:<0.306.0>) Dyn Var: no Match (varname=authenticity_token), 

=INFO REPORT==== 11-Mar-2011::15:31:09 ===
           ts_search:(4:<0.484.0>) Dyn Var: no Match (varname=authenticity_token), 

=INFO REPORT==== 11-Mar-2011::15:31:10 ===
           ts_search:(4:<0.491.0>) Dyn Var: no Match (varname=authenticity_token), 

=INFO REPORT==== 11-Mar-2011::15:31:10 ===
           ts_search:(4:<0.488.0>) Dyn Var: no Match (varname=authenticity_token), 

=INFO REPORT==== 11-Mar-2011::15:31:11 ===
           ts_search:(4:<0.510.0>) Dyn Var: no Match (varname=authenticity_token), 

=INFO REPORT==== 11-Mar-2011::15:31:11 ===
           ts_search:(4:<0.515.0>) Dyn Var: no Match (varname=authenticity_token), 

=INFO REPORT==== 11-Mar-2011::15:31:13 ===
           ts_search:(4:<0.536.0>) Dyn Var: no Match (varname=authenticity_token), 

=INFO REPORT==== 11-Mar-2011::15:31:14 ===
           ts_search:(4:<0.566.0>) Dyn Var: no Match (varname=authenticity_token), 

=INFO REPORT==== 11-Mar-2011::15:31:15 ===
           ts_search:(4:<0.571.0>) Dyn Var: no Match (varname=authenticity_token), 

=INFO REPORT==== 11-Mar-2011::15:31:15 ===
           ts_search:(4:<0.574.0>) Dyn Var: no Match (varname=authenticity_token), 

=INFO REPORT==== 11-Mar-2011::15:31:15 ===
           ts_search:(4:<0.576.0>) Dyn Var: no Match (varname=authenticity_token), 

=INFO REPORT==== 11-Mar-2011::15:31:19 ===
           ts_search:(4:<0.642.0>) Dyn Var: no Match (varname=authenticity_token), 

=INFO REPORT==== 11-Mar-2011::15:31:22 ===
           ts_search:(4:<0.714.0>) Dyn Var: no Match (varname=authenticity_token), 

=INFO REPORT==== 11-Mar-2011::15:31:23 ===
           ts_search:(4:<0.741.0>) Dyn Var: no Match (varname=authenticity_token), 

=INFO REPORT==== 11-Mar-2011::15:31:27 ===
           ts_search:(4:<0.806.0>) Dyn Var: no Match (varname=authenticity_token), 

=INFO REPORT==== 11-Mar-2011::15:31:33 ===
           ts_search:(4:<0.911.0>) Dyn Var: no Match (varname=authenticity_token), 
