
=INFO REPORT==== 11-Mar-2011::15:25:51 ===
         ts_launcher:(5:<0.61.0>) Expected duration of phase: 271.25714285714287 sec 

=INFO REPORT==== 11-Mar-2011::15:25:51 ===
     ts_launcher_mgr:(4:<0.56.0>) No registered processes ! syncing ...

=INFO REPORT==== 11-Mar-2011::15:26:38 ===
         ts_launcher:(5:<0.61.0>) Max number of concurrent clients reached, must start a new beam

=INFO REPORT==== 11-Mar-2011::15:27:24 ===
           ts_search:(4:<0.212.0>) Dyn Var: no Match (varname=authenticity_token), 

=INFO REPORT==== 11-Mar-2011::15:27:26 ===
           ts_search:(4:<0.253.0>) Dyn Var: no Match (varname=authenticity_token), 

=INFO REPORT==== 11-Mar-2011::15:27:45 ===
           ts_search:(4:<0.535.0>) Dyn Var: no Match (varname=authenticity_token), 

=INFO REPORT==== 11-Mar-2011::15:27:48 ===
           ts_search:(4:<0.579.0>) Dyn Var: no Match (varname=authenticity_token), 

=INFO REPORT==== 11-Mar-2011::15:27:48 ===
           ts_search:(4:<0.568.0>) Dyn Var: no Match (varname=authenticity_token), 

=INFO REPORT==== 11-Mar-2011::15:27:51 ===
           ts_search:(4:<0.638.0>) Dyn Var: no Match (varname=authenticity_token), 

=INFO REPORT==== 11-Mar-2011::15:28:00 ===
           ts_search:(4:<0.789.0>) Dyn Var: no Match (varname=authenticity_token), 

=INFO REPORT==== 11-Mar-2011::15:28:06 ===
           ts_search:(4:<0.883.0>) Dyn Var: no Match (varname=authenticity_token), 

=INFO REPORT==== 11-Mar-2011::15:28:13 ===
           ts_search:(4:<0.785.0>) Dyn Var: no Match (varname=authenticity_token), 
