
=INFO REPORT==== 11-Mar-2011::15:20:44 ===
         ts_launcher:(5:<0.61.0>) Expected duration of phase: 571.0285714285714 sec 

=INFO REPORT==== 11-Mar-2011::15:20:44 ===
     ts_launcher_mgr:(4:<0.56.0>) No registered processes ! syncing ...

=INFO REPORT==== 11-Mar-2011::15:21:30 ===
         ts_launcher:(5:<0.61.0>) Max number of concurrent clients reached, must start a new beam

=INFO REPORT==== 11-Mar-2011::15:21:53 ===
           ts_search:(4:<0.140.0>) Dyn Var: no Match (varname=authenticity_token), 

=INFO REPORT==== 11-Mar-2011::15:21:55 ===
           ts_search:(4:<0.165.0>) Dyn Var: no Match (varname=authenticity_token), 

=INFO REPORT==== 11-Mar-2011::15:21:57 ===
           ts_search:(4:<0.156.0>) Dyn Var: no Match (varname=authenticity_token), 

=INFO REPORT==== 11-Mar-2011::15:22:03 ===
           ts_search:(4:<0.130.0>) Dyn Var: no Match (varname=authenticity_token), 

=INFO REPORT==== 11-Mar-2011::15:22:11 ===
           ts_search:(4:<0.357.0>) Dyn Var: no Match (varname=authenticity_token), 

=INFO REPORT==== 11-Mar-2011::15:22:23 ===
           ts_search:(4:<0.448.0>) Dyn Var: no Match (varname=authenticity_token), 

=INFO REPORT==== 11-Mar-2011::15:22:24 ===
           ts_search:(4:<0.525.0>) Dyn Var: no Match (varname=authenticity_token), 

=INFO REPORT==== 11-Mar-2011::15:22:27 ===
           ts_search:(4:<0.554.0>) Dyn Var: no Match (varname=authenticity_token), 

=INFO REPORT==== 11-Mar-2011::15:22:32 ===
           ts_search:(4:<0.655.0>) Dyn Var: no Match (varname=authenticity_token), 

=INFO REPORT==== 11-Mar-2011::15:22:34 ===
           ts_search:(4:<0.689.0>) Dyn Var: no Match (varname=authenticity_token), 

=INFO REPORT==== 11-Mar-2011::15:22:35 ===
           ts_search:(4:<0.627.0>) Dyn Var: no Match (varname=authenticity_token), 

=INFO REPORT==== 11-Mar-2011::15:22:38 ===
           ts_search:(4:<0.762.0>) Dyn Var: no Match (varname=authenticity_token), 

=INFO REPORT==== 11-Mar-2011::15:22:38 ===
           ts_search:(4:<0.729.0>) Dyn Var: no Match (varname=authenticity_token), 

=INFO REPORT==== 11-Mar-2011::15:22:40 ===
           ts_search:(4:<0.788.0>) Dyn Var: no Match (varname=authenticity_token), 

=INFO REPORT==== 11-Mar-2011::15:22:42 ===
           ts_search:(4:<0.742.0>) Dyn Var: no Match (varname=authenticity_token), 
