
=INFO REPORT==== 11-Mar-2011::15:23:27 ===
         ts_launcher:(5:<0.61.0>) Expected duration of phase: 408.3999999999999 sec 

=INFO REPORT==== 11-Mar-2011::15:23:27 ===
     ts_launcher_mgr:(4:<0.56.0>) No registered processes ! syncing ...

=INFO REPORT==== 11-Mar-2011::15:24:14 ===
         ts_launcher:(5:<0.61.0>) Max number of concurrent clients reached, must start a new beam

=INFO REPORT==== 11-Mar-2011::15:24:54 ===
           ts_search:(4:<0.121.0>) Dyn Var: no Match (varname=authenticity_token), 

=INFO REPORT==== 11-Mar-2011::15:24:55 ===
           ts_search:(4:<0.145.0>) Dyn Var: no Match (varname=authenticity_token), 

=INFO REPORT==== 11-Mar-2011::15:25:03 ===
           ts_search:(4:<0.260.0>) Dyn Var: no Match (varname=authenticity_token), 

=INFO REPORT==== 11-Mar-2011::15:25:05 ===
           ts_search:(4:<0.303.0>) Dyn Var: no Match (varname=authenticity_token), 

=INFO REPORT==== 11-Mar-2011::15:25:08 ===
           ts_search:(4:<0.359.0>) Dyn Var: no Match (varname=authenticity_token), 

=INFO REPORT==== 11-Mar-2011::15:25:11 ===
           ts_search:(4:<0.404.0>) Dyn Var: no Match (varname=authenticity_token), 

=INFO REPORT==== 11-Mar-2011::15:25:13 ===
           ts_search:(4:<0.356.0>) Dyn Var: no Match (varname=authenticity_token), 

=INFO REPORT==== 11-Mar-2011::15:25:14 ===
           ts_search:(4:<0.480.0>) Dyn Var: no Match (varname=authenticity_token), 

=INFO REPORT==== 11-Mar-2011::15:25:17 ===
           ts_search:(4:<0.537.0>) Dyn Var: no Match (varname=authenticity_token), 

=INFO REPORT==== 11-Mar-2011::15:25:20 ===
           ts_search:(4:<0.600.0>) Dyn Var: no Match (varname=authenticity_token), 

=INFO REPORT==== 11-Mar-2011::15:25:20 ===
           ts_search:(4:<0.481.0>) Dyn Var: no Match (varname=authenticity_token), 

=INFO REPORT==== 11-Mar-2011::15:25:28 ===
           ts_search:(4:<0.761.0>) Dyn Var: no Match (varname=authenticity_token), 

=INFO REPORT==== 11-Mar-2011::15:25:31 ===
           ts_search:(4:<0.794.0>) Dyn Var: no Match (varname=authenticity_token), 

=INFO REPORT==== 11-Mar-2011::15:25:33 ===
           ts_search:(4:<0.829.0>) Dyn Var: no Match (varname=authenticity_token), 

=INFO REPORT==== 11-Mar-2011::15:25:34 ===
           ts_search:(4:<0.851.0>) Dyn Var: no Match (varname=authenticity_token), 

=INFO REPORT==== 11-Mar-2011::15:25:38 ===
           ts_search:(4:<0.900.0>) Dyn Var: no Match (varname=authenticity_token), 
