
=INFO REPORT==== 11-Mar-2011::15:31:34 ===
         ts_launcher:(5:<0.61.0>) Expected duration of phase: 538.75 sec 

=INFO REPORT==== 11-Mar-2011::15:31:34 ===
     ts_launcher_mgr:(4:<0.56.0>) No registered processes ! syncing ...

=INFO REPORT==== 11-Mar-2011::15:32:15 ===
         ts_launcher:(5:<0.61.0>) Max number of concurrent clients reached, must start a new beam

=INFO REPORT==== 11-Mar-2011::15:33:43 ===
           ts_search:(4:<0.439.0>) Dyn Var: no Match (varname=authenticity_token), 

=INFO REPORT==== 11-Mar-2011::15:33:45 ===
           ts_search:(4:<0.471.0>) Dyn Var: no Match (varname=authenticity_token), 

=INFO REPORT==== 11-Mar-2011::15:33:45 ===
           ts_search:(4:<0.474.0>) Dyn Var: no Match (varname=authenticity_token), 

=INFO REPORT==== 11-Mar-2011::15:33:53 ===
           ts_search:(4:<0.618.0>) Dyn Var: no Match (varname=authenticity_token), 

=INFO REPORT==== 11-Mar-2011::15:33:56 ===
           ts_search:(4:<0.644.0>) Dyn Var: no Match (varname=authenticity_token), 

=INFO REPORT==== 11-Mar-2011::15:33:57 ===
           ts_search:(4:<0.667.0>) Dyn Var: no Match (varname=authenticity_token), 

=INFO REPORT==== 11-Mar-2011::15:33:57 ===
           ts_search:(4:<0.677.0>) Dyn Var: no Match (varname=authenticity_token), 

=INFO REPORT==== 11-Mar-2011::15:33:58 ===
           ts_search:(4:<0.671.0>) Dyn Var: no Match (varname=authenticity_token), 

=INFO REPORT==== 11-Mar-2011::15:33:58 ===
           ts_search:(4:<0.688.0>) Dyn Var: no Match (varname=authenticity_token), 

=INFO REPORT==== 11-Mar-2011::15:34:02 ===
           ts_search:(4:<0.729.0>) Dyn Var: no Match (varname=authenticity_token), 

=INFO REPORT==== 11-Mar-2011::15:34:03 ===
           ts_search:(4:<0.744.0>) Dyn Var: no Match (varname=authenticity_token), 

=INFO REPORT==== 11-Mar-2011::15:34:03 ===
           ts_search:(4:<0.747.0>) Dyn Var: no Match (varname=authenticity_token), 

=INFO REPORT==== 11-Mar-2011::15:34:10 ===
           ts_search:(4:<0.850.0>) Dyn Var: no Match (varname=authenticity_token), 

=INFO REPORT==== 11-Mar-2011::15:34:12 ===
           ts_search:(4:<0.884.0>) Dyn Var: no Match (varname=authenticity_token), 

=INFO REPORT==== 11-Mar-2011::15:34:14 ===
           ts_search:(4:<0.919.0>) Dyn Var: no Match (varname=authenticity_token), 

=INFO REPORT==== 11-Mar-2011::15:34:14 ===
           ts_search:(4:<0.938.0>) Dyn Var: no Match (varname=authenticity_token), 

=INFO REPORT==== 11-Mar-2011::15:35:54 ===
           ts_client:(3:<0.667.0>) (Re)connect from 0.0.0.0 to server:8080, Error: etimedout
