
=INFO REPORT==== 11-Mar-2011::15:30:53 ===
         ts_launcher:(5:<0.61.0>) Expected duration of phase: 578.8 sec 

=INFO REPORT==== 11-Mar-2011::15:30:53 ===
     ts_launcher_mgr:(4:<0.56.0>) No registered processes ! syncing ...

=INFO REPORT==== 11-Mar-2011::15:31:33 ===
         ts_launcher:(5:<0.61.0>) Max number of concurrent clients reached, must start a new beam

=INFO REPORT==== 11-Mar-2011::15:32:40 ===
           ts_search:(4:<0.263.0>) Dyn Var: no Match (varname=authenticity_token), 

=INFO REPORT==== 11-Mar-2011::15:32:41 ===
           ts_search:(4:<0.272.0>) Dyn Var: no Match (varname=authenticity_token), 

=INFO REPORT==== 11-Mar-2011::15:32:46 ===
           ts_search:(4:<0.352.0>) Dyn Var: no Match (varname=authenticity_token), 

=INFO REPORT==== 11-Mar-2011::15:32:50 ===
           ts_search:(4:<0.410.0>) Dyn Var: no Match (varname=authenticity_token), 

=INFO REPORT==== 11-Mar-2011::15:32:59 ===
           ts_search:(4:<0.568.0>) Dyn Var: no Match (varname=authenticity_token), 

=INFO REPORT==== 11-Mar-2011::15:33:03 ===
           ts_search:(4:<0.607.0>) Dyn Var: no Match (varname=authenticity_token), 

=INFO REPORT==== 11-Mar-2011::15:33:13 ===
           ts_search:(4:<0.747.0>) Dyn Var: no Match (varname=authenticity_token), 

=INFO REPORT==== 11-Mar-2011::15:33:18 ===
           ts_search:(4:<0.828.0>) Dyn Var: no Match (varname=authenticity_token), 

=INFO REPORT==== 11-Mar-2011::15:33:19 ===
           ts_search:(4:<0.834.0>) Dyn Var: no Match (varname=authenticity_token), 

=INFO REPORT==== 11-Mar-2011::15:33:19 ===
           ts_search:(4:<0.846.0>) Dyn Var: no Match (varname=authenticity_token), 

=INFO REPORT==== 11-Mar-2011::15:33:25 ===
           ts_search:(4:<0.950.0>) Dyn Var: no Match (varname=authenticity_token), 

=INFO REPORT==== 11-Mar-2011::15:33:26 ===
           ts_search:(4:<0.963.0>) Dyn Var: no Match (varname=authenticity_token), 
