
=INFO REPORT==== 11-Mar-2011::15:26:58 ===
         ts_launcher:(5:<0.61.0>) Expected duration of phase: 204.85714285714283 sec 

=INFO REPORT==== 11-Mar-2011::15:26:58 ===
     ts_launcher_mgr:(4:<0.56.0>) No registered processes ! syncing ...

=INFO REPORT==== 11-Mar-2011::15:27:47 ===
         ts_launcher:(5:<0.61.0>) Max number of concurrent clients reached, must start a new beam

=INFO REPORT==== 11-Mar-2011::15:28:33 ===
           ts_search:(4:<0.178.0>) Dyn Var: no Match (varname=authenticity_token), 

=INFO REPORT==== 11-Mar-2011::15:28:39 ===
           ts_search:(4:<0.220.0>) Dyn Var: no Match (varname=authenticity_token), 

=INFO REPORT==== 11-Mar-2011::15:28:42 ===
           ts_search:(4:<0.325.0>) Dyn Var: no Match (varname=authenticity_token), 

=INFO REPORT==== 11-Mar-2011::15:28:46 ===
           ts_search:(4:<0.138.0>) Dyn Var: no Match (varname=authenticity_token), 

=INFO REPORT==== 11-Mar-2011::15:28:57 ===
           ts_search:(4:<0.560.0>) Dyn Var: no Match (varname=authenticity_token), 

=INFO REPORT==== 11-Mar-2011::15:28:58 ===
           ts_search:(4:<0.573.0>) Dyn Var: no Match (varname=authenticity_token), 

=INFO REPORT==== 11-Mar-2011::15:28:58 ===
           ts_search:(4:<0.572.0>) Dyn Var: no Match (varname=authenticity_token), 

=INFO REPORT==== 11-Mar-2011::15:29:03 ===
           ts_search:(4:<0.683.0>) Dyn Var: no Match (varname=authenticity_token), 

=INFO REPORT==== 11-Mar-2011::15:29:04 ===
           ts_search:(4:<0.689.0>) Dyn Var: no Match (varname=authenticity_token), 

=INFO REPORT==== 11-Mar-2011::15:29:05 ===
           ts_search:(4:<0.713.0>) Dyn Var: no Match (varname=authenticity_token), 

=INFO REPORT==== 11-Mar-2011::15:29:05 ===
           ts_search:(4:<0.715.0>) Dyn Var: no Match (varname=authenticity_token), 

=INFO REPORT==== 11-Mar-2011::15:29:07 ===
           ts_search:(4:<0.720.0>) Dyn Var: no Match (varname=authenticity_token), 

=INFO REPORT==== 11-Mar-2011::15:29:08 ===
           ts_search:(4:<0.773.0>) Dyn Var: no Match (varname=authenticity_token), 

=INFO REPORT==== 11-Mar-2011::15:29:11 ===
           ts_search:(4:<0.799.0>) Dyn Var: no Match (varname=authenticity_token), 

=INFO REPORT==== 11-Mar-2011::15:29:12 ===
           ts_search:(4:<0.805.0>) Dyn Var: no Match (varname=authenticity_token), 

=INFO REPORT==== 11-Mar-2011::15:29:15 ===
           ts_search:(4:<0.843.0>) Dyn Var: no Match (varname=authenticity_token), 

=INFO REPORT==== 11-Mar-2011::15:29:19 ===
           ts_search:(4:<0.891.0>) Dyn Var: no Match (varname=authenticity_token), 

=INFO REPORT==== 11-Mar-2011::15:29:20 ===
           ts_search:(4:<0.901.0>) Dyn Var: no Match (varname=authenticity_token), 
