
=INFO REPORT==== 11-Mar-2011::15:17:15 ===
         ts_launcher:(5:<0.61.0>) Expected duration of phase: 176.2 sec 

=INFO REPORT==== 11-Mar-2011::15:17:15 ===
     ts_launcher_mgr:(4:<0.56.0>) No registered processes ! syncing ...

=INFO REPORT==== 11-Mar-2011::15:18:18 ===
           ts_search:(4:<0.147.0>) Dyn Var: no Match (varname=authenticity_token), 

=INFO REPORT==== 11-Mar-2011::15:18:26 ===
           ts_search:(4:<0.255.0>) Dyn Var: no Match (varname=authenticity_token), 

=INFO REPORT==== 11-Mar-2011::15:18:28 ===
           ts_search:(4:<0.302.0>) Dyn Var: no Match (varname=authenticity_token), 

=INFO REPORT==== 11-Mar-2011::15:18:31 ===
           ts_search:(4:<0.332.0>) Dyn Var: no Match (varname=authenticity_token), 

=INFO REPORT==== 11-Mar-2011::15:18:33 ===
           ts_search:(4:<0.362.0>) Dyn Var: no Match (varname=authenticity_token), 

=INFO REPORT==== 11-Mar-2011::15:18:41 ===
           ts_search:(4:<0.471.0>) Dyn Var: no Match (varname=authenticity_token), 

=INFO REPORT==== 11-Mar-2011::15:18:42 ===
           ts_search:(4:<0.336.0>) Dyn Var: no Match (varname=authenticity_token), 

=INFO REPORT==== 11-Mar-2011::15:18:45 ===
           ts_search:(4:<0.540.0>) Dyn Var: no Match (varname=authenticity_token), 

=INFO REPORT==== 11-Mar-2011::15:18:46 ===
           ts_search:(4:<0.545.0>) Dyn Var: no Match (varname=authenticity_token), 

=INFO REPORT==== 11-Mar-2011::15:18:51 ===
           ts_search:(4:<0.506.0>) Dyn Var: no Match (varname=authenticity_token), 

=INFO REPORT==== 11-Mar-2011::15:18:54 ===
           ts_search:(4:<0.609.0>) Dyn Var: no Match (varname=authenticity_token), 

=INFO REPORT==== 11-Mar-2011::15:18:55 ===
           ts_search:(4:<0.686.0>) Dyn Var: no Match (varname=authenticity_token), 

=INFO REPORT==== 11-Mar-2011::15:19:07 ===
           ts_search:(4:<0.880.0>) Dyn Var: no Match (varname=authenticity_token), 

=INFO REPORT==== 11-Mar-2011::15:19:07 ===
           ts_search:(4:<0.884.0>) Dyn Var: no Match (varname=authenticity_token), 

=INFO REPORT==== 11-Mar-2011::15:19:11 ===
           ts_search:(4:<0.953.0>) Dyn Var: no Match (varname=authenticity_token), 

=INFO REPORT==== 11-Mar-2011::15:19:11 ===
           ts_search:(4:<0.956.0>) Dyn Var: no Match (varname=authenticity_token), 

=INFO REPORT==== 11-Mar-2011::15:19:19 ===
           ts_search:(4:<0.1075.0>) Dyn Var: no Match (varname=authenticity_token), 

=INFO REPORT==== 11-Mar-2011::15:19:21 ===
           ts_search:(4:<0.977.0>) Dyn Var: no Match (varname=authenticity_token), 

=INFO REPORT==== 11-Mar-2011::15:19:45 ===
           ts_search:(4:<0.1447.0>) Dyn Var: no Match (varname=authenticity_token), 

=INFO REPORT==== 11-Mar-2011::15:19:53 ===
           ts_search:(4:<0.1573.0>) Dyn Var: no Match (varname=authenticity_token), 

=INFO REPORT==== 11-Mar-2011::15:20:03 ===
           ts_search:(4:<0.1696.0>) Dyn Var: no Match (varname=authenticity_token), 

=INFO REPORT==== 11-Mar-2011::15:20:03 ===
           ts_search:(4:<0.1684.0>) Dyn Var: no Match (varname=authenticity_token), 

=INFO REPORT==== 11-Mar-2011::15:20:03 ===
           ts_search:(4:<0.1704.0>) Dyn Var: no Match (varname=authenticity_token), 

=INFO REPORT==== 11-Mar-2011::15:20:10 ===
           ts_search:(4:<0.1784.0>) Dyn Var: no Match (varname=authenticity_token), 

=INFO REPORT==== 11-Mar-2011::15:20:12 ===
         ts_launcher:(5:<0.61.0>) Phase duration exceeded, but not all users were launched (66 users, 2.5% of phase)

=INFO REPORT==== 11-Mar-2011::15:20:12 ===
         ts_launcher:(5:<0.61.0>) Start a new arrival phase (10500 0.0175); expected duration=176.27855493164063 sec

=INFO REPORT==== 11-Mar-2011::15:20:12 ===
           ts_search:(4:<0.1768.0>) Dyn Var: no Match (varname=authenticity_token), 

=INFO REPORT==== 11-Mar-2011::15:20:16 ===
           ts_search:(4:<0.1699.0>) Dyn Var: no Match (varname=authenticity_token), 

=INFO REPORT==== 11-Mar-2011::15:20:18 ===
           ts_search:(4:<0.1929.0>) Dyn Var: no Match (varname=authenticity_token), 

=INFO REPORT==== 11-Mar-2011::15:20:21 ===
           ts_search:(4:<0.1986.0>) Dyn Var: no Match (varname=authenticity_token), 

=INFO REPORT==== 11-Mar-2011::15:20:26 ===
           ts_search:(4:<0.1857.0>) Dyn Var: no Match (varname=authenticity_token), 

=INFO REPORT==== 11-Mar-2011::15:20:32 ===
           ts_search:(4:<0.1855.0>) Dyn Var: no Match (varname=authenticity_token), 

=INFO REPORT==== 11-Mar-2011::15:20:35 ===
           ts_search:(4:<0.2164.0>) Dyn Var: no Match (varname=authenticity_token), 

=INFO REPORT==== 11-Mar-2011::15:20:39 ===
           ts_search:(4:<0.2138.0>) Dyn Var: no Match (varname=authenticity_token), 

=INFO REPORT==== 11-Mar-2011::15:20:43 ===
         ts_launcher:(5:<0.61.0>) Max number of concurrent clients reached, must start a new beam

=INFO REPORT==== 11-Mar-2011::15:20:45 ===
           ts_search:(4:<0.2213.0>) Dyn Var: no Match (varname=authenticity_token), 

=INFO REPORT==== 11-Mar-2011::15:20:51 ===
           ts_search:(4:<0.2323.0>) Dyn Var: no Match (varname=authenticity_token), 

=INFO REPORT==== 11-Mar-2011::15:21:15 ===
           ts_search:(4:<0.2683.0>) Dyn Var: no Match (varname=authenticity_token), 

=INFO REPORT==== 11-Mar-2011::15:21:23 ===
           ts_search:(4:<0.2834.0>) Dyn Var: no Match (varname=authenticity_token), 

=INFO REPORT==== 11-Mar-2011::15:21:30 ===
           ts_search:(4:<0.2917.0>) Dyn Var: no Match (varname=authenticity_token), 

=INFO REPORT==== 11-Mar-2011::15:21:37 ===
           ts_search:(4:<0.3027.0>) Dyn Var: no Match (varname=authenticity_token), 

=INFO REPORT==== 11-Mar-2011::15:21:38 ===
           ts_search:(4:<0.3043.0>) Dyn Var: no Match (varname=authenticity_token), 

=INFO REPORT==== 11-Mar-2011::15:21:38 ===
           ts_search:(4:<0.2906.0>) Dyn Var: no Match (varname=authenticity_token), 

=INFO REPORT==== 11-Mar-2011::15:21:43 ===
           ts_search:(4:<0.3095.0>) Dyn Var: no Match (varname=authenticity_token), 

=INFO REPORT==== 11-Mar-2011::15:21:51 ===
           ts_search:(4:<0.2960.0>) Dyn Var: no Match (varname=authenticity_token), 

=INFO REPORT==== 11-Mar-2011::15:21:52 ===
           ts_search:(4:<0.3059.0>) Dyn Var: no Match (varname=authenticity_token), 
