
=INFO REPORT==== 11-Mar-2011::15:21:51 ===
         ts_launcher:(5:<0.61.0>) Expected duration of phase: 499.82857142857137 sec 

=INFO REPORT==== 11-Mar-2011::15:21:51 ===
     ts_launcher_mgr:(4:<0.56.0>) No registered processes ! syncing ...

=INFO REPORT==== 11-Mar-2011::15:22:40 ===
         ts_launcher:(5:<0.61.0>) Max number of concurrent clients reached, must start a new beam

=INFO REPORT==== 11-Mar-2011::15:23:10 ===
           ts_search:(4:<0.114.0>) Dyn Var: no Match (varname=authenticity_token), 

=INFO REPORT==== 11-Mar-2011::15:23:10 ===
           ts_search:(4:<0.117.0>) Dyn Var: no Match (varname=authenticity_token), 

=INFO REPORT==== 11-Mar-2011::15:23:16 ===
           ts_search:(4:<0.208.0>) Dyn Var: no Match (varname=authenticity_token), 

=INFO REPORT==== 11-Mar-2011::15:23:23 ===
           ts_search:(4:<0.329.0>) Dyn Var: no Match (varname=authenticity_token), 

=INFO REPORT==== 11-Mar-2011::15:23:27 ===
           ts_search:(4:<0.389.0>) Dyn Var: no Match (varname=authenticity_token), 

=INFO REPORT==== 11-Mar-2011::15:23:28 ===
           ts_search:(4:<0.416.0>) Dyn Var: no Match (varname=authenticity_token), 

=INFO REPORT==== 11-Mar-2011::15:23:33 ===
           ts_search:(4:<0.481.0>) Dyn Var: no Match (varname=authenticity_token), 

=INFO REPORT==== 11-Mar-2011::15:23:33 ===
           ts_search:(4:<0.477.0>) Dyn Var: no Match (varname=authenticity_token), 

=INFO REPORT==== 11-Mar-2011::15:23:36 ===
           ts_search:(4:<0.423.0>) Dyn Var: no Match (varname=authenticity_token), 

=INFO REPORT==== 11-Mar-2011::15:23:38 ===
           ts_search:(4:<0.552.0>) Dyn Var: no Match (varname=authenticity_token), 

=INFO REPORT==== 11-Mar-2011::15:23:40 ===
           ts_search:(4:<0.598.0>) Dyn Var: no Match (varname=authenticity_token), 

=INFO REPORT==== 11-Mar-2011::15:23:54 ===
           ts_search:(4:<0.804.0>) Dyn Var: no Match (varname=authenticity_token), 

=INFO REPORT==== 11-Mar-2011::15:23:56 ===
           ts_search:(4:<0.836.0>) Dyn Var: no Match (varname=authenticity_token), 

=INFO REPORT==== 11-Mar-2011::15:23:58 ===
           ts_search:(4:<0.863.0>) Dyn Var: no Match (varname=authenticity_token), 

=INFO REPORT==== 11-Mar-2011::15:24:00 ===
           ts_search:(4:<0.876.0>) Dyn Var: no Match (varname=authenticity_token), 

=INFO REPORT==== 11-Mar-2011::15:24:02 ===
           ts_search:(4:<0.727.0>) Dyn Var: no Match (varname=authenticity_token), 
