
=INFO REPORT==== 11-Mar-2011::14:30:11 ===
  ts_launcher_static:(5:<0.60.0>) Launch msg receive ("localhost")

=INFO REPORT==== 11-Mar-2011::14:30:11 ===
     ts_launcher_mgr:(4:<0.56.0>) No registered processes ! syncing ...

=INFO REPORT==== 11-Mar-2011::14:30:11 ===
         ts_launcher:(5:<0.61.0>) Launch msg receive ("localhost")

=INFO REPORT==== 11-Mar-2011::14:30:11 ===
  ts_launcher_static:(5:<0.60.0>) Activate launcher (1 static users) in 9998 msec, first user after 0 ms 

=INFO REPORT==== 11-Mar-2011::14:30:11 ===
         ts_launcher:(5:<0.61.0>) Expected duration of first phase: 120.0 sec 

=INFO REPORT==== 11-Mar-2011::14:30:11 ===
         ts_launcher:(5:<0.61.0>) Activate launcher (120 users) in 11999 msec 

=INFO REPORT==== 11-Mar-2011::14:32:04 ===
         ts_launcher:(5:<0.61.0>) Start a new arrival phase (240 0.002); expected duration=101.64726196289062 sec

=INFO REPORT==== 11-Mar-2011::14:33:52 ===
           ts_search:(4:<0.326.0>) Dyn Var: no Match (varname=authenticity_token), 

=INFO REPORT==== 11-Mar-2011::14:34:04 ===
         ts_launcher:(5:<0.61.0>) Phase duration exceeded, but not all users were launched (31 users, 12.9% of phase)

=INFO REPORT==== 11-Mar-2011::14:34:04 ===
         ts_launcher:(5:<0.61.0>) Start a new arrival phase (360 0.003); expected duration=120.09461791992187 sec

=INFO REPORT==== 11-Mar-2011::14:34:30 ===
           ts_search:(4:<0.409.0>) Dyn Var: no Match (varname=authenticity_token), 

=INFO REPORT==== 11-Mar-2011::14:35:16 ===
           ts_search:(4:<0.520.0>) Dyn Var: no Match (varname=authenticity_token), 

=INFO REPORT==== 11-Mar-2011::14:36:05 ===
         ts_launcher:(5:<0.61.0>) Phase duration exceeded, but not all users were launched (5 users, 1.4% of phase)

=INFO REPORT==== 11-Mar-2011::14:36:05 ===
         ts_launcher:(5:<0.61.0>) Start a new arrival phase (480 0.004); expected duration=121.11459790039062 sec

=INFO REPORT==== 11-Mar-2011::14:36:18 ===
           ts_search:(4:<0.689.0>) Dyn Var: no Match (varname=authenticity_token), 

=INFO REPORT==== 11-Mar-2011::14:36:43 ===
           ts_search:(4:<0.768.0>) Dyn Var: no Match (varname=authenticity_token), 

=INFO REPORT==== 11-Mar-2011::14:38:06 ===
         ts_launcher:(5:<0.61.0>) Phase duration exceeded, but not all users were launched (16 users, 3.3% of phase)

=INFO REPORT==== 11-Mar-2011::14:38:06 ===
         ts_launcher:(5:<0.61.0>) Start a new arrival phase (600 0.005); expected duration=120.32366088867188 sec

=INFO REPORT==== 11-Mar-2011::14:39:00 ===
           ts_search:(4:<0.1365.0>) Dyn Var: no Match (varname=authenticity_token), 

=INFO REPORT==== 11-Mar-2011::14:39:08 ===
           ts_search:(4:<0.1356.0>) Dyn Var: no Match (varname=authenticity_token), 

=INFO REPORT==== 11-Mar-2011::14:40:06 ===
         ts_launcher:(5:<0.61.0>) Phase duration exceeded, but not all users were launched (15 users, 2.5% of phase)

=INFO REPORT==== 11-Mar-2011::14:40:06 ===
         ts_launcher:(5:<0.61.0>) Start a new arrival phase (4500 0.0075); expected duration=120.09464599609375 sec

=INFO REPORT==== 11-Mar-2011::14:40:52 ===
           ts_search:(4:<0.1908.0>) Dyn Var: no Match (varname=authenticity_token), 

=INFO REPORT==== 11-Mar-2011::14:41:22 ===
           ts_search:(4:<0.2127.0>) Dyn Var: no Match (varname=authenticity_token), 

=INFO REPORT==== 11-Mar-2011::14:42:02 ===
           ts_search:(4:<0.2328.0>) Dyn Var: no Match (varname=authenticity_token), 

=INFO REPORT==== 11-Mar-2011::14:42:03 ===
           ts_search:(4:<0.2279.0>) Dyn Var: no Match (varname=authenticity_token), 

=INFO REPORT==== 11-Mar-2011::14:42:11 ===
           ts_search:(4:<0.2387.0>) Dyn Var: no Match (varname=authenticity_token), 

=INFO REPORT==== 11-Mar-2011::14:42:29 ===
           ts_search:(4:<0.2588.0>) Dyn Var: no Match (varname=authenticity_token), 

=INFO REPORT==== 11-Mar-2011::14:42:40 ===
           ts_search:(4:<0.2676.0>) Dyn Var: no Match (varname=authenticity_token), 

=INFO REPORT==== 11-Mar-2011::14:42:53 ===
           ts_search:(4:<0.2724.0>) Dyn Var: no Match (varname=authenticity_token), 

=INFO REPORT==== 11-Mar-2011::14:42:56 ===
           ts_search:(4:<0.2621.0>) Dyn Var: no Match (varname=authenticity_token), 

=INFO REPORT==== 11-Mar-2011::14:43:09 ===
           ts_search:(4:<0.2835.0>) Dyn Var: no Match (varname=authenticity_token), 

=INFO REPORT==== 11-Mar-2011::14:43:14 ===
           ts_search:(4:<0.2954.0>) Dyn Var: no Match (varname=authenticity_token), 

=INFO REPORT==== 11-Mar-2011::14:43:23 ===
           ts_search:(4:<0.3051.0>) Dyn Var: no Match (varname=authenticity_token), 

=INFO REPORT==== 11-Mar-2011::14:43:39 ===
           ts_search:(4:<0.3037.0>) Dyn Var: no Match (varname=authenticity_token), 

=INFO REPORT==== 11-Mar-2011::14:44:18 ===
           ts_search:(4:<0.3428.0>) Dyn Var: no Match (varname=authenticity_token), 

=INFO REPORT==== 11-Mar-2011::14:45:41 ===
           ts_search:(4:<0.4029.0>) Dyn Var: no Match (varname=authenticity_token), 

=INFO REPORT==== 11-Mar-2011::14:46:05 ===
           ts_search:(4:<0.4161.0>) Dyn Var: no Match (varname=authenticity_token), 

=INFO REPORT==== 11-Mar-2011::14:46:26 ===
           ts_search:(4:<0.4425.0>) Dyn Var: no Match (varname=authenticity_token), 

=INFO REPORT==== 11-Mar-2011::14:46:51 ===
           ts_search:(4:<0.4514.0>) Dyn Var: no Match (varname=authenticity_token), 

=INFO REPORT==== 11-Mar-2011::14:47:07 ===
           ts_search:(4:<0.4643.0>) Dyn Var: no Match (varname=authenticity_token), 

=INFO REPORT==== 11-Mar-2011::14:48:22 ===
           ts_search:(4:<0.5308.0>) Dyn Var: no Match (varname=authenticity_token), 

=INFO REPORT==== 11-Mar-2011::14:48:27 ===
           ts_search:(4:<0.5303.0>) Dyn Var: no Match (varname=authenticity_token), 

=INFO REPORT==== 11-Mar-2011::14:48:39 ===
           ts_search:(4:<0.5393.0>) Dyn Var: no Match (varname=authenticity_token), 

=INFO REPORT==== 11-Mar-2011::14:49:15 ===
           ts_search:(4:<0.5616.0>) Dyn Var: no Match (varname=authenticity_token), 

=INFO REPORT==== 11-Mar-2011::14:49:27 ===
           ts_search:(4:<0.5709.0>) Dyn Var: no Match (varname=authenticity_token), 

=INFO REPORT==== 11-Mar-2011::14:49:55 ===
           ts_search:(4:<0.5795.0>) Dyn Var: no Match (varname=authenticity_token), 

=INFO REPORT==== 11-Mar-2011::14:50:06 ===
         ts_launcher:(5:<0.61.0>) Phase duration exceeded, but not all users were launched (15 users, 0.3% of phase)

=INFO REPORT==== 11-Mar-2011::14:50:06 ===
         ts_launcher:(5:<0.61.0>) Start a new arrival phase (6000 0.01); expected duration=600.0574050292969 sec

=INFO REPORT==== 11-Mar-2011::14:50:07 ===
           ts_search:(4:<0.5859.0>) Dyn Var: no Match (varname=authenticity_token), 

=INFO REPORT==== 11-Mar-2011::14:50:23 ===
           ts_search:(4:<0.6129.0>) Dyn Var: no Match (varname=authenticity_token), 

=INFO REPORT==== 11-Mar-2011::14:51:11 ===
           ts_search:(4:<0.6442.0>) Dyn Var: no Match (varname=authenticity_token), 

=INFO REPORT==== 11-Mar-2011::14:51:26 ===
           ts_search:(4:<0.6692.0>) Dyn Var: no Match (varname=authenticity_token), 

=INFO REPORT==== 11-Mar-2011::14:51:28 ===
           ts_search:(4:<0.6738.0>) Dyn Var: no Match (varname=authenticity_token), 

=INFO REPORT==== 11-Mar-2011::14:51:34 ===
           ts_search:(4:<0.6732.0>) Dyn Var: no Match (varname=authenticity_token), 

=INFO REPORT==== 11-Mar-2011::14:51:38 ===
           ts_search:(4:<0.6721.0>) Dyn Var: no Match (varname=authenticity_token), 

=INFO REPORT==== 11-Mar-2011::14:52:23 ===
           ts_search:(4:<0.7188.0>) Dyn Var: no Match (varname=authenticity_token), 

=INFO REPORT==== 11-Mar-2011::14:52:46 ===
           ts_search:(4:<0.7345.0>) Dyn Var: no Match (varname=authenticity_token), 

=INFO REPORT==== 11-Mar-2011::14:53:07 ===
           ts_search:(4:<0.7694.0>) Dyn Var: no Match (varname=authenticity_token), 

=INFO REPORT==== 11-Mar-2011::14:53:27 ===
           ts_search:(4:<0.7827.0>) Dyn Var: no Match (varname=authenticity_token), 

=INFO REPORT==== 11-Mar-2011::14:53:38 ===
           ts_search:(4:<0.7984.0>) Dyn Var: no Match (varname=authenticity_token), 

=INFO REPORT==== 11-Mar-2011::14:53:49 ===
           ts_search:(4:<0.8094.0>) Dyn Var: no Match (varname=authenticity_token), 

=INFO REPORT==== 11-Mar-2011::14:54:06 ===
           ts_search:(4:<0.8265.0>) Dyn Var: no Match (varname=authenticity_token), 

=INFO REPORT==== 11-Mar-2011::14:54:15 ===
           ts_search:(4:<0.8398.0>) Dyn Var: no Match (varname=authenticity_token), 

=INFO REPORT==== 11-Mar-2011::14:54:23 ===
           ts_search:(4:<0.8356.0>) Dyn Var: no Match (varname=authenticity_token), 

=INFO REPORT==== 11-Mar-2011::14:54:51 ===
           ts_search:(4:<0.8640.0>) Dyn Var: no Match (varname=authenticity_token), 

=INFO REPORT==== 11-Mar-2011::14:54:56 ===
           ts_search:(4:<0.8732.0>) Dyn Var: no Match (varname=authenticity_token), 

=INFO REPORT==== 11-Mar-2011::14:54:58 ===
           ts_search:(4:<0.8693.0>) Dyn Var: no Match (varname=authenticity_token), 

=INFO REPORT==== 11-Mar-2011::14:55:26 ===
           ts_search:(4:<0.8754.0>) Dyn Var: no Match (varname=authenticity_token), 

=INFO REPORT==== 11-Mar-2011::14:56:10 ===
           ts_search:(4:<0.9427.0>) Dyn Var: no Match (varname=authenticity_token), 

=INFO REPORT==== 11-Mar-2011::14:56:14 ===
           ts_search:(4:<0.9554.0>) Dyn Var: no Match (varname=authenticity_token), 

=INFO REPORT==== 11-Mar-2011::14:56:27 ===
           ts_search:(4:<0.9685.0>) Dyn Var: no Match (varname=authenticity_token), 

=INFO REPORT==== 11-Mar-2011::14:56:28 ===
           ts_search:(4:<0.9689.0>) Dyn Var: no Match (varname=authenticity_token), 

=INFO REPORT==== 11-Mar-2011::14:56:32 ===
           ts_search:(4:<0.9662.0>) Dyn Var: no Match (varname=authenticity_token), 

=INFO REPORT==== 11-Mar-2011::14:56:35 ===
           ts_search:(4:<0.9786.0>) Dyn Var: no Match (varname=authenticity_token), 

=INFO REPORT==== 11-Mar-2011::14:56:45 ===
           ts_search:(4:<0.9829.0>) Dyn Var: no Match (varname=authenticity_token), 

=INFO REPORT==== 11-Mar-2011::14:56:46 ===
           ts_search:(4:<0.9906.0>) Dyn Var: no Match (varname=authenticity_token), 

=INFO REPORT==== 11-Mar-2011::14:57:05 ===
           ts_search:(4:<0.10043.0>) Dyn Var: no Match (varname=authenticity_token), 

=INFO REPORT==== 11-Mar-2011::14:57:36 ===
           ts_search:(4:<0.10095.0>) Dyn Var: no Match (varname=authenticity_token), 

=INFO REPORT==== 11-Mar-2011::14:57:41 ===
           ts_search:(4:<0.10301.0>) Dyn Var: no Match (varname=authenticity_token), 

=INFO REPORT==== 11-Mar-2011::14:57:42 ===
           ts_search:(4:<0.10441.0>) Dyn Var: no Match (varname=authenticity_token), 

=INFO REPORT==== 11-Mar-2011::14:57:56 ===
           ts_search:(4:<0.10471.0>) Dyn Var: no Match (varname=authenticity_token), 

=INFO REPORT==== 11-Mar-2011::14:58:05 ===
           ts_search:(4:<0.10684.0>) Dyn Var: no Match (varname=authenticity_token), 

=INFO REPORT==== 11-Mar-2011::14:58:13 ===
           ts_search:(4:<0.10722.0>) Dyn Var: no Match (varname=authenticity_token), 

=INFO REPORT==== 11-Mar-2011::14:58:22 ===
           ts_search:(4:<0.10850.0>) Dyn Var: no Match (varname=authenticity_token), 

=INFO REPORT==== 11-Mar-2011::14:58:32 ===
           ts_search:(4:<0.10886.0>) Dyn Var: no Match (varname=authenticity_token), 

=INFO REPORT==== 11-Mar-2011::14:58:34 ===
           ts_search:(4:<0.10875.0>) Dyn Var: no Match (varname=authenticity_token), 

=INFO REPORT==== 11-Mar-2011::14:58:41 ===
           ts_search:(4:<0.11031.0>) Dyn Var: no Match (varname=authenticity_token), 

=INFO REPORT==== 11-Mar-2011::14:58:53 ===
           ts_search:(4:<0.11159.0>) Dyn Var: no Match (varname=authenticity_token), 

=INFO REPORT==== 11-Mar-2011::14:59:01 ===
           ts_search:(4:<0.11254.0>) Dyn Var: no Match (varname=authenticity_token), 

=INFO REPORT==== 11-Mar-2011::14:59:07 ===
           ts_search:(4:<0.11214.0>) Dyn Var: no Match (varname=authenticity_token), 

=INFO REPORT==== 11-Mar-2011::14:59:29 ===
           ts_search:(4:<0.11521.0>) Dyn Var: no Match (varname=authenticity_token), 

=INFO REPORT==== 11-Mar-2011::14:59:34 ===
           ts_search:(4:<0.11563.0>) Dyn Var: no Match (varname=authenticity_token), 

=INFO REPORT==== 11-Mar-2011::15:00:05 ===
           ts_search:(4:<0.11801.0>) Dyn Var: no Match (varname=authenticity_token), 

=INFO REPORT==== 11-Mar-2011::15:00:06 ===
         ts_launcher:(5:<0.61.0>) Phase duration exceeded, but not all users were launched (47 users, 0.8% of phase)

=INFO REPORT==== 11-Mar-2011::15:00:06 ===
         ts_launcher:(5:<0.61.0>) Start a new arrival phase (7500 0.0125); expected duration=600.432421875 sec

=INFO REPORT==== 11-Mar-2011::15:00:09 ===
           ts_search:(4:<0.11840.0>) Dyn Var: no Match (varname=authenticity_token), 

=INFO REPORT==== 11-Mar-2011::15:00:37 ===
           ts_search:(4:<0.12085.0>) Dyn Var: no Match (varname=authenticity_token), 

=INFO REPORT==== 11-Mar-2011::15:00:56 ===
           ts_search:(4:<0.12262.0>) Dyn Var: no Match (varname=authenticity_token), 

=INFO REPORT==== 11-Mar-2011::15:01:01 ===
           ts_search:(4:<0.12368.0>) Dyn Var: no Match (varname=authenticity_token), 

=INFO REPORT==== 11-Mar-2011::15:01:01 ===
           ts_search:(4:<0.12382.0>) Dyn Var: no Match (varname=authenticity_token), 

=INFO REPORT==== 11-Mar-2011::15:01:12 ===
           ts_search:(4:<0.12488.0>) Dyn Var: no Match (varname=authenticity_token), 

=INFO REPORT==== 11-Mar-2011::15:01:16 ===
           ts_search:(4:<0.12367.0>) Dyn Var: no Match (varname=authenticity_token), 

=INFO REPORT==== 11-Mar-2011::15:01:20 ===
           ts_search:(4:<0.12485.0>) Dyn Var: no Match (varname=authenticity_token), 

=INFO REPORT==== 11-Mar-2011::15:01:29 ===
           ts_search:(4:<0.12687.0>) Dyn Var: no Match (varname=authenticity_token), 

=INFO REPORT==== 11-Mar-2011::15:01:34 ===
           ts_search:(4:<0.12533.0>) Dyn Var: no Match (varname=authenticity_token), 

=INFO REPORT==== 11-Mar-2011::15:01:36 ===
           ts_search:(4:<0.12748.0>) Dyn Var: no Match (varname=authenticity_token), 

=INFO REPORT==== 11-Mar-2011::15:01:45 ===
           ts_search:(4:<0.12862.0>) Dyn Var: no Match (varname=authenticity_token), 

=INFO REPORT==== 11-Mar-2011::15:01:47 ===
           ts_search:(4:<0.12892.0>) Dyn Var: no Match (varname=authenticity_token), 

=INFO REPORT==== 11-Mar-2011::15:01:50 ===
           ts_search:(4:<0.12856.0>) Dyn Var: no Match (varname=authenticity_token), 

=INFO REPORT==== 11-Mar-2011::15:01:56 ===
           ts_search:(4:<0.12908.0>) Dyn Var: no Match (varname=authenticity_token), 

=INFO REPORT==== 11-Mar-2011::15:02:01 ===
           ts_search:(4:<0.13000.0>) Dyn Var: no Match (varname=authenticity_token), 

=INFO REPORT==== 11-Mar-2011::15:02:02 ===
           ts_search:(4:<0.13058.0>) Dyn Var: no Match (varname=authenticity_token), 

=INFO REPORT==== 11-Mar-2011::15:02:12 ===
           ts_search:(4:<0.13180.0>) Dyn Var: no Match (varname=authenticity_token), 

=INFO REPORT==== 11-Mar-2011::15:02:39 ===
           ts_search:(4:<0.13351.0>) Dyn Var: no Match (varname=authenticity_token), 

=INFO REPORT==== 11-Mar-2011::15:02:42 ===
           ts_search:(4:<0.13501.0>) Dyn Var: no Match (varname=authenticity_token), 

=INFO REPORT==== 11-Mar-2011::15:02:55 ===
           ts_search:(4:<0.13722.0>) Dyn Var: no Match (varname=authenticity_token), 

=INFO REPORT==== 11-Mar-2011::15:02:59 ===
           ts_search:(4:<0.13606.0>) Dyn Var: no Match (varname=authenticity_token), 

=INFO REPORT==== 11-Mar-2011::15:03:04 ===
           ts_search:(4:<0.13848.0>) Dyn Var: no Match (varname=authenticity_token), 

=INFO REPORT==== 11-Mar-2011::15:03:09 ===
           ts_search:(4:<0.13850.0>) Dyn Var: no Match (varname=authenticity_token), 

=INFO REPORT==== 11-Mar-2011::15:03:46 ===
           ts_search:(4:<0.14352.0>) Dyn Var: no Match (varname=authenticity_token), 

=INFO REPORT==== 11-Mar-2011::15:03:56 ===
           ts_search:(4:<0.14467.0>) Dyn Var: no Match (varname=authenticity_token), 

=INFO REPORT==== 11-Mar-2011::15:04:02 ===
           ts_search:(4:<0.14384.0>) Dyn Var: no Match (varname=authenticity_token), 

=INFO REPORT==== 11-Mar-2011::15:04:07 ===
           ts_search:(4:<0.14542.0>) Dyn Var: no Match (varname=authenticity_token), 

=INFO REPORT==== 11-Mar-2011::15:04:16 ===
           ts_search:(4:<0.14563.0>) Dyn Var: no Match (varname=authenticity_token), 

=INFO REPORT==== 11-Mar-2011::15:04:21 ===
           ts_search:(4:<0.14774.0>) Dyn Var: no Match (varname=authenticity_token), 

=INFO REPORT==== 11-Mar-2011::15:04:42 ===
           ts_search:(4:<0.14887.0>) Dyn Var: no Match (varname=authenticity_token), 

=INFO REPORT==== 11-Mar-2011::15:04:49 ===
           ts_search:(4:<0.15059.0>) Dyn Var: no Match (varname=authenticity_token), 

=INFO REPORT==== 11-Mar-2011::15:04:55 ===
           ts_search:(4:<0.15182.0>) Dyn Var: no Match (varname=authenticity_token), 

=INFO REPORT==== 11-Mar-2011::15:04:57 ===
           ts_search:(4:<0.15119.0>) Dyn Var: no Match (varname=authenticity_token), 

=INFO REPORT==== 11-Mar-2011::15:05:02 ===
           ts_search:(4:<0.15216.0>) Dyn Var: no Match (varname=authenticity_token), 

=INFO REPORT==== 11-Mar-2011::15:05:17 ===
           ts_search:(4:<0.15278.0>) Dyn Var: no Match (varname=authenticity_token), 

=INFO REPORT==== 11-Mar-2011::15:05:21 ===
           ts_search:(4:<0.15307.0>) Dyn Var: no Match (varname=authenticity_token), 

=INFO REPORT==== 11-Mar-2011::15:05:25 ===
           ts_search:(4:<0.15531.0>) Dyn Var: no Match (varname=authenticity_token), 

=INFO REPORT==== 11-Mar-2011::15:05:33 ===
           ts_search:(4:<0.15609.0>) Dyn Var: no Match (varname=authenticity_token), 

=INFO REPORT==== 11-Mar-2011::15:05:35 ===
           ts_search:(4:<0.15659.0>) Dyn Var: no Match (varname=authenticity_token), 

=INFO REPORT==== 11-Mar-2011::15:05:36 ===
           ts_search:(4:<0.15695.0>) Dyn Var: no Match (varname=authenticity_token), 

=INFO REPORT==== 11-Mar-2011::15:05:42 ===
           ts_search:(4:<0.15755.0>) Dyn Var: no Match (varname=authenticity_token), 

=INFO REPORT==== 11-Mar-2011::15:05:44 ===
           ts_search:(4:<0.15788.0>) Dyn Var: no Match (varname=authenticity_token), 

=INFO REPORT==== 11-Mar-2011::15:05:54 ===
           ts_search:(4:<0.15899.0>) Dyn Var: no Match (varname=authenticity_token), 

=INFO REPORT==== 11-Mar-2011::15:06:01 ===
           ts_search:(4:<0.15966.0>) Dyn Var: no Match (varname=authenticity_token), 

=INFO REPORT==== 11-Mar-2011::15:06:06 ===
           ts_search:(4:<0.15648.0>) Dyn Var: no Match (varname=authenticity_token), 

=INFO REPORT==== 11-Mar-2011::15:06:08 ===
           ts_search:(4:<0.16085.0>) Dyn Var: no Match (varname=authenticity_token), 

=INFO REPORT==== 11-Mar-2011::15:06:09 ===
           ts_search:(4:<0.16096.0>) Dyn Var: no Match (varname=authenticity_token), 

=INFO REPORT==== 11-Mar-2011::15:06:13 ===
           ts_search:(4:<0.16125.0>) Dyn Var: no Match (varname=authenticity_token), 

=INFO REPORT==== 11-Mar-2011::15:06:21 ===
           ts_search:(4:<0.16251.0>) Dyn Var: no Match (varname=authenticity_token), 

=INFO REPORT==== 11-Mar-2011::15:06:31 ===
           ts_search:(4:<0.16368.0>) Dyn Var: no Match (varname=authenticity_token), 

=INFO REPORT==== 11-Mar-2011::15:06:47 ===
           ts_search:(4:<0.16516.0>) Dyn Var: no Match (varname=authenticity_token), 

=INFO REPORT==== 11-Mar-2011::15:07:02 ===
           ts_search:(4:<0.16723.0>) Dyn Var: no Match (varname=authenticity_token), 

=INFO REPORT==== 11-Mar-2011::15:07:05 ===
           ts_search:(4:<0.16764.0>) Dyn Var: no Match (varname=authenticity_token), 

=INFO REPORT==== 11-Mar-2011::15:07:10 ===
           ts_search:(4:<0.16818.0>) Dyn Var: no Match (varname=authenticity_token), 

=INFO REPORT==== 11-Mar-2011::15:07:27 ===
           ts_search:(4:<0.16916.0>) Dyn Var: no Match (varname=authenticity_token), 

=INFO REPORT==== 11-Mar-2011::15:07:44 ===
           ts_search:(4:<0.17024.0>) Dyn Var: no Match (varname=authenticity_token), 

=INFO REPORT==== 11-Mar-2011::15:08:15 ===
           ts_search:(4:<0.17541.0>) Dyn Var: no Match (varname=authenticity_token), 

=INFO REPORT==== 11-Mar-2011::15:08:19 ===
           ts_search:(4:<0.17670.0>) Dyn Var: no Match (varname=authenticity_token), 

=INFO REPORT==== 11-Mar-2011::15:08:56 ===
           ts_search:(4:<0.18046.0>) Dyn Var: no Match (varname=authenticity_token), 

=INFO REPORT==== 11-Mar-2011::15:09:03 ===
           ts_search:(4:<0.18203.0>) Dyn Var: no Match (varname=authenticity_token), 

=INFO REPORT==== 11-Mar-2011::15:09:09 ===
           ts_search:(4:<0.18253.0>) Dyn Var: no Match (varname=authenticity_token), 

=INFO REPORT==== 11-Mar-2011::15:09:17 ===
           ts_search:(4:<0.18385.0>) Dyn Var: no Match (varname=authenticity_token), 

=INFO REPORT==== 11-Mar-2011::15:09:18 ===
           ts_search:(4:<0.18394.0>) Dyn Var: no Match (varname=authenticity_token), 

=INFO REPORT==== 11-Mar-2011::15:09:20 ===
           ts_search:(4:<0.18329.0>) Dyn Var: no Match (varname=authenticity_token), 

=INFO REPORT==== 11-Mar-2011::15:09:23 ===
           ts_search:(4:<0.18446.0>) Dyn Var: no Match (varname=authenticity_token), 

=INFO REPORT==== 11-Mar-2011::15:09:24 ===
           ts_search:(4:<0.18417.0>) Dyn Var: no Match (varname=authenticity_token), 

=INFO REPORT==== 11-Mar-2011::15:09:49 ===
           ts_search:(4:<0.18773.0>) Dyn Var: no Match (varname=authenticity_token), 

=INFO REPORT==== 11-Mar-2011::15:10:06 ===
         ts_launcher:(5:<0.61.0>) Phase duration exceeded, but not all users were launched (139 users, 1.9% of phase)

=INFO REPORT==== 11-Mar-2011::15:10:06 ===
         ts_launcher:(5:<0.61.0>) Start a new arrival phase (9000 0.015); expected duration=600.1554909667968 sec

=INFO REPORT==== 11-Mar-2011::15:10:15 ===
           ts_search:(4:<0.19047.0>) Dyn Var: no Match (varname=authenticity_token), 

=INFO REPORT==== 11-Mar-2011::15:10:24 ===
           ts_search:(4:<0.19206.0>) Dyn Var: no Match (varname=authenticity_token), 

=INFO REPORT==== 11-Mar-2011::15:10:25 ===
           ts_search:(4:<0.19144.0>) Dyn Var: no Match (varname=authenticity_token), 

=INFO REPORT==== 11-Mar-2011::15:10:25 ===
           ts_search:(4:<0.19165.0>) Dyn Var: no Match (varname=authenticity_token), 

=INFO REPORT==== 11-Mar-2011::15:10:32 ===
           ts_search:(4:<0.18986.0>) Dyn Var: no Match (varname=authenticity_token), 

=INFO REPORT==== 11-Mar-2011::15:10:40 ===
           ts_search:(4:<0.19368.0>) Dyn Var: no Match (varname=authenticity_token), 

=INFO REPORT==== 11-Mar-2011::15:11:02 ===
           ts_search:(4:<0.19666.0>) Dyn Var: no Match (varname=authenticity_token), 

=INFO REPORT==== 11-Mar-2011::15:11:12 ===
           ts_search:(4:<0.19703.0>) Dyn Var: no Match (varname=authenticity_token), 

=INFO REPORT==== 11-Mar-2011::15:11:14 ===
           ts_search:(4:<0.19742.0>) Dyn Var: no Match (varname=authenticity_token), 

=INFO REPORT==== 11-Mar-2011::15:11:15 ===
           ts_search:(4:<0.19823.0>) Dyn Var: no Match (varname=authenticity_token), 

=INFO REPORT==== 11-Mar-2011::15:11:20 ===
           ts_search:(4:<0.19855.0>) Dyn Var: no Match (varname=authenticity_token), 

=INFO REPORT==== 11-Mar-2011::15:11:23 ===
           ts_search:(4:<0.19956.0>) Dyn Var: no Match (varname=authenticity_token), 

=INFO REPORT==== 11-Mar-2011::15:11:28 ===
           ts_search:(4:<0.20017.0>) Dyn Var: no Match (varname=authenticity_token), 

=INFO REPORT==== 11-Mar-2011::15:11:38 ===
           ts_search:(4:<0.20172.0>) Dyn Var: no Match (varname=authenticity_token), 

=INFO REPORT==== 11-Mar-2011::15:11:41 ===
           ts_search:(4:<0.20209.0>) Dyn Var: no Match (varname=authenticity_token), 

=INFO REPORT==== 11-Mar-2011::15:11:42 ===
           ts_search:(4:<0.20161.0>) Dyn Var: no Match (varname=authenticity_token), 

=INFO REPORT==== 11-Mar-2011::15:11:46 ===
           ts_search:(4:<0.19826.0>) Dyn Var: no Match (varname=authenticity_token), 

=INFO REPORT==== 11-Mar-2011::15:12:11 ===
           ts_search:(4:<0.20556.0>) Dyn Var: no Match (varname=authenticity_token), 

=INFO REPORT==== 11-Mar-2011::15:12:19 ===
           ts_search:(4:<0.20748.0>) Dyn Var: no Match (varname=authenticity_token), 

=INFO REPORT==== 11-Mar-2011::15:12:21 ===
           ts_search:(4:<0.20660.0>) Dyn Var: no Match (varname=authenticity_token), 

=INFO REPORT==== 11-Mar-2011::15:12:25 ===
           ts_search:(4:<0.20827.0>) Dyn Var: no Match (varname=authenticity_token), 

=INFO REPORT==== 11-Mar-2011::15:12:28 ===
           ts_search:(4:<0.20862.0>) Dyn Var: no Match (varname=authenticity_token), 

=INFO REPORT==== 11-Mar-2011::15:12:44 ===
           ts_search:(4:<0.21011.0>) Dyn Var: no Match (varname=authenticity_token), 

=INFO REPORT==== 11-Mar-2011::15:12:47 ===
           ts_search:(4:<0.21094.0>) Dyn Var: no Match (varname=authenticity_token), 

=INFO REPORT==== 11-Mar-2011::15:12:49 ===
           ts_search:(4:<0.21178.0>) Dyn Var: no Match (varname=authenticity_token), 

=INFO REPORT==== 11-Mar-2011::15:12:52 ===
           ts_search:(4:<0.21209.0>) Dyn Var: no Match (varname=authenticity_token), 

=INFO REPORT==== 11-Mar-2011::15:12:53 ===
           ts_search:(4:<0.21115.0>) Dyn Var: no Match (varname=authenticity_token), 

=INFO REPORT==== 11-Mar-2011::15:13:05 ===
           ts_search:(4:<0.21307.0>) Dyn Var: no Match (varname=authenticity_token), 

=INFO REPORT==== 11-Mar-2011::15:13:10 ===
           ts_search:(4:<0.21459.0>) Dyn Var: no Match (varname=authenticity_token), 

=INFO REPORT==== 11-Mar-2011::15:13:13 ===
           ts_search:(4:<0.21429.0>) Dyn Var: no Match (varname=authenticity_token), 

=INFO REPORT==== 11-Mar-2011::15:13:15 ===
           ts_search:(4:<0.21513.0>) Dyn Var: no Match (varname=authenticity_token), 

=INFO REPORT==== 11-Mar-2011::15:13:18 ===
           ts_search:(4:<0.21556.0>) Dyn Var: no Match (varname=authenticity_token), 

=INFO REPORT==== 11-Mar-2011::15:13:34 ===
           ts_search:(4:<0.21808.0>) Dyn Var: no Match (varname=authenticity_token), 

=INFO REPORT==== 11-Mar-2011::15:13:48 ===
           ts_search:(4:<0.22016.0>) Dyn Var: no Match (varname=authenticity_token), 

=INFO REPORT==== 11-Mar-2011::15:13:49 ===
           ts_search:(4:<0.21957.0>) Dyn Var: no Match (varname=authenticity_token), 

=INFO REPORT==== 11-Mar-2011::15:13:54 ===
           ts_search:(4:<0.22029.0>) Dyn Var: no Match (varname=authenticity_token), 

=INFO REPORT==== 11-Mar-2011::15:13:54 ===
           ts_search:(4:<0.22036.0>) Dyn Var: no Match (varname=authenticity_token), 

=INFO REPORT==== 11-Mar-2011::15:13:55 ===
           ts_search:(4:<0.22115.0>) Dyn Var: no Match (varname=authenticity_token), 

=INFO REPORT==== 11-Mar-2011::15:13:58 ===
           ts_search:(4:<0.22165.0>) Dyn Var: no Match (varname=authenticity_token), 

=INFO REPORT==== 11-Mar-2011::15:14:01 ===
           ts_search:(4:<0.22035.0>) Dyn Var: no Match (varname=authenticity_token), 

=INFO REPORT==== 11-Mar-2011::15:14:05 ===
           ts_search:(4:<0.22173.0>) Dyn Var: no Match (varname=authenticity_token), 

=INFO REPORT==== 11-Mar-2011::15:14:06 ===
           ts_search:(4:<0.22284.0>) Dyn Var: no Match (varname=authenticity_token), 

=INFO REPORT==== 11-Mar-2011::15:14:16 ===
           ts_search:(4:<0.22435.0>) Dyn Var: no Match (varname=authenticity_token), 

=INFO REPORT==== 11-Mar-2011::15:14:19 ===
           ts_search:(4:<0.22490.0>) Dyn Var: no Match (varname=authenticity_token), 

=INFO REPORT==== 11-Mar-2011::15:14:28 ===
           ts_search:(4:<0.22608.0>) Dyn Var: no Match (varname=authenticity_token), 

=INFO REPORT==== 11-Mar-2011::15:14:34 ===
         ts_launcher:(5:<0.61.0>) Max number of concurrent clients reached, must start a new beam

=INFO REPORT==== 11-Mar-2011::15:14:34 ===
     ts_launcher_mgr:(5:<0.56.0>) Still 799 active client(s)

=INFO REPORT==== 11-Mar-2011::15:14:36 ===
           ts_search:(4:<0.22663.0>) Dyn Var: no Match (varname=authenticity_token), 

=INFO REPORT==== 11-Mar-2011::15:14:36 ===
           ts_search:(4:<0.22723.0>) Dyn Var: no Match (varname=authenticity_token), 

=INFO REPORT==== 11-Mar-2011::15:14:37 ===
           ts_search:(4:<0.22722.0>) Dyn Var: no Match (varname=authenticity_token), 

=INFO REPORT==== 11-Mar-2011::15:14:37 ===
           ts_search:(4:<0.22755.0>) Dyn Var: no Match (varname=authenticity_token), 

=INFO REPORT==== 11-Mar-2011::15:14:40 ===
           ts_search:(4:<0.22781.0>) Dyn Var: no Match (varname=authenticity_token), 

=INFO REPORT==== 11-Mar-2011::15:14:51 ===
           ts_search:(4:<0.22791.0>) Dyn Var: no Match (varname=authenticity_token), 

=INFO REPORT==== 11-Mar-2011::15:14:55 ===
           ts_search:(4:<0.23005.0>) Dyn Var: no Match (varname=authenticity_token), 

=INFO REPORT==== 11-Mar-2011::15:14:57 ===
           ts_search:(4:<0.22928.0>) Dyn Var: no Match (varname=authenticity_token), 

=INFO REPORT==== 11-Mar-2011::15:15:02 ===
           ts_search:(4:<0.23070.0>) Dyn Var: no Match (varname=authenticity_token), 

=INFO REPORT==== 11-Mar-2011::15:15:03 ===
           ts_search:(4:<0.22994.0>) Dyn Var: no Match (varname=authenticity_token), 

=INFO REPORT==== 11-Mar-2011::15:15:10 ===
           ts_search:(4:<0.23192.0>) Dyn Var: no Match (varname=authenticity_token), 

=INFO REPORT==== 11-Mar-2011::15:15:12 ===
           ts_search:(4:<0.23229.0>) Dyn Var: no Match (varname=authenticity_token), 

=INFO REPORT==== 11-Mar-2011::15:15:17 ===
           ts_search:(4:<0.23321.0>) Dyn Var: no Match (varname=authenticity_token), 

=INFO REPORT==== 11-Mar-2011::15:15:20 ===
           ts_search:(4:<0.23384.0>) Dyn Var: no Match (varname=authenticity_token), 

=INFO REPORT==== 11-Mar-2011::15:15:23 ===
           ts_search:(4:<0.23351.0>) Dyn Var: no Match (varname=authenticity_token), 

=INFO REPORT==== 11-Mar-2011::15:15:24 ===
           ts_search:(4:<0.23404.0>) Dyn Var: no Match (varname=authenticity_token), 

=INFO REPORT==== 11-Mar-2011::15:15:34 ===
     ts_launcher_mgr:(5:<0.56.0>) Still 8 active client(s)

=INFO REPORT==== 11-Mar-2011::15:16:34 ===
     ts_launcher_mgr:(5:<0.56.0>) No more active users
