
=INFO REPORT==== 11-Mar-2011::15:26:12 ===
         ts_launcher:(5:<0.61.0>) Expected duration of phase: 250.6285714285714 sec 

=INFO REPORT==== 11-Mar-2011::15:26:12 ===
     ts_launcher_mgr:(4:<0.56.0>) No registered processes ! syncing ...

=INFO REPORT==== 11-Mar-2011::15:26:58 ===
         ts_launcher:(5:<0.61.0>) Max number of concurrent clients reached, must start a new beam

=INFO REPORT==== 11-Mar-2011::15:27:45 ===
           ts_search:(4:<0.182.0>) Dyn Var: no Match (varname=authenticity_token), 

=INFO REPORT==== 11-Mar-2011::15:27:46 ===
           ts_search:(4:<0.196.0>) Dyn Var: no Match (varname=authenticity_token), 

=INFO REPORT==== 11-Mar-2011::15:27:49 ===
           ts_search:(4:<0.237.0>) Dyn Var: no Match (varname=authenticity_token), 

=INFO REPORT==== 11-Mar-2011::15:27:51 ===
           ts_search:(4:<0.266.0>) Dyn Var: no Match (varname=authenticity_token), 

=INFO REPORT==== 11-Mar-2011::15:27:57 ===
           ts_search:(4:<0.361.0>) Dyn Var: no Match (varname=authenticity_token), 

=INFO REPORT==== 11-Mar-2011::15:28:00 ===
           ts_search:(4:<0.415.0>) Dyn Var: no Match (varname=authenticity_token), 

=INFO REPORT==== 11-Mar-2011::15:28:07 ===
           ts_search:(4:<0.529.0>) Dyn Var: no Match (varname=authenticity_token), 

=INFO REPORT==== 11-Mar-2011::15:28:08 ===
           ts_search:(4:<0.324.0>) Dyn Var: no Match (varname=authenticity_token), 

=INFO REPORT==== 11-Mar-2011::15:28:11 ===
           ts_search:(4:<0.611.0>) Dyn Var: no Match (varname=authenticity_token), 

=INFO REPORT==== 11-Mar-2011::15:28:17 ===
           ts_search:(4:<0.730.0>) Dyn Var: no Match (varname=authenticity_token), 

=INFO REPORT==== 11-Mar-2011::15:28:17 ===
           ts_search:(4:<0.742.0>) Dyn Var: no Match (varname=authenticity_token), 

=INFO REPORT==== 11-Mar-2011::15:28:20 ===
           ts_search:(4:<0.779.0>) Dyn Var: no Match (varname=authenticity_token), 

=INFO REPORT==== 11-Mar-2011::15:28:23 ===
           ts_search:(4:<0.834.0>) Dyn Var: no Match (varname=authenticity_token), 

=INFO REPORT==== 11-Mar-2011::15:28:25 ===
           ts_search:(4:<0.880.0>) Dyn Var: no Match (varname=authenticity_token), 

=INFO REPORT==== 11-Mar-2011::15:28:28 ===
           ts_search:(4:<0.918.0>) Dyn Var: no Match (varname=authenticity_token), 
