
=INFO REPORT==== 11-Mar-2011::15:29:53 ===
         ts_launcher:(5:<0.61.0>) Expected duration of phase: 42.68571428571428 sec 

=INFO REPORT==== 11-Mar-2011::15:29:53 ===
     ts_launcher_mgr:(4:<0.56.0>) No registered processes ! syncing ...

=INFO REPORT==== 11-Mar-2011::15:30:36 ===
         ts_launcher:(5:<0.61.0>) Phase duration exceeded, but not all users were launched (34 users, 4.6% of phase)

=INFO REPORT==== 11-Mar-2011::15:30:36 ===
         ts_launcher:(5:<0.61.0>) Start a new arrival phase (12000 0.02); expected duration=42.75180615234375 sec

=INFO REPORT==== 11-Mar-2011::15:30:40 ===
         ts_launcher:(5:<0.61.0>) Max number of concurrent clients reached, must start a new beam

=INFO REPORT==== 11-Mar-2011::15:31:32 ===
           ts_search:(4:<0.313.0>) Dyn Var: no Match (varname=authenticity_token), 

=INFO REPORT==== 11-Mar-2011::15:31:37 ===
           ts_search:(4:<0.404.0>) Dyn Var: no Match (varname=authenticity_token), 

=INFO REPORT==== 11-Mar-2011::15:31:38 ===
           ts_search:(4:<0.413.0>) Dyn Var: no Match (varname=authenticity_token), 

=INFO REPORT==== 11-Mar-2011::15:31:42 ===
           ts_search:(4:<0.473.0>) Dyn Var: no Match (varname=authenticity_token), 

=INFO REPORT==== 11-Mar-2011::15:31:48 ===
           ts_search:(4:<0.494.0>) Dyn Var: no Match (varname=authenticity_token), 

=INFO REPORT==== 11-Mar-2011::15:31:49 ===
           ts_search:(4:<0.554.0>) Dyn Var: no Match (varname=authenticity_token), 

=INFO REPORT==== 11-Mar-2011::15:31:51 ===
           ts_search:(4:<0.578.0>) Dyn Var: no Match (varname=authenticity_token), 

=INFO REPORT==== 11-Mar-2011::15:31:53 ===
           ts_search:(4:<0.613.0>) Dyn Var: no Match (varname=authenticity_token), 

=INFO REPORT==== 11-Mar-2011::15:31:55 ===
           ts_search:(4:<0.650.0>) Dyn Var: no Match (varname=authenticity_token), 

=INFO REPORT==== 11-Mar-2011::15:32:01 ===
           ts_search:(4:<0.732.0>) Dyn Var: no Match (varname=authenticity_token), 

=INFO REPORT==== 11-Mar-2011::15:32:05 ===
           ts_search:(4:<0.666.0>) Dyn Var: no Match (varname=authenticity_token), 

=INFO REPORT==== 11-Mar-2011::15:32:05 ===
           ts_search:(4:<0.766.0>) Dyn Var: no Match (varname=authenticity_token), 

=INFO REPORT==== 11-Mar-2011::15:32:12 ===
           ts_search:(4:<0.851.0>) Dyn Var: no Match (varname=authenticity_token), 

=INFO REPORT==== 11-Mar-2011::15:32:13 ===
           ts_search:(4:<0.871.0>) Dyn Var: no Match (varname=authenticity_token), 

=INFO REPORT==== 11-Mar-2011::15:32:17 ===
           ts_search:(4:<0.891.0>) Dyn Var: no Match (varname=authenticity_token), 
