
=INFO REPORT==== 11-Mar-2011::15:32:52 ===
         ts_launcher:(5:<0.61.0>) Expected duration of phase: 475.6 sec 

=INFO REPORT==== 11-Mar-2011::15:32:52 ===
     ts_launcher_mgr:(4:<0.56.0>) No registered processes ! syncing ...

=INFO REPORT==== 11-Mar-2011::15:33:30 ===
         ts_launcher:(5:<0.61.0>) Max number of concurrent clients reached, must start a new beam

=INFO REPORT==== 11-Mar-2011::15:35:02 ===
           ts_search:(4:<0.253.0>) Dyn Var: no Match (varname=authenticity_token), 

=INFO REPORT==== 11-Mar-2011::15:35:04 ===
           ts_search:(4:<0.311.0>) Dyn Var: no Match (varname=authenticity_token), 

=INFO REPORT==== 11-Mar-2011::15:35:04 ===
           ts_search:(4:<0.316.0>) Dyn Var: no Match (varname=authenticity_token), 

=INFO REPORT==== 11-Mar-2011::15:35:05 ===
           ts_search:(4:<0.344.0>) Dyn Var: no Match (varname=authenticity_token), 

=INFO REPORT==== 11-Mar-2011::15:35:08 ===
           ts_search:(4:<0.396.0>) Dyn Var: no Match (varname=authenticity_token), 

=INFO REPORT==== 11-Mar-2011::15:35:11 ===
           ts_search:(4:<0.456.0>) Dyn Var: no Match (varname=authenticity_token), 

=INFO REPORT==== 11-Mar-2011::15:35:12 ===
           ts_search:(4:<0.492.0>) Dyn Var: no Match (varname=authenticity_token), 

=INFO REPORT==== 11-Mar-2011::15:35:14 ===
           ts_search:(4:<0.520.0>) Dyn Var: no Match (varname=authenticity_token), 

=INFO REPORT==== 11-Mar-2011::15:35:14 ===
           ts_search:(4:<0.533.0>) Dyn Var: no Match (varname=authenticity_token), 

=INFO REPORT==== 11-Mar-2011::15:35:16 ===
           ts_search:(4:<0.560.0>) Dyn Var: no Match (varname=authenticity_token), 

=INFO REPORT==== 11-Mar-2011::15:35:26 ===
           ts_search:(4:<0.764.0>) Dyn Var: no Match (varname=authenticity_token), 

=INFO REPORT==== 11-Mar-2011::15:35:27 ===
           ts_search:(4:<0.798.0>) Dyn Var: no Match (varname=authenticity_token), 

=INFO REPORT==== 11-Mar-2011::15:35:27 ===
           ts_search:(4:<0.806.0>) Dyn Var: no Match (varname=authenticity_token), 

=INFO REPORT==== 11-Mar-2011::15:35:30 ===
           ts_search:(4:<0.858.0>) Dyn Var: no Match (varname=authenticity_token), 

=INFO REPORT==== 11-Mar-2011::15:35:31 ===
           ts_search:(4:<0.868.0>) Dyn Var: no Match (varname=authenticity_token), 

=INFO REPORT==== 11-Mar-2011::15:35:36 ===
           ts_search:(4:<0.957.0>) Dyn Var: no Match (varname=authenticity_token), 

=INFO REPORT==== 11-Mar-2011::15:35:36 ===
           ts_search:(4:<0.972.0>) Dyn Var: no Match (varname=authenticity_token), 

=INFO REPORT==== 11-Mar-2011::15:35:39 ===
           ts_search:(4:<0.1027.0>) Dyn Var: no Match (varname=authenticity_token), 

=INFO REPORT==== 11-Mar-2011::15:35:40 ===
           ts_search:(4:<0.1032.0>) Dyn Var: no Match (varname=authenticity_token), 
