
=INFO REPORT==== 11-Mar-2011::15:27:26 ===
         ts_launcher:(5:<0.61.0>) Expected duration of phase: 179.82857142857142 sec 

=INFO REPORT==== 11-Mar-2011::15:27:26 ===
     ts_launcher_mgr:(4:<0.56.0>) No registered processes ! syncing ...

=INFO REPORT==== 11-Mar-2011::15:28:09 ===
         ts_launcher:(5:<0.61.0>) Max number of concurrent clients reached, must start a new beam

=INFO REPORT==== 11-Mar-2011::15:29:04 ===
           ts_search:(4:<0.234.0>) Dyn Var: no Match (varname=authenticity_token), 

=INFO REPORT==== 11-Mar-2011::15:29:08 ===
           ts_search:(4:<0.301.0>) Dyn Var: no Match (varname=authenticity_token), 

=INFO REPORT==== 11-Mar-2011::15:29:09 ===
           ts_search:(4:<0.324.0>) Dyn Var: no Match (varname=authenticity_token), 

=INFO REPORT==== 11-Mar-2011::15:29:15 ===
           ts_search:(4:<0.401.0>) Dyn Var: no Match (varname=authenticity_token), 

=INFO REPORT==== 11-Mar-2011::15:29:17 ===
           ts_search:(4:<0.431.0>) Dyn Var: no Match (varname=authenticity_token), 

=INFO REPORT==== 11-Mar-2011::15:29:28 ===
           ts_search:(4:<0.603.0>) Dyn Var: no Match (varname=authenticity_token), 

=INFO REPORT==== 11-Mar-2011::15:29:29 ===
           ts_search:(4:<0.660.0>) Dyn Var: no Match (varname=authenticity_token), 

=INFO REPORT==== 11-Mar-2011::15:29:30 ===
           ts_search:(4:<0.671.0>) Dyn Var: no Match (varname=authenticity_token), 

=INFO REPORT==== 11-Mar-2011::15:29:42 ===
           ts_search:(4:<0.924.0>) Dyn Var: no Match (varname=authenticity_token), 
