
=INFO REPORT==== 11-Mar-2011::15:22:41 ===
         ts_launcher:(5:<0.61.0>) Expected duration of phase: 454.1142857142857 sec 

=INFO REPORT==== 11-Mar-2011::15:22:41 ===
     ts_launcher_mgr:(4:<0.56.0>) No registered processes ! syncing ...

=INFO REPORT==== 11-Mar-2011::15:23:27 ===
         ts_launcher:(5:<0.61.0>) Max number of concurrent clients reached, must start a new beam

=INFO REPORT==== 11-Mar-2011::15:24:03 ===
           ts_search:(4:<0.140.0>) Dyn Var: no Match (varname=authenticity_token), 

=INFO REPORT==== 11-Mar-2011::15:24:06 ===
           ts_search:(4:<0.164.0>) Dyn Var: no Match (varname=authenticity_token), 

=INFO REPORT==== 11-Mar-2011::15:24:07 ===
           ts_search:(4:<0.196.0>) Dyn Var: no Match (varname=authenticity_token), 

=INFO REPORT==== 11-Mar-2011::15:24:09 ===
           ts_search:(4:<0.217.0>) Dyn Var: no Match (varname=authenticity_token), 

=INFO REPORT==== 11-Mar-2011::15:24:11 ===
           ts_search:(4:<0.256.0>) Dyn Var: no Match (varname=authenticity_token), 

=INFO REPORT==== 11-Mar-2011::15:24:13 ===
           ts_search:(4:<0.165.0>) Dyn Var: no Match (varname=authenticity_token), 

=INFO REPORT==== 11-Mar-2011::15:24:23 ===
           ts_search:(4:<0.439.0>) Dyn Var: no Match (varname=authenticity_token), 

=INFO REPORT==== 11-Mar-2011::15:24:23 ===
           ts_search:(4:<0.444.0>) Dyn Var: no Match (varname=authenticity_token), 

=INFO REPORT==== 11-Mar-2011::15:24:26 ===
           ts_search:(4:<0.485.0>) Dyn Var: no Match (varname=authenticity_token), 

=INFO REPORT==== 11-Mar-2011::15:24:32 ===
           ts_search:(4:<0.600.0>) Dyn Var: no Match (varname=authenticity_token), 

=INFO REPORT==== 11-Mar-2011::15:24:39 ===
           ts_search:(4:<0.729.0>) Dyn Var: no Match (varname=authenticity_token), 

=INFO REPORT==== 11-Mar-2011::15:24:40 ===
           ts_search:(4:<0.732.0>) Dyn Var: no Match (varname=authenticity_token), 

=INFO REPORT==== 11-Mar-2011::15:24:43 ===
           ts_search:(4:<0.763.0>) Dyn Var: no Match (varname=authenticity_token), 

=INFO REPORT==== 11-Mar-2011::15:24:44 ===
           ts_search:(4:<0.796.0>) Dyn Var: no Match (varname=authenticity_token), 

=INFO REPORT==== 11-Mar-2011::15:24:47 ===
           ts_search:(4:<0.843.0>) Dyn Var: no Match (varname=authenticity_token), 

=INFO REPORT==== 11-Mar-2011::15:24:50 ===
           ts_search:(4:<0.845.0>) Dyn Var: no Match (varname=authenticity_token), 

=INFO REPORT==== 11-Mar-2011::15:24:50 ===
           ts_search:(4:<0.902.0>) Dyn Var: no Match (varname=authenticity_token), 
