
=INFO REPORT==== 11-Mar-2011::15:29:03 ===
         ts_launcher:(5:<0.61.0>) Expected duration of phase: 88.39999999999999 sec 

=INFO REPORT==== 11-Mar-2011::15:29:03 ===
     ts_launcher_mgr:(4:<0.56.0>) No registered processes ! syncing ...

=INFO REPORT==== 11-Mar-2011::15:29:52 ===
         ts_launcher:(5:<0.61.0>) Max number of concurrent clients reached, must start a new beam

=INFO REPORT==== 11-Mar-2011::15:30:34 ===
           ts_search:(4:<0.206.0>) Dyn Var: no Match (varname=authenticity_token), 

=INFO REPORT==== 11-Mar-2011::15:30:36 ===
           ts_search:(4:<0.234.0>) Dyn Var: no Match (varname=authenticity_token), 

=INFO REPORT==== 11-Mar-2011::15:30:36 ===
           ts_search:(4:<0.238.0>) Dyn Var: no Match (varname=authenticity_token), 

=INFO REPORT==== 11-Mar-2011::15:30:37 ===
           ts_search:(4:<0.253.0>) Dyn Var: no Match (varname=authenticity_token), 

=INFO REPORT==== 11-Mar-2011::15:30:38 ===
           ts_search:(4:<0.279.0>) Dyn Var: no Match (varname=authenticity_token), 

=INFO REPORT==== 11-Mar-2011::15:30:38 ===
           ts_search:(4:<0.290.0>) Dyn Var: no Match (varname=authenticity_token), 

=INFO REPORT==== 11-Mar-2011::15:30:42 ===
           ts_search:(4:<0.366.0>) Dyn Var: no Match (varname=authenticity_token), 

=INFO REPORT==== 11-Mar-2011::15:30:43 ===
           ts_search:(4:<0.385.0>) Dyn Var: no Match (varname=authenticity_token), 

=INFO REPORT==== 11-Mar-2011::15:30:44 ===
           ts_search:(4:<0.394.0>) Dyn Var: no Match (varname=authenticity_token), 

=INFO REPORT==== 11-Mar-2011::15:30:49 ===
           ts_search:(4:<0.296.0>) Dyn Var: no Match (varname=authenticity_token), 

=INFO REPORT==== 11-Mar-2011::15:30:59 ===
           ts_search:(4:<0.622.0>) Dyn Var: no Match (varname=authenticity_token), 

=INFO REPORT==== 11-Mar-2011::15:31:08 ===
           ts_search:(4:<0.580.0>) Dyn Var: no Match (varname=authenticity_token), 

=INFO REPORT==== 11-Mar-2011::15:31:11 ===
           ts_search:(4:<0.799.0>) Dyn Var: no Match (varname=authenticity_token), 

=INFO REPORT==== 11-Mar-2011::15:31:17 ===
           ts_search:(4:<0.824.0>) Dyn Var: no Match (varname=authenticity_token), 

=INFO REPORT==== 11-Mar-2011::15:31:19 ===
           ts_search:(4:<0.915.0>) Dyn Var: no Match (varname=authenticity_token), 

=INFO REPORT==== 11-Mar-2011::15:31:19 ===
           ts_search:(4:<0.922.0>) Dyn Var: no Match (varname=authenticity_token), 

=INFO REPORT==== 11-Mar-2011::15:31:22 ===
           ts_search:(4:<0.965.0>) Dyn Var: no Match (varname=authenticity_token), 
