
=INFO REPORT==== 11-Mar-2011::15:33:00 ===
         ts_launcher:(5:<0.61.0>) Expected duration of phase: 458.65 sec 

=INFO REPORT==== 11-Mar-2011::15:33:00 ===
     ts_launcher_mgr:(4:<0.56.0>) No registered processes ! syncing ...

=INFO REPORT==== 11-Mar-2011::15:33:44 ===
         ts_launcher:(5:<0.61.0>) Max number of concurrent clients reached, must start a new beam

=INFO REPORT==== 11-Mar-2011::15:35:09 ===
           ts_search:(4:<0.177.0>) Dyn Var: no Match (varname=authenticity_token), 

=INFO REPORT==== 11-Mar-2011::15:35:10 ===
           ts_search:(4:<0.204.0>) Dyn Var: no Match (varname=authenticity_token), 

=INFO REPORT==== 11-Mar-2011::15:35:17 ===
           ts_search:(4:<0.336.0>) Dyn Var: no Match (varname=authenticity_token), 

=INFO REPORT==== 11-Mar-2011::15:35:19 ===
           ts_search:(4:<0.399.0>) Dyn Var: no Match (varname=authenticity_token), 

=INFO REPORT==== 11-Mar-2011::15:35:22 ===
           ts_search:(4:<0.440.0>) Dyn Var: no Match (varname=authenticity_token), 

=INFO REPORT==== 11-Mar-2011::15:35:23 ===
           ts_search:(4:<0.459.0>) Dyn Var: no Match (varname=authenticity_token), 

=INFO REPORT==== 11-Mar-2011::15:35:25 ===
           ts_search:(4:<0.504.0>) Dyn Var: no Match (varname=authenticity_token), 

=INFO REPORT==== 11-Mar-2011::15:35:25 ===
           ts_search:(4:<0.507.0>) Dyn Var: no Match (varname=authenticity_token), 

=INFO REPORT==== 11-Mar-2011::15:35:32 ===
           ts_search:(4:<0.614.0>) Dyn Var: no Match (varname=authenticity_token), 

=INFO REPORT==== 11-Mar-2011::15:35:35 ===
           ts_search:(4:<0.671.0>) Dyn Var: no Match (varname=authenticity_token), 

=INFO REPORT==== 11-Mar-2011::15:35:40 ===
           ts_search:(4:<0.765.0>) Dyn Var: no Match (varname=authenticity_token), 

=INFO REPORT==== 11-Mar-2011::15:35:42 ===
           ts_search:(4:<0.733.0>) Dyn Var: no Match (varname=authenticity_token), 

=INFO REPORT==== 11-Mar-2011::15:35:51 ===
           ts_search:(4:<0.927.0>) Dyn Var: no Match (varname=authenticity_token), 
