
=INFO REPORT==== 11-Mar-2011::15:32:07 ===
         ts_launcher:(5:<0.61.0>) Expected duration of phase: 515.6 sec 

=INFO REPORT==== 11-Mar-2011::15:32:07 ===
     ts_launcher_mgr:(4:<0.56.0>) No registered processes ! syncing ...

=INFO REPORT==== 11-Mar-2011::15:32:51 ===
         ts_launcher:(5:<0.61.0>) Max number of concurrent clients reached, must start a new beam

=INFO REPORT==== 11-Mar-2011::15:34:10 ===
           ts_search:(4:<0.251.0>) Dyn Var: no Match (varname=authenticity_token), 

=INFO REPORT==== 11-Mar-2011::15:34:13 ===
           ts_search:(4:<0.295.0>) Dyn Var: no Match (varname=authenticity_token), 

=INFO REPORT==== 11-Mar-2011::15:34:26 ===
           ts_search:(4:<0.467.0>) Dyn Var: no Match (varname=authenticity_token), 

=INFO REPORT==== 11-Mar-2011::15:34:33 ===
           ts_search:(4:<0.591.0>) Dyn Var: no Match (varname=authenticity_token), 

=INFO REPORT==== 11-Mar-2011::15:34:34 ===
           ts_search:(4:<0.602.0>) Dyn Var: no Match (varname=authenticity_token), 

=INFO REPORT==== 11-Mar-2011::15:34:34 ===
           ts_search:(4:<0.621.0>) Dyn Var: no Match (varname=authenticity_token), 

=INFO REPORT==== 11-Mar-2011::15:34:35 ===
           ts_search:(4:<0.633.0>) Dyn Var: no Match (varname=authenticity_token), 

=INFO REPORT==== 11-Mar-2011::15:34:35 ===
           ts_search:(4:<0.631.0>) Dyn Var: no Match (varname=authenticity_token), 

=INFO REPORT==== 11-Mar-2011::15:34:35 ===
           ts_search:(4:<0.575.0>) Dyn Var: no Match (varname=authenticity_token), 

=INFO REPORT==== 11-Mar-2011::15:34:49 ===
           ts_search:(4:<0.822.0>) Dyn Var: no Match (varname=authenticity_token), 

=INFO REPORT==== 11-Mar-2011::15:34:50 ===
           ts_search:(4:<0.830.0>) Dyn Var: no Match (varname=authenticity_token), 

=INFO REPORT==== 11-Mar-2011::15:34:50 ===
           ts_search:(4:<0.848.0>) Dyn Var: no Match (varname=authenticity_token), 

=INFO REPORT==== 11-Mar-2011::15:34:56 ===
           ts_search:(4:<0.939.0>) Dyn Var: no Match (varname=authenticity_token), 

=INFO REPORT==== 11-Mar-2011::15:34:56 ===
           ts_search:(4:<0.938.0>) Dyn Var: no Match (varname=authenticity_token), 

=INFO REPORT==== 11-Mar-2011::15:34:58 ===
           ts_search:(4:<0.981.0>) Dyn Var: no Match (varname=authenticity_token), 

=INFO REPORT==== 11-Mar-2011::15:35:00 ===
           ts_search:(4:<0.1008.0>) Dyn Var: no Match (varname=authenticity_token), 
