
=INFO REPORT==== 11-Mar-2011::15:31:24 ===
         ts_launcher:(5:<0.61.0>) Expected duration of phase: 555.6 sec 

=INFO REPORT==== 11-Mar-2011::15:31:24 ===
     ts_launcher_mgr:(4:<0.56.0>) No registered processes ! syncing ...

=INFO REPORT==== 11-Mar-2011::15:32:07 ===
         ts_launcher:(5:<0.61.0>) Max number of concurrent clients reached, must start a new beam

=INFO REPORT==== 11-Mar-2011::15:33:18 ===
           ts_search:(4:<0.201.0>) Dyn Var: no Match (varname=authenticity_token), 

=INFO REPORT==== 11-Mar-2011::15:33:18 ===
           ts_search:(4:<0.203.0>) Dyn Var: no Match (varname=authenticity_token), 

=INFO REPORT==== 11-Mar-2011::15:33:20 ===
           ts_search:(4:<0.247.0>) Dyn Var: no Match (varname=authenticity_token), 

=INFO REPORT==== 11-Mar-2011::15:33:22 ===
           ts_search:(4:<0.282.0>) Dyn Var: no Match (varname=authenticity_token), 

=INFO REPORT==== 11-Mar-2011::15:33:31 ===
           ts_search:(4:<0.423.0>) Dyn Var: no Match (varname=authenticity_token), 

=INFO REPORT==== 11-Mar-2011::15:33:32 ===
           ts_search:(4:<0.328.0>) Dyn Var: no Match (varname=authenticity_token), 

=INFO REPORT==== 11-Mar-2011::15:33:34 ===
           ts_search:(4:<0.469.0>) Dyn Var: no Match (varname=authenticity_token), 

=INFO REPORT==== 11-Mar-2011::15:33:35 ===
           ts_search:(4:<0.483.0>) Dyn Var: no Match (varname=authenticity_token), 

=INFO REPORT==== 11-Mar-2011::15:33:35 ===
           ts_search:(4:<0.487.0>) Dyn Var: no Match (varname=authenticity_token), 

=INFO REPORT==== 11-Mar-2011::15:33:37 ===
           ts_search:(4:<0.518.0>) Dyn Var: no Match (varname=authenticity_token), 

=INFO REPORT==== 11-Mar-2011::15:33:39 ===
           ts_search:(4:<0.565.0>) Dyn Var: no Match (varname=authenticity_token), 

=INFO REPORT==== 11-Mar-2011::15:33:39 ===
           ts_search:(4:<0.561.0>) Dyn Var: no Match (varname=authenticity_token), 

=INFO REPORT==== 11-Mar-2011::15:33:43 ===
           ts_search:(4:<0.626.0>) Dyn Var: no Match (varname=authenticity_token), 

=INFO REPORT==== 11-Mar-2011::15:33:43 ===
           ts_search:(4:<0.629.0>) Dyn Var: no Match (varname=authenticity_token), 

=INFO REPORT==== 11-Mar-2011::15:33:53 ===
           ts_search:(4:<0.808.0>) Dyn Var: no Match (varname=authenticity_token), 

=INFO REPORT==== 11-Mar-2011::15:33:56 ===
           ts_search:(4:<0.836.0>) Dyn Var: no Match (varname=authenticity_token), 

=INFO REPORT==== 11-Mar-2011::15:33:56 ===
           ts_search:(4:<0.840.0>) Dyn Var: no Match (varname=authenticity_token), 

=INFO REPORT==== 11-Mar-2011::15:33:57 ===
           ts_search:(4:<0.858.0>) Dyn Var: no Match (varname=authenticity_token), 

=INFO REPORT==== 11-Mar-2011::15:34:03 ===
           ts_search:(4:<0.930.0>) Dyn Var: no Match (varname=authenticity_token), 

=INFO REPORT==== 11-Mar-2011::15:34:06 ===
           ts_search:(4:<0.946.0>) Dyn Var: no Match (varname=authenticity_token), 
