
=INFO REPORT==== 11-Mar-2011::15:24:15 ===
         ts_launcher:(5:<0.61.0>) Expected duration of phase: 362.68571428571425 sec 

=INFO REPORT==== 11-Mar-2011::15:24:15 ===
     ts_launcher_mgr:(4:<0.56.0>) No registered processes ! syncing ...

=INFO REPORT==== 11-Mar-2011::15:25:04 ===
         ts_launcher:(5:<0.61.0>) Max number of concurrent clients reached, must start a new beam

=INFO REPORT==== 11-Mar-2011::15:25:40 ===
           ts_search:(4:<0.129.0>) Dyn Var: no Match (varname=authenticity_token), 

=INFO REPORT==== 11-Mar-2011::15:25:40 ===
           ts_search:(4:<0.132.0>) Dyn Var: no Match (varname=authenticity_token), 

=INFO REPORT==== 11-Mar-2011::15:25:40 ===
           ts_search:(4:<0.134.0>) Dyn Var: no Match (varname=authenticity_token), 

=INFO REPORT==== 11-Mar-2011::15:25:41 ===
           ts_search:(4:<0.144.0>) Dyn Var: no Match (varname=authenticity_token), 

=INFO REPORT==== 11-Mar-2011::15:26:05 ===
           ts_search:(4:<0.503.0>) Dyn Var: no Match (varname=authenticity_token), 

=INFO REPORT==== 11-Mar-2011::15:26:07 ===
           ts_search:(4:<0.539.0>) Dyn Var: no Match (varname=authenticity_token), 

=INFO REPORT==== 11-Mar-2011::15:26:15 ===
           ts_search:(4:<0.656.0>) Dyn Var: no Match (varname=authenticity_token), 

=INFO REPORT==== 11-Mar-2011::15:26:20 ===
           ts_search:(4:<0.762.0>) Dyn Var: no Match (varname=authenticity_token), 

=INFO REPORT==== 11-Mar-2011::15:26:22 ===
           ts_search:(4:<0.791.0>) Dyn Var: no Match (varname=authenticity_token), 

=INFO REPORT==== 11-Mar-2011::15:26:22 ===
           ts_search:(4:<0.648.0>) Dyn Var: no Match (varname=authenticity_token), 

=INFO REPORT==== 11-Mar-2011::15:26:23 ===
           ts_search:(4:<0.817.0>) Dyn Var: no Match (varname=authenticity_token), 

=INFO REPORT==== 11-Mar-2011::15:26:24 ===
           ts_search:(4:<0.827.0>) Dyn Var: no Match (varname=authenticity_token), 

=INFO REPORT==== 11-Mar-2011::15:26:25 ===
           ts_search:(4:<0.848.0>) Dyn Var: no Match (varname=authenticity_token), 

=INFO REPORT==== 11-Mar-2011::15:26:34 ===
           ts_search:(4:<0.704.0>) Dyn Var: no Match (varname=authenticity_token), 
