
=INFO REPORT==== 11-Mar-2011::15:14:27 ===
         ts_launcher:(5:<0.61.0>) Expected duration of phase: 340.8 sec 

=INFO REPORT==== 11-Mar-2011::15:14:27 ===
     ts_launcher_mgr:(4:<0.56.0>) No registered processes ! syncing ...

=INFO REPORT==== 11-Mar-2011::15:15:31 ===
           ts_search:(4:<0.152.0>) Dyn Var: no Match (varname=authenticity_token), 

=INFO REPORT==== 11-Mar-2011::15:15:36 ===
           ts_search:(4:<0.232.0>) Dyn Var: no Match (varname=authenticity_token), 

=INFO REPORT==== 11-Mar-2011::15:15:39 ===
           ts_search:(4:<0.218.0>) Dyn Var: no Match (varname=authenticity_token), 

=INFO REPORT==== 11-Mar-2011::15:15:43 ===
           ts_search:(4:<0.242.0>) Dyn Var: no Match (varname=authenticity_token), 

=INFO REPORT==== 11-Mar-2011::15:15:54 ===
           ts_search:(4:<0.457.0>) Dyn Var: no Match (varname=authenticity_token), 

=INFO REPORT==== 11-Mar-2011::15:16:01 ===
           ts_search:(4:<0.595.0>) Dyn Var: no Match (varname=authenticity_token), 

=INFO REPORT==== 11-Mar-2011::15:16:02 ===
           ts_search:(4:<0.613.0>) Dyn Var: no Match (varname=authenticity_token), 

=INFO REPORT==== 11-Mar-2011::15:16:05 ===
           ts_search:(4:<0.655.0>) Dyn Var: no Match (varname=authenticity_token), 

=INFO REPORT==== 11-Mar-2011::15:16:07 ===
           ts_search:(4:<0.610.0>) Dyn Var: no Match (varname=authenticity_token), 

=INFO REPORT==== 11-Mar-2011::15:16:10 ===
           ts_search:(4:<0.581.0>) Dyn Var: no Match (varname=authenticity_token), 

=INFO REPORT==== 11-Mar-2011::15:16:15 ===
           ts_search:(4:<0.794.0>) Dyn Var: no Match (varname=authenticity_token), 

=INFO REPORT==== 11-Mar-2011::15:16:16 ===
           ts_search:(4:<0.830.0>) Dyn Var: no Match (varname=authenticity_token), 

=INFO REPORT==== 11-Mar-2011::15:16:26 ===
           ts_search:(4:<0.975.0>) Dyn Var: no Match (varname=authenticity_token), 

=INFO REPORT==== 11-Mar-2011::15:16:29 ===
           ts_search:(4:<0.972.0>) Dyn Var: no Match (varname=authenticity_token), 

=INFO REPORT==== 11-Mar-2011::15:16:31 ===
           ts_search:(4:<0.1019.0>) Dyn Var: no Match (varname=authenticity_token), 

=INFO REPORT==== 11-Mar-2011::15:16:34 ===
           ts_search:(4:<0.1098.0>) Dyn Var: no Match (varname=authenticity_token), 

=INFO REPORT==== 11-Mar-2011::15:16:38 ===
           ts_search:(4:<0.1163.0>) Dyn Var: no Match (varname=authenticity_token), 

=INFO REPORT==== 11-Mar-2011::15:16:39 ===
           ts_search:(4:<0.1059.0>) Dyn Var: no Match (varname=authenticity_token), 

=INFO REPORT==== 11-Mar-2011::15:16:43 ===
           ts_search:(4:<0.1203.0>) Dyn Var: no Match (varname=authenticity_token), 

=INFO REPORT==== 11-Mar-2011::15:16:53 ===
           ts_search:(4:<0.1358.0>) Dyn Var: no Match (varname=authenticity_token), 

=INFO REPORT==== 11-Mar-2011::15:16:55 ===
           ts_search:(4:<0.1350.0>) Dyn Var: no Match (varname=authenticity_token), 

=INFO REPORT==== 11-Mar-2011::15:16:59 ===
           ts_search:(4:<0.1444.0>) Dyn Var: no Match (varname=authenticity_token), 

=INFO REPORT==== 11-Mar-2011::15:17:02 ===
           ts_search:(4:<0.1233.0>) Dyn Var: no Match (varname=authenticity_token), 

=INFO REPORT==== 11-Mar-2011::15:17:05 ===
           ts_search:(4:<0.1434.0>) Dyn Var: no Match (varname=authenticity_token), 

=INFO REPORT==== 11-Mar-2011::15:17:07 ===
           ts_search:(4:<0.1300.0>) Dyn Var: no Match (varname=authenticity_token), 

=INFO REPORT==== 11-Mar-2011::15:17:07 ===
           ts_search:(4:<0.1519.0>) Dyn Var: no Match (varname=authenticity_token), 

=INFO REPORT==== 11-Mar-2011::15:17:09 ===
           ts_search:(4:<0.1581.0>) Dyn Var: no Match (varname=authenticity_token), 

=INFO REPORT==== 11-Mar-2011::15:17:12 ===
           ts_search:(4:<0.1619.0>) Dyn Var: no Match (varname=authenticity_token), 

=INFO REPORT==== 11-Mar-2011::15:17:14 ===
           ts_search:(4:<0.1486.0>) Dyn Var: no Match (varname=authenticity_token), 

=INFO REPORT==== 11-Mar-2011::15:17:15 ===
         ts_launcher:(5:<0.61.0>) Max number of concurrent clients reached, must start a new beam

=INFO REPORT==== 11-Mar-2011::15:17:19 ===
           ts_search:(4:<0.1753.0>) Dyn Var: no Match (varname=authenticity_token), 

=INFO REPORT==== 11-Mar-2011::15:17:32 ===
           ts_search:(4:<0.1920.0>) Dyn Var: no Match (varname=authenticity_token), 

=INFO REPORT==== 11-Mar-2011::15:17:33 ===
           ts_search:(4:<0.1937.0>) Dyn Var: no Match (varname=authenticity_token), 

=INFO REPORT==== 11-Mar-2011::15:17:46 ===
           ts_search:(4:<0.2146.0>) Dyn Var: no Match (varname=authenticity_token), 

=INFO REPORT==== 11-Mar-2011::15:17:47 ===
           ts_search:(4:<0.2168.0>) Dyn Var: no Match (varname=authenticity_token), 

=INFO REPORT==== 11-Mar-2011::15:17:50 ===
           ts_search:(4:<0.2186.0>) Dyn Var: no Match (varname=authenticity_token), 

=INFO REPORT==== 11-Mar-2011::15:18:00 ===
           ts_search:(4:<0.2354.0>) Dyn Var: no Match (varname=authenticity_token), 

=INFO REPORT==== 11-Mar-2011::15:18:03 ===
           ts_search:(4:<0.2386.0>) Dyn Var: no Match (varname=authenticity_token), 

=INFO REPORT==== 11-Mar-2011::15:18:10 ===
           ts_search:(4:<0.2495.0>) Dyn Var: no Match (varname=authenticity_token), 

=INFO REPORT==== 11-Mar-2011::15:18:11 ===
           ts_search:(4:<0.2433.0>) Dyn Var: no Match (varname=authenticity_token), 
