
=INFO REPORT==== 11-Mar-2011::15:23:54 ===
         ts_launcher:(5:<0.61.0>) Expected duration of phase: 387.9428571428571 sec 

=INFO REPORT==== 11-Mar-2011::15:23:54 ===
     ts_launcher_mgr:(4:<0.56.0>) No registered processes ! syncing ...

=INFO REPORT==== 11-Mar-2011::15:24:41 ===
         ts_launcher:(5:<0.61.0>) Max number of concurrent clients reached, must start a new beam

=INFO REPORT==== 11-Mar-2011::15:25:20 ===
           ts_search:(4:<0.143.0>) Dyn Var: no Match (varname=authenticity_token), 

=INFO REPORT==== 11-Mar-2011::15:25:23 ===
           ts_search:(4:<0.193.0>) Dyn Var: no Match (varname=authenticity_token), 

=INFO REPORT==== 11-Mar-2011::15:25:27 ===
           ts_search:(4:<0.281.0>) Dyn Var: no Match (varname=authenticity_token), 

=INFO REPORT==== 11-Mar-2011::15:25:30 ===
           ts_search:(4:<0.318.0>) Dyn Var: no Match (varname=authenticity_token), 

=INFO REPORT==== 11-Mar-2011::15:25:46 ===
           ts_search:(4:<0.575.0>) Dyn Var: no Match (varname=authenticity_token), 

=INFO REPORT==== 11-Mar-2011::15:25:46 ===
           ts_search:(4:<0.580.0>) Dyn Var: no Match (varname=authenticity_token), 

=INFO REPORT==== 11-Mar-2011::15:25:51 ===
           ts_search:(4:<0.673.0>) Dyn Var: no Match (varname=authenticity_token), 

=INFO REPORT==== 11-Mar-2011::15:25:52 ===
           ts_search:(4:<0.685.0>) Dyn Var: no Match (varname=authenticity_token), 

=INFO REPORT==== 11-Mar-2011::15:25:52 ===
           ts_search:(4:<0.687.0>) Dyn Var: no Match (varname=authenticity_token), 

=INFO REPORT==== 11-Mar-2011::15:25:54 ===
           ts_search:(4:<0.722.0>) Dyn Var: no Match (varname=authenticity_token), 

=INFO REPORT==== 11-Mar-2011::15:25:55 ===
           ts_search:(4:<0.521.0>) Dyn Var: no Match (varname=authenticity_token), 

=INFO REPORT==== 11-Mar-2011::15:26:01 ===
           ts_search:(4:<0.841.0>) Dyn Var: no Match (varname=authenticity_token), 

=INFO REPORT==== 11-Mar-2011::15:26:03 ===
           ts_search:(4:<0.875.0>) Dyn Var: no Match (varname=authenticity_token), 
