
=INFO REPORT==== 11-Mar-2011::14:30:11 ===
  ts_launcher_static:(5:<0.60.0>) Launch msg receive ("localhost")

=INFO REPORT==== 11-Mar-2011::14:30:11 ===
         ts_launcher:(5:<0.61.0>) Launch msg receive ("localhost")

=INFO REPORT==== 11-Mar-2011::14:30:11 ===
     ts_launcher_mgr:(4:<0.56.0>) No registered processes ! syncing ...

=INFO REPORT==== 11-Mar-2011::14:30:11 ===
         ts_launcher:(5:<0.61.0>) Expected duration of first phase: 120.0 sec 

=INFO REPORT==== 11-Mar-2011::14:30:11 ===
         ts_launcher:(5:<0.61.0>) Activate launcher (120 users) in 10292 msec 

=INFO REPORT==== 11-Mar-2011::14:32:22 ===
         ts_launcher:(5:<0.61.0>) Phase duration exceeded, but not all users were launched (8 users, 6.7% of phase)

=INFO REPORT==== 11-Mar-2011::14:32:22 ===
         ts_launcher:(5:<0.61.0>) Start a new arrival phase (240 0.002); expected duration=120.33825 sec

=INFO REPORT==== 11-Mar-2011::14:32:55 ===
           ts_search:(4:<0.200.0>) Dyn Var: no Match (varname=authenticity_token), 

=INFO REPORT==== 11-Mar-2011::14:34:22 ===
         ts_launcher:(5:<0.61.0>) Phase duration exceeded, but not all users were launched (19 users, 7.9% of phase)

=INFO REPORT==== 11-Mar-2011::14:34:22 ===
         ts_launcher:(5:<0.61.0>) Start a new arrival phase (360 0.003); expected duration=120.4276650390625 sec

=INFO REPORT==== 11-Mar-2011::14:36:16 ===
         ts_launcher:(5:<0.61.0>) Start a new arrival phase (480 0.004); expected duration=113.72755688476562 sec

=INFO REPORT==== 11-Mar-2011::14:38:16 ===
         ts_launcher:(5:<0.61.0>) Phase duration exceeded, but not all users were launched (16 users, 3.3% of phase)

=INFO REPORT==== 11-Mar-2011::14:38:16 ===
         ts_launcher:(5:<0.61.0>) Start a new arrival phase (600 0.005); expected duration=120.26072485351563 sec

=INFO REPORT==== 11-Mar-2011::14:39:48 ===
           ts_search:(4:<0.1575.0>) Dyn Var: no Match (varname=authenticity_token), 

=INFO REPORT==== 11-Mar-2011::14:40:08 ===
         ts_launcher:(5:<0.61.0>) Start a new arrival phase (4500 0.0075); expected duration=111.97966381835937 sec

=INFO REPORT==== 11-Mar-2011::14:41:45 ===
           ts_search:(4:<0.2155.0>) Dyn Var: no Match (varname=authenticity_token), 

=INFO REPORT==== 11-Mar-2011::14:41:47 ===
           ts_search:(4:<0.2212.0>) Dyn Var: no Match (varname=authenticity_token), 

=INFO REPORT==== 11-Mar-2011::14:41:52 ===
           ts_search:(4:<0.2347.0>) Dyn Var: no Match (varname=authenticity_token), 

=INFO REPORT==== 11-Mar-2011::14:41:55 ===
           ts_search:(4:<0.2355.0>) Dyn Var: no Match (varname=authenticity_token), 

=INFO REPORT==== 11-Mar-2011::14:42:24 ===
           ts_search:(4:<0.2524.0>) Dyn Var: no Match (varname=authenticity_token), 

=INFO REPORT==== 11-Mar-2011::14:42:58 ===
           ts_search:(4:<0.2826.0>) Dyn Var: no Match (varname=authenticity_token), 

=INFO REPORT==== 11-Mar-2011::14:43:51 ===
           ts_search:(4:<0.3177.0>) Dyn Var: no Match (varname=authenticity_token), 

=INFO REPORT==== 11-Mar-2011::14:43:51 ===
           ts_search:(4:<0.3238.0>) Dyn Var: no Match (varname=authenticity_token), 

=INFO REPORT==== 11-Mar-2011::14:43:55 ===
           ts_search:(4:<0.3246.0>) Dyn Var: no Match (varname=authenticity_token), 

=INFO REPORT==== 11-Mar-2011::14:44:00 ===
           ts_search:(4:<0.3261.0>) Dyn Var: no Match (varname=authenticity_token), 

=INFO REPORT==== 11-Mar-2011::14:44:33 ===
           ts_search:(4:<0.3506.0>) Dyn Var: no Match (varname=authenticity_token), 

=INFO REPORT==== 11-Mar-2011::14:44:47 ===
           ts_search:(4:<0.3556.0>) Dyn Var: no Match (varname=authenticity_token), 

=INFO REPORT==== 11-Mar-2011::14:44:48 ===
           ts_search:(4:<0.3593.0>) Dyn Var: no Match (varname=authenticity_token), 

=INFO REPORT==== 11-Mar-2011::14:45:29 ===
           ts_search:(4:<0.3947.0>) Dyn Var: no Match (varname=authenticity_token), 

=INFO REPORT==== 11-Mar-2011::14:45:40 ===
           ts_search:(4:<0.3708.0>) Dyn Var: no Match (varname=authenticity_token), 

=INFO REPORT==== 11-Mar-2011::14:45:46 ===
           ts_search:(4:<0.4072.0>) Dyn Var: no Match (varname=authenticity_token), 

=INFO REPORT==== 11-Mar-2011::14:46:18 ===
           ts_search:(4:<0.4301.0>) Dyn Var: no Match (varname=authenticity_token), 

=INFO REPORT==== 11-Mar-2011::14:46:49 ===
           ts_search:(4:<0.4444.0>) Dyn Var: no Match (varname=authenticity_token), 

=INFO REPORT==== 11-Mar-2011::14:47:39 ===
           ts_search:(4:<0.4858.0>) Dyn Var: no Match (varname=authenticity_token), 

=INFO REPORT==== 11-Mar-2011::14:47:48 ===
           ts_search:(4:<0.4900.0>) Dyn Var: no Match (varname=authenticity_token), 

=INFO REPORT==== 11-Mar-2011::14:48:33 ===
           ts_search:(4:<0.5350.0>) Dyn Var: no Match (varname=authenticity_token), 

=INFO REPORT==== 11-Mar-2011::14:49:08 ===
           ts_search:(4:<0.5428.0>) Dyn Var: no Match (varname=authenticity_token), 

=INFO REPORT==== 11-Mar-2011::14:50:08 ===
         ts_launcher:(5:<0.61.0>) Phase duration exceeded, but not all users were launched (9 users, 0.2% of phase)

=INFO REPORT==== 11-Mar-2011::14:50:08 ===
         ts_launcher:(5:<0.61.0>) Start a new arrival phase (6000 0.01); expected duration=600.275548828125 sec

=INFO REPORT==== 11-Mar-2011::14:50:35 ===
           ts_search:(4:<0.6206.0>) Dyn Var: no Match (varname=authenticity_token), 

=INFO REPORT==== 11-Mar-2011::14:51:01 ===
           ts_search:(4:<0.6464.0>) Dyn Var: no Match (varname=authenticity_token), 

=INFO REPORT==== 11-Mar-2011::14:51:15 ===
           ts_search:(4:<0.6588.0>) Dyn Var: no Match (varname=authenticity_token), 

=INFO REPORT==== 11-Mar-2011::14:51:19 ===
           ts_search:(4:<0.6601.0>) Dyn Var: no Match (varname=authenticity_token), 

=INFO REPORT==== 11-Mar-2011::14:51:25 ===
           ts_search:(4:<0.6686.0>) Dyn Var: no Match (varname=authenticity_token), 

=INFO REPORT==== 11-Mar-2011::14:51:38 ===
           ts_search:(4:<0.6768.0>) Dyn Var: no Match (varname=authenticity_token), 

=INFO REPORT==== 11-Mar-2011::14:51:43 ===
           ts_search:(4:<0.6861.0>) Dyn Var: no Match (varname=authenticity_token), 

=INFO REPORT==== 11-Mar-2011::14:52:03 ===
           ts_search:(4:<0.6981.0>) Dyn Var: no Match (varname=authenticity_token), 

=INFO REPORT==== 11-Mar-2011::14:52:07 ===
           ts_search:(4:<0.7058.0>) Dyn Var: no Match (varname=authenticity_token), 

=INFO REPORT==== 11-Mar-2011::14:52:14 ===
           ts_search:(4:<0.7140.0>) Dyn Var: no Match (varname=authenticity_token), 

=INFO REPORT==== 11-Mar-2011::14:52:54 ===
           ts_search:(4:<0.7433.0>) Dyn Var: no Match (varname=authenticity_token), 

=INFO REPORT==== 11-Mar-2011::14:53:06 ===
           ts_search:(4:<0.7642.0>) Dyn Var: no Match (varname=authenticity_token), 

=INFO REPORT==== 11-Mar-2011::14:53:39 ===
           ts_search:(4:<0.7845.0>) Dyn Var: no Match (varname=authenticity_token), 

=INFO REPORT==== 11-Mar-2011::14:54:15 ===
           ts_search:(4:<0.8313.0>) Dyn Var: no Match (varname=authenticity_token), 

=INFO REPORT==== 11-Mar-2011::14:54:29 ===
           ts_search:(4:<0.8369.0>) Dyn Var: no Match (varname=authenticity_token), 

=INFO REPORT==== 11-Mar-2011::14:54:35 ===
           ts_search:(4:<0.8531.0>) Dyn Var: no Match (varname=authenticity_token), 

=INFO REPORT==== 11-Mar-2011::14:54:56 ===
           ts_search:(4:<0.8626.0>) Dyn Var: no Match (varname=authenticity_token), 

=INFO REPORT==== 11-Mar-2011::14:55:06 ===
           ts_search:(4:<0.8773.0>) Dyn Var: no Match (varname=authenticity_token), 

=INFO REPORT==== 11-Mar-2011::14:55:11 ===
           ts_search:(4:<0.8617.0>) Dyn Var: no Match (varname=authenticity_token), 

=INFO REPORT==== 11-Mar-2011::14:55:26 ===
           ts_search:(4:<0.8787.0>) Dyn Var: no Match (varname=authenticity_token), 

=INFO REPORT==== 11-Mar-2011::14:55:27 ===
           ts_search:(4:<0.9012.0>) Dyn Var: no Match (varname=authenticity_token), 

=INFO REPORT==== 11-Mar-2011::14:55:37 ===
           ts_search:(4:<0.9083.0>) Dyn Var: no Match (varname=authenticity_token), 

=INFO REPORT==== 11-Mar-2011::14:56:02 ===
           ts_search:(4:<0.9354.0>) Dyn Var: no Match (varname=authenticity_token), 

=INFO REPORT==== 11-Mar-2011::14:56:12 ===
           ts_search:(4:<0.9394.0>) Dyn Var: no Match (varname=authenticity_token), 

=INFO REPORT==== 11-Mar-2011::14:56:14 ===
           ts_search:(4:<0.9364.0>) Dyn Var: no Match (varname=authenticity_token), 

=INFO REPORT==== 11-Mar-2011::14:56:16 ===
           ts_search:(4:<0.9515.0>) Dyn Var: no Match (varname=authenticity_token), 

=INFO REPORT==== 11-Mar-2011::14:56:37 ===
           ts_search:(4:<0.9651.0>) Dyn Var: no Match (varname=authenticity_token), 

=INFO REPORT==== 11-Mar-2011::14:56:54 ===
           ts_search:(4:<0.9789.0>) Dyn Var: no Match (varname=authenticity_token), 

=INFO REPORT==== 11-Mar-2011::14:56:55 ===
           ts_search:(4:<0.9878.0>) Dyn Var: no Match (varname=authenticity_token), 

=INFO REPORT==== 11-Mar-2011::14:57:06 ===
           ts_search:(4:<0.9699.0>) Dyn Var: no Match (varname=authenticity_token), 

=INFO REPORT==== 11-Mar-2011::14:58:13 ===
           ts_search:(4:<0.10654.0>) Dyn Var: no Match (varname=authenticity_token), 

=INFO REPORT==== 11-Mar-2011::14:58:15 ===
           ts_search:(4:<0.10598.0>) Dyn Var: no Match (varname=authenticity_token), 

=INFO REPORT==== 11-Mar-2011::14:58:25 ===
           ts_search:(4:<0.10712.0>) Dyn Var: no Match (varname=authenticity_token), 

=INFO REPORT==== 11-Mar-2011::14:59:57 ===
           ts_search:(4:<0.11642.0>) Dyn Var: no Match (varname=authenticity_token), 

=INFO REPORT==== 11-Mar-2011::15:00:08 ===
         ts_launcher:(5:<0.61.0>) Phase duration exceeded, but not all users were launched (112 users, 1.9% of phase)

=INFO REPORT==== 11-Mar-2011::15:00:08 ===
         ts_launcher:(5:<0.61.0>) Start a new arrival phase (7500 0.0125); expected duration=600.070541015625 sec

=INFO REPORT==== 11-Mar-2011::15:00:09 ===
           ts_search:(4:<0.11717.0>) Dyn Var: no Match (varname=authenticity_token), 

=INFO REPORT==== 11-Mar-2011::15:00:15 ===
           ts_search:(4:<0.11839.0>) Dyn Var: no Match (varname=authenticity_token), 

=INFO REPORT==== 11-Mar-2011::15:00:24 ===
           ts_search:(4:<0.11972.0>) Dyn Var: no Match (varname=authenticity_token), 

=INFO REPORT==== 11-Mar-2011::15:00:36 ===
           ts_search:(4:<0.12088.0>) Dyn Var: no Match (varname=authenticity_token), 

=INFO REPORT==== 11-Mar-2011::15:00:37 ===
           ts_search:(4:<0.12029.0>) Dyn Var: no Match (varname=authenticity_token), 

=INFO REPORT==== 11-Mar-2011::15:00:44 ===
           ts_search:(4:<0.12081.0>) Dyn Var: no Match (varname=authenticity_token), 

=INFO REPORT==== 11-Mar-2011::15:00:52 ===
           ts_search:(4:<0.12178.0>) Dyn Var: no Match (varname=authenticity_token), 

=INFO REPORT==== 11-Mar-2011::15:00:52 ===
           ts_search:(4:<0.12152.0>) Dyn Var: no Match (varname=authenticity_token), 

=INFO REPORT==== 11-Mar-2011::15:01:25 ===
           ts_search:(4:<0.12403.0>) Dyn Var: no Match (varname=authenticity_token), 

=INFO REPORT==== 11-Mar-2011::15:01:30 ===
           ts_search:(4:<0.12629.0>) Dyn Var: no Match (varname=authenticity_token), 

=INFO REPORT==== 11-Mar-2011::15:01:30 ===
           ts_search:(4:<0.12429.0>) Dyn Var: no Match (varname=authenticity_token), 

=INFO REPORT==== 11-Mar-2011::15:01:50 ===
           ts_search:(4:<0.12851.0>) Dyn Var: no Match (varname=authenticity_token), 

=INFO REPORT==== 11-Mar-2011::15:02:00 ===
           ts_search:(4:<0.12884.0>) Dyn Var: no Match (varname=authenticity_token), 

=INFO REPORT==== 11-Mar-2011::15:02:08 ===
           ts_search:(4:<0.12996.0>) Dyn Var: no Match (varname=authenticity_token), 

=INFO REPORT==== 11-Mar-2011::15:02:22 ===
           ts_search:(4:<0.13221.0>) Dyn Var: no Match (varname=authenticity_token), 

=INFO REPORT==== 11-Mar-2011::15:02:34 ===
           ts_search:(4:<0.13362.0>) Dyn Var: no Match (varname=authenticity_token), 

=INFO REPORT==== 11-Mar-2011::15:02:55 ===
           ts_search:(4:<0.13516.0>) Dyn Var: no Match (varname=authenticity_token), 

=INFO REPORT==== 11-Mar-2011::15:02:57 ===
           ts_search:(4:<0.13694.0>) Dyn Var: no Match (varname=authenticity_token), 

=INFO REPORT==== 11-Mar-2011::15:02:58 ===
           ts_search:(4:<0.13716.0>) Dyn Var: no Match (varname=authenticity_token), 

=INFO REPORT==== 11-Mar-2011::15:03:00 ===
           ts_search:(4:<0.13722.0>) Dyn Var: no Match (varname=authenticity_token), 

=INFO REPORT==== 11-Mar-2011::15:03:16 ===
           ts_search:(4:<0.13779.0>) Dyn Var: no Match (varname=authenticity_token), 

=INFO REPORT==== 11-Mar-2011::15:03:21 ===
           ts_search:(4:<0.13994.0>) Dyn Var: no Match (varname=authenticity_token), 

=INFO REPORT==== 11-Mar-2011::15:03:24 ===
           ts_search:(4:<0.13966.0>) Dyn Var: no Match (varname=authenticity_token), 

=INFO REPORT==== 11-Mar-2011::15:04:03 ===
           ts_search:(4:<0.14500.0>) Dyn Var: no Match (varname=authenticity_token), 

=INFO REPORT==== 11-Mar-2011::15:04:29 ===
           ts_search:(4:<0.14726.0>) Dyn Var: no Match (varname=authenticity_token), 

=INFO REPORT==== 11-Mar-2011::15:04:29 ===
           ts_search:(4:<0.14801.0>) Dyn Var: no Match (varname=authenticity_token), 

=INFO REPORT==== 11-Mar-2011::15:04:32 ===
           ts_search:(4:<0.14837.0>) Dyn Var: no Match (varname=authenticity_token), 

=INFO REPORT==== 11-Mar-2011::15:04:52 ===
           ts_search:(4:<0.15065.0>) Dyn Var: no Match (varname=authenticity_token), 

=INFO REPORT==== 11-Mar-2011::15:04:56 ===
           ts_search:(4:<0.15145.0>) Dyn Var: no Match (varname=authenticity_token), 

=INFO REPORT==== 11-Mar-2011::15:05:00 ===
           ts_search:(4:<0.15177.0>) Dyn Var: no Match (varname=authenticity_token), 

=INFO REPORT==== 11-Mar-2011::15:05:04 ===
           ts_search:(4:<0.15155.0>) Dyn Var: no Match (varname=authenticity_token), 

=INFO REPORT==== 11-Mar-2011::15:05:07 ===
           ts_search:(4:<0.15274.0>) Dyn Var: no Match (varname=authenticity_token), 

=INFO REPORT==== 11-Mar-2011::15:05:26 ===
           ts_search:(4:<0.15285.0>) Dyn Var: no Match (varname=authenticity_token), 

=INFO REPORT==== 11-Mar-2011::15:05:30 ===
           ts_search:(4:<0.15476.0>) Dyn Var: no Match (varname=authenticity_token), 

=INFO REPORT==== 11-Mar-2011::15:05:33 ===
           ts_search:(4:<0.15570.0>) Dyn Var: no Match (varname=authenticity_token), 

=INFO REPORT==== 11-Mar-2011::15:05:33 ===
           ts_search:(4:<0.15574.0>) Dyn Var: no Match (varname=authenticity_token), 

=INFO REPORT==== 11-Mar-2011::15:05:38 ===
           ts_search:(4:<0.15643.0>) Dyn Var: no Match (varname=authenticity_token), 

=INFO REPORT==== 11-Mar-2011::15:05:41 ===
           ts_search:(4:<0.15684.0>) Dyn Var: no Match (varname=authenticity_token), 

=INFO REPORT==== 11-Mar-2011::15:05:42 ===
           ts_search:(4:<0.15163.0>) Dyn Var: no Match (varname=authenticity_token), 

=INFO REPORT==== 11-Mar-2011::15:05:52 ===
           ts_search:(4:<0.15806.0>) Dyn Var: no Match (varname=authenticity_token), 

=INFO REPORT==== 11-Mar-2011::15:06:06 ===
           ts_search:(4:<0.15961.0>) Dyn Var: no Match (varname=authenticity_token), 

=INFO REPORT==== 11-Mar-2011::15:06:12 ===
           ts_search:(4:<0.16008.0>) Dyn Var: no Match (varname=authenticity_token), 

=INFO REPORT==== 11-Mar-2011::15:06:16 ===
           ts_search:(4:<0.16088.0>) Dyn Var: no Match (varname=authenticity_token), 

=INFO REPORT==== 11-Mar-2011::15:06:18 ===
           ts_search:(4:<0.16122.0>) Dyn Var: no Match (varname=authenticity_token), 

=INFO REPORT==== 11-Mar-2011::15:06:21 ===
           ts_search:(4:<0.16178.0>) Dyn Var: no Match (varname=authenticity_token), 

=INFO REPORT==== 11-Mar-2011::15:06:26 ===
           ts_search:(4:<0.16184.0>) Dyn Var: no Match (varname=authenticity_token), 

=INFO REPORT==== 11-Mar-2011::15:06:31 ===
           ts_search:(4:<0.16221.0>) Dyn Var: no Match (varname=authenticity_token), 

=INFO REPORT==== 11-Mar-2011::15:06:34 ===
           ts_search:(4:<0.16217.0>) Dyn Var: no Match (varname=authenticity_token), 

=INFO REPORT==== 11-Mar-2011::15:06:38 ===
           ts_search:(4:<0.16354.0>) Dyn Var: no Match (varname=authenticity_token), 

=INFO REPORT==== 11-Mar-2011::15:06:40 ===
           ts_search:(4:<0.16338.0>) Dyn Var: no Match (varname=authenticity_token), 

=INFO REPORT==== 11-Mar-2011::15:06:55 ===
           ts_search:(4:<0.16532.0>) Dyn Var: no Match (varname=authenticity_token), 

=INFO REPORT==== 11-Mar-2011::15:07:01 ===
           ts_search:(4:<0.16563.0>) Dyn Var: no Match (varname=authenticity_token), 

=INFO REPORT==== 11-Mar-2011::15:07:11 ===
           ts_search:(4:<0.16719.0>) Dyn Var: no Match (varname=authenticity_token), 

=INFO REPORT==== 11-Mar-2011::15:07:12 ===
           ts_search:(4:<0.16698.0>) Dyn Var: no Match (varname=authenticity_token), 

=INFO REPORT==== 11-Mar-2011::15:07:28 ===
           ts_search:(4:<0.16935.0>) Dyn Var: no Match (varname=authenticity_token), 

=INFO REPORT==== 11-Mar-2011::15:07:34 ===
           ts_search:(4:<0.16986.0>) Dyn Var: no Match (varname=authenticity_token), 

=INFO REPORT==== 11-Mar-2011::15:07:49 ===
           ts_search:(4:<0.17072.0>) Dyn Var: no Match (varname=authenticity_token), 

=INFO REPORT==== 11-Mar-2011::15:08:11 ===
           ts_search:(4:<0.17481.0>) Dyn Var: no Match (varname=authenticity_token), 

=INFO REPORT==== 11-Mar-2011::15:08:25 ===
           ts_search:(4:<0.17586.0>) Dyn Var: no Match (varname=authenticity_token), 

=INFO REPORT==== 11-Mar-2011::15:08:31 ===
           ts_search:(4:<0.17718.0>) Dyn Var: no Match (varname=authenticity_token), 

=INFO REPORT==== 11-Mar-2011::15:08:40 ===
           ts_search:(4:<0.17664.0>) Dyn Var: no Match (varname=authenticity_token), 

=INFO REPORT==== 11-Mar-2011::15:08:43 ===
           ts_search:(4:<0.17885.0>) Dyn Var: no Match (varname=authenticity_token), 

=INFO REPORT==== 11-Mar-2011::15:08:51 ===
           ts_search:(4:<0.17757.0>) Dyn Var: no Match (varname=authenticity_token), 

=INFO REPORT==== 11-Mar-2011::15:08:54 ===
           ts_search:(4:<0.18018.0>) Dyn Var: no Match (varname=authenticity_token), 

=INFO REPORT==== 11-Mar-2011::15:09:21 ===
           ts_search:(4:<0.18320.0>) Dyn Var: no Match (varname=authenticity_token), 

=INFO REPORT==== 11-Mar-2011::15:09:26 ===
           ts_search:(4:<0.18370.0>) Dyn Var: no Match (varname=authenticity_token), 

=INFO REPORT==== 11-Mar-2011::15:09:38 ===
           ts_search:(4:<0.18508.0>) Dyn Var: no Match (varname=authenticity_token), 

=INFO REPORT==== 11-Mar-2011::15:09:39 ===
           ts_search:(4:<0.18423.0>) Dyn Var: no Match (varname=authenticity_token), 

=INFO REPORT==== 11-Mar-2011::15:09:50 ===
           ts_search:(4:<0.18719.0>) Dyn Var: no Match (varname=authenticity_token), 

=INFO REPORT==== 11-Mar-2011::15:09:58 ===
           ts_search:(4:<0.18789.0>) Dyn Var: no Match (varname=authenticity_token), 

=INFO REPORT==== 11-Mar-2011::15:10:09 ===
         ts_launcher:(5:<0.61.0>) Phase duration exceeded, but not all users were launched (183 users, 2.4% of phase)

=INFO REPORT==== 11-Mar-2011::15:10:09 ===
         ts_launcher:(5:<0.61.0>) Start a new arrival phase (9000 0.015); expected duration=600.06250390625 sec

=INFO REPORT==== 11-Mar-2011::15:10:10 ===
           ts_search:(4:<0.18958.0>) Dyn Var: no Match (varname=authenticity_token), 

=INFO REPORT==== 11-Mar-2011::15:10:12 ===
           ts_search:(4:<0.18853.0>) Dyn Var: no Match (varname=authenticity_token), 

=INFO REPORT==== 11-Mar-2011::15:10:22 ===
           ts_search:(4:<0.19113.0>) Dyn Var: no Match (varname=authenticity_token), 

=INFO REPORT==== 11-Mar-2011::15:10:36 ===
           ts_search:(4:<0.19256.0>) Dyn Var: no Match (varname=authenticity_token), 

=INFO REPORT==== 11-Mar-2011::15:10:38 ===
           ts_search:(4:<0.19266.0>) Dyn Var: no Match (varname=authenticity_token), 

=INFO REPORT==== 11-Mar-2011::15:10:43 ===
           ts_search:(4:<0.19320.0>) Dyn Var: no Match (varname=authenticity_token), 

=INFO REPORT==== 11-Mar-2011::15:10:50 ===
           ts_search:(4:<0.19365.0>) Dyn Var: no Match (varname=authenticity_token), 

=INFO REPORT==== 11-Mar-2011::15:10:59 ===
           ts_search:(4:<0.19511.0>) Dyn Var: no Match (varname=authenticity_token), 

=INFO REPORT==== 11-Mar-2011::15:11:03 ===
           ts_search:(4:<0.19538.0>) Dyn Var: no Match (varname=authenticity_token), 

=INFO REPORT==== 11-Mar-2011::15:11:03 ===
           ts_search:(4:<0.19550.0>) Dyn Var: no Match (varname=authenticity_token), 

=INFO REPORT==== 11-Mar-2011::15:11:03 ===
           ts_search:(4:<0.19555.0>) Dyn Var: no Match (varname=authenticity_token), 

=INFO REPORT==== 11-Mar-2011::15:11:07 ===
           ts_search:(4:<0.19594.0>) Dyn Var: no Match (varname=authenticity_token), 

=INFO REPORT==== 11-Mar-2011::15:11:07 ===
           ts_search:(4:<0.19597.0>) Dyn Var: no Match (varname=authenticity_token), 

=INFO REPORT==== 11-Mar-2011::15:11:09 ===
           ts_search:(4:<0.19574.0>) Dyn Var: no Match (varname=authenticity_token), 

=INFO REPORT==== 11-Mar-2011::15:11:29 ===
           ts_search:(4:<0.19883.0>) Dyn Var: no Match (varname=authenticity_token), 

=INFO REPORT==== 11-Mar-2011::15:11:47 ===
           ts_search:(4:<0.20185.0>) Dyn Var: no Match (varname=authenticity_token), 

=INFO REPORT==== 11-Mar-2011::15:11:57 ===
           ts_search:(4:<0.20258.0>) Dyn Var: no Match (varname=authenticity_token), 

=INFO REPORT==== 11-Mar-2011::15:12:00 ===
           ts_search:(4:<0.20154.0>) Dyn Var: no Match (varname=authenticity_token), 

=INFO REPORT==== 11-Mar-2011::15:12:04 ===
           ts_search:(4:<0.20379.0>) Dyn Var: no Match (varname=authenticity_token), 

=INFO REPORT==== 11-Mar-2011::15:12:07 ===
           ts_search:(4:<0.20424.0>) Dyn Var: no Match (varname=authenticity_token), 

=INFO REPORT==== 11-Mar-2011::15:12:10 ===
           ts_search:(4:<0.20536.0>) Dyn Var: no Match (varname=authenticity_token), 

=INFO REPORT==== 11-Mar-2011::15:12:13 ===
           ts_search:(4:<0.20584.0>) Dyn Var: no Match (varname=authenticity_token), 

=INFO REPORT==== 11-Mar-2011::15:12:23 ===
           ts_search:(4:<0.20736.0>) Dyn Var: no Match (varname=authenticity_token), 

=INFO REPORT==== 11-Mar-2011::15:12:23 ===
           ts_search:(4:<0.20409.0>) Dyn Var: no Match (varname=authenticity_token), 

=INFO REPORT==== 11-Mar-2011::15:12:32 ===
           ts_search:(4:<0.20860.0>) Dyn Var: no Match (varname=authenticity_token), 

=INFO REPORT==== 11-Mar-2011::15:12:38 ===
           ts_search:(4:<0.20946.0>) Dyn Var: no Match (varname=authenticity_token), 

=INFO REPORT==== 11-Mar-2011::15:12:43 ===
           ts_search:(4:<0.20991.0>) Dyn Var: no Match (varname=authenticity_token), 

=INFO REPORT==== 11-Mar-2011::15:12:44 ===
           ts_search:(4:<0.21010.0>) Dyn Var: no Match (varname=authenticity_token), 

=INFO REPORT==== 11-Mar-2011::15:12:45 ===
           ts_search:(4:<0.21030.0>) Dyn Var: no Match (varname=authenticity_token), 

=INFO REPORT==== 11-Mar-2011::15:12:46 ===
           ts_search:(4:<0.21053.0>) Dyn Var: no Match (varname=authenticity_token), 

=INFO REPORT==== 11-Mar-2011::15:12:49 ===
           ts_search:(4:<0.21070.0>) Dyn Var: no Match (varname=authenticity_token), 

=INFO REPORT==== 11-Mar-2011::15:12:52 ===
           ts_search:(4:<0.21151.0>) Dyn Var: no Match (varname=authenticity_token), 

=INFO REPORT==== 11-Mar-2011::15:12:53 ===
           ts_search:(4:<0.21124.0>) Dyn Var: no Match (varname=authenticity_token), 

=INFO REPORT==== 11-Mar-2011::15:12:54 ===
           ts_search:(4:<0.21190.0>) Dyn Var: no Match (varname=authenticity_token), 

=INFO REPORT==== 11-Mar-2011::15:12:55 ===
           ts_search:(4:<0.21088.0>) Dyn Var: no Match (varname=authenticity_token), 

=INFO REPORT==== 11-Mar-2011::15:13:09 ===
           ts_search:(4:<0.21423.0>) Dyn Var: no Match (varname=authenticity_token), 

=INFO REPORT==== 11-Mar-2011::15:13:10 ===
           ts_search:(4:<0.21429.0>) Dyn Var: no Match (varname=authenticity_token), 

=INFO REPORT==== 11-Mar-2011::15:13:15 ===
           ts_search:(4:<0.21504.0>) Dyn Var: no Match (varname=authenticity_token), 

=INFO REPORT==== 11-Mar-2011::15:13:17 ===
           ts_search:(4:<0.21517.0>) Dyn Var: no Match (varname=authenticity_token), 

=INFO REPORT==== 11-Mar-2011::15:13:18 ===
           ts_search:(4:<0.21548.0>) Dyn Var: no Match (varname=authenticity_token), 

=INFO REPORT==== 11-Mar-2011::15:13:20 ===
           ts_search:(4:<0.21564.0>) Dyn Var: no Match (varname=authenticity_token), 

=INFO REPORT==== 11-Mar-2011::15:13:22 ===
           ts_search:(4:<0.21394.0>) Dyn Var: no Match (varname=authenticity_token), 

=INFO REPORT==== 11-Mar-2011::15:13:23 ===
           ts_search:(4:<0.21329.0>) Dyn Var: no Match (varname=authenticity_token), 

=INFO REPORT==== 11-Mar-2011::15:13:28 ===
           ts_search:(4:<0.21595.0>) Dyn Var: no Match (varname=authenticity_token), 

=INFO REPORT==== 11-Mar-2011::15:13:32 ===
           ts_search:(4:<0.21759.0>) Dyn Var: no Match (varname=authenticity_token), 

=INFO REPORT==== 11-Mar-2011::15:13:34 ===
           ts_search:(4:<0.21531.0>) Dyn Var: no Match (varname=authenticity_token), 

=INFO REPORT==== 11-Mar-2011::15:13:46 ===
           ts_search:(4:<0.21951.0>) Dyn Var: no Match (varname=authenticity_token), 

=INFO REPORT==== 11-Mar-2011::15:13:58 ===
           ts_search:(4:<0.22129.0>) Dyn Var: no Match (varname=authenticity_token), 

=INFO REPORT==== 11-Mar-2011::15:14:00 ===
           ts_search:(4:<0.22168.0>) Dyn Var: no Match (varname=authenticity_token), 

=INFO REPORT==== 11-Mar-2011::15:14:03 ===
           ts_search:(4:<0.22187.0>) Dyn Var: no Match (varname=authenticity_token), 

=INFO REPORT==== 11-Mar-2011::15:14:04 ===
           ts_search:(4:<0.22226.0>) Dyn Var: no Match (varname=authenticity_token), 

=INFO REPORT==== 11-Mar-2011::15:14:12 ===
           ts_search:(4:<0.22345.0>) Dyn Var: no Match (varname=authenticity_token), 

=INFO REPORT==== 11-Mar-2011::15:14:14 ===
           ts_search:(4:<0.22294.0>) Dyn Var: no Match (varname=authenticity_token), 

=INFO REPORT==== 11-Mar-2011::15:14:18 ===
           ts_search:(4:<0.22429.0>) Dyn Var: no Match (varname=authenticity_token), 

=INFO REPORT==== 11-Mar-2011::15:14:26 ===
         ts_launcher:(5:<0.61.0>) Max number of concurrent clients reached, must start a new beam

=INFO REPORT==== 11-Mar-2011::15:14:26 ===
     ts_launcher_mgr:(5:<0.56.0>) Still 800 active client(s)

=INFO REPORT==== 11-Mar-2011::15:14:30 ===
           ts_search:(4:<0.22576.0>) Dyn Var: no Match (varname=authenticity_token), 

=INFO REPORT==== 11-Mar-2011::15:14:36 ===
           ts_search:(4:<0.22662.0>) Dyn Var: no Match (varname=authenticity_token), 

=INFO REPORT==== 11-Mar-2011::15:14:39 ===
           ts_search:(4:<0.22702.0>) Dyn Var: no Match (varname=authenticity_token), 

=INFO REPORT==== 11-Mar-2011::15:14:47 ===
           ts_search:(4:<0.22797.0>) Dyn Var: no Match (varname=authenticity_token), 

=INFO REPORT==== 11-Mar-2011::15:14:49 ===
           ts_search:(4:<0.22648.0>) Dyn Var: no Match (varname=authenticity_token), 

=INFO REPORT==== 11-Mar-2011::15:14:50 ===
           ts_search:(4:<0.22824.0>) Dyn Var: no Match (varname=authenticity_token), 

=INFO REPORT==== 11-Mar-2011::15:14:51 ===
           ts_search:(4:<0.22874.0>) Dyn Var: no Match (varname=authenticity_token), 

=INFO REPORT==== 11-Mar-2011::15:14:52 ===
           ts_search:(4:<0.22899.0>) Dyn Var: no Match (varname=authenticity_token), 

=INFO REPORT==== 11-Mar-2011::15:14:57 ===
           ts_search:(4:<0.22973.0>) Dyn Var: no Match (varname=authenticity_token), 

=INFO REPORT==== 11-Mar-2011::15:14:59 ===
           ts_search:(4:<0.23001.0>) Dyn Var: no Match (varname=authenticity_token), 

=INFO REPORT==== 11-Mar-2011::15:15:00 ===
           ts_search:(4:<0.22878.0>) Dyn Var: no Match (varname=authenticity_token), 

=INFO REPORT==== 11-Mar-2011::15:15:08 ===
           ts_search:(4:<0.23087.0>) Dyn Var: no Match (varname=authenticity_token), 

=INFO REPORT==== 11-Mar-2011::15:15:08 ===
           ts_search:(4:<0.23106.0>) Dyn Var: no Match (varname=authenticity_token), 

=INFO REPORT==== 11-Mar-2011::15:15:08 ===
           ts_search:(4:<0.23113.0>) Dyn Var: no Match (varname=authenticity_token), 

=INFO REPORT==== 11-Mar-2011::15:15:10 ===
           ts_search:(4:<0.23130.0>) Dyn Var: no Match (varname=authenticity_token), 

=INFO REPORT==== 11-Mar-2011::15:15:13 ===
           ts_search:(4:<0.23194.0>) Dyn Var: no Match (varname=authenticity_token), 

=INFO REPORT==== 11-Mar-2011::15:15:17 ===
           ts_search:(4:<0.23273.0>) Dyn Var: no Match (varname=authenticity_token), 

=INFO REPORT==== 11-Mar-2011::15:15:18 ===
           ts_search:(4:<0.23218.0>) Dyn Var: no Match (varname=authenticity_token), 

=INFO REPORT==== 11-Mar-2011::15:15:21 ===
           ts_search:(4:<0.22953.0>) Dyn Var: no Match (varname=authenticity_token), 

=INFO REPORT==== 11-Mar-2011::15:15:22 ===
           ts_search:(4:<0.23304.0>) Dyn Var: no Match (varname=authenticity_token), 

=INFO REPORT==== 11-Mar-2011::15:15:25 ===
           ts_search:(4:<0.23382.0>) Dyn Var: no Match (varname=authenticity_token), 

=INFO REPORT==== 11-Mar-2011::15:15:26 ===
     ts_launcher_mgr:(5:<0.56.0>) Still 21 active client(s)

=INFO REPORT==== 11-Mar-2011::15:15:27 ===
           ts_search:(4:<0.23399.0>) Dyn Var: no Match (varname=authenticity_token), 

=INFO REPORT==== 11-Mar-2011::15:15:35 ===
           ts_search:(4:<0.23394.0>) Dyn Var: no Match (varname=authenticity_token), 

=INFO REPORT==== 11-Mar-2011::15:16:26 ===
     ts_launcher_mgr:(5:<0.56.0>) No more active users
