
=INFO REPORT==== 11-Mar-2011::15:28:35 ===
         ts_launcher:(5:<0.61.0>) Expected duration of phase: 113.31428571428572 sec 

=INFO REPORT==== 11-Mar-2011::15:28:35 ===
     ts_launcher_mgr:(4:<0.56.0>) No registered processes ! syncing ...

=INFO REPORT==== 11-Mar-2011::15:29:20 ===
         ts_launcher:(5:<0.61.0>) Max number of concurrent clients reached, must start a new beam

=INFO REPORT==== 11-Mar-2011::15:30:09 ===
           ts_search:(4:<0.149.0>) Dyn Var: no Match (varname=authenticity_token), 

=INFO REPORT==== 11-Mar-2011::15:30:09 ===
           ts_search:(4:<0.160.0>) Dyn Var: no Match (varname=authenticity_token), 

=INFO REPORT==== 11-Mar-2011::15:30:10 ===
           ts_search:(4:<0.173.0>) Dyn Var: no Match (varname=authenticity_token), 

=INFO REPORT==== 11-Mar-2011::15:30:13 ===
           ts_search:(4:<0.210.0>) Dyn Var: no Match (varname=authenticity_token), 

=INFO REPORT==== 11-Mar-2011::15:30:15 ===
           ts_search:(4:<0.254.0>) Dyn Var: no Match (varname=authenticity_token), 

=INFO REPORT==== 11-Mar-2011::15:30:19 ===
           ts_search:(4:<0.308.0>) Dyn Var: no Match (varname=authenticity_token), 

=INFO REPORT==== 11-Mar-2011::15:30:19 ===
           ts_search:(4:<0.324.0>) Dyn Var: no Match (varname=authenticity_token), 

=INFO REPORT==== 11-Mar-2011::15:30:19 ===
           ts_search:(4:<0.327.0>) Dyn Var: no Match (varname=authenticity_token), 

=INFO REPORT==== 11-Mar-2011::15:30:32 ===
           ts_search:(4:<0.586.0>) Dyn Var: no Match (varname=authenticity_token), 

=INFO REPORT==== 11-Mar-2011::15:30:33 ===
           ts_search:(4:<0.619.0>) Dyn Var: no Match (varname=authenticity_token), 

=INFO REPORT==== 11-Mar-2011::15:30:33 ===
           ts_search:(4:<0.628.0>) Dyn Var: no Match (varname=authenticity_token), 

=INFO REPORT==== 11-Mar-2011::15:30:33 ===
           ts_search:(4:<0.631.0>) Dyn Var: no Match (varname=authenticity_token), 

=INFO REPORT==== 11-Mar-2011::15:30:35 ===
           ts_search:(4:<0.661.0>) Dyn Var: no Match (varname=authenticity_token), 

=INFO REPORT==== 11-Mar-2011::15:30:36 ===
           ts_search:(4:<0.689.0>) Dyn Var: no Match (varname=authenticity_token), 

=INFO REPORT==== 11-Mar-2011::15:30:37 ===
           ts_search:(4:<0.698.0>) Dyn Var: no Match (varname=authenticity_token), 

=INFO REPORT==== 11-Mar-2011::15:30:45 ===
           ts_search:(4:<0.746.0>) Dyn Var: no Match (varname=authenticity_token), 

=INFO REPORT==== 11-Mar-2011::15:30:45 ===
           ts_search:(4:<0.804.0>) Dyn Var: no Match (varname=authenticity_token), 

=INFO REPORT==== 11-Mar-2011::15:30:47 ===
           ts_search:(4:<0.901.0>) Dyn Var: no Match (varname=authenticity_token), 

=INFO REPORT==== 11-Mar-2011::15:30:48 ===
           ts_search:(4:<0.910.0>) Dyn Var: no Match (varname=authenticity_token), 

=INFO REPORT==== 11-Mar-2011::15:30:48 ===
           ts_search:(4:<0.915.0>) Dyn Var: no Match (varname=authenticity_token), 

=INFO REPORT==== 11-Mar-2011::15:30:53 ===
           ts_search:(4:<0.884.0>) Dyn Var: no Match (varname=authenticity_token), 
