
=INFO REPORT==== 11-Mar-2011::15:32:16 ===
         ts_launcher:(5:<0.61.0>) Expected duration of phase: 498.7 sec 

=INFO REPORT==== 11-Mar-2011::15:32:16 ===
     ts_launcher_mgr:(4:<0.56.0>) No registered processes ! syncing ...

=INFO REPORT==== 11-Mar-2011::15:32:59 ===
         ts_launcher:(5:<0.61.0>) Max number of concurrent clients reached, must start a new beam

=INFO REPORT==== 11-Mar-2011::15:34:22 ===
           ts_search:(4:<0.250.0>) Dyn Var: no Match (varname=authenticity_token), 

=INFO REPORT==== 11-Mar-2011::15:34:27 ===
           ts_search:(4:<0.326.0>) Dyn Var: no Match (varname=authenticity_token), 

=INFO REPORT==== 11-Mar-2011::15:34:28 ===
           ts_search:(4:<0.331.0>) Dyn Var: no Match (varname=authenticity_token), 

=INFO REPORT==== 11-Mar-2011::15:34:28 ===
           ts_search:(4:<0.351.0>) Dyn Var: no Match (varname=authenticity_token), 

=INFO REPORT==== 11-Mar-2011::15:34:29 ===
           ts_search:(4:<0.360.0>) Dyn Var: no Match (varname=authenticity_token), 

=INFO REPORT==== 11-Mar-2011::15:34:29 ===
           ts_search:(4:<0.363.0>) Dyn Var: no Match (varname=authenticity_token), 

=INFO REPORT==== 11-Mar-2011::15:34:31 ===
           ts_search:(4:<0.398.0>) Dyn Var: no Match (varname=authenticity_token), 

=INFO REPORT==== 11-Mar-2011::15:34:31 ===
           ts_search:(4:<0.396.0>) Dyn Var: no Match (varname=authenticity_token), 

=INFO REPORT==== 11-Mar-2011::15:34:31 ===
           ts_search:(4:<0.402.0>) Dyn Var: no Match (varname=authenticity_token), 

=INFO REPORT==== 11-Mar-2011::15:34:34 ===
           ts_search:(4:<0.449.0>) Dyn Var: no Match (varname=authenticity_token), 

=INFO REPORT==== 11-Mar-2011::15:34:39 ===
           ts_search:(4:<0.520.0>) Dyn Var: no Match (varname=authenticity_token), 

=INFO REPORT==== 11-Mar-2011::15:34:39 ===
           ts_search:(4:<0.528.0>) Dyn Var: no Match (varname=authenticity_token), 

=INFO REPORT==== 11-Mar-2011::15:34:42 ===
           ts_search:(4:<0.536.0>) Dyn Var: no Match (varname=authenticity_token), 

=INFO REPORT==== 11-Mar-2011::15:34:48 ===
           ts_search:(4:<0.688.0>) Dyn Var: no Match (varname=authenticity_token), 

=INFO REPORT==== 11-Mar-2011::15:34:49 ===
           ts_search:(4:<0.703.0>) Dyn Var: no Match (varname=authenticity_token), 

=INFO REPORT==== 11-Mar-2011::15:34:51 ===
           ts_search:(4:<0.557.0>) Dyn Var: no Match (varname=authenticity_token), 

=INFO REPORT==== 11-Mar-2011::15:34:53 ===
           ts_search:(4:<0.773.0>) Dyn Var: no Match (varname=authenticity_token), 

=INFO REPORT==== 11-Mar-2011::15:34:53 ===
           ts_search:(4:<0.767.0>) Dyn Var: no Match (varname=authenticity_token), 

=INFO REPORT==== 11-Mar-2011::15:34:56 ===
           ts_search:(4:<0.797.0>) Dyn Var: no Match (varname=authenticity_token), 

=INFO REPORT==== 11-Mar-2011::15:34:58 ===
           ts_search:(4:<0.836.0>) Dyn Var: no Match (varname=authenticity_token), 

=INFO REPORT==== 11-Mar-2011::15:34:58 ===
           ts_search:(4:<0.838.0>) Dyn Var: no Match (varname=authenticity_token), 

=INFO REPORT==== 11-Mar-2011::15:35:00 ===
           ts_search:(4:<0.881.0>) Dyn Var: no Match (varname=authenticity_token), 

=INFO REPORT==== 11-Mar-2011::15:35:00 ===
           ts_search:(4:<0.895.0>) Dyn Var: no Match (varname=authenticity_token), 
