
=INFO REPORT==== 11-Mar-2011::15:21:07 ===
         ts_launcher:(5:<0.61.0>) Expected duration of phase: 545.5428571428571 sec 

=INFO REPORT==== 11-Mar-2011::15:21:07 ===
     ts_launcher_mgr:(4:<0.56.0>) No registered processes ! syncing ...

=INFO REPORT==== 11-Mar-2011::15:21:50 ===
         ts_launcher:(5:<0.61.0>) Max number of concurrent clients reached, must start a new beam

=INFO REPORT==== 11-Mar-2011::15:22:24 ===
           ts_search:(4:<0.154.0>) Dyn Var: no Match (varname=authenticity_token), 

=INFO REPORT==== 11-Mar-2011::15:22:25 ===
           ts_search:(4:<0.143.0>) Dyn Var: no Match (varname=authenticity_token), 

=INFO REPORT==== 11-Mar-2011::15:22:29 ===
           ts_search:(4:<0.229.0>) Dyn Var: no Match (varname=authenticity_token), 

=INFO REPORT==== 11-Mar-2011::15:22:30 ===
           ts_search:(4:<0.254.0>) Dyn Var: no Match (varname=authenticity_token), 

=INFO REPORT==== 11-Mar-2011::15:22:30 ===
           ts_search:(4:<0.259.0>) Dyn Var: no Match (varname=authenticity_token), 

=INFO REPORT==== 11-Mar-2011::15:22:40 ===
           ts_search:(4:<0.400.0>) Dyn Var: no Match (varname=authenticity_token), 

=INFO REPORT==== 11-Mar-2011::15:22:50 ===
           ts_search:(4:<0.549.0>) Dyn Var: no Match (varname=authenticity_token), 

=INFO REPORT==== 11-Mar-2011::15:22:55 ===
           ts_search:(4:<0.680.0>) Dyn Var: no Match (varname=authenticity_token), 

=INFO REPORT==== 11-Mar-2011::15:22:57 ===
           ts_search:(4:<0.683.0>) Dyn Var: no Match (varname=authenticity_token), 

=INFO REPORT==== 11-Mar-2011::15:23:10 ===
           ts_search:(4:<0.854.0>) Dyn Var: no Match (varname=authenticity_token), 

=INFO REPORT==== 11-Mar-2011::15:23:12 ===
           ts_search:(4:<0.868.0>) Dyn Var: no Match (varname=authenticity_token), 
