
=INFO REPORT==== 11-Mar-2011::15:24:41 ===
         ts_launcher:(5:<0.61.0>) Expected duration of phase: 342.1714285714285 sec 

=INFO REPORT==== 11-Mar-2011::15:24:41 ===
     ts_launcher_mgr:(4:<0.56.0>) No registered processes ! syncing ...

=INFO REPORT==== 11-Mar-2011::15:25:25 ===
         ts_launcher:(5:<0.61.0>) Max number of concurrent clients reached, must start a new beam

=INFO REPORT==== 11-Mar-2011::15:26:09 ===
           ts_search:(4:<0.211.0>) Dyn Var: no Match (varname=authenticity_token), 

=INFO REPORT==== 11-Mar-2011::15:26:14 ===
           ts_search:(4:<0.280.0>) Dyn Var: no Match (varname=authenticity_token), 

=INFO REPORT==== 11-Mar-2011::15:26:14 ===
           ts_search:(4:<0.285.0>) Dyn Var: no Match (varname=authenticity_token), 

=INFO REPORT==== 11-Mar-2011::15:26:18 ===
           ts_search:(4:<0.332.0>) Dyn Var: no Match (varname=authenticity_token), 

=INFO REPORT==== 11-Mar-2011::15:26:18 ===
           ts_search:(4:<0.340.0>) Dyn Var: no Match (varname=authenticity_token), 

=INFO REPORT==== 11-Mar-2011::15:26:19 ===
           ts_search:(4:<0.348.0>) Dyn Var: no Match (varname=authenticity_token), 

=INFO REPORT==== 11-Mar-2011::15:26:21 ===
           ts_search:(4:<0.398.0>) Dyn Var: no Match (varname=authenticity_token), 

=INFO REPORT==== 11-Mar-2011::15:26:27 ===
           ts_search:(4:<0.499.0>) Dyn Var: no Match (varname=authenticity_token), 

=INFO REPORT==== 11-Mar-2011::15:26:29 ===
           ts_search:(4:<0.524.0>) Dyn Var: no Match (varname=authenticity_token), 

=INFO REPORT==== 11-Mar-2011::15:26:33 ===
           ts_search:(4:<0.601.0>) Dyn Var: no Match (varname=authenticity_token), 

=INFO REPORT==== 11-Mar-2011::15:26:39 ===
           ts_search:(4:<0.705.0>) Dyn Var: no Match (varname=authenticity_token), 

=INFO REPORT==== 11-Mar-2011::15:26:40 ===
           ts_search:(4:<0.724.0>) Dyn Var: no Match (varname=authenticity_token), 

=INFO REPORT==== 11-Mar-2011::15:26:44 ===
           ts_search:(4:<0.801.0>) Dyn Var: no Match (varname=authenticity_token), 

=INFO REPORT==== 11-Mar-2011::15:26:47 ===
           ts_search:(4:<0.845.0>) Dyn Var: no Match (varname=authenticity_token), 

=INFO REPORT==== 11-Mar-2011::15:26:50 ===
           ts_search:(4:<0.883.0>) Dyn Var: no Match (varname=authenticity_token), 

=INFO REPORT==== 11-Mar-2011::15:26:52 ===
           ts_search:(4:<0.929.0>) Dyn Var: no Match (varname=authenticity_token), 
