
=INFO REPORT==== 11-Mar-2011::15:14:34 ===
         ts_launcher:(5:<0.61.0>) Expected duration of phase: 335.4666666666667 sec 

=INFO REPORT==== 11-Mar-2011::15:14:34 ===
     ts_launcher_mgr:(4:<0.56.0>) No registered processes ! syncing ...

=INFO REPORT==== 11-Mar-2011::15:15:35 ===
           ts_search:(4:<0.107.0>) Dyn Var: no Match (varname=authenticity_token), 

=INFO REPORT==== 11-Mar-2011::15:15:37 ===
           ts_search:(4:<0.133.0>) Dyn Var: no Match (varname=authenticity_token), 

=INFO REPORT==== 11-Mar-2011::15:15:38 ===
           ts_search:(4:<0.149.0>) Dyn Var: no Match (varname=authenticity_token), 

=INFO REPORT==== 11-Mar-2011::15:15:38 ===
           ts_search:(4:<0.154.0>) Dyn Var: no Match (varname=authenticity_token), 

=INFO REPORT==== 11-Mar-2011::15:15:40 ===
           ts_search:(4:<0.164.0>) Dyn Var: no Match (varname=authenticity_token), 

=INFO REPORT==== 11-Mar-2011::15:15:43 ===
           ts_search:(4:<0.196.0>) Dyn Var: no Match (varname=authenticity_token), 

=INFO REPORT==== 11-Mar-2011::15:15:43 ===
           ts_search:(4:<0.245.0>) Dyn Var: no Match (varname=authenticity_token), 

=INFO REPORT==== 11-Mar-2011::15:15:53 ===
           ts_search:(4:<0.387.0>) Dyn Var: no Match (varname=authenticity_token), 

=INFO REPORT==== 11-Mar-2011::15:16:00 ===
           ts_search:(4:<0.415.0>) Dyn Var: no Match (varname=authenticity_token), 

=INFO REPORT==== 11-Mar-2011::15:16:03 ===
           ts_search:(4:<0.512.0>) Dyn Var: no Match (varname=authenticity_token), 

=INFO REPORT==== 11-Mar-2011::15:16:03 ===
           ts_search:(4:<0.478.0>) Dyn Var: no Match (varname=authenticity_token), 

=INFO REPORT==== 11-Mar-2011::15:16:04 ===
           ts_search:(4:<0.535.0>) Dyn Var: no Match (varname=authenticity_token), 

=INFO REPORT==== 11-Mar-2011::15:16:15 ===
           ts_search:(4:<0.673.0>) Dyn Var: no Match (varname=authenticity_token), 

=INFO REPORT==== 11-Mar-2011::15:16:20 ===
           ts_search:(4:<0.687.0>) Dyn Var: no Match (varname=authenticity_token), 

=INFO REPORT==== 11-Mar-2011::15:16:20 ===
           ts_search:(4:<0.381.0>) Dyn Var: no Match (varname=authenticity_token), 

=INFO REPORT==== 11-Mar-2011::15:16:20 ===
           ts_search:(4:<0.789.0>) Dyn Var: no Match (varname=authenticity_token), 

=INFO REPORT==== 11-Mar-2011::15:16:21 ===
           ts_search:(4:<0.803.0>) Dyn Var: no Match (varname=authenticity_token), 

=INFO REPORT==== 11-Mar-2011::15:16:24 ===
           ts_search:(4:<0.779.0>) Dyn Var: no Match (varname=authenticity_token), 

=INFO REPORT==== 11-Mar-2011::15:16:32 ===
           ts_search:(4:<0.974.0>) Dyn Var: no Match (varname=authenticity_token), 

=INFO REPORT==== 11-Mar-2011::15:16:35 ===
           ts_search:(4:<0.1026.0>) Dyn Var: no Match (varname=authenticity_token), 

=INFO REPORT==== 11-Mar-2011::15:16:36 ===
           ts_search:(4:<0.724.0>) Dyn Var: no Match (varname=authenticity_token), 

=INFO REPORT==== 11-Mar-2011::15:16:36 ===
           ts_search:(4:<0.1053.0>) Dyn Var: no Match (varname=authenticity_token), 

=INFO REPORT==== 11-Mar-2011::15:16:38 ===
           ts_search:(4:<0.1084.0>) Dyn Var: no Match (varname=authenticity_token), 

=INFO REPORT==== 11-Mar-2011::15:16:59 ===
           ts_search:(4:<0.1348.0>) Dyn Var: no Match (varname=authenticity_token), 

=INFO REPORT==== 11-Mar-2011::15:17:00 ===
           ts_search:(4:<0.1354.0>) Dyn Var: no Match (varname=authenticity_token), 

=INFO REPORT==== 11-Mar-2011::15:17:01 ===
           ts_search:(4:<0.1388.0>) Dyn Var: no Match (varname=authenticity_token), 

=INFO REPORT==== 11-Mar-2011::15:17:04 ===
           ts_search:(4:<0.1427.0>) Dyn Var: no Match (varname=authenticity_token), 

=INFO REPORT==== 11-Mar-2011::15:17:12 ===
           ts_search:(4:<0.1518.0>) Dyn Var: no Match (varname=authenticity_token), 

=INFO REPORT==== 11-Mar-2011::15:17:12 ===
           ts_search:(4:<0.1526.0>) Dyn Var: no Match (varname=authenticity_token), 

=INFO REPORT==== 11-Mar-2011::15:17:14 ===
           ts_search:(4:<0.1491.0>) Dyn Var: no Match (varname=authenticity_token), 

=INFO REPORT==== 11-Mar-2011::15:17:20 ===
           ts_search:(4:<0.1646.0>) Dyn Var: no Match (varname=authenticity_token), 

=INFO REPORT==== 11-Mar-2011::15:17:21 ===
           ts_search:(4:<0.1663.0>) Dyn Var: no Match (varname=authenticity_token), 

=INFO REPORT==== 11-Mar-2011::15:17:34 ===
           ts_search:(4:<0.1824.0>) Dyn Var: no Match (varname=authenticity_token), 

=INFO REPORT==== 11-Mar-2011::15:17:42 ===
           ts_search:(4:<0.1954.0>) Dyn Var: no Match (varname=authenticity_token), 

=INFO REPORT==== 11-Mar-2011::15:17:45 ===
           ts_search:(4:<0.1997.0>) Dyn Var: no Match (varname=authenticity_token), 

=INFO REPORT==== 11-Mar-2011::15:17:46 ===
           ts_search:(4:<0.2027.0>) Dyn Var: no Match (varname=authenticity_token), 

=INFO REPORT==== 11-Mar-2011::15:17:48 ===
           ts_search:(4:<0.2049.0>) Dyn Var: no Match (varname=authenticity_token), 

=INFO REPORT==== 11-Mar-2011::15:17:53 ===
           ts_search:(4:<0.1899.0>) Dyn Var: no Match (varname=authenticity_token), 

=INFO REPORT==== 11-Mar-2011::15:17:54 ===
           ts_search:(4:<0.2073.0>) Dyn Var: no Match (varname=authenticity_token), 

=INFO REPORT==== 11-Mar-2011::15:18:03 ===
           ts_search:(4:<0.2258.0>) Dyn Var: no Match (varname=authenticity_token), 

=INFO REPORT==== 11-Mar-2011::15:18:18 ===
           ts_search:(4:<0.2482.0>) Dyn Var: no Match (varname=authenticity_token), 

=INFO REPORT==== 11-Mar-2011::15:18:20 ===
           ts_search:(4:<0.2319.0>) Dyn Var: no Match (varname=authenticity_token), 

=INFO REPORT==== 11-Mar-2011::15:18:34 ===
           ts_search:(4:<0.2708.0>) Dyn Var: no Match (varname=authenticity_token), 

=INFO REPORT==== 11-Mar-2011::15:18:38 ===
           ts_search:(4:<0.2503.0>) Dyn Var: no Match (varname=authenticity_token), 

=INFO REPORT==== 11-Mar-2011::15:18:38 ===
           ts_search:(4:<0.2750.0>) Dyn Var: no Match (varname=authenticity_token), 

=INFO REPORT==== 11-Mar-2011::15:18:43 ===
           ts_search:(4:<0.2835.0>) Dyn Var: no Match (varname=authenticity_token), 

=INFO REPORT==== 11-Mar-2011::15:18:45 ===
           ts_search:(4:<0.2839.0>) Dyn Var: no Match (varname=authenticity_token), 

=INFO REPORT==== 11-Mar-2011::15:18:51 ===
           ts_search:(4:<0.2947.0>) Dyn Var: no Match (varname=authenticity_token), 

=INFO REPORT==== 11-Mar-2011::15:18:54 ===
           ts_search:(4:<0.2968.0>) Dyn Var: no Match (varname=authenticity_token), 

=INFO REPORT==== 11-Mar-2011::15:19:16 ===
           ts_search:(4:<0.3337.0>) Dyn Var: no Match (varname=authenticity_token), 

=INFO REPORT==== 11-Mar-2011::15:19:17 ===
           ts_search:(4:<0.3357.0>) Dyn Var: no Match (varname=authenticity_token), 

=INFO REPORT==== 11-Mar-2011::15:19:20 ===
           ts_search:(4:<0.3401.0>) Dyn Var: no Match (varname=authenticity_token), 

=INFO REPORT==== 11-Mar-2011::15:19:24 ===
           ts_search:(4:<0.3474.0>) Dyn Var: no Match (varname=authenticity_token), 

=INFO REPORT==== 11-Mar-2011::15:19:35 ===
           ts_search:(4:<0.3606.0>) Dyn Var: no Match (varname=authenticity_token), 

=INFO REPORT==== 11-Mar-2011::15:19:39 ===
           ts_search:(4:<0.3664.0>) Dyn Var: no Match (varname=authenticity_token), 

=INFO REPORT==== 11-Mar-2011::15:19:40 ===
           ts_search:(4:<0.3323.0>) Dyn Var: no Match (varname=authenticity_token), 

=INFO REPORT==== 11-Mar-2011::15:19:45 ===
           ts_search:(4:<0.3761.0>) Dyn Var: no Match (varname=authenticity_token), 

=INFO REPORT==== 11-Mar-2011::15:19:47 ===
           ts_search:(4:<0.3792.0>) Dyn Var: no Match (varname=authenticity_token), 

=INFO REPORT==== 11-Mar-2011::15:19:54 ===
           ts_search:(4:<0.3877.0>) Dyn Var: no Match (varname=authenticity_token), 

=INFO REPORT==== 11-Mar-2011::15:19:59 ===
           ts_search:(4:<0.3958.0>) Dyn Var: no Match (varname=authenticity_token), 

=INFO REPORT==== 11-Mar-2011::15:20:06 ===
           ts_search:(4:<0.3995.0>) Dyn Var: no Match (varname=authenticity_token), 

=INFO REPORT==== 11-Mar-2011::15:20:09 ===
           ts_search:(4:<0.4100.0>) Dyn Var: no Match (varname=authenticity_token), 

=INFO REPORT==== 11-Mar-2011::15:20:10 ===
         ts_launcher:(5:<0.61.0>) Phase duration exceeded, but not all users were launched (143 users, 2.8% of phase)

=INFO REPORT==== 11-Mar-2011::15:20:10 ===
         ts_launcher:(5:<0.61.0>) Start a new arrival phase (10500 0.0175); expected duration=335.47819384765626 sec

=INFO REPORT==== 11-Mar-2011::15:20:16 ===
           ts_search:(4:<0.3908.0>) Dyn Var: no Match (varname=authenticity_token), 

=INFO REPORT==== 11-Mar-2011::15:20:18 ===
         ts_launcher:(5:<0.61.0>) Max number of concurrent clients reached, must start a new beam

=INFO REPORT==== 11-Mar-2011::15:20:18 ===
           ts_search:(4:<0.4152.0>) Dyn Var: no Match (varname=authenticity_token), 

=INFO REPORT==== 11-Mar-2011::15:20:18 ===
           ts_search:(4:<0.4260.0>) Dyn Var: no Match (varname=authenticity_token), 

=INFO REPORT==== 11-Mar-2011::15:20:22 ===
           ts_search:(4:<0.4315.0>) Dyn Var: no Match (varname=authenticity_token), 

=INFO REPORT==== 11-Mar-2011::15:20:26 ===
           ts_search:(4:<0.4353.0>) Dyn Var: no Match (varname=authenticity_token), 

=INFO REPORT==== 11-Mar-2011::15:20:34 ===
           ts_search:(4:<0.4455.0>) Dyn Var: no Match (varname=authenticity_token), 

=INFO REPORT==== 11-Mar-2011::15:20:39 ===
           ts_search:(4:<0.4366.0>) Dyn Var: no Match (varname=authenticity_token), 

=INFO REPORT==== 11-Mar-2011::15:20:40 ===
           ts_search:(4:<0.4571.0>) Dyn Var: no Match (varname=authenticity_token), 

=INFO REPORT==== 11-Mar-2011::15:20:42 ===
           ts_search:(4:<0.4584.0>) Dyn Var: no Match (varname=authenticity_token), 

=INFO REPORT==== 11-Mar-2011::15:20:42 ===
           ts_search:(4:<0.4587.0>) Dyn Var: no Match (varname=authenticity_token), 

=INFO REPORT==== 11-Mar-2011::15:20:47 ===
           ts_search:(4:<0.4561.0>) Dyn Var: no Match (varname=authenticity_token), 

=INFO REPORT==== 11-Mar-2011::15:20:54 ===
           ts_search:(4:<0.4613.0>) Dyn Var: no Match (varname=authenticity_token), 

=INFO REPORT==== 11-Mar-2011::15:20:57 ===
           ts_search:(4:<0.4779.0>) Dyn Var: no Match (varname=authenticity_token), 

=INFO REPORT==== 11-Mar-2011::15:20:59 ===
           ts_search:(4:<0.4823.0>) Dyn Var: no Match (varname=authenticity_token), 

=INFO REPORT==== 11-Mar-2011::15:20:59 ===
           ts_search:(4:<0.4753.0>) Dyn Var: no Match (varname=authenticity_token), 

=INFO REPORT==== 11-Mar-2011::15:21:00 ===
           ts_search:(4:<0.4713.0>) Dyn Var: no Match (varname=authenticity_token), 

=INFO REPORT==== 11-Mar-2011::15:21:01 ===
           ts_search:(4:<0.4863.0>) Dyn Var: no Match (varname=authenticity_token), 

=INFO REPORT==== 11-Mar-2011::15:21:02 ===
           ts_search:(4:<0.4527.0>) Dyn Var: no Match (varname=authenticity_token), 

=INFO REPORT==== 11-Mar-2011::15:21:06 ===
           ts_search:(4:<0.4882.0>) Dyn Var: no Match (varname=authenticity_token), 

=INFO REPORT==== 11-Mar-2011::15:21:11 ===
           ts_search:(4:<0.4981.0>) Dyn Var: no Match (varname=authenticity_token), 

=INFO REPORT==== 11-Mar-2011::15:21:17 ===
           ts_search:(4:<0.5108.0>) Dyn Var: no Match (varname=authenticity_token), 
