
=INFO REPORT==== 11-Mar-2011::15:28:10 ===
         ts_launcher:(5:<0.61.0>) Expected duration of phase: 134.1142857142857 sec 

=INFO REPORT==== 11-Mar-2011::15:28:10 ===
     ts_launcher_mgr:(4:<0.56.0>) No registered processes ! syncing ...

=INFO REPORT==== 11-Mar-2011::15:29:02 ===
         ts_launcher:(5:<0.61.0>) Max number of concurrent clients reached, must start a new beam

=INFO REPORT==== 11-Mar-2011::15:29:48 ===
           ts_search:(4:<0.217.0>) Dyn Var: no Match (varname=authenticity_token), 

=INFO REPORT==== 11-Mar-2011::15:29:49 ===
           ts_search:(4:<0.249.0>) Dyn Var: no Match (varname=authenticity_token), 

=INFO REPORT==== 11-Mar-2011::15:29:51 ===
           ts_search:(4:<0.288.0>) Dyn Var: no Match (varname=authenticity_token), 

=INFO REPORT==== 11-Mar-2011::15:29:52 ===
           ts_search:(4:<0.308.0>) Dyn Var: no Match (varname=authenticity_token), 

=INFO REPORT==== 11-Mar-2011::15:29:55 ===
           ts_search:(4:<0.376.0>) Dyn Var: no Match (varname=authenticity_token), 

=INFO REPORT==== 11-Mar-2011::15:30:07 ===
           ts_search:(4:<0.538.0>) Dyn Var: no Match (varname=authenticity_token), 

=INFO REPORT==== 11-Mar-2011::15:30:12 ===
           ts_search:(4:<0.598.0>) Dyn Var: no Match (varname=authenticity_token), 

=INFO REPORT==== 11-Mar-2011::15:30:16 ===
           ts_search:(4:<0.649.0>) Dyn Var: no Match (varname=authenticity_token), 

=INFO REPORT==== 11-Mar-2011::15:30:16 ===
           ts_search:(4:<0.656.0>) Dyn Var: no Match (varname=authenticity_token), 

=INFO REPORT==== 11-Mar-2011::15:30:18 ===
           ts_search:(4:<0.682.0>) Dyn Var: no Match (varname=authenticity_token), 

=INFO REPORT==== 11-Mar-2011::15:30:21 ===
           ts_search:(4:<0.733.0>) Dyn Var: no Match (varname=authenticity_token), 

=INFO REPORT==== 11-Mar-2011::15:30:24 ===
           ts_search:(4:<0.782.0>) Dyn Var: no Match (varname=authenticity_token), 

=INFO REPORT==== 11-Mar-2011::15:30:26 ===
           ts_search:(4:<0.829.0>) Dyn Var: no Match (varname=authenticity_token), 
