
=INFO REPORT==== 11-Mar-2011::15:20:18 ===
         ts_launcher:(5:<0.61.0>) Expected duration of phase: 591.2571428571429 sec 

=INFO REPORT==== 11-Mar-2011::15:20:18 ===
     ts_launcher_mgr:(4:<0.56.0>) No registered processes ! syncing ...

=INFO REPORT==== 11-Mar-2011::15:21:07 ===
         ts_launcher:(5:<0.61.0>) Max number of concurrent clients reached, must start a new beam

=INFO REPORT==== 11-Mar-2011::15:21:23 ===
           ts_search:(4:<0.121.0>) Dyn Var: no Match (varname=authenticity_token), 

=INFO REPORT==== 11-Mar-2011::15:21:28 ===
           ts_search:(4:<0.198.0>) Dyn Var: no Match (varname=authenticity_token), 

=INFO REPORT==== 11-Mar-2011::15:21:29 ===
           ts_search:(4:<0.203.0>) Dyn Var: no Match (varname=authenticity_token), 

=INFO REPORT==== 11-Mar-2011::15:21:32 ===
           ts_search:(4:<0.262.0>) Dyn Var: no Match (varname=authenticity_token), 

=INFO REPORT==== 11-Mar-2011::15:21:33 ===
           ts_search:(4:<0.170.0>) Dyn Var: no Match (varname=authenticity_token), 

=INFO REPORT==== 11-Mar-2011::15:21:35 ===
           ts_search:(4:<0.267.0>) Dyn Var: no Match (varname=authenticity_token), 

=INFO REPORT==== 11-Mar-2011::15:21:37 ===
           ts_search:(4:<0.322.0>) Dyn Var: no Match (varname=authenticity_token), 

=INFO REPORT==== 11-Mar-2011::15:21:43 ===
           ts_search:(4:<0.380.0>) Dyn Var: no Match (varname=authenticity_token), 

=INFO REPORT==== 11-Mar-2011::15:21:46 ===
           ts_search:(4:<0.435.0>) Dyn Var: no Match (varname=authenticity_token), 

=INFO REPORT==== 11-Mar-2011::15:22:03 ===
           ts_search:(4:<0.694.0>) Dyn Var: no Match (varname=authenticity_token), 

=INFO REPORT==== 11-Mar-2011::15:22:04 ===
           ts_search:(4:<0.696.0>) Dyn Var: no Match (varname=authenticity_token), 

=INFO REPORT==== 11-Mar-2011::15:22:07 ===
           ts_search:(4:<0.739.0>) Dyn Var: no Match (varname=authenticity_token), 

=INFO REPORT==== 11-Mar-2011::15:22:08 ===
           ts_search:(4:<0.682.0>) Dyn Var: no Match (varname=authenticity_token), 

=INFO REPORT==== 11-Mar-2011::15:22:15 ===
           ts_search:(4:<0.832.0>) Dyn Var: no Match (varname=authenticity_token), 

=INFO REPORT==== 11-Mar-2011::15:22:15 ===
           ts_search:(4:<0.790.0>) Dyn Var: no Match (varname=authenticity_token), 

=INFO REPORT==== 11-Mar-2011::15:22:15 ===
           ts_search:(4:<0.764.0>) Dyn Var: no Match (varname=authenticity_token), 
