
=INFO REPORT==== 11-Mar-2011::15:30:08 ===
         ts_launcher:(5:<0.61.0>) Expected duration of phase: 21.77142857142857 sec 

=INFO REPORT==== 11-Mar-2011::15:30:08 ===
     ts_launcher_mgr:(4:<0.56.0>) No registered processes ! syncing ...

=INFO REPORT==== 11-Mar-2011::15:30:30 ===
         ts_launcher:(5:<0.61.0>) Phase duration exceeded, but not all users were launched (3 users, 0.8% of phase)

=INFO REPORT==== 11-Mar-2011::15:30:30 ===
         ts_launcher:(5:<0.61.0>) Start a new arrival phase (12000 0.02); expected duration=21.7869150390625 sec

=INFO REPORT==== 11-Mar-2011::15:30:53 ===
         ts_launcher:(5:<0.61.0>) Max number of concurrent clients reached, must start a new beam

=INFO REPORT==== 11-Mar-2011::15:31:42 ===
           ts_search:(4:<0.268.0>) Dyn Var: no Match (varname=authenticity_token), 

=INFO REPORT==== 11-Mar-2011::15:31:44 ===
           ts_search:(4:<0.301.0>) Dyn Var: no Match (varname=authenticity_token), 

=INFO REPORT==== 11-Mar-2011::15:31:44 ===
           ts_search:(4:<0.313.0>) Dyn Var: no Match (varname=authenticity_token), 

=INFO REPORT==== 11-Mar-2011::15:31:51 ===
           ts_search:(4:<0.421.0>) Dyn Var: no Match (varname=authenticity_token), 

=INFO REPORT==== 11-Mar-2011::15:31:53 ===
           ts_search:(4:<0.434.0>) Dyn Var: no Match (varname=authenticity_token), 

=INFO REPORT==== 11-Mar-2011::15:31:53 ===
           ts_search:(4:<0.450.0>) Dyn Var: no Match (varname=authenticity_token), 

=INFO REPORT==== 11-Mar-2011::15:31:53 ===
           ts_search:(4:<0.447.0>) Dyn Var: no Match (varname=authenticity_token), 

=INFO REPORT==== 11-Mar-2011::15:31:53 ===
           ts_search:(4:<0.455.0>) Dyn Var: no Match (varname=authenticity_token), 

=INFO REPORT==== 11-Mar-2011::15:31:59 ===
           ts_search:(4:<0.535.0>) Dyn Var: no Match (varname=authenticity_token), 

=INFO REPORT==== 11-Mar-2011::15:32:00 ===
           ts_search:(4:<0.539.0>) Dyn Var: no Match (varname=authenticity_token), 

=INFO REPORT==== 11-Mar-2011::15:32:01 ===
           ts_search:(4:<0.551.0>) Dyn Var: no Match (varname=authenticity_token), 

=INFO REPORT==== 11-Mar-2011::15:32:01 ===
           ts_search:(4:<0.557.0>) Dyn Var: no Match (varname=authenticity_token), 

=INFO REPORT==== 11-Mar-2011::15:32:12 ===
           ts_search:(4:<0.668.0>) Dyn Var: no Match (varname=authenticity_token), 

=INFO REPORT==== 11-Mar-2011::15:32:16 ===
           ts_search:(4:<0.736.0>) Dyn Var: no Match (varname=authenticity_token), 

=INFO REPORT==== 11-Mar-2011::15:32:18 ===
           ts_search:(4:<0.756.0>) Dyn Var: no Match (varname=authenticity_token), 

=INFO REPORT==== 11-Mar-2011::15:32:24 ===
           ts_search:(4:<0.880.0>) Dyn Var: no Match (varname=authenticity_token), 

=INFO REPORT==== 11-Mar-2011::15:32:35 ===
           ts_search:(4:<0.935.0>) Dyn Var: no Match (varname=authenticity_token), 
