
=INFO REPORT==== 11-Mar-2011::15:21:31 ===
         ts_launcher:(5:<0.61.0>) Expected duration of phase: 525.2571428571429 sec 

=INFO REPORT==== 11-Mar-2011::15:21:31 ===
     ts_launcher_mgr:(4:<0.56.0>) No registered processes ! syncing ...

=INFO REPORT==== 11-Mar-2011::15:22:19 ===
         ts_launcher:(5:<0.61.0>) Max number of concurrent clients reached, must start a new beam

=INFO REPORT==== 11-Mar-2011::15:22:48 ===
           ts_search:(4:<0.113.0>) Dyn Var: no Match (varname=authenticity_token), 

=INFO REPORT==== 11-Mar-2011::15:23:01 ===
           ts_search:(4:<0.314.0>) Dyn Var: no Match (varname=authenticity_token), 

=INFO REPORT==== 11-Mar-2011::15:23:03 ===
           ts_search:(4:<0.354.0>) Dyn Var: no Match (varname=authenticity_token), 

=INFO REPORT==== 11-Mar-2011::15:23:03 ===
           ts_search:(4:<0.362.0>) Dyn Var: no Match (varname=authenticity_token), 

=INFO REPORT==== 11-Mar-2011::15:23:05 ===
           ts_search:(4:<0.323.0>) Dyn Var: no Match (varname=authenticity_token), 

=INFO REPORT==== 11-Mar-2011::15:23:10 ===
           ts_search:(4:<0.326.0>) Dyn Var: no Match (varname=authenticity_token), 

=INFO REPORT==== 11-Mar-2011::15:23:11 ===
           ts_search:(4:<0.442.0>) Dyn Var: no Match (varname=authenticity_token), 

=INFO REPORT==== 11-Mar-2011::15:23:29 ===
           ts_search:(4:<0.717.0>) Dyn Var: no Match (varname=authenticity_token), 

=INFO REPORT==== 11-Mar-2011::15:23:29 ===
           ts_search:(4:<0.648.0>) Dyn Var: no Match (varname=authenticity_token), 

=INFO REPORT==== 11-Mar-2011::15:23:30 ===
           ts_search:(4:<0.789.0>) Dyn Var: no Match (varname=authenticity_token), 

=INFO REPORT==== 11-Mar-2011::15:23:33 ===
           ts_search:(4:<0.826.0>) Dyn Var: no Match (varname=authenticity_token), 

=INFO REPORT==== 11-Mar-2011::15:23:36 ===
           ts_search:(4:<0.733.0>) Dyn Var: no Match (varname=authenticity_token), 

=INFO REPORT==== 11-Mar-2011::15:23:38 ===
           ts_search:(4:<0.541.0>) Dyn Var: no Match (varname=authenticity_token), 
