
=INFO REPORT==== 11-Mar-2011::15:23:06 ===
         ts_launcher:(5:<0.61.0>) Expected duration of phase: 433.71428571428567 sec 

=INFO REPORT==== 11-Mar-2011::15:23:06 ===
     ts_launcher_mgr:(4:<0.56.0>) No registered processes ! syncing ...

=INFO REPORT==== 11-Mar-2011::15:23:53 ===
         ts_launcher:(5:<0.61.0>) Max number of concurrent clients reached, must start a new beam

=INFO REPORT==== 11-Mar-2011::15:24:35 ===
           ts_search:(4:<0.155.0>) Dyn Var: no Match (varname=authenticity_token), 

=INFO REPORT==== 11-Mar-2011::15:24:42 ===
           ts_search:(4:<0.337.0>) Dyn Var: no Match (varname=authenticity_token), 

=INFO REPORT==== 11-Mar-2011::15:24:43 ===
           ts_search:(4:<0.363.0>) Dyn Var: no Match (varname=authenticity_token), 

=INFO REPORT==== 11-Mar-2011::15:24:44 ===
           ts_search:(4:<0.390.0>) Dyn Var: no Match (varname=authenticity_token), 

=INFO REPORT==== 11-Mar-2011::15:24:52 ===
           ts_search:(4:<0.483.0>) Dyn Var: no Match (varname=authenticity_token), 

=INFO REPORT==== 11-Mar-2011::15:24:54 ===
           ts_search:(4:<0.530.0>) Dyn Var: no Match (varname=authenticity_token), 

=INFO REPORT==== 11-Mar-2011::15:24:56 ===
           ts_search:(4:<0.546.0>) Dyn Var: no Match (varname=authenticity_token), 

=INFO REPORT==== 11-Mar-2011::15:24:58 ===
           ts_search:(4:<0.595.0>) Dyn Var: no Match (varname=authenticity_token), 

=INFO REPORT==== 11-Mar-2011::15:25:07 ===
           ts_search:(4:<0.660.0>) Dyn Var: no Match (varname=authenticity_token), 

=INFO REPORT==== 11-Mar-2011::15:25:12 ===
           ts_search:(4:<0.781.0>) Dyn Var: no Match (varname=authenticity_token), 

=INFO REPORT==== 11-Mar-2011::15:25:17 ===
           ts_search:(4:<0.888.0>) Dyn Var: no Match (varname=authenticity_token), 
