
=INFO REPORT==== 11-Mar-2011::15:27:48 ===
         ts_launcher:(5:<0.61.0>) Expected duration of phase: 159.08571428571426 sec 

=INFO REPORT==== 11-Mar-2011::15:27:48 ===
     ts_launcher_mgr:(4:<0.56.0>) No registered processes ! syncing ...

=INFO REPORT==== 11-Mar-2011::15:28:34 ===
         ts_launcher:(5:<0.61.0>) Max number of concurrent clients reached, must start a new beam

=INFO REPORT==== 11-Mar-2011::15:29:25 ===
           ts_search:(4:<0.175.0>) Dyn Var: no Match (varname=authenticity_token), 

=INFO REPORT==== 11-Mar-2011::15:29:29 ===
           ts_search:(4:<0.147.0>) Dyn Var: no Match (varname=authenticity_token), 

=INFO REPORT==== 11-Mar-2011::15:29:29 ===
           ts_search:(4:<0.208.0>) Dyn Var: no Match (varname=authenticity_token), 

=INFO REPORT==== 11-Mar-2011::15:29:31 ===
           ts_search:(4:<0.266.0>) Dyn Var: no Match (varname=authenticity_token), 

=INFO REPORT==== 11-Mar-2011::15:29:39 ===
           ts_search:(4:<0.461.0>) Dyn Var: no Match (varname=authenticity_token), 

=INFO REPORT==== 11-Mar-2011::15:29:40 ===
           ts_search:(4:<0.471.0>) Dyn Var: no Match (varname=authenticity_token), 

=INFO REPORT==== 11-Mar-2011::15:29:44 ===
           ts_search:(4:<0.531.0>) Dyn Var: no Match (varname=authenticity_token), 

=INFO REPORT==== 11-Mar-2011::15:29:46 ===
           ts_search:(4:<0.590.0>) Dyn Var: no Match (varname=authenticity_token), 

=INFO REPORT==== 11-Mar-2011::15:29:53 ===
           ts_search:(4:<0.708.0>) Dyn Var: no Match (varname=authenticity_token), 
