
=INFO REPORT==== 2-Mar-2011::16:26:58 ===
    ts_config_server:(5:<0.52.0>) Config server started, logdir is "/home/ec2-user/.tsung/log/20110302-21:26"
 
=INFO REPORT==== 2-Mar-2011::16:26:58 ===
              ts_mon:(5:<0.51.0>) starting monitor, global 

=INFO REPORT==== 2-Mar-2011::16:26:58 ===
              ts_mon:(5:<0.53.0>) Init, log dir is "/home/ec2-user/.tsung/log/20110302-21:26"

=INFO REPORT==== 2-Mar-2011::16:26:58 ===
              ts_mon:(5:<0.53.0>) starting monitor

=INFO REPORT==== 2-Mar-2011::16:26:58 ===
        ts_stats_mon:(5:<0.51.0>) starting stats server, global 

=INFO REPORT==== 2-Mar-2011::16:26:58 ===
        ts_stats_mon:(5:<0.55.0>) starting ts_stats_mon stats server

=INFO REPORT==== 2-Mar-2011::16:26:58 ===
        ts_stats_mon:(5:<0.51.0>) starting request stats server, global 

=INFO REPORT==== 2-Mar-2011::16:26:58 ===
        ts_stats_mon:(5:<0.56.0>) starting dedicated stats server for request 

=INFO REPORT==== 2-Mar-2011::16:26:58 ===
        ts_stats_mon:(5:<0.51.0>) starting page stats server, global 

=INFO REPORT==== 2-Mar-2011::16:26:58 ===
        ts_stats_mon:(5:<0.57.0>) starting dedicated stats server for page 

=INFO REPORT==== 2-Mar-2011::16:26:58 ===
        ts_stats_mon:(5:<0.51.0>) starting connect stats server, global 

=INFO REPORT==== 2-Mar-2011::16:26:58 ===
        ts_stats_mon:(5:<0.58.0>) starting dedicated stats server for connect 

=INFO REPORT==== 2-Mar-2011::16:26:58 ===
        ts_stats_mon:(5:<0.51.0>) starting transaction stats server, global 

=INFO REPORT==== 2-Mar-2011::16:26:58 ===
        ts_stats_mon:(5:<0.59.0>) starting transaction stats server

=INFO REPORT==== 2-Mar-2011::16:26:58 ===
     ts_match_logger:(5:<0.51.0>) starting match logger, global 

=INFO REPORT==== 2-Mar-2011::16:26:58 ===
     ts_match_logger:(5:<0.60.0>) starting match logger

=INFO REPORT==== 2-Mar-2011::16:26:58 ===
     ts_match_logger:(5:<0.60.0>) starting match logger

=INFO REPORT==== 2-Mar-2011::16:26:59 ===
           ts_config:(5:<0.52.0>) Reading config file: /home/ec2-user/speedmetal/apps/rails2/redmine-1.1.1/tsung.xml

=INFO REPORT==== 2-Mar-2011::16:26:59 ===
           ts_config:(5:<0.52.0>) Session name for id 1 is "ensureproject"

=INFO REPORT==== 2-Mar-2011::16:26:59 ===
           ts_config:(5:<0.52.0>) Session type: persistent=true, bidi=false

=INFO REPORT==== 2-Mar-2011::16:26:59 ===
      ts_config_http:(5:<0.52.0>) Relative URL, single server 
=INFO REPORT==== 2-Mar-2011::16:26:59 ===
           ts_config:(5:<0.52.0>) Session name for id 2 is "browse_site"

=INFO REPORT==== 2-Mar-2011::16:26:59 ===
           ts_config:(5:<0.52.0>) Session type: persistent=true, bidi=false

=INFO REPORT==== 2-Mar-2011::16:26:59 ===
      ts_config_http:(5:<0.52.0>) Relative URL, single server 
=INFO REPORT==== 2-Mar-2011::16:26:59 ===
           ts_config:(5:<0.52.0>) Session name for id 3 is "create_issue"

=INFO REPORT==== 2-Mar-2011::16:26:59 ===
           ts_config:(5:<0.52.0>) Session type: persistent=true, bidi=false

=INFO REPORT==== 2-Mar-2011::16:26:59 ===
      ts_config_http:(5:<0.52.0>) Relative URL, single server 
=INFO REPORT==== 2-Mar-2011::16:26:59 ===
    ts_config_server:(5:<0.52.0>) SYSINFO:Erlang version: Erlang R14B01 (erts-5.8.2) [source] [64-bit] [smp:2:2] [rq:2] [async-threads:16] [kernel-poll:true]


=INFO REPORT==== 2-Mar-2011::16:26:59 ===
    ts_config_server:(5:<0.52.0>) SYSINFO:System architecture x86_64-redhat-linux-gnu

=INFO REPORT==== 2-Mar-2011::16:26:59 ===
    ts_config_server:(5:<0.52.0>) SYSINFO:Current path: /usr/lib/erlang/lib/tsung-1.3.3/ebin/tsung.beam

=INFO REPORT==== 2-Mar-2011::16:26:59 ===
    ts_os_mon_erlang:(5:<0.66.0>) starting os_mon_erlang with args {"server",
                                                                    {},10000,
                                                                    {global,
                                                                     ts_mon}}
=INFO REPORT==== 2-Mar-2011::16:26:59 ===
              ts_mon:(5:<0.53.0>) Activate clients with text backend

=INFO REPORT==== 2-Mar-2011::16:26:59 ===
    ts_config_server:(5:<0.52.0>) Start a launcher on the controller beam 'ip-10-196-130-223'

=INFO REPORT==== 2-Mar-2011::16:26:59 ===
               tsung:(7:<0.78.0>) open logfile  

=INFO REPORT==== 2-Mar-2011::16:26:59 ===
               tsung:(7:<0.78.0>) ok

=INFO REPORT==== 2-Mar-2011::16:26:59 ===
              ts_sup:(6:<0.78.0>) starting supervisor ...

=INFO REPORT==== 2-Mar-2011::16:26:59 ===
              ts_sup:(6:<0.79.0>) starting
=INFO REPORT==== 2-Mar-2011::16:26:59 ===
     ts_launcher_mgr:(6:<0.80.0>) starting
=INFO REPORT==== 2-Mar-2011::16:26:59 ===
    ts_session_cache:(6:<0.79.0>) Starting

=INFO REPORT==== 2-Mar-2011::16:26:59 ===
        ts_mon_cache:(6:<0.79.0>) Starting

=INFO REPORT==== 2-Mar-2011::16:26:59 ===
       ts_client_sup:(6:<0.83.0>) Starting 

=INFO REPORT==== 2-Mar-2011::16:26:59 ===
  ts_launcher_static:(6:<0.79.0>) starting 

=INFO REPORT==== 2-Mar-2011::16:26:59 ===
     ts_launcher_mgr:(7:<0.80.0>) static launcher is starting on node 'tsung_controller@ip-10-196-130-223' 

=INFO REPORT==== 2-Mar-2011::16:26:59 ===
         ts_launcher:(6:<0.79.0>) starting 

=INFO REPORT==== 2-Mar-2011::16:26:59 ===
     ts_launcher_mgr:(7:<0.80.0>) dynamic launcher is starting on node 'tsung_controller@ip-10-196-130-223' 

=INFO REPORT==== 2-Mar-2011::16:26:59 ===
  ts_launcher_static:(5:<0.84.0>) Launch msg receive ("localhost")

=INFO REPORT==== 2-Mar-2011::16:26:59 ===
         ts_launcher:(5:<0.85.0>) Launch msg receive ("localhost")

=INFO REPORT==== 2-Mar-2011::16:26:59 ===
    ts_config_server:(5:<0.52.0>) New arrival phase 1 for client "localhost": will start 300.0 users

=INFO REPORT==== 2-Mar-2011::16:26:59 ===
    ts_config_server:(5:<0.52.0>) New arrival phase 2 for client "localhost": will start 400.0 users

=INFO REPORT==== 2-Mar-2011::16:26:59 ===
    ts_config_server:(5:<0.52.0>) New arrival phase 3 for client "localhost": will start 600.0 users

=INFO REPORT==== 2-Mar-2011::16:26:59 ===
    ts_config_server:(5:<0.52.0>) New arrival phase 4 for client "localhost": will start 1.2e3 users

=INFO REPORT==== 2-Mar-2011::16:26:59 ===
  ts_launcher_static:(5:<0.84.0>) Activate launcher (1 static users) in 10000 msec, first user after 0 ms 

=INFO REPORT==== 2-Mar-2011::16:26:59 ===
         ts_launcher:(5:<0.85.0>) Expected duration of first phase: 600.0 sec 

=INFO REPORT==== 2-Mar-2011::16:26:59 ===
         ts_launcher:(5:<0.85.0>) Activate launcher (300 users) in 10841 msec 

=INFO REPORT==== 2-Mar-2011::16:27:01 ===
    ts_os_mon_erlang:(5:<0.71.0>) loading tsung monitor on nodes [os_mon@server]

=INFO REPORT==== 2-Mar-2011::16:37:02 ===
         ts_launcher:(5:<0.85.0>) Start a new arrival phase (400 6.666666666666666e-4); expected duration=593.6354760742188 sec

=INFO REPORT==== 2-Mar-2011::16:47:02 ===
         ts_launcher:(5:<0.85.0>) Phase duration exceeded, but not all users were launched (13 users, 3.3% of phase)

=INFO REPORT==== 2-Mar-2011::16:47:02 ===
         ts_launcher:(5:<0.85.0>) Start a new arrival phase (600 0.001); expected duration=600.1708388671875 sec

=INFO REPORT==== 2-Mar-2011::16:57:02 ===
         ts_launcher:(5:<0.85.0>) Start a new arrival phase (1200 0.002); expected duration=599.3348630371094 sec

=INFO REPORT==== 2-Mar-2011::17:06:06 ===
           ts_client:(3:<0.2654.0>) (Re)connect from 0.0.0.0 to server:8080, Error: etimedout

=INFO REPORT==== 2-Mar-2011::17:06:07 ===
           ts_client:(3:<0.2829.0>) (Re)connect from 0.0.0.0 to server:8080, Error: etimedout

=INFO REPORT==== 2-Mar-2011::17:06:15 ===
           ts_client:(3:<0.2840.0>) (Re)connect from 0.0.0.0 to server:8080, Error: etimedout

=INFO REPORT==== 2-Mar-2011::17:06:15 ===
           ts_client:(3:<0.2879.0>) (Re)connect from 0.0.0.0 to server:8080, Error: etimedout

=INFO REPORT==== 2-Mar-2011::17:06:16 ===
           ts_client:(3:<0.2841.0>) (Re)connect from 0.0.0.0 to server:8080, Error: etimedout

=INFO REPORT==== 2-Mar-2011::17:06:18 ===
           ts_client:(3:<0.2766.0>) (Re)connect from 0.0.0.0 to server:8080, Error: etimedout

=INFO REPORT==== 2-Mar-2011::17:06:19 ===
           ts_client:(3:<0.2761.0>) (Re)connect from 0.0.0.0 to server:8080, Error: etimedout

=INFO REPORT==== 2-Mar-2011::17:06:19 ===
           ts_client:(3:<0.2820.0>) (Re)connect from 0.0.0.0 to server:8080, Error: etimedout

=INFO REPORT==== 2-Mar-2011::17:06:25 ===
           ts_client:(3:<0.2762.0>) (Re)connect from 0.0.0.0 to server:8080, Error: etimedout

=INFO REPORT==== 2-Mar-2011::17:06:25 ===
           ts_client:(3:<0.2900.0>) (Re)connect from 0.0.0.0 to server:8080, Error: etimedout

=INFO REPORT==== 2-Mar-2011::17:06:29 ===
           ts_client:(3:<0.2717.0>) (Re)connect from 0.0.0.0 to server:8080, Error: etimedout

=INFO REPORT==== 2-Mar-2011::17:06:29 ===
           ts_client:(3:<0.2758.0>) (Re)connect from 0.0.0.0 to server:8080, Error: etimedout

=INFO REPORT==== 2-Mar-2011::17:06:35 ===
           ts_client:(3:<0.2927.0>) (Re)connect from 0.0.0.0 to server:8080, Error: etimedout

=INFO REPORT==== 2-Mar-2011::17:06:49 ===
           ts_client:(3:<0.2766.0>) (Re)connect from 0.0.0.0 to server:8080, Error: etimedout

=INFO REPORT==== 2-Mar-2011::17:06:49 ===
           ts_client:(3:<0.2925.0>) (Re)connect from 0.0.0.0 to server:8080, Error: etimedout

=INFO REPORT==== 2-Mar-2011::17:06:51 ===
           ts_client:(3:<0.2903.0>) (Re)connect from 0.0.0.0 to server:8080, Error: etimedout

=INFO REPORT==== 2-Mar-2011::17:06:51 ===
           ts_client:(3:<0.2899.0>) (Re)connect from 0.0.0.0 to server:8080, Error: etimedout

=INFO REPORT==== 2-Mar-2011::17:06:52 ===
           ts_client:(3:<0.2859.0>) (Re)connect from 0.0.0.0 to server:8080, Error: etimedout

=INFO REPORT==== 2-Mar-2011::17:06:55 ===
           ts_client:(3:<0.2965.0>) (Re)connect from 0.0.0.0 to server:8080, Error: etimedout

=INFO REPORT==== 2-Mar-2011::17:06:57 ===
           ts_client:(3:<0.2888.0>) (Re)connect from 0.0.0.0 to server:8080, Error: etimedout

=INFO REPORT==== 2-Mar-2011::17:06:57 ===
           ts_client:(3:<0.2864.0>) (Re)connect from 0.0.0.0 to server:8080, Error: etimedout

=INFO REPORT==== 2-Mar-2011::17:06:58 ===
           ts_client:(3:<0.2885.0>) (Re)connect from 0.0.0.0 to server:8080, Error: etimedout

=INFO REPORT==== 2-Mar-2011::17:07:02 ===
         ts_launcher:(5:<0.85.0>) Phase duration exceeded, but not all users were launched (30 users, 2.5% of phase)

=INFO REPORT==== 2-Mar-2011::17:07:02 ===
         ts_launcher:(5:<0.85.0>) This was the last phase, wait for connected users to finish their session

=INFO REPORT==== 2-Mar-2011::17:07:02 ===
     ts_launcher_mgr:(5:<0.80.0>) Still 224 active client(s)

=INFO REPORT==== 2-Mar-2011::17:07:04 ===
           ts_client:(3:<0.2951.0>) (Re)connect from 0.0.0.0 to server:8080, Error: etimedout

=INFO REPORT==== 2-Mar-2011::17:07:04 ===
           ts_client:(3:<0.2839.0>) (Re)connect from 0.0.0.0 to server:8080, Error: etimedout

=INFO REPORT==== 2-Mar-2011::17:07:13 ===
           ts_client:(3:<0.2995.0>) (Re)connect from 0.0.0.0 to server:8080, Error: etimedout

=INFO REPORT==== 2-Mar-2011::17:07:15 ===
           ts_client:(3:<0.2972.0>) (Re)connect from 0.0.0.0 to server:8080, Error: etimedout

=INFO REPORT==== 2-Mar-2011::17:07:15 ===
           ts_client:(3:<0.2851.0>) (Re)connect from 0.0.0.0 to server:8080, Error: etimedout

=INFO REPORT==== 2-Mar-2011::17:07:15 ===
           ts_client:(3:<0.2823.0>) (Re)connect from 0.0.0.0 to server:8080, Error: etimedout

=INFO REPORT==== 2-Mar-2011::17:07:15 ===
           ts_client:(3:<0.2971.0>) (Re)connect from 0.0.0.0 to server:8080, Error: etimedout

=INFO REPORT==== 2-Mar-2011::17:07:16 ===
           ts_client:(3:<0.2956.0>) (Re)connect from 0.0.0.0 to server:8080, Error: etimedout

=INFO REPORT==== 2-Mar-2011::17:07:16 ===
           ts_client:(3:<0.2942.0>) (Re)connect from 0.0.0.0 to server:8080, Error: etimedout

=INFO REPORT==== 2-Mar-2011::17:07:18 ===
           ts_client:(3:<0.2810.0>) (Re)connect from 0.0.0.0 to server:8080, Error: etimedout

=INFO REPORT==== 2-Mar-2011::17:07:19 ===
           ts_client:(3:<0.3004.0>) (Re)connect from 0.0.0.0 to server:8080, Error: etimedout

=INFO REPORT==== 2-Mar-2011::17:07:19 ===
           ts_client:(3:<0.2893.0>) (Re)connect from 0.0.0.0 to server:8080, Error: etimedout

=INFO REPORT==== 2-Mar-2011::17:07:19 ===
           ts_client:(3:<0.2898.0>) (Re)connect from 0.0.0.0 to server:8080, Error: etimedout

=INFO REPORT==== 2-Mar-2011::17:07:19 ===
           ts_client:(3:<0.2872.0>) (Re)connect from 0.0.0.0 to server:8080, Error: etimedout

=INFO REPORT==== 2-Mar-2011::17:07:19 ===
           ts_client:(3:<0.2726.0>) (Re)connect from 0.0.0.0 to server:8080, Error: etimedout

=INFO REPORT==== 2-Mar-2011::17:07:22 ===
           ts_client:(3:<0.2915.0>) (Re)connect from 0.0.0.0 to server:8080, Error: etimedout

=INFO REPORT==== 2-Mar-2011::17:07:22 ===
           ts_client:(3:<0.2861.0>) (Re)connect from 0.0.0.0 to server:8080, Error: etimedout

=INFO REPORT==== 2-Mar-2011::17:07:23 ===
           ts_client:(3:<0.3013.0>) (Re)connect from 0.0.0.0 to server:8080, Error: etimedout

=INFO REPORT==== 2-Mar-2011::17:07:25 ===
           ts_client:(3:<0.2946.0>) (Re)connect from 0.0.0.0 to server:8080, Error: etimedout

=INFO REPORT==== 2-Mar-2011::17:07:26 ===
           ts_client:(3:<0.2980.0>) (Re)connect from 0.0.0.0 to server:8080, Error: etimedout

=INFO REPORT==== 2-Mar-2011::17:07:29 ===
           ts_client:(3:<0.3026.0>) (Re)connect from 0.0.0.0 to server:8080, Error: etimedout

=INFO REPORT==== 2-Mar-2011::17:07:48 ===
           ts_client:(3:<0.2962.0>) (Re)connect from 0.0.0.0 to server:8080, Error: etimedout

=INFO REPORT==== 2-Mar-2011::17:07:48 ===
           ts_client:(3:<0.2943.0>) (Re)connect from 0.0.0.0 to server:8080, Error: etimedout

=INFO REPORT==== 2-Mar-2011::17:07:49 ===
           ts_client:(3:<0.2993.0>) (Re)connect from 0.0.0.0 to server:8080, Error: etimedout

=INFO REPORT==== 2-Mar-2011::17:07:49 ===
           ts_client:(3:<0.2884.0>) (Re)connect from 0.0.0.0 to server:8080, Error: etimedout

=INFO REPORT==== 2-Mar-2011::17:08:02 ===
     ts_launcher_mgr:(5:<0.80.0>) Still 137 active client(s)

=INFO REPORT==== 2-Mar-2011::17:09:02 ===
     ts_launcher_mgr:(5:<0.80.0>) Still 1 active client(s)

=INFO REPORT==== 2-Mar-2011::17:10:02 ===
     ts_launcher_mgr:(5:<0.80.0>) No more active users

=INFO REPORT==== 2-Mar-2011::17:10:02 ===
              ts_mon:(5:<0.53.0>) stopping monitor (normal)
