
=INFO REPORT==== 5-Oct-2011::12:59:22 ===
  ts_launcher_static:(5:<0.60.0>) Launch msg receive ("localhost")

=INFO REPORT==== 5-Oct-2011::12:59:22 ===
     ts_launcher_mgr:(4:<0.56.0>) No registered processes ! syncing ...

=INFO REPORT==== 5-Oct-2011::12:59:22 ===
         ts_launcher:(5:<0.61.0>) Launch msg receive ("localhost")

=INFO REPORT==== 5-Oct-2011::12:59:22 ===
         ts_launcher:(5:<0.61.0>) Expected duration of first phase: 120.0 sec 

=INFO REPORT==== 5-Oct-2011::12:59:22 ===
         ts_launcher:(5:<0.61.0>) Activate launcher (120 users) in 9978 msec 

=INFO REPORT==== 5-Oct-2011::13:01:32 ===
         ts_launcher:(5:<0.61.0>) Start a new arrival phase (240 0.002); expected duration=120.96957495117188 sec

=INFO REPORT==== 5-Oct-2011::13:03:28 ===
         ts_launcher:(5:<0.61.0>) Start a new arrival phase (360 0.003); expected duration=116.17538989257812 sec

=INFO REPORT==== 5-Oct-2011::13:05:28 ===
         ts_launcher:(5:<0.61.0>) Start a new arrival phase (480 0.004); expected duration=119.8372490234375 sec

=INFO REPORT==== 5-Oct-2011::13:07:16 ===
         ts_launcher:(5:<0.61.0>) Start a new arrival phase (600 0.005); expected duration=108.18126098632813 sec

=INFO REPORT==== 5-Oct-2011::13:09:13 ===
         ts_launcher:(5:<0.61.0>) Start a new arrival phase (4500 0.0075); expected duration=116.14344995117187 sec

=INFO REPORT==== 5-Oct-2011::13:19:10 ===
         ts_launcher:(5:<0.61.0>) Start a new arrival phase (6000 0.01); expected duration=597.8743249511718 sec

=INFO REPORT==== 5-Oct-2011::13:29:10 ===
         ts_launcher:(5:<0.61.0>) Phase duration exceeded, but not all users were launched (92 users, 1.5% of phase)

=INFO REPORT==== 5-Oct-2011::13:29:10 ===
         ts_launcher:(5:<0.61.0>) Start a new arrival phase (7500 0.0125); expected duration=600.0404660644531 sec

=INFO REPORT==== 5-Oct-2011::13:39:01 ===
         ts_launcher:(5:<0.61.0>) Start a new arrival phase (9000 0.015); expected duration=590.6253588867188 sec

=INFO REPORT==== 5-Oct-2011::13:49:01 ===
         ts_launcher:(5:<0.61.0>) Phase duration exceeded, but not all users were launched (100 users, 1.1% of phase)

=INFO REPORT==== 5-Oct-2011::13:49:01 ===
         ts_launcher:(5:<0.61.0>) Start a new arrival phase (10500 0.0175); expected duration=600.1442241210938 sec

=INFO REPORT==== 5-Oct-2011::13:58:57 ===
         ts_launcher:(5:<0.61.0>) Start a new arrival phase (12000 0.02); expected duration=596.1500979003906 sec

=INFO REPORT==== 5-Oct-2011::14:08:57 ===
         ts_launcher:(5:<0.61.0>) Phase duration exceeded, but not all users were launched (87 users, 0.7% of phase)

=INFO REPORT==== 5-Oct-2011::14:08:57 ===
         ts_launcher:(5:<0.61.0>) Start a new arrival phase (13500 0.0225); expected duration=600.06841015625 sec

=INFO REPORT==== 5-Oct-2011::14:11:39 ===
         ts_launcher:(5:<0.61.0>) Max number of concurrent clients reached, must start a new beam

=INFO REPORT==== 5-Oct-2011::14:11:39 ===
     ts_launcher_mgr:(5:<0.56.0>) Still 800 active client(s)

=INFO REPORT==== 5-Oct-2011::14:12:39 ===
     ts_launcher_mgr:(5:<0.56.0>) Still 1 active client(s)

=INFO REPORT==== 5-Oct-2011::14:13:39 ===
     ts_launcher_mgr:(5:<0.56.0>) No more active users
