
=INFO REPORT==== 5-Oct-2011::12:59:21 ===
    ts_config_server:(5:<0.52.0>) Config server started, logdir is "/home/ec2-user/.tsung/log/20111005-16:59"
 
=INFO REPORT==== 5-Oct-2011::12:59:21 ===
              ts_mon:(5:<0.51.0>) starting monitor, global 

=INFO REPORT==== 5-Oct-2011::12:59:21 ===
              ts_mon:(5:<0.53.0>) Init, log dir is "/home/ec2-user/.tsung/log/20111005-16:59"

=INFO REPORT==== 5-Oct-2011::12:59:21 ===
              ts_mon:(5:<0.53.0>) starting monitor

=INFO REPORT==== 5-Oct-2011::12:59:21 ===
        ts_stats_mon:(5:<0.51.0>) starting stats server, global 

=INFO REPORT==== 5-Oct-2011::12:59:21 ===
        ts_stats_mon:(5:<0.55.0>) starting ts_stats_mon stats server

=INFO REPORT==== 5-Oct-2011::12:59:21 ===
        ts_stats_mon:(5:<0.51.0>) starting request stats server, global 

=INFO REPORT==== 5-Oct-2011::12:59:21 ===
        ts_stats_mon:(5:<0.56.0>) starting dedicated stats server for request 

=INFO REPORT==== 5-Oct-2011::12:59:21 ===
        ts_stats_mon:(5:<0.51.0>) starting page stats server, global 

=INFO REPORT==== 5-Oct-2011::12:59:21 ===
        ts_stats_mon:(5:<0.57.0>) starting dedicated stats server for page 

=INFO REPORT==== 5-Oct-2011::12:59:21 ===
        ts_stats_mon:(5:<0.51.0>) starting connect stats server, global 

=INFO REPORT==== 5-Oct-2011::12:59:21 ===
        ts_stats_mon:(5:<0.58.0>) starting dedicated stats server for connect 

=INFO REPORT==== 5-Oct-2011::12:59:21 ===
        ts_stats_mon:(5:<0.51.0>) starting transaction stats server, global 

=INFO REPORT==== 5-Oct-2011::12:59:21 ===
        ts_stats_mon:(5:<0.59.0>) starting transaction stats server

=INFO REPORT==== 5-Oct-2011::12:59:21 ===
     ts_match_logger:(5:<0.51.0>) starting match logger, global 

=INFO REPORT==== 5-Oct-2011::12:59:21 ===
     ts_match_logger:(5:<0.60.0>) starting match logger

=INFO REPORT==== 5-Oct-2011::12:59:21 ===
     ts_match_logger:(5:<0.60.0>) starting match logger

=INFO REPORT==== 5-Oct-2011::12:59:21 ===
           ts_config:(5:<0.52.0>) Reading config file: /home/ec2-user/speedmetal/apps/rails3/spree/tsung.xml

=INFO REPORT==== 5-Oct-2011::12:59:21 ===
           ts_config:(5:<0.52.0>) Session name for id 1 is "browse_site"

=INFO REPORT==== 5-Oct-2011::12:59:21 ===
           ts_config:(5:<0.52.0>) Session type: persistent=true, bidi=false

=INFO REPORT==== 5-Oct-2011::12:59:21 ===
      ts_config_http:(5:<0.52.0>) Relative URL, single server 
=INFO REPORT==== 5-Oct-2011::12:59:21 ===
    ts_config_server:(5:<0.52.0>) SYSINFO:Erlang version: Erlang R14B03 (erts-5.8.4) [source] [64-bit] [smp:2:2] [rq:2] [async-threads:16] [kernel-poll:true]


=INFO REPORT==== 5-Oct-2011::12:59:21 ===
    ts_config_server:(5:<0.52.0>) SYSINFO:System architecture x86_64-redhat-linux-gnu

=INFO REPORT==== 5-Oct-2011::12:59:21 ===
    ts_config_server:(5:<0.52.0>) SYSINFO:Current path: /usr/lib/erlang/lib/tsung-1.3.3/ebin/tsung.beam

=INFO REPORT==== 5-Oct-2011::12:59:21 ===
    ts_os_mon_erlang:(5:<0.66.0>) starting os_mon_erlang with args {"server",
                                                                    {},10000,
                                                                    {global,
                                                                     ts_mon}}
=INFO REPORT==== 5-Oct-2011::12:59:21 ===
              ts_mon:(5:<0.53.0>) Activate clients with text backend

=INFO REPORT==== 5-Oct-2011::12:59:22 ===
    ts_config_server:(5:<0.74.0>) started newbeam on node tsung1@localhost 

=INFO REPORT==== 5-Oct-2011::12:59:22 ===
    ts_config_server:(5:<0.74.0>) ping tsung1@localhost pong

=INFO REPORT==== 5-Oct-2011::12:59:22 ===
    ts_config_server:(5:<0.73.0>) started newbeam on node tsung0@localhost 

=INFO REPORT==== 5-Oct-2011::12:59:22 ===
    ts_config_server:(5:<0.73.0>) ping tsung0@localhost pong

=INFO REPORT==== 5-Oct-2011::12:59:22 ===
    ts_config_server:(5:<0.52.0>) New arrival phase 1 for client "localhost": will start 120.0 users

=INFO REPORT==== 5-Oct-2011::12:59:22 ===
    ts_config_server:(5:<0.52.0>) New arrival phase 2 for client "localhost": will start 240.0 users

=INFO REPORT==== 5-Oct-2011::12:59:22 ===
    ts_config_server:(5:<0.52.0>) New arrival phase 3 for client "localhost": will start 360.0 users

=INFO REPORT==== 5-Oct-2011::12:59:22 ===
    ts_config_server:(5:<0.52.0>) New arrival phase 4 for client "localhost": will start 480.0 users

=INFO REPORT==== 5-Oct-2011::12:59:22 ===
    ts_config_server:(5:<0.52.0>) New arrival phase 5 for client "localhost": will start 600.0 users

=INFO REPORT==== 5-Oct-2011::12:59:22 ===
    ts_config_server:(5:<0.52.0>) New arrival phase 6 for client "localhost": will start 4.5e3 users

=INFO REPORT==== 5-Oct-2011::12:59:22 ===
    ts_config_server:(5:<0.52.0>) New arrival phase 7 for client "localhost": will start 6.0e3 users

=INFO REPORT==== 5-Oct-2011::12:59:22 ===
    ts_config_server:(5:<0.52.0>) New arrival phase 8 for client "localhost": will start 7.5e3 users

=INFO REPORT==== 5-Oct-2011::12:59:22 ===
    ts_config_server:(5:<0.52.0>) New arrival phase 9 for client "localhost": will start 9.0e3 users

=INFO REPORT==== 5-Oct-2011::12:59:22 ===
    ts_config_server:(5:<0.52.0>) New arrival phase 10 for client "localhost": will start 10500.000000000002 users

=INFO REPORT==== 5-Oct-2011::12:59:22 ===
    ts_config_server:(5:<0.52.0>) New arrival phase 11 for client "localhost": will start 1.2e4 users

=INFO REPORT==== 5-Oct-2011::12:59:22 ===
    ts_config_server:(5:<0.52.0>) New arrival phase 12 for client "localhost": will start 1.35e4 users

=INFO REPORT==== 5-Oct-2011::12:59:22 ===
    ts_config_server:(5:<0.52.0>) New arrival phase 1 for client "localhost": will start 120.0 users

=INFO REPORT==== 5-Oct-2011::12:59:22 ===
    ts_config_server:(5:<0.52.0>) New arrival phase 2 for client "localhost": will start 240.0 users

=INFO REPORT==== 5-Oct-2011::12:59:22 ===
    ts_config_server:(5:<0.52.0>) New arrival phase 3 for client "localhost": will start 360.0 users

=INFO REPORT==== 5-Oct-2011::12:59:22 ===
    ts_config_server:(5:<0.52.0>) New arrival phase 4 for client "localhost": will start 480.0 users

=INFO REPORT==== 5-Oct-2011::12:59:22 ===
    ts_config_server:(5:<0.52.0>) New arrival phase 5 for client "localhost": will start 600.0 users

=INFO REPORT==== 5-Oct-2011::12:59:22 ===
    ts_config_server:(5:<0.52.0>) New arrival phase 6 for client "localhost": will start 4.5e3 users

=INFO REPORT==== 5-Oct-2011::12:59:22 ===
    ts_config_server:(5:<0.52.0>) New arrival phase 7 for client "localhost": will start 6.0e3 users

=INFO REPORT==== 5-Oct-2011::12:59:22 ===
    ts_config_server:(5:<0.52.0>) New arrival phase 8 for client "localhost": will start 7.5e3 users

=INFO REPORT==== 5-Oct-2011::12:59:22 ===
    ts_config_server:(5:<0.52.0>) New arrival phase 9 for client "localhost": will start 9.0e3 users

=INFO REPORT==== 5-Oct-2011::12:59:22 ===
    ts_config_server:(5:<0.52.0>) New arrival phase 10 for client "localhost": will start 10500.000000000002 users

=INFO REPORT==== 5-Oct-2011::12:59:22 ===
    ts_config_server:(5:<0.52.0>) New arrival phase 11 for client "localhost": will start 1.2e4 users

=INFO REPORT==== 5-Oct-2011::12:59:22 ===
    ts_config_server:(5:<0.52.0>) New arrival phase 12 for client "localhost": will start 1.35e4 users

=INFO REPORT==== 5-Oct-2011::12:59:23 ===
    ts_os_mon_erlang:(5:<0.71.0>) loading tsung monitor on nodes [os_mon@server]

=INFO REPORT==== 5-Oct-2011::14:11:40 ===
    ts_config_server:(5:<0.975.0>) started newbeam on node tsung2@localhost 

=INFO REPORT==== 5-Oct-2011::14:11:40 ===
    ts_config_server:(5:<0.975.0>) ping tsung2@localhost pong

=INFO REPORT==== 5-Oct-2011::14:11:46 ===
    ts_config_server:(5:<0.987.0>) started newbeam on node tsung3@localhost 

=INFO REPORT==== 5-Oct-2011::14:11:46 ===
    ts_config_server:(5:<0.987.0>) ping tsung3@localhost pong

=INFO REPORT==== 5-Oct-2011::14:12:42 ===
    ts_config_server:(5:<0.1009.0>) started newbeam on node tsung4@localhost 

=INFO REPORT==== 5-Oct-2011::14:12:42 ===
    ts_config_server:(5:<0.1009.0>) ping tsung4@localhost pong

=INFO REPORT==== 5-Oct-2011::14:12:46 ===
              ts_mon:(5:<0.53.0>) A launcher has finished, but not all users have finished, wait before stopping

=INFO REPORT==== 5-Oct-2011::14:13:18 ===
    ts_config_server:(5:<0.1027.0>) started newbeam on node tsung5@localhost 

=INFO REPORT==== 5-Oct-2011::14:13:18 ===
    ts_config_server:(5:<0.1027.0>) ping tsung5@localhost pong

=INFO REPORT==== 5-Oct-2011::14:13:33 ===
    ts_config_server:(5:<0.1042.0>) started newbeam on node tsung6@localhost 

=INFO REPORT==== 5-Oct-2011::14:13:33 ===
    ts_config_server:(5:<0.1042.0>) ping tsung6@localhost pong

=INFO REPORT==== 5-Oct-2011::14:13:39 ===
              ts_mon:(5:<0.53.0>) A launcher has finished, but not all users have finished, wait before stopping

=INFO REPORT==== 5-Oct-2011::14:14:38 ===
    ts_config_server:(5:<0.1065.0>) started newbeam on node tsung7@localhost 

=INFO REPORT==== 5-Oct-2011::14:14:38 ===
    ts_config_server:(5:<0.1065.0>) ping tsung7@localhost pong

=INFO REPORT==== 5-Oct-2011::14:14:41 ===
    ts_config_server:(5:<0.1077.0>) started newbeam on node tsung8@localhost 

=INFO REPORT==== 5-Oct-2011::14:14:41 ===
    ts_config_server:(5:<0.1077.0>) ping tsung8@localhost pong

=INFO REPORT==== 5-Oct-2011::14:15:17 ===
    ts_config_server:(5:<0.1099.0>) started newbeam on node tsung10@localhost 

=INFO REPORT==== 5-Oct-2011::14:15:17 ===
    ts_config_server:(5:<0.1099.0>) ping tsung10@localhost pong

=INFO REPORT==== 5-Oct-2011::14:15:17 ===
    ts_config_server:(5:<0.1095.0>) started newbeam on node tsung9@localhost 

=INFO REPORT==== 5-Oct-2011::14:15:17 ===
    ts_config_server:(5:<0.1095.0>) ping tsung9@localhost pong

=INFO REPORT==== 5-Oct-2011::14:16:57 ===
    ts_config_server:(5:<0.1137.0>) started newbeam on node tsung11@localhost 

=INFO REPORT==== 5-Oct-2011::14:16:57 ===
    ts_config_server:(5:<0.1137.0>) ping tsung11@localhost pong

=INFO REPORT==== 5-Oct-2011::14:19:09 ===
    ts_config_server:(5:<0.1174.0>) started newbeam on node tsung12@localhost 

=INFO REPORT==== 5-Oct-2011::14:19:09 ===
    ts_config_server:(5:<0.1174.0>) ping tsung12@localhost pong

=INFO REPORT==== 5-Oct-2011::14:20:22 ===
              ts_mon:(5:<0.53.0>) stopping monitor (normal)
