
=INFO REPORT==== 5-Oct-2011::12:59:22 ===
  ts_launcher_static:(5:<0.60.0>) Launch msg receive ("localhost")

=INFO REPORT==== 5-Oct-2011::12:59:22 ===
     ts_launcher_mgr:(4:<0.56.0>) No registered processes ! syncing ...

=INFO REPORT==== 5-Oct-2011::12:59:22 ===
         ts_launcher:(5:<0.61.0>) Launch msg receive ("localhost")

=INFO REPORT==== 5-Oct-2011::12:59:22 ===
         ts_launcher:(5:<0.61.0>) Expected duration of first phase: 120.0 sec 

=INFO REPORT==== 5-Oct-2011::12:59:22 ===
         ts_launcher:(5:<0.61.0>) Activate launcher (120 users) in 10693 msec 

=INFO REPORT==== 5-Oct-2011::13:01:15 ===
         ts_launcher:(5:<0.61.0>) Start a new arrival phase (240 0.002); expected duration=103.2708330078125 sec

=INFO REPORT==== 5-Oct-2011::13:03:15 ===
         ts_launcher:(5:<0.61.0>) Start a new arrival phase (360 0.003); expected duration=119.80523413085938 sec

=INFO REPORT==== 5-Oct-2011::13:05:15 ===
         ts_launcher:(5:<0.61.0>) Phase duration exceeded, but not all users were launched (18 users, 5.0% of phase)

=INFO REPORT==== 5-Oct-2011::13:05:15 ===
         ts_launcher:(5:<0.61.0>) Start a new arrival phase (480 0.004); expected duration=120.02944897460938 sec

=INFO REPORT==== 5-Oct-2011::13:07:14 ===
         ts_launcher:(5:<0.61.0>) Start a new arrival phase (600 0.005); expected duration=118.59544409179688 sec

=INFO REPORT==== 5-Oct-2011::13:09:15 ===
         ts_launcher:(5:<0.61.0>) Phase duration exceeded, but not all users were launched (8 users, 1.3% of phase)

=INFO REPORT==== 5-Oct-2011::13:09:15 ===
         ts_launcher:(5:<0.61.0>) Start a new arrival phase (4500 0.0075); expected duration=120.62234204101563 sec

=INFO REPORT==== 5-Oct-2011::13:19:15 ===
         ts_launcher:(5:<0.61.0>) Phase duration exceeded, but not all users were launched (85 users, 1.9% of phase)

=INFO REPORT==== 5-Oct-2011::13:19:15 ===
         ts_launcher:(5:<0.61.0>) Start a new arrival phase (6000 0.01); expected duration=600.2063781738282 sec

=INFO REPORT==== 5-Oct-2011::13:29:13 ===
         ts_launcher:(5:<0.61.0>) Start a new arrival phase (7500 0.0125); expected duration=597.9053190917969 sec

=INFO REPORT==== 5-Oct-2011::13:39:13 ===
         ts_launcher:(5:<0.61.0>) Phase duration exceeded, but not all users were launched (16 users, 0.2% of phase)

=INFO REPORT==== 5-Oct-2011::13:39:13 ===
         ts_launcher:(5:<0.61.0>) Start a new arrival phase (9000 0.015); expected duration=600.2113620605469 sec

=INFO REPORT==== 5-Oct-2011::13:49:13 ===
         ts_launcher:(5:<0.61.0>) Phase duration exceeded, but not all users were launched (6 users, 0.1% of phase)

=INFO REPORT==== 5-Oct-2011::13:49:13 ===
         ts_launcher:(5:<0.61.0>) Start a new arrival phase (10500 0.0175); expected duration=600.0333530273438 sec

=INFO REPORT==== 5-Oct-2011::13:59:13 ===
         ts_launcher:(5:<0.61.0>) Phase duration exceeded, but not all users were launched (125 users, 1.2% of phase)

=INFO REPORT==== 5-Oct-2011::13:59:13 ===
         ts_launcher:(5:<0.61.0>) Start a new arrival phase (12000 0.02); expected duration=600.0873681640625 sec

=INFO REPORT==== 5-Oct-2011::14:09:13 ===
         ts_launcher:(5:<0.61.0>) Phase duration exceeded, but not all users were launched (204 users, 1.7% of phase)

=INFO REPORT==== 5-Oct-2011::14:09:13 ===
         ts_launcher:(5:<0.61.0>) Start a new arrival phase (13500 0.0225); expected duration=600.0134360351562 sec

=INFO REPORT==== 5-Oct-2011::14:11:46 ===
         ts_launcher:(5:<0.61.0>) Max number of concurrent clients reached, must start a new beam

=INFO REPORT==== 5-Oct-2011::14:11:46 ===
     ts_launcher_mgr:(5:<0.56.0>) Still 800 active client(s)

=INFO REPORT==== 5-Oct-2011::14:12:46 ===
     ts_launcher_mgr:(5:<0.56.0>) No more active users
