
=INFO REPORT==== 5-Oct-2011::09:07:57 ===
  ts_launcher_static:(5:<0.60.0>) Launch msg receive ("localhost")

=INFO REPORT==== 5-Oct-2011::09:07:57 ===
         ts_launcher:(5:<0.61.0>) Launch msg receive ("localhost")

=INFO REPORT==== 5-Oct-2011::09:07:57 ===
     ts_launcher_mgr:(4:<0.56.0>) No registered processes ! syncing ...

=INFO REPORT==== 5-Oct-2011::09:07:58 ===
         ts_launcher:(5:<0.61.0>) Expected duration of first phase: 120.0 sec 

=INFO REPORT==== 5-Oct-2011::09:07:58 ===
         ts_launcher:(5:<0.61.0>) Activate launcher (120 users) in 13443 msec 

=INFO REPORT==== 5-Oct-2011::09:10:11 ===
         ts_launcher:(5:<0.61.0>) Phase duration exceeded, but not all users were launched (7 users, 5.8% of phase)

=INFO REPORT==== 5-Oct-2011::09:10:11 ===
         ts_launcher:(5:<0.61.0>) Start a new arrival phase (240 0.002); expected duration=120.03029711914063 sec

=INFO REPORT==== 5-Oct-2011::09:12:11 ===
         ts_launcher:(5:<0.61.0>) Phase duration exceeded, but not all users were launched (21 users, 8.8% of phase)

=INFO REPORT==== 5-Oct-2011::09:12:11 ===
         ts_launcher:(5:<0.61.0>) Start a new arrival phase (360 0.003); expected duration=120.46611499023437 sec

=INFO REPORT==== 5-Oct-2011::09:14:09 ===
         ts_launcher:(5:<0.61.0>) Start a new arrival phase (480 0.004); expected duration=118.13855297851562 sec

=INFO REPORT==== 5-Oct-2011::09:16:09 ===
         ts_launcher:(5:<0.61.0>) Phase duration exceeded, but not all users were launched (14 users, 2.9% of phase)

=INFO REPORT==== 5-Oct-2011::09:16:09 ===
         ts_launcher:(5:<0.61.0>) Start a new arrival phase (600 0.005); expected duration=120.25449096679688 sec

=INFO REPORT==== 5-Oct-2011::09:18:09 ===
         ts_launcher:(5:<0.61.0>) Phase duration exceeded, but not all users were launched (4 users, 0.7% of phase)

=INFO REPORT==== 5-Oct-2011::09:18:09 ===
         ts_launcher:(5:<0.61.0>) Start a new arrival phase (4500 0.0075); expected duration=120.00230200195313 sec

=INFO REPORT==== 5-Oct-2011::09:28:10 ===
         ts_launcher:(5:<0.61.0>) Phase duration exceeded, but not all users were launched (180 users, 4.0% of phase)

=INFO REPORT==== 5-Oct-2011::09:28:10 ===
         ts_launcher:(5:<0.61.0>) Start a new arrival phase (6000 0.01); expected duration=600.1236611328125 sec

=INFO REPORT==== 5-Oct-2011::09:38:10 ===
         ts_launcher:(5:<0.61.0>) Phase duration exceeded, but not all users were launched (75 users, 1.3% of phase)

=INFO REPORT==== 5-Oct-2011::09:38:10 ===
         ts_launcher:(5:<0.61.0>) Start a new arrival phase (7500 0.0125); expected duration=600.3306589355469 sec

=INFO REPORT==== 5-Oct-2011::09:48:10 ===
         ts_launcher:(5:<0.61.0>) Phase duration exceeded, but not all users were launched (110 users, 1.5% of phase)

=INFO REPORT==== 5-Oct-2011::09:48:10 ===
         ts_launcher:(5:<0.61.0>) Start a new arrival phase (9000 0.015); expected duration=600.042546875 sec

=INFO REPORT==== 5-Oct-2011::09:58:10 ===
         ts_launcher:(5:<0.61.0>) Phase duration exceeded, but not all users were launched (87 users, 1.0% of phase)

=INFO REPORT==== 5-Oct-2011::09:58:10 ===
         ts_launcher:(5:<0.61.0>) Start a new arrival phase (10500 0.0175); expected duration=600.0464819335938 sec

=INFO REPORT==== 5-Oct-2011::10:08:10 ===
         ts_launcher:(5:<0.61.0>) Phase duration exceeded, but not all users were launched (238 users, 2.3% of phase)

=INFO REPORT==== 5-Oct-2011::10:08:10 ===
         ts_launcher:(5:<0.61.0>) Start a new arrival phase (12000 0.02); expected duration=600.0332360839843 sec

=INFO REPORT==== 5-Oct-2011::10:18:10 ===
         ts_launcher:(5:<0.61.0>) Phase duration exceeded, but not all users were launched (98 users, 0.8% of phase)

=INFO REPORT==== 5-Oct-2011::10:18:10 ===
         ts_launcher:(5:<0.61.0>) Start a new arrival phase (13500 0.0225); expected duration=600.0135471191406 sec

=INFO REPORT==== 5-Oct-2011::10:28:10 ===
         ts_launcher:(5:<0.61.0>) Phase duration exceeded, but not all users were launched (214 users, 1.6% of phase)

=INFO REPORT==== 5-Oct-2011::10:28:10 ===
         ts_launcher:(5:<0.61.0>) This was the last phase, wait for connected users to finish their session

=INFO REPORT==== 5-Oct-2011::10:28:10 ===
     ts_launcher_mgr:(5:<0.56.0>) Still 229 active client(s)
