
=INFO REPORT==== 5-Oct-2011::09:07:57 ===
  ts_launcher_static:(5:<0.60.0>) Launch msg receive ("localhost")

=INFO REPORT==== 5-Oct-2011::09:07:57 ===
         ts_launcher:(5:<0.61.0>) Launch msg receive ("localhost")

=INFO REPORT==== 5-Oct-2011::09:07:57 ===
     ts_launcher_mgr:(4:<0.56.0>) No registered processes ! syncing ...

=INFO REPORT==== 5-Oct-2011::09:07:57 ===
         ts_launcher:(5:<0.61.0>) Expected duration of first phase: 120.0 sec 

=INFO REPORT==== 5-Oct-2011::09:07:57 ===
         ts_launcher:(5:<0.61.0>) Activate launcher (120 users) in 10191 msec 

=INFO REPORT==== 5-Oct-2011::09:10:10 ===
         ts_launcher:(5:<0.61.0>) Phase duration exceeded, but not all users were launched (7 users, 5.8% of phase)

=INFO REPORT==== 5-Oct-2011::09:10:10 ===
         ts_launcher:(5:<0.61.0>) Start a new arrival phase (240 0.002); expected duration=122.99080200195313 sec

=INFO REPORT==== 5-Oct-2011::09:12:10 ===
         ts_launcher:(5:<0.61.0>) Phase duration exceeded, but not all users were launched (14 users, 5.8% of phase)

=INFO REPORT==== 5-Oct-2011::09:12:10 ===
         ts_launcher:(5:<0.61.0>) Start a new arrival phase (360 0.003); expected duration=120.08753979492188 sec

=INFO REPORT==== 5-Oct-2011::09:14:00 ===
         ts_launcher:(5:<0.61.0>) Start a new arrival phase (480 0.004); expected duration=109.90753588867187 sec

=INFO REPORT==== 5-Oct-2011::09:15:55 ===
         ts_launcher:(5:<0.61.0>) Start a new arrival phase (600 0.005); expected duration=114.52023022460938 sec

=INFO REPORT==== 5-Oct-2011::09:17:47 ===
         ts_launcher:(5:<0.61.0>) Start a new arrival phase (4500 0.0075); expected duration=112.30247119140626 sec

=INFO REPORT==== 5-Oct-2011::09:27:47 ===
         ts_launcher:(5:<0.61.0>) Phase duration exceeded, but not all users were launched (20 users, 0.4% of phase)

=INFO REPORT==== 5-Oct-2011::09:27:47 ===
         ts_launcher:(5:<0.61.0>) Start a new arrival phase (6000 0.01); expected duration=600.0003439941406 sec

=INFO REPORT==== 5-Oct-2011::09:37:47 ===
         ts_launcher:(5:<0.61.0>) Phase duration exceeded, but not all users were launched (48 users, 0.8% of phase)

=INFO REPORT==== 5-Oct-2011::09:37:47 ===
         ts_launcher:(5:<0.61.0>) Start a new arrival phase (7500 0.0125); expected duration=600.0552739257812 sec

=INFO REPORT==== 5-Oct-2011::09:47:45 ===
         ts_launcher:(5:<0.61.0>) Start a new arrival phase (9000 0.015); expected duration=598.1184758300781 sec

=INFO REPORT==== 5-Oct-2011::09:57:45 ===
         ts_launcher:(5:<0.61.0>) Phase duration exceeded, but not all users were launched (65 users, 0.7% of phase)

=INFO REPORT==== 5-Oct-2011::09:57:45 ===
         ts_launcher:(5:<0.61.0>) Start a new arrival phase (10500 0.0175); expected duration=600.0675190429688 sec

=INFO REPORT==== 5-Oct-2011::10:07:46 ===
         ts_launcher:(5:<0.61.0>) Phase duration exceeded, but not all users were launched (204 users, 1.9% of phase)

=INFO REPORT==== 5-Oct-2011::10:07:46 ===
         ts_launcher:(5:<0.61.0>) Start a new arrival phase (12000 0.02); expected duration=600.1253820800781 sec

=INFO REPORT==== 5-Oct-2011::10:17:46 ===
         ts_launcher:(5:<0.61.0>) Phase duration exceeded, but not all users were launched (322 users, 2.7% of phase)

=INFO REPORT==== 5-Oct-2011::10:17:46 ===
         ts_launcher:(5:<0.61.0>) Start a new arrival phase (13500 0.0225); expected duration=600.0734040527344 sec

=INFO REPORT==== 5-Oct-2011::10:27:46 ===
         ts_launcher:(5:<0.61.0>) Phase duration exceeded, but not all users were launched (347 users, 2.6% of phase)

=INFO REPORT==== 5-Oct-2011::10:27:46 ===
         ts_launcher:(5:<0.61.0>) This was the last phase, wait for connected users to finish their session

=INFO REPORT==== 5-Oct-2011::10:27:46 ===
     ts_launcher_mgr:(5:<0.56.0>) Still 256 active client(s)

=INFO REPORT==== 5-Oct-2011::10:28:46 ===
     ts_launcher_mgr:(5:<0.56.0>) No more active users
