
=INFO REPORT==== 8-Mar-2011::14:44:53 ===
    ts_config_server:(5:<0.52.0>) Config server started, logdir is "/home/ec2-user/.tsung/log/20110308-19:44"
 
=INFO REPORT==== 8-Mar-2011::14:44:53 ===
              ts_mon:(5:<0.51.0>) starting monitor, global 

=INFO REPORT==== 8-Mar-2011::14:44:53 ===
              ts_mon:(5:<0.53.0>) Init, log dir is "/home/ec2-user/.tsung/log/20110308-19:44"

=INFO REPORT==== 8-Mar-2011::14:44:53 ===
              ts_mon:(5:<0.53.0>) starting monitor

=INFO REPORT==== 8-Mar-2011::14:44:53 ===
        ts_stats_mon:(5:<0.51.0>) starting stats server, global 

=INFO REPORT==== 8-Mar-2011::14:44:53 ===
        ts_stats_mon:(5:<0.55.0>) starting ts_stats_mon stats server

=INFO REPORT==== 8-Mar-2011::14:44:53 ===
        ts_stats_mon:(5:<0.51.0>) starting request stats server, global 

=INFO REPORT==== 8-Mar-2011::14:44:53 ===
        ts_stats_mon:(5:<0.56.0>) starting dedicated stats server for request 

=INFO REPORT==== 8-Mar-2011::14:44:53 ===
        ts_stats_mon:(5:<0.51.0>) starting page stats server, global 

=INFO REPORT==== 8-Mar-2011::14:44:53 ===
        ts_stats_mon:(5:<0.57.0>) starting dedicated stats server for page 

=INFO REPORT==== 8-Mar-2011::14:44:53 ===
        ts_stats_mon:(5:<0.51.0>) starting connect stats server, global 

=INFO REPORT==== 8-Mar-2011::14:44:53 ===
        ts_stats_mon:(5:<0.58.0>) starting dedicated stats server for connect 

=INFO REPORT==== 8-Mar-2011::14:44:53 ===
        ts_stats_mon:(5:<0.51.0>) starting transaction stats server, global 

=INFO REPORT==== 8-Mar-2011::14:44:53 ===
        ts_stats_mon:(5:<0.59.0>) starting transaction stats server

=INFO REPORT==== 8-Mar-2011::14:44:53 ===
     ts_match_logger:(5:<0.51.0>) starting match logger, global 

=INFO REPORT==== 8-Mar-2011::14:44:53 ===
     ts_match_logger:(5:<0.60.0>) starting match logger

=INFO REPORT==== 8-Mar-2011::14:44:53 ===
     ts_match_logger:(5:<0.60.0>) starting match logger

=INFO REPORT==== 8-Mar-2011::14:44:53 ===
           ts_config:(5:<0.52.0>) Reading config file: /home/ec2-user/speedmetal/apps/rails2/redmine-1.1.1/tsung.xml

=INFO REPORT==== 8-Mar-2011::14:44:53 ===
           ts_config:(5:<0.52.0>) Session name for id 1 is "ensureproject"

=INFO REPORT==== 8-Mar-2011::14:44:53 ===
           ts_config:(5:<0.52.0>) Session type: persistent=true, bidi=false

=INFO REPORT==== 8-Mar-2011::14:44:53 ===
      ts_config_http:(5:<0.52.0>) Relative URL, single server 
=INFO REPORT==== 8-Mar-2011::14:44:53 ===
           ts_config:(5:<0.52.0>) Session name for id 2 is "browse_site"

=INFO REPORT==== 8-Mar-2011::14:44:53 ===
           ts_config:(5:<0.52.0>) Session type: persistent=true, bidi=false

=INFO REPORT==== 8-Mar-2011::14:44:53 ===
      ts_config_http:(5:<0.52.0>) Relative URL, single server 
=INFO REPORT==== 8-Mar-2011::14:44:53 ===
           ts_config:(5:<0.52.0>) Session name for id 3 is "create_issue"

=INFO REPORT==== 8-Mar-2011::14:44:53 ===
           ts_config:(5:<0.52.0>) Session type: persistent=true, bidi=false

=INFO REPORT==== 8-Mar-2011::14:44:53 ===
      ts_config_http:(5:<0.52.0>) Relative URL, single server 
=INFO REPORT==== 8-Mar-2011::14:44:53 ===
    ts_config_server:(5:<0.52.0>) SYSINFO:Erlang version: Erlang R14B01 (erts-5.8.2) [source] [64-bit] [smp:2:2] [rq:2] [async-threads:16] [kernel-poll:true]


=INFO REPORT==== 8-Mar-2011::14:44:53 ===
    ts_config_server:(5:<0.52.0>) SYSINFO:System architecture x86_64-redhat-linux-gnu

=INFO REPORT==== 8-Mar-2011::14:44:53 ===
    ts_config_server:(5:<0.52.0>) SYSINFO:Current path: /usr/lib/erlang/lib/tsung-1.3.3/ebin/tsung.beam

=INFO REPORT==== 8-Mar-2011::14:44:53 ===
    ts_os_mon_erlang:(5:<0.66.0>) starting os_mon_erlang with args {"server",
                                                                    {},10000,
                                                                    {global,
                                                                     ts_mon}}
=INFO REPORT==== 8-Mar-2011::14:44:53 ===
              ts_mon:(5:<0.53.0>) Activate clients with text backend

=INFO REPORT==== 8-Mar-2011::14:44:53 ===
    ts_config_server:(5:<0.74.0>) started newbeam on node tsung1@localhost 

=INFO REPORT==== 8-Mar-2011::14:44:53 ===
    ts_config_server:(5:<0.74.0>) ping tsung1@localhost pong

=INFO REPORT==== 8-Mar-2011::14:44:53 ===
    ts_config_server:(5:<0.73.0>) started newbeam on node tsung0@localhost 

=INFO REPORT==== 8-Mar-2011::14:44:53 ===
    ts_config_server:(5:<0.73.0>) ping tsung0@localhost pong

=INFO REPORT==== 8-Mar-2011::14:44:53 ===
    ts_config_server:(5:<0.52.0>) New arrival phase 1 for client "localhost": will start 60.0 users

=INFO REPORT==== 8-Mar-2011::14:44:53 ===
    ts_config_server:(5:<0.52.0>) New arrival phase 2 for client "localhost": will start 120.0 users

=INFO REPORT==== 8-Mar-2011::14:44:53 ===
    ts_config_server:(5:<0.52.0>) New arrival phase 3 for client "localhost": will start 180.0 users

=INFO REPORT==== 8-Mar-2011::14:44:53 ===
    ts_config_server:(5:<0.52.0>) New arrival phase 4 for client "localhost": will start 240.0 users

=INFO REPORT==== 8-Mar-2011::14:44:53 ===
    ts_config_server:(5:<0.52.0>) New arrival phase 5 for client "localhost": will start 300.0 users

=INFO REPORT==== 8-Mar-2011::14:44:53 ===
    ts_config_server:(5:<0.52.0>) New arrival phase 6 for client "localhost": will start 1050.0 users

=INFO REPORT==== 8-Mar-2011::14:44:53 ===
    ts_config_server:(5:<0.52.0>) New arrival phase 7 for client "localhost": will start 1.5e3 users

=INFO REPORT==== 8-Mar-2011::14:44:53 ===
    ts_config_server:(5:<0.52.0>) New arrival phase 8 for client "localhost": will start 2.7e4 users

=INFO REPORT==== 8-Mar-2011::14:44:53 ===
    ts_config_server:(5:<0.52.0>) New arrival phase 1 for client "localhost": will start 60.0 users

=INFO REPORT==== 8-Mar-2011::14:44:53 ===
    ts_config_server:(5:<0.52.0>) New arrival phase 2 for client "localhost": will start 120.0 users

=INFO REPORT==== 8-Mar-2011::14:44:53 ===
    ts_config_server:(5:<0.52.0>) New arrival phase 3 for client "localhost": will start 180.0 users

=INFO REPORT==== 8-Mar-2011::14:44:53 ===
    ts_config_server:(5:<0.52.0>) New arrival phase 4 for client "localhost": will start 240.0 users

=INFO REPORT==== 8-Mar-2011::14:44:53 ===
    ts_config_server:(5:<0.52.0>) New arrival phase 5 for client "localhost": will start 300.0 users

=INFO REPORT==== 8-Mar-2011::14:44:53 ===
    ts_config_server:(5:<0.52.0>) New arrival phase 6 for client "localhost": will start 1050.0 users

=INFO REPORT==== 8-Mar-2011::14:44:53 ===
    ts_config_server:(5:<0.52.0>) New arrival phase 7 for client "localhost": will start 1.5e3 users

=INFO REPORT==== 8-Mar-2011::14:44:53 ===
    ts_config_server:(5:<0.52.0>) New arrival phase 8 for client "localhost": will start 2.7e4 users

=INFO REPORT==== 8-Mar-2011::14:44:55 ===
    ts_os_mon_erlang:(5:<0.71.0>) loading tsung monitor on nodes [os_mon@server]

=INFO REPORT==== 8-Mar-2011::15:01:33 ===
    ts_config_server:(5:<0.308.0>) started newbeam on node tsung2@localhost 

=INFO REPORT==== 8-Mar-2011::15:01:33 ===
    ts_config_server:(5:<0.308.0>) ping tsung2@localhost pong

=INFO REPORT==== 8-Mar-2011::15:01:44 ===
    ts_config_server:(5:<0.322.0>) started newbeam on node tsung3@localhost 

=INFO REPORT==== 8-Mar-2011::15:01:44 ===
    ts_config_server:(5:<0.322.0>) ping tsung3@localhost pong

=INFO REPORT==== 8-Mar-2011::15:04:31 ===
    ts_config_server:(5:<0.366.0>) started newbeam on node tsung4@localhost 

=INFO REPORT==== 8-Mar-2011::15:04:31 ===
    ts_config_server:(5:<0.366.0>) ping tsung4@localhost pong

=INFO REPORT==== 8-Mar-2011::15:04:36 ===
    ts_config_server:(5:<0.378.0>) started newbeam on node tsung5@localhost 

=INFO REPORT==== 8-Mar-2011::15:04:36 ===
    ts_config_server:(5:<0.378.0>) ping tsung5@localhost pong

=INFO REPORT==== 8-Mar-2011::15:06:28 ===
    ts_config_server:(5:<0.411.0>) started newbeam on node tsung6@localhost 

=INFO REPORT==== 8-Mar-2011::15:06:28 ===
    ts_config_server:(5:<0.411.0>) ping tsung6@localhost pong

=INFO REPORT==== 8-Mar-2011::15:06:35 ===
    ts_config_server:(5:<0.424.0>) started newbeam on node tsung7@localhost 

=INFO REPORT==== 8-Mar-2011::15:06:35 ===
    ts_config_server:(5:<0.424.0>) ping tsung7@localhost pong

=INFO REPORT==== 8-Mar-2011::15:08:16 ===
    ts_config_server:(5:<0.455.0>) started newbeam on node tsung8@localhost 

=INFO REPORT==== 8-Mar-2011::15:08:16 ===
    ts_config_server:(5:<0.455.0>) ping tsung8@localhost pong

=INFO REPORT==== 8-Mar-2011::15:08:21 ===
    ts_config_server:(5:<0.467.0>) started newbeam on node tsung9@localhost 

=INFO REPORT==== 8-Mar-2011::15:08:21 ===
    ts_config_server:(5:<0.467.0>) ping tsung9@localhost pong

=INFO REPORT==== 8-Mar-2011::15:10:05 ===
    ts_config_server:(5:<0.499.0>) started newbeam on node tsung10@localhost 

=INFO REPORT==== 8-Mar-2011::15:10:05 ===
    ts_config_server:(5:<0.499.0>) ping tsung10@localhost pong

=INFO REPORT==== 8-Mar-2011::15:10:12 ===
    ts_config_server:(5:<0.511.0>) started newbeam on node tsung11@localhost 

=INFO REPORT==== 8-Mar-2011::15:10:12 ===
    ts_config_server:(5:<0.511.0>) ping tsung11@localhost pong

=INFO REPORT==== 8-Mar-2011::15:10:32 ===
              ts_mon:(5:<0.53.0>) A launcher has finished, but not all users have finished, wait before stopping

=INFO REPORT==== 8-Mar-2011::15:10:43 ===
              ts_mon:(5:<0.53.0>) A launcher has finished, but not all users have finished, wait before stopping

=INFO REPORT==== 8-Mar-2011::15:11:50 ===
    ts_config_server:(5:<0.542.0>) started newbeam on node tsung12@localhost 

=INFO REPORT==== 8-Mar-2011::15:11:50 ===
    ts_config_server:(5:<0.542.0>) ping tsung12@localhost pong

=INFO REPORT==== 8-Mar-2011::15:11:53 ===
    ts_config_server:(5:<0.553.0>) started newbeam on node tsung13@localhost 

=INFO REPORT==== 8-Mar-2011::15:11:53 ===
    ts_config_server:(5:<0.553.0>) ping tsung13@localhost pong

=INFO REPORT==== 8-Mar-2011::15:13:37 ===
    ts_config_server:(5:<0.585.0>) started newbeam on node tsung14@localhost 

=INFO REPORT==== 8-Mar-2011::15:13:37 ===
    ts_config_server:(5:<0.585.0>) ping tsung14@localhost pong

=INFO REPORT==== 8-Mar-2011::15:13:39 ===
    ts_config_server:(5:<0.596.0>) started newbeam on node tsung15@localhost 

=INFO REPORT==== 8-Mar-2011::15:13:39 ===
    ts_config_server:(5:<0.596.0>) ping tsung15@localhost pong

=INFO REPORT==== 8-Mar-2011::15:15:14 ===
    ts_config_server:(5:<0.627.0>) started newbeam on node tsung16@localhost 

=INFO REPORT==== 8-Mar-2011::15:15:14 ===
    ts_config_server:(5:<0.627.0>) ping tsung16@localhost pong

=INFO REPORT==== 8-Mar-2011::15:15:22 ===
    ts_config_server:(5:<0.639.0>) started newbeam on node tsung17@localhost 

=INFO REPORT==== 8-Mar-2011::15:15:22 ===
    ts_config_server:(5:<0.639.0>) ping tsung17@localhost pong

=INFO REPORT==== 8-Mar-2011::15:17:04 ===
    ts_config_server:(5:<0.671.0>) started newbeam on node tsung18@localhost 

=INFO REPORT==== 8-Mar-2011::15:17:04 ===
    ts_config_server:(5:<0.671.0>) ping tsung18@localhost pong

=INFO REPORT==== 8-Mar-2011::15:17:21 ===
    ts_config_server:(5:<0.685.0>) started newbeam on node tsung19@localhost 

=INFO REPORT==== 8-Mar-2011::15:17:21 ===
    ts_config_server:(5:<0.685.0>) ping tsung19@localhost pong

=INFO REPORT==== 8-Mar-2011::15:18:46 ===
    ts_config_server:(5:<0.713.0>) started newbeam on node tsung20@localhost 

=INFO REPORT==== 8-Mar-2011::15:18:46 ===
    ts_config_server:(5:<0.713.0>) ping tsung20@localhost pong

=INFO REPORT==== 8-Mar-2011::15:19:11 ===
    ts_config_server:(5:<0.729.0>) started newbeam on node tsung21@localhost 

=INFO REPORT==== 8-Mar-2011::15:19:11 ===
    ts_config_server:(5:<0.729.0>) ping tsung21@localhost pong

=INFO REPORT==== 8-Mar-2011::15:20:32 ===
    ts_config_server:(5:<0.756.0>) started newbeam on node tsung22@localhost 

=INFO REPORT==== 8-Mar-2011::15:20:32 ===
    ts_config_server:(5:<0.756.0>) ping tsung22@localhost pong

=INFO REPORT==== 8-Mar-2011::15:21:03 ===
    ts_config_server:(5:<0.773.0>) started newbeam on node tsung23@localhost 

=INFO REPORT==== 8-Mar-2011::15:21:03 ===
    ts_config_server:(5:<0.773.0>) ping tsung23@localhost pong

=INFO REPORT==== 8-Mar-2011::15:22:19 ===
    ts_config_server:(5:<0.799.0>) started newbeam on node tsung24@localhost 

=INFO REPORT==== 8-Mar-2011::15:22:19 ===
    ts_config_server:(5:<0.799.0>) ping tsung24@localhost pong

=INFO REPORT==== 8-Mar-2011::15:22:51 ===
    ts_config_server:(5:<0.816.0>) started newbeam on node tsung25@localhost 

=INFO REPORT==== 8-Mar-2011::15:22:51 ===
    ts_config_server:(5:<0.816.0>) ping tsung25@localhost pong

=INFO REPORT==== 8-Mar-2011::15:24:01 ===
    ts_config_server:(5:<0.842.0>) started newbeam on node tsung26@localhost 

=INFO REPORT==== 8-Mar-2011::15:24:01 ===
    ts_config_server:(5:<0.842.0>) ping tsung26@localhost pong

=INFO REPORT==== 8-Mar-2011::15:24:43 ===
    ts_config_server:(5:<0.861.0>) started newbeam on node tsung27@localhost 

=INFO REPORT==== 8-Mar-2011::15:24:43 ===
    ts_config_server:(5:<0.861.0>) ping tsung27@localhost pong

=INFO REPORT==== 8-Mar-2011::15:25:46 ===
    ts_config_server:(5:<0.885.0>) started newbeam on node tsung28@localhost 

=INFO REPORT==== 8-Mar-2011::15:25:46 ===
    ts_config_server:(5:<0.885.0>) ping tsung28@localhost pong

=INFO REPORT==== 8-Mar-2011::15:26:34 ===
    ts_config_server:(5:<0.906.0>) started newbeam on node tsung29@localhost 

=INFO REPORT==== 8-Mar-2011::15:26:34 ===
    ts_config_server:(5:<0.906.0>) ping tsung29@localhost pong

=INFO REPORT==== 8-Mar-2011::15:27:34 ===
    ts_config_server:(5:<0.929.0>) started newbeam on node tsung30@localhost 

=INFO REPORT==== 8-Mar-2011::15:27:34 ===
    ts_config_server:(5:<0.929.0>) ping tsung30@localhost pong

=INFO REPORT==== 8-Mar-2011::15:28:17 ===
    ts_config_server:(5:<0.948.0>) started newbeam on node tsung31@localhost 

=INFO REPORT==== 8-Mar-2011::15:28:17 ===
    ts_config_server:(5:<0.948.0>) ping tsung31@localhost pong

=INFO REPORT==== 8-Mar-2011::15:29:18 ===
    ts_config_server:(5:<0.971.0>) started newbeam on node tsung32@localhost 

=INFO REPORT==== 8-Mar-2011::15:29:18 ===
    ts_config_server:(5:<0.971.0>) ping tsung32@localhost pong

=INFO REPORT==== 8-Mar-2011::15:30:08 ===
    ts_config_server:(5:<0.992.0>) started newbeam on node tsung33@localhost 

=INFO REPORT==== 8-Mar-2011::15:30:08 ===
    ts_config_server:(5:<0.992.0>) ping tsung33@localhost pong

=INFO REPORT==== 8-Mar-2011::15:31:07 ===
    ts_config_server:(5:<0.1015.0>) started newbeam on node tsung34@localhost 

=INFO REPORT==== 8-Mar-2011::15:31:07 ===
    ts_config_server:(5:<0.1015.0>) ping tsung34@localhost pong

=INFO REPORT==== 8-Mar-2011::15:31:59 ===
    ts_config_server:(5:<0.1036.0>) started newbeam on node tsung35@localhost 

=INFO REPORT==== 8-Mar-2011::15:31:59 ===
    ts_config_server:(5:<0.1036.0>) ping tsung35@localhost pong

=INFO REPORT==== 8-Mar-2011::15:33:04 ===
    ts_config_server:(5:<0.1061.0>) started newbeam on node tsung36@localhost 

=INFO REPORT==== 8-Mar-2011::15:33:04 ===
    ts_config_server:(5:<0.1061.0>) ping tsung36@localhost pong

=INFO REPORT==== 8-Mar-2011::15:33:41 ===
    ts_config_server:(5:<0.1078.0>) started newbeam on node tsung37@localhost 

=INFO REPORT==== 8-Mar-2011::15:33:41 ===
    ts_config_server:(5:<0.1078.0>) ping tsung37@localhost pong

=INFO REPORT==== 8-Mar-2011::15:34:55 ===
    ts_config_server:(5:<0.1105.0>) started newbeam on node tsung38@localhost 

=INFO REPORT==== 8-Mar-2011::15:34:55 ===
    ts_config_server:(5:<0.1105.0>) ping tsung38@localhost pong

=INFO REPORT==== 8-Mar-2011::15:35:29 ===
    ts_config_server:(5:<0.1122.0>) started newbeam on node tsung39@localhost 

=INFO REPORT==== 8-Mar-2011::15:35:29 ===
    ts_config_server:(5:<0.1122.0>) ping tsung39@localhost pong

=INFO REPORT==== 8-Mar-2011::15:36:48 ===
    ts_config_server:(5:<0.1149.0>) started newbeam on node tsung40@localhost 

=INFO REPORT==== 8-Mar-2011::15:36:48 ===
    ts_config_server:(5:<0.1149.0>) ping tsung40@localhost pong

=INFO REPORT==== 8-Mar-2011::15:37:16 ===
    ts_config_server:(5:<0.1166.0>) started newbeam on node tsung41@localhost 

=INFO REPORT==== 8-Mar-2011::15:37:16 ===
    ts_config_server:(5:<0.1166.0>) ping tsung41@localhost pong

=INFO REPORT==== 8-Mar-2011::15:39:08 ===
    ts_config_server:(0:<0.1193.0>) Can't start newbeam on host localhost (reason: timeout) ! Aborting!

=INFO REPORT==== 8-Mar-2011::15:39:08 ===
    ts_config_server:(0:<0.52.0>) Abort ! 

=INFO REPORT==== 8-Mar-2011::15:39:08 ===
              ts_mon:(0:<0.53.0>) Aborting by request !

=INFO REPORT==== 8-Mar-2011::15:39:08 ===
              ts_mon:(5:<0.53.0>) stopping monitor (abort)
