
=INFO REPORT==== 5-Oct-2011::15:47:29 ===
    ts_config_server:(5:<0.52.0>) Config server started, logdir is "/home/ec2-user/.tsung/log/20111005-19:47"
 
=INFO REPORT==== 5-Oct-2011::15:47:29 ===
              ts_mon:(5:<0.51.0>) starting monitor, global 

=INFO REPORT==== 5-Oct-2011::15:47:29 ===
              ts_mon:(5:<0.53.0>) Init, log dir is "/home/ec2-user/.tsung/log/20111005-19:47"

=INFO REPORT==== 5-Oct-2011::15:47:29 ===
              ts_mon:(5:<0.53.0>) starting monitor

=INFO REPORT==== 5-Oct-2011::15:47:29 ===
        ts_stats_mon:(5:<0.51.0>) starting stats server, global 

=INFO REPORT==== 5-Oct-2011::15:47:29 ===
        ts_stats_mon:(5:<0.55.0>) starting ts_stats_mon stats server

=INFO REPORT==== 5-Oct-2011::15:47:29 ===
        ts_stats_mon:(5:<0.51.0>) starting request stats server, global 

=INFO REPORT==== 5-Oct-2011::15:47:29 ===
        ts_stats_mon:(5:<0.56.0>) starting dedicated stats server for request 

=INFO REPORT==== 5-Oct-2011::15:47:29 ===
        ts_stats_mon:(5:<0.51.0>) starting page stats server, global 

=INFO REPORT==== 5-Oct-2011::15:47:29 ===
        ts_stats_mon:(5:<0.57.0>) starting dedicated stats server for page 

=INFO REPORT==== 5-Oct-2011::15:47:29 ===
        ts_stats_mon:(5:<0.51.0>) starting connect stats server, global 

=INFO REPORT==== 5-Oct-2011::15:47:29 ===
        ts_stats_mon:(5:<0.58.0>) starting dedicated stats server for connect 

=INFO REPORT==== 5-Oct-2011::15:47:29 ===
        ts_stats_mon:(5:<0.51.0>) starting transaction stats server, global 

=INFO REPORT==== 5-Oct-2011::15:47:29 ===
        ts_stats_mon:(5:<0.59.0>) starting transaction stats server

=INFO REPORT==== 5-Oct-2011::15:47:29 ===
     ts_match_logger:(5:<0.51.0>) starting match logger, global 

=INFO REPORT==== 5-Oct-2011::15:47:29 ===
     ts_match_logger:(5:<0.60.0>) starting match logger

=INFO REPORT==== 5-Oct-2011::15:47:29 ===
     ts_match_logger:(5:<0.60.0>) starting match logger

=INFO REPORT==== 5-Oct-2011::15:47:29 ===
           ts_config:(5:<0.52.0>) Reading config file: /home/ec2-user/speedmetal/apps/rails3/spree/tsung.xml

=INFO REPORT==== 5-Oct-2011::15:47:29 ===
           ts_config:(5:<0.52.0>) Session name for id 1 is "browse_site"

=INFO REPORT==== 5-Oct-2011::15:47:29 ===
           ts_config:(5:<0.52.0>) Session type: persistent=true, bidi=false

=INFO REPORT==== 5-Oct-2011::15:47:29 ===
      ts_config_http:(5:<0.52.0>) Relative URL, single server 
=INFO REPORT==== 5-Oct-2011::15:47:29 ===
    ts_config_server:(5:<0.52.0>) SYSINFO:Erlang version: Erlang R14B03 (erts-5.8.4) [source] [64-bit] [smp:2:2] [rq:2] [async-threads:16] [kernel-poll:true]


=INFO REPORT==== 5-Oct-2011::15:47:29 ===
    ts_config_server:(5:<0.52.0>) SYSINFO:System architecture x86_64-redhat-linux-gnu

=INFO REPORT==== 5-Oct-2011::15:47:29 ===
    ts_config_server:(5:<0.52.0>) SYSINFO:Current path: /usr/lib/erlang/lib/tsung-1.3.3/ebin/tsung.beam

=INFO REPORT==== 5-Oct-2011::15:47:29 ===
    ts_os_mon_erlang:(5:<0.66.0>) starting os_mon_erlang with args {"server",
                                                                    {},10000,
                                                                    {global,
                                                                     ts_mon}}
=INFO REPORT==== 5-Oct-2011::15:47:29 ===
              ts_mon:(5:<0.53.0>) Activate clients with text backend

=INFO REPORT==== 5-Oct-2011::15:47:30 ===
    ts_config_server:(5:<0.74.0>) started newbeam on node tsung1@localhost 

=INFO REPORT==== 5-Oct-2011::15:47:30 ===
    ts_config_server:(5:<0.74.0>) ping tsung1@localhost pong

=INFO REPORT==== 5-Oct-2011::15:47:30 ===
    ts_config_server:(5:<0.73.0>) started newbeam on node tsung0@localhost 

=INFO REPORT==== 5-Oct-2011::15:47:30 ===
    ts_config_server:(5:<0.73.0>) ping tsung0@localhost pong

=INFO REPORT==== 5-Oct-2011::15:47:30 ===
    ts_config_server:(5:<0.52.0>) New arrival phase 1 for client "localhost": will start 120.0 users

=INFO REPORT==== 5-Oct-2011::15:47:30 ===
    ts_config_server:(5:<0.52.0>) New arrival phase 2 for client "localhost": will start 240.0 users

=INFO REPORT==== 5-Oct-2011::15:47:30 ===
    ts_config_server:(5:<0.52.0>) New arrival phase 3 for client "localhost": will start 360.0 users

=INFO REPORT==== 5-Oct-2011::15:47:30 ===
    ts_config_server:(5:<0.52.0>) New arrival phase 4 for client "localhost": will start 480.0 users

=INFO REPORT==== 5-Oct-2011::15:47:30 ===
    ts_config_server:(5:<0.52.0>) New arrival phase 5 for client "localhost": will start 600.0 users

=INFO REPORT==== 5-Oct-2011::15:47:30 ===
    ts_config_server:(5:<0.52.0>) New arrival phase 6 for client "localhost": will start 4.5e3 users

=INFO REPORT==== 5-Oct-2011::15:47:30 ===
    ts_config_server:(5:<0.52.0>) New arrival phase 7 for client "localhost": will start 6.0e3 users

=INFO REPORT==== 5-Oct-2011::15:47:30 ===
    ts_config_server:(5:<0.52.0>) New arrival phase 8 for client "localhost": will start 7.5e3 users

=INFO REPORT==== 5-Oct-2011::15:47:30 ===
    ts_config_server:(5:<0.52.0>) New arrival phase 9 for client "localhost": will start 9.0e3 users

=INFO REPORT==== 5-Oct-2011::15:47:30 ===
    ts_config_server:(5:<0.52.0>) New arrival phase 10 for client "localhost": will start 10500.000000000002 users

=INFO REPORT==== 5-Oct-2011::15:47:30 ===
    ts_config_server:(5:<0.52.0>) New arrival phase 11 for client "localhost": will start 1.2e4 users

=INFO REPORT==== 5-Oct-2011::15:47:30 ===
    ts_config_server:(5:<0.52.0>) New arrival phase 12 for client "localhost": will start 1.35e4 users

=INFO REPORT==== 5-Oct-2011::15:47:30 ===
    ts_config_server:(5:<0.52.0>) New arrival phase 1 for client "localhost": will start 120.0 users

=INFO REPORT==== 5-Oct-2011::15:47:30 ===
    ts_config_server:(5:<0.52.0>) New arrival phase 2 for client "localhost": will start 240.0 users

=INFO REPORT==== 5-Oct-2011::15:47:30 ===
    ts_config_server:(5:<0.52.0>) New arrival phase 3 for client "localhost": will start 360.0 users

=INFO REPORT==== 5-Oct-2011::15:47:30 ===
    ts_config_server:(5:<0.52.0>) New arrival phase 4 for client "localhost": will start 480.0 users

=INFO REPORT==== 5-Oct-2011::15:47:30 ===
    ts_config_server:(5:<0.52.0>) New arrival phase 5 for client "localhost": will start 600.0 users

=INFO REPORT==== 5-Oct-2011::15:47:30 ===
    ts_config_server:(5:<0.52.0>) New arrival phase 6 for client "localhost": will start 4.5e3 users

=INFO REPORT==== 5-Oct-2011::15:47:30 ===
    ts_config_server:(5:<0.52.0>) New arrival phase 7 for client "localhost": will start 6.0e3 users

=INFO REPORT==== 5-Oct-2011::15:47:30 ===
    ts_config_server:(5:<0.52.0>) New arrival phase 8 for client "localhost": will start 7.5e3 users

=INFO REPORT==== 5-Oct-2011::15:47:30 ===
    ts_config_server:(5:<0.52.0>) New arrival phase 9 for client "localhost": will start 9.0e3 users

=INFO REPORT==== 5-Oct-2011::15:47:30 ===
    ts_config_server:(5:<0.52.0>) New arrival phase 10 for client "localhost": will start 10500.000000000002 users

=INFO REPORT==== 5-Oct-2011::15:47:30 ===
    ts_config_server:(5:<0.52.0>) New arrival phase 11 for client "localhost": will start 1.2e4 users

=INFO REPORT==== 5-Oct-2011::15:47:30 ===
    ts_config_server:(5:<0.52.0>) New arrival phase 12 for client "localhost": will start 1.35e4 users

=INFO REPORT==== 5-Oct-2011::15:47:31 ===
    ts_os_mon_erlang:(5:<0.71.0>) loading tsung monitor on nodes [os_mon@server]

=INFO REPORT==== 5-Oct-2011::16:43:56 ===
    ts_config_server:(5:<0.784.0>) started newbeam on node tsung2@localhost 

=INFO REPORT==== 5-Oct-2011::16:43:56 ===
    ts_config_server:(5:<0.784.0>) ping tsung2@localhost pong

=INFO REPORT==== 5-Oct-2011::16:44:17 ===
    ts_config_server:(5:<0.799.0>) started newbeam on node tsung3@localhost 

=INFO REPORT==== 5-Oct-2011::16:44:17 ===
    ts_config_server:(5:<0.799.0>) ping tsung3@localhost pong

=INFO REPORT==== 5-Oct-2011::16:45:22 ===
    ts_config_server:(5:<0.823.0>) started newbeam on node tsung4@localhost 

=INFO REPORT==== 5-Oct-2011::16:45:22 ===
    ts_config_server:(5:<0.823.0>) ping tsung4@localhost pong

=INFO REPORT==== 5-Oct-2011::16:45:31 ===
    ts_config_server:(5:<0.836.0>) started newbeam on node tsung5@localhost 

=INFO REPORT==== 5-Oct-2011::16:45:31 ===
    ts_config_server:(5:<0.836.0>) ping tsung5@localhost pong

=INFO REPORT==== 5-Oct-2011::16:46:36 ===
    ts_config_server:(5:<0.860.0>) started newbeam on node tsung6@localhost 

=INFO REPORT==== 5-Oct-2011::16:46:36 ===
    ts_config_server:(5:<0.860.0>) ping tsung6@localhost pong

=INFO REPORT==== 5-Oct-2011::16:46:41 ===
    ts_config_server:(5:<0.872.0>) started newbeam on node tsung7@localhost 

=INFO REPORT==== 5-Oct-2011::16:46:41 ===
    ts_config_server:(5:<0.872.0>) ping tsung7@localhost pong

=INFO REPORT==== 5-Oct-2011::16:47:36 ===
    ts_config_server:(5:<0.893.0>) started newbeam on node tsung8@localhost 

=INFO REPORT==== 5-Oct-2011::16:47:36 ===
    ts_config_server:(5:<0.893.0>) ping tsung8@localhost pong

=INFO REPORT==== 5-Oct-2011::16:47:40 ===
    ts_config_server:(5:<0.906.0>) started newbeam on node tsung9@localhost 

=INFO REPORT==== 5-Oct-2011::16:47:40 ===
    ts_config_server:(5:<0.906.0>) ping tsung9@localhost pong

=INFO REPORT==== 5-Oct-2011::16:48:28 ===
    ts_config_server:(5:<0.925.0>) started newbeam on node tsung10@localhost 

=INFO REPORT==== 5-Oct-2011::16:48:28 ===
    ts_config_server:(5:<0.925.0>) ping tsung10@localhost pong

=INFO REPORT==== 5-Oct-2011::16:48:33 ===
    ts_config_server:(5:<0.938.0>) started newbeam on node tsung11@localhost 

=INFO REPORT==== 5-Oct-2011::16:48:33 ===
    ts_config_server:(5:<0.938.0>) ping tsung11@localhost pong

=INFO REPORT==== 5-Oct-2011::16:49:16 ===
    ts_config_server:(5:<0.957.0>) started newbeam on node tsung12@localhost 

=INFO REPORT==== 5-Oct-2011::16:49:16 ===
    ts_config_server:(5:<0.957.0>) ping tsung12@localhost pong

=INFO REPORT==== 5-Oct-2011::16:49:18 ===
    ts_config_server:(5:<0.968.0>) started newbeam on node tsung13@localhost 

=INFO REPORT==== 5-Oct-2011::16:49:18 ===
    ts_config_server:(5:<0.968.0>) ping tsung13@localhost pong

=INFO REPORT==== 5-Oct-2011::16:50:01 ===
    ts_config_server:(5:<0.989.0>) started newbeam on node tsung14@localhost 

=INFO REPORT==== 5-Oct-2011::16:50:01 ===
    ts_config_server:(5:<0.989.0>) ping tsung14@localhost pong

=INFO REPORT==== 5-Oct-2011::16:50:08 ===
    ts_config_server:(5:<0.1000.0>) started newbeam on node tsung15@localhost 

=INFO REPORT==== 5-Oct-2011::16:50:08 ===
    ts_config_server:(5:<0.1000.0>) ping tsung15@localhost pong

=INFO REPORT==== 5-Oct-2011::16:50:48 ===
    ts_config_server:(5:<0.1019.0>) started newbeam on node tsung16@localhost 

=INFO REPORT==== 5-Oct-2011::16:50:48 ===
    ts_config_server:(5:<0.1019.0>) ping tsung16@localhost pong

=INFO REPORT==== 5-Oct-2011::16:50:58 ===
    ts_config_server:(5:<0.1032.0>) started newbeam on node tsung17@localhost 

=INFO REPORT==== 5-Oct-2011::16:50:58 ===
    ts_config_server:(5:<0.1032.0>) ping tsung17@localhost pong

=INFO REPORT==== 5-Oct-2011::16:51:16 ===
              ts_mon:(5:<0.53.0>) A launcher has finished, but not all users have finished, wait before stopping

=INFO REPORT==== 5-Oct-2011::16:51:33 ===
    ts_config_server:(5:<0.1051.0>) started newbeam on node tsung18@localhost 

=INFO REPORT==== 5-Oct-2011::16:51:33 ===
    ts_config_server:(5:<0.1051.0>) ping tsung18@localhost pong

=INFO REPORT==== 5-Oct-2011::16:51:43 ===
    ts_config_server:(5:<0.1064.0>) started newbeam on node tsung19@localhost 

=INFO REPORT==== 5-Oct-2011::16:51:43 ===
    ts_config_server:(5:<0.1064.0>) ping tsung19@localhost pong

=INFO REPORT==== 5-Oct-2011::16:51:56 ===
              ts_mon:(5:<0.53.0>) A launcher has finished, but not all users have finished, wait before stopping

=INFO REPORT==== 5-Oct-2011::16:52:21 ===
    ts_config_server:(5:<0.1082.0>) started newbeam on node tsung20@localhost 

=INFO REPORT==== 5-Oct-2011::16:52:21 ===
    ts_config_server:(5:<0.1082.0>) ping tsung20@localhost pong

=INFO REPORT==== 5-Oct-2011::16:52:27 ===
    ts_config_server:(5:<0.1094.0>) started newbeam on node tsung21@localhost 

=INFO REPORT==== 5-Oct-2011::16:52:27 ===
    ts_config_server:(5:<0.1094.0>) ping tsung21@localhost pong

=INFO REPORT==== 5-Oct-2011::16:53:07 ===
    ts_config_server:(5:<0.1113.0>) started newbeam on node tsung22@localhost 

=INFO REPORT==== 5-Oct-2011::16:53:07 ===
    ts_config_server:(5:<0.1113.0>) ping tsung22@localhost pong

=INFO REPORT==== 5-Oct-2011::16:53:12 ===
    ts_config_server:(5:<0.1125.0>) started newbeam on node tsung23@localhost 

=INFO REPORT==== 5-Oct-2011::16:53:12 ===
    ts_config_server:(5:<0.1125.0>) ping tsung23@localhost pong

=INFO REPORT==== 5-Oct-2011::16:53:55 ===
    ts_config_server:(5:<0.1144.0>) started newbeam on node tsung24@localhost 

=INFO REPORT==== 5-Oct-2011::16:53:55 ===
    ts_config_server:(5:<0.1144.0>) ping tsung24@localhost pong

=INFO REPORT==== 5-Oct-2011::16:54:00 ===
    ts_config_server:(5:<0.1156.0>) started newbeam on node tsung25@localhost 

=INFO REPORT==== 5-Oct-2011::16:54:00 ===
    ts_config_server:(5:<0.1156.0>) ping tsung25@localhost pong

=INFO REPORT==== 5-Oct-2011::16:54:39 ===
    ts_config_server:(5:<0.1175.0>) started newbeam on node tsung26@localhost 

=INFO REPORT==== 5-Oct-2011::16:54:39 ===
    ts_config_server:(5:<0.1175.0>) ping tsung26@localhost pong

=INFO REPORT==== 5-Oct-2011::16:54:42 ===
    ts_config_server:(5:<0.1187.0>) started newbeam on node tsung27@localhost 

=INFO REPORT==== 5-Oct-2011::16:54:42 ===
    ts_config_server:(5:<0.1187.0>) ping tsung27@localhost pong

=INFO REPORT==== 5-Oct-2011::16:55:23 ===
    ts_config_server:(5:<0.1206.0>) started newbeam on node tsung28@localhost 

=INFO REPORT==== 5-Oct-2011::16:55:23 ===
    ts_config_server:(5:<0.1206.0>) ping tsung28@localhost pong

=INFO REPORT==== 5-Oct-2011::16:55:24 ===
    ts_config_server:(5:<0.1217.0>) started newbeam on node tsung29@localhost 

=INFO REPORT==== 5-Oct-2011::16:55:24 ===
    ts_config_server:(5:<0.1217.0>) ping tsung29@localhost pong

=INFO REPORT==== 5-Oct-2011::16:56:10 ===
    ts_config_server:(5:<0.1237.0>) started newbeam on node tsung30@localhost 

=INFO REPORT==== 5-Oct-2011::16:56:10 ===
    ts_config_server:(5:<0.1237.0>) ping tsung30@localhost pong

=INFO REPORT==== 5-Oct-2011::16:56:10 ===
    ts_config_server:(5:<0.1246.0>) started newbeam on node tsung31@localhost 

=INFO REPORT==== 5-Oct-2011::16:56:10 ===
    ts_config_server:(5:<0.1246.0>) ping tsung31@localhost pong

=INFO REPORT==== 5-Oct-2011::16:56:55 ===
    ts_config_server:(5:<0.1268.0>) started newbeam on node tsung32@localhost 

=INFO REPORT==== 5-Oct-2011::16:56:55 ===
    ts_config_server:(5:<0.1268.0>) ping tsung32@localhost pong

=INFO REPORT==== 5-Oct-2011::16:56:56 ===
    ts_config_server:(5:<0.1279.0>) started newbeam on node tsung33@localhost 

=INFO REPORT==== 5-Oct-2011::16:56:56 ===
    ts_config_server:(5:<0.1279.0>) ping tsung33@localhost pong

=INFO REPORT==== 5-Oct-2011::16:57:40 ===
    ts_config_server:(5:<0.1299.0>) started newbeam on node tsung34@localhost 

=INFO REPORT==== 5-Oct-2011::16:57:40 ===
    ts_config_server:(5:<0.1299.0>) ping tsung34@localhost pong

=INFO REPORT==== 5-Oct-2011::16:57:47 ===
    ts_config_server:(5:<0.1311.0>) started newbeam on node tsung35@localhost 

=INFO REPORT==== 5-Oct-2011::16:57:47 ===
    ts_config_server:(5:<0.1311.0>) ping tsung35@localhost pong

=INFO REPORT==== 5-Oct-2011::16:58:21 ===
    ts_config_server:(5:<0.1330.0>) started newbeam on node tsung36@localhost 

=INFO REPORT==== 5-Oct-2011::16:58:21 ===
    ts_config_server:(5:<0.1330.0>) ping tsung36@localhost pong

=INFO REPORT==== 5-Oct-2011::16:58:27 ===
    ts_config_server:(5:<0.1341.0>) started newbeam on node tsung37@localhost 

=INFO REPORT==== 5-Oct-2011::16:58:27 ===
    ts_config_server:(5:<0.1341.0>) ping tsung37@localhost pong

=INFO REPORT==== 5-Oct-2011::16:59:01 ===
    ts_config_server:(5:<0.1360.0>) started newbeam on node tsung38@localhost 

=INFO REPORT==== 5-Oct-2011::16:59:01 ===
    ts_config_server:(5:<0.1360.0>) ping tsung38@localhost pong

=INFO REPORT==== 5-Oct-2011::16:59:05 ===
    ts_config_server:(5:<0.1371.0>) started newbeam on node tsung39@localhost 

=INFO REPORT==== 5-Oct-2011::16:59:05 ===
    ts_config_server:(5:<0.1371.0>) ping tsung39@localhost pong

=INFO REPORT==== 5-Oct-2011::16:59:41 ===
    ts_config_server:(5:<0.1389.0>) started newbeam on node tsung40@localhost 

=INFO REPORT==== 5-Oct-2011::16:59:41 ===
    ts_config_server:(5:<0.1389.0>) ping tsung40@localhost pong

=INFO REPORT==== 5-Oct-2011::16:59:44 ===
    ts_config_server:(5:<0.1401.0>) started newbeam on node tsung41@localhost 

=INFO REPORT==== 5-Oct-2011::16:59:44 ===
    ts_config_server:(5:<0.1401.0>) ping tsung41@localhost pong

=INFO REPORT==== 5-Oct-2011::17:00:19 ===
    ts_config_server:(5:<0.1418.0>) started newbeam on node tsung42@localhost 

=INFO REPORT==== 5-Oct-2011::17:00:19 ===
    ts_config_server:(5:<0.1418.0>) ping tsung42@localhost pong

=INFO REPORT==== 5-Oct-2011::17:00:25 ===
    ts_config_server:(5:<0.1431.0>) started newbeam on node tsung43@localhost 

=INFO REPORT==== 5-Oct-2011::17:00:25 ===
    ts_config_server:(5:<0.1431.0>) ping tsung43@localhost pong

=INFO REPORT==== 5-Oct-2011::17:00:57 ===
    ts_config_server:(5:<0.1448.0>) started newbeam on node tsung44@localhost 

=INFO REPORT==== 5-Oct-2011::17:00:57 ===
    ts_config_server:(5:<0.1448.0>) ping tsung44@localhost pong

=INFO REPORT==== 5-Oct-2011::17:01:03 ===
    ts_config_server:(5:<0.1460.0>) started newbeam on node tsung45@localhost 

=INFO REPORT==== 5-Oct-2011::17:01:03 ===
    ts_config_server:(5:<0.1460.0>) ping tsung45@localhost pong

=INFO REPORT==== 5-Oct-2011::17:01:35 ===
    ts_config_server:(5:<0.1478.0>) started newbeam on node tsung46@localhost 

=INFO REPORT==== 5-Oct-2011::17:01:35 ===
    ts_config_server:(5:<0.1478.0>) ping tsung46@localhost pong

=INFO REPORT==== 5-Oct-2011::17:01:46 ===
    ts_config_server:(5:<0.1491.0>) started newbeam on node tsung47@localhost 

=INFO REPORT==== 5-Oct-2011::17:01:46 ===
    ts_config_server:(5:<0.1491.0>) ping tsung47@localhost pong

=INFO REPORT==== 5-Oct-2011::17:02:19 ===
    ts_config_server:(5:<0.1508.0>) started newbeam on node tsung48@localhost 

=INFO REPORT==== 5-Oct-2011::17:02:19 ===
    ts_config_server:(5:<0.1508.0>) ping tsung48@localhost pong

=INFO REPORT==== 5-Oct-2011::17:02:23 ===
    ts_config_server:(5:<0.1520.0>) started newbeam on node tsung49@localhost 

=INFO REPORT==== 5-Oct-2011::17:02:23 ===
    ts_config_server:(5:<0.1520.0>) ping tsung49@localhost pong

=INFO REPORT==== 5-Oct-2011::17:02:58 ===
    ts_config_server:(5:<0.1538.0>) started newbeam on node tsung50@localhost 

=INFO REPORT==== 5-Oct-2011::17:02:58 ===
    ts_config_server:(5:<0.1538.0>) ping tsung50@localhost pong

=INFO REPORT==== 5-Oct-2011::17:03:00 ===
    ts_config_server:(5:<0.1550.0>) started newbeam on node tsung51@localhost 

=INFO REPORT==== 5-Oct-2011::17:03:00 ===
    ts_config_server:(5:<0.1550.0>) ping tsung51@localhost pong

=INFO REPORT==== 5-Oct-2011::17:03:39 ===
    ts_config_server:(5:<0.1568.0>) started newbeam on node tsung52@localhost 

=INFO REPORT==== 5-Oct-2011::17:03:39 ===
    ts_config_server:(5:<0.1568.0>) ping tsung52@localhost pong

=INFO REPORT==== 5-Oct-2011::17:04:13 ===
    ts_config_server:(0:<0.1580.0>) Can't start newbeam on host localhost (reason: timeout) ! Aborting!

=INFO REPORT==== 5-Oct-2011::17:04:13 ===
    ts_config_server:(0:<0.52.0>) Abort ! 

=INFO REPORT==== 5-Oct-2011::17:04:13 ===
              ts_mon:(0:<0.53.0>) Aborting by request !

=INFO REPORT==== 5-Oct-2011::17:04:13 ===
              ts_mon:(5:<0.53.0>) stopping monitor (abort)
