
=INFO REPORT==== 1-Mar-2011::16:56:42 ===
    ts_config_server:(5:<0.52.0>) Config server started, logdir is "/home/ec2-user/.tsung/log/20110301-21:56"
 
=INFO REPORT==== 1-Mar-2011::16:56:42 ===
              ts_mon:(5:<0.51.0>) starting monitor, global 

=INFO REPORT==== 1-Mar-2011::16:56:42 ===
              ts_mon:(5:<0.53.0>) Init, log dir is "/home/ec2-user/.tsung/log/20110301-21:56"

=INFO REPORT==== 1-Mar-2011::16:56:42 ===
              ts_mon:(5:<0.53.0>) starting monitor

=INFO REPORT==== 1-Mar-2011::16:56:42 ===
        ts_stats_mon:(5:<0.51.0>) starting stats server, global 

=INFO REPORT==== 1-Mar-2011::16:56:42 ===
        ts_stats_mon:(5:<0.55.0>) starting ts_stats_mon stats server

=INFO REPORT==== 1-Mar-2011::16:56:42 ===
        ts_stats_mon:(5:<0.51.0>) starting request stats server, global 

=INFO REPORT==== 1-Mar-2011::16:56:42 ===
        ts_stats_mon:(5:<0.56.0>) starting dedicated stats server for request 

=INFO REPORT==== 1-Mar-2011::16:56:42 ===
        ts_stats_mon:(5:<0.51.0>) starting page stats server, global 

=INFO REPORT==== 1-Mar-2011::16:56:42 ===
        ts_stats_mon:(5:<0.57.0>) starting dedicated stats server for page 

=INFO REPORT==== 1-Mar-2011::16:56:42 ===
        ts_stats_mon:(5:<0.51.0>) starting connect stats server, global 

=INFO REPORT==== 1-Mar-2011::16:56:42 ===
        ts_stats_mon:(5:<0.58.0>) starting dedicated stats server for connect 

=INFO REPORT==== 1-Mar-2011::16:56:42 ===
        ts_stats_mon:(5:<0.51.0>) starting transaction stats server, global 

=INFO REPORT==== 1-Mar-2011::16:56:42 ===
        ts_stats_mon:(5:<0.59.0>) starting transaction stats server

=INFO REPORT==== 1-Mar-2011::16:56:42 ===
     ts_match_logger:(5:<0.51.0>) starting match logger, global 

=INFO REPORT==== 1-Mar-2011::16:56:42 ===
     ts_match_logger:(5:<0.60.0>) starting match logger

=INFO REPORT==== 1-Mar-2011::16:56:42 ===
     ts_match_logger:(5:<0.60.0>) starting match logger

=INFO REPORT==== 1-Mar-2011::16:56:42 ===
           ts_config:(5:<0.52.0>) Reading config file: speedmetal/apps/rails2/redmine-1.1.1/tsung.xml

=INFO REPORT==== 1-Mar-2011::16:56:42 ===
           ts_config:(5:<0.52.0>) Session name for id 1 is "ensureproject"

=INFO REPORT==== 1-Mar-2011::16:56:42 ===
           ts_config:(5:<0.52.0>) Session type: persistent=true, bidi=false

=INFO REPORT==== 1-Mar-2011::16:56:42 ===
      ts_config_http:(5:<0.52.0>) Relative URL, single server 
=INFO REPORT==== 1-Mar-2011::16:56:42 ===
           ts_config:(5:<0.52.0>) Session name for id 2 is "browse_site"

=INFO REPORT==== 1-Mar-2011::16:56:42 ===
           ts_config:(5:<0.52.0>) Session type: persistent=true, bidi=false

=INFO REPORT==== 1-Mar-2011::16:56:42 ===
      ts_config_http:(5:<0.52.0>) Relative URL, single server 
=INFO REPORT==== 1-Mar-2011::16:56:42 ===
           ts_config:(5:<0.52.0>) Session name for id 3 is "create_issue"

=INFO REPORT==== 1-Mar-2011::16:56:42 ===
           ts_config:(5:<0.52.0>) Session type: persistent=true, bidi=false

=INFO REPORT==== 1-Mar-2011::16:56:42 ===
      ts_config_http:(5:<0.52.0>) Relative URL, single server 
=INFO REPORT==== 1-Mar-2011::16:56:42 ===
    ts_config_server:(5:<0.52.0>) SYSINFO:Erlang version: Erlang R14B01 (erts-5.8.2) [source] [64-bit] [smp:2:2] [rq:2] [async-threads:16] [kernel-poll:true]


=INFO REPORT==== 1-Mar-2011::16:56:42 ===
    ts_config_server:(5:<0.52.0>) SYSINFO:System architecture x86_64-redhat-linux-gnu

=INFO REPORT==== 1-Mar-2011::16:56:42 ===
    ts_config_server:(5:<0.52.0>) SYSINFO:Current path: /usr/lib/erlang/lib/tsung-1.3.3/ebin/tsung.beam

=INFO REPORT==== 1-Mar-2011::16:56:42 ===
    ts_os_mon_erlang:(5:<0.66.0>) starting os_mon_erlang with args {"server",
                                                                    {},10000,
                                                                    {global,
                                                                     ts_mon}}
=INFO REPORT==== 1-Mar-2011::16:56:42 ===
              ts_mon:(5:<0.53.0>) Activate clients with text backend

=INFO REPORT==== 1-Mar-2011::16:56:42 ===
    ts_config_server:(5:<0.52.0>) Start a launcher on the controller beam 'ip-10-77-7-235'

=INFO REPORT==== 1-Mar-2011::16:56:42 ===
               tsung:(7:<0.78.0>) open logfile  

=INFO REPORT==== 1-Mar-2011::16:56:42 ===
               tsung:(7:<0.78.0>) ok

=INFO REPORT==== 1-Mar-2011::16:56:42 ===
              ts_sup:(6:<0.78.0>) starting supervisor ...

=INFO REPORT==== 1-Mar-2011::16:56:42 ===
              ts_sup:(6:<0.79.0>) starting
=INFO REPORT==== 1-Mar-2011::16:56:42 ===
     ts_launcher_mgr:(6:<0.80.0>) starting
=INFO REPORT==== 1-Mar-2011::16:56:42 ===
    ts_session_cache:(6:<0.79.0>) Starting

=INFO REPORT==== 1-Mar-2011::16:56:42 ===
        ts_mon_cache:(6:<0.79.0>) Starting

=INFO REPORT==== 1-Mar-2011::16:56:42 ===
       ts_client_sup:(6:<0.83.0>) Starting 

=INFO REPORT==== 1-Mar-2011::16:56:42 ===
  ts_launcher_static:(6:<0.79.0>) starting 

=INFO REPORT==== 1-Mar-2011::16:56:42 ===
     ts_launcher_mgr:(7:<0.80.0>) static launcher is starting on node 'tsung_controller@ip-10-77-7-235' 

=INFO REPORT==== 1-Mar-2011::16:56:42 ===
         ts_launcher:(6:<0.79.0>) starting 

=INFO REPORT==== 1-Mar-2011::16:56:42 ===
     ts_launcher_mgr:(7:<0.80.0>) dynamic launcher is starting on node 'tsung_controller@ip-10-77-7-235' 

=INFO REPORT==== 1-Mar-2011::16:56:42 ===
  ts_launcher_static:(5:<0.84.0>) Launch msg receive ("localhost")

=INFO REPORT==== 1-Mar-2011::16:56:42 ===
         ts_launcher:(5:<0.85.0>) Launch msg receive ("localhost")

=INFO REPORT==== 1-Mar-2011::16:56:42 ===
    ts_config_server:(5:<0.52.0>) New arrival phase 1 for client "localhost": will start 150.0 users

=INFO REPORT==== 1-Mar-2011::16:56:42 ===
    ts_config_server:(5:<0.52.0>) New arrival phase 2 for client "localhost": will start 200.0 users

=INFO REPORT==== 1-Mar-2011::16:56:42 ===
    ts_config_server:(5:<0.52.0>) New arrival phase 3 for client "localhost": will start 300.0 users

=INFO REPORT==== 1-Mar-2011::16:56:42 ===
    ts_config_server:(5:<0.52.0>) New arrival phase 4 for client "localhost": will start 600.0 users

=INFO REPORT==== 1-Mar-2011::16:56:42 ===
         ts_launcher:(5:<0.85.0>) Expected duration of first phase: 300.0 sec 

=INFO REPORT==== 1-Mar-2011::16:56:42 ===
  ts_launcher_static:(5:<0.84.0>) Activate launcher (1 static users) in 10000 msec, first user after 0 ms 

=INFO REPORT==== 1-Mar-2011::16:56:42 ===
         ts_launcher:(5:<0.85.0>) Activate launcher (150 users) in 15000 msec 

=INFO REPORT==== 1-Mar-2011::16:56:44 ===
    ts_os_mon_erlang:(5:<0.71.0>) loading tsung monitor on nodes [os_mon@server]

=INFO REPORT==== 1-Mar-2011::17:01:57 ===
         ts_launcher:(5:<0.85.0>) Phase duration exceeded, but not all users were launched (10 users, 6.7% of phase)

=INFO REPORT==== 1-Mar-2011::17:01:57 ===
         ts_launcher:(5:<0.85.0>) Start a new arrival phase (200 6.666666666666666e-4); expected duration=300.1348439941406 sec

=INFO REPORT==== 1-Mar-2011::17:06:52 ===
         ts_launcher:(5:<0.85.0>) Start a new arrival phase (300 0.001); expected duration=295.29682006835935 sec

=INFO REPORT==== 1-Mar-2011::17:11:53 ===
         ts_launcher:(5:<0.85.0>) Phase duration exceeded, but not all users were launched (7 users, 2.3% of phase)

=INFO REPORT==== 1-Mar-2011::17:11:53 ===
         ts_launcher:(5:<0.85.0>) Start a new arrival phase (600 0.002); expected duration=300.6418410644531 sec

=INFO REPORT==== 1-Mar-2011::17:15:35 ===
           ts_search:(4:<0.1228.0>) Dyn Var: no Match (varname=authenticity_token), 

=INFO REPORT==== 1-Mar-2011::17:15:36 ===
           ts_search:(4:<0.1318.0>) Dyn Var: no Match (varname=authenticity_token), 

=INFO REPORT==== 1-Mar-2011::17:15:36 ===
           ts_search:(4:<0.1245.0>) Dyn Var: no Match (varname=authenticity_token), 

=INFO REPORT==== 1-Mar-2011::17:15:41 ===
           ts_search:(4:<0.1339.0>) Dyn Var: no Match (varname=authenticity_token), 

=INFO REPORT==== 1-Mar-2011::17:15:41 ===
           ts_search:(4:<0.1215.0>) Dyn Var: no Match (varname=authenticity_token), 

=INFO REPORT==== 1-Mar-2011::17:15:51 ===
           ts_search:(4:<0.1347.0>) Dyn Var: no Match (varname=authenticity_token), 

=INFO REPORT==== 1-Mar-2011::17:15:53 ===
           ts_search:(4:<0.1338.0>) Dyn Var: no Match (varname=authenticity_token), 

=INFO REPORT==== 1-Mar-2011::17:15:54 ===
           ts_search:(4:<0.1402.0>) Dyn Var: no Match (varname=authenticity_token), 

=INFO REPORT==== 1-Mar-2011::17:16:00 ===
           ts_search:(4:<0.1374.0>) Dyn Var: no Match (varname=authenticity_token), 

=INFO REPORT==== 1-Mar-2011::17:16:04 ===
           ts_search:(4:<0.1368.0>) Dyn Var: no Match (varname=authenticity_token), 

=INFO REPORT==== 1-Mar-2011::17:16:05 ===
           ts_search:(4:<0.1259.0>) Dyn Var: no Match (varname=authenticity_token), 

=INFO REPORT==== 1-Mar-2011::17:16:11 ===
           ts_search:(4:<0.1400.0>) Dyn Var: no Match (varname=authenticity_token), 

=INFO REPORT==== 1-Mar-2011::17:16:13 ===
           ts_search:(4:<0.1407.0>) Dyn Var: no Match (varname=authenticity_token), 

=INFO REPORT==== 1-Mar-2011::17:16:13 ===
           ts_search:(4:<0.1430.0>) Dyn Var: no Match (varname=authenticity_token), 

=INFO REPORT==== 1-Mar-2011::17:16:13 ===
           ts_search:(4:<0.1338.0>) Dyn Var: no Match (varname=authenticity_token), 

=INFO REPORT==== 1-Mar-2011::17:16:16 ===
           ts_search:(4:<0.1438.0>) Dyn Var: no Match (varname=authenticity_token), 

=INFO REPORT==== 1-Mar-2011::17:16:17 ===
           ts_search:(4:<0.1393.0>) Dyn Var: no Match (varname=authenticity_token), 

=INFO REPORT==== 1-Mar-2011::17:16:20 ===
           ts_search:(4:<0.1294.0>) Dyn Var: no Match (varname=authenticity_token), 

=INFO REPORT==== 1-Mar-2011::17:16:25 ===
           ts_search:(4:<0.1318.0>) Dyn Var: no Match (varname=authenticity_token), 

=INFO REPORT==== 1-Mar-2011::17:16:28 ===
           ts_search:(4:<0.1393.0>) Dyn Var: no Match (varname=authenticity_token), 

=INFO REPORT==== 1-Mar-2011::17:16:29 ===
           ts_search:(4:<0.1456.0>) Dyn Var: no Match (varname=authenticity_token), 

=INFO REPORT==== 1-Mar-2011::17:16:29 ===
           ts_search:(4:<0.1468.0>) Dyn Var: no Match (varname=authenticity_token), 

=INFO REPORT==== 1-Mar-2011::17:16:38 ===
           ts_search:(4:<0.1487.0>) Dyn Var: no Match (varname=authenticity_token), 

=INFO REPORT==== 1-Mar-2011::17:16:43 ===
           ts_search:(4:<0.1485.0>) Dyn Var: no Match (varname=authenticity_token), 

=INFO REPORT==== 1-Mar-2011::17:16:43 ===
           ts_search:(4:<0.1497.0>) Dyn Var: no Match (varname=authenticity_token), 

=INFO REPORT==== 1-Mar-2011::17:16:46 ===
           ts_search:(4:<0.1402.0>) Dyn Var: no Match (varname=authenticity_token), 

=INFO REPORT==== 1-Mar-2011::17:16:51 ===
           ts_search:(4:<0.1464.0>) Dyn Var: no Match (varname=authenticity_token), 

=INFO REPORT==== 1-Mar-2011::17:16:51 ===
           ts_search:(4:<0.1466.0>) Dyn Var: no Match (varname=authenticity_token), 

=INFO REPORT==== 1-Mar-2011::17:16:52 ===
           ts_search:(4:<0.1339.0>) Dyn Var: no Match (varname=authenticity_token), 

=INFO REPORT==== 1-Mar-2011::17:16:54 ===
           ts_search:(4:<0.1313.0>) Dyn Var: no Match (varname=authenticity_token), 

=INFO REPORT==== 1-Mar-2011::17:16:54 ===
         ts_launcher:(5:<0.85.0>) Phase duration exceeded, but not all users were launched (25 users, 4.2% of phase)

=INFO REPORT==== 1-Mar-2011::17:16:54 ===
         ts_launcher:(5:<0.85.0>) This was the last phase, wait for connected users to finish their session

=INFO REPORT==== 1-Mar-2011::17:16:54 ===
     ts_launcher_mgr:(5:<0.80.0>) Still 221 active client(s)

=INFO REPORT==== 1-Mar-2011::17:16:55 ===
           ts_search:(4:<0.1374.0>) Dyn Var: no Match (varname=authenticity_token), 

=INFO REPORT==== 1-Mar-2011::17:16:55 ===
           ts_search:(4:<0.1521.0>) Dyn Var: no Match (varname=authenticity_token), 

=INFO REPORT==== 1-Mar-2011::17:16:55 ===
           ts_search:(4:<0.1347.0>) Dyn Var: no Match (varname=authenticity_token), 

=INFO REPORT==== 1-Mar-2011::17:16:58 ===
           ts_search:(4:<0.1475.0>) Dyn Var: no Match (varname=authenticity_token), 

=INFO REPORT==== 1-Mar-2011::17:16:58 ===
           ts_search:(4:<0.1361.0>) Dyn Var: no Match (varname=authenticity_token), 

=INFO REPORT==== 1-Mar-2011::17:17:01 ===
           ts_search:(4:<0.1345.0>) Dyn Var: no Match (varname=authenticity_token), 

=INFO REPORT==== 1-Mar-2011::17:17:02 ===
           ts_search:(4:<0.1485.0>) Dyn Var: no Match (varname=authenticity_token), 

=INFO REPORT==== 1-Mar-2011::17:17:05 ===
           ts_search:(4:<0.1438.0>) Dyn Var: no Match (varname=authenticity_token), 

=INFO REPORT==== 1-Mar-2011::17:17:06 ===
           ts_search:(4:<0.1407.0>) Dyn Var: no Match (varname=authenticity_token), 

=INFO REPORT==== 1-Mar-2011::17:17:07 ===
           ts_search:(4:<0.1496.0>) Dyn Var: no Match (varname=authenticity_token), 

=INFO REPORT==== 1-Mar-2011::17:17:12 ===
           ts_search:(4:<0.1368.0>) Dyn Var: no Match (varname=authenticity_token), 

=INFO REPORT==== 1-Mar-2011::17:17:16 ===
           ts_search:(4:<0.1430.0>) Dyn Var: no Match (varname=authenticity_token), 

=INFO REPORT==== 1-Mar-2011::17:17:23 ===
           ts_search:(4:<0.1424.0>) Dyn Var: no Match (varname=authenticity_token), 

=INFO REPORT==== 1-Mar-2011::17:17:25 ===
           ts_search:(4:<0.1400.0>) Dyn Var: no Match (varname=authenticity_token), 

=INFO REPORT==== 1-Mar-2011::17:17:31 ===
           ts_search:(4:<0.1409.0>) Dyn Var: no Match (varname=authenticity_token), 

=INFO REPORT==== 1-Mar-2011::17:17:35 ===
           ts_search:(4:<0.1468.0>) Dyn Var: no Match (varname=authenticity_token), 

=INFO REPORT==== 1-Mar-2011::17:17:36 ===
           ts_search:(4:<0.1441.0>) Dyn Var: no Match (varname=authenticity_token), 

=INFO REPORT==== 1-Mar-2011::17:17:37 ===
           ts_search:(4:<0.1464.0>) Dyn Var: no Match (varname=authenticity_token), 

=INFO REPORT==== 1-Mar-2011::17:17:38 ===
           ts_search:(4:<0.1399.0>) Dyn Var: no Match (varname=authenticity_token), 

=INFO REPORT==== 1-Mar-2011::17:17:42 ===
           ts_search:(4:<0.1496.0>) Dyn Var: no Match (varname=authenticity_token), 

=INFO REPORT==== 1-Mar-2011::17:17:43 ===
           ts_search:(4:<0.1447.0>) Dyn Var: no Match (varname=authenticity_token), 

=INFO REPORT==== 1-Mar-2011::17:17:43 ===
           ts_search:(4:<0.1497.0>) Dyn Var: no Match (varname=authenticity_token), 

=INFO REPORT==== 1-Mar-2011::17:17:54 ===
     ts_launcher_mgr:(5:<0.80.0>) Still 112 active client(s)

=INFO REPORT==== 1-Mar-2011::17:17:54 ===
           ts_search:(4:<0.1487.0>) Dyn Var: no Match (varname=authenticity_token), 

=INFO REPORT==== 1-Mar-2011::17:17:55 ===
           ts_search:(4:<0.1475.0>) Dyn Var: no Match (varname=authenticity_token), 

=INFO REPORT==== 1-Mar-2011::17:17:59 ===
           ts_search:(4:<0.1456.0>) Dyn Var: no Match (varname=authenticity_token), 

=INFO REPORT==== 1-Mar-2011::17:18:00 ===
           ts_search:(4:<0.1521.0>) Dyn Var: no Match (varname=authenticity_token), 

=INFO REPORT==== 1-Mar-2011::17:18:05 ===
           ts_search:(4:<0.1466.0>) Dyn Var: no Match (varname=authenticity_token), 

=INFO REPORT==== 1-Mar-2011::17:18:14 ===
           ts_search:(4:<0.1403.0>) Dyn Var: no Match (varname=authenticity_token), 

=INFO REPORT==== 1-Mar-2011::17:18:17 ===
           ts_search:(4:<0.1425.0>) Dyn Var: no Match (varname=authenticity_token), 

=INFO REPORT==== 1-Mar-2011::17:18:54 ===
     ts_launcher_mgr:(5:<0.80.0>) Still 4 active client(s)

=INFO REPORT==== 1-Mar-2011::17:19:54 ===
     ts_launcher_mgr:(5:<0.80.0>) No more active users

=INFO REPORT==== 1-Mar-2011::17:19:54 ===
              ts_mon:(5:<0.53.0>) stopping monitor (normal)
