
=INFO REPORT==== 5-Oct-2011::09:41:18 ===
  ts_launcher_static:(5:<0.60.0>) Launch msg receive ("localhost")

=INFO REPORT==== 5-Oct-2011::09:41:18 ===
         ts_launcher:(5:<0.61.0>) Launch msg receive ("localhost")

=INFO REPORT==== 5-Oct-2011::09:41:18 ===
     ts_launcher_mgr:(4:<0.56.0>) No registered processes ! syncing ...

=INFO REPORT==== 5-Oct-2011::09:41:18 ===
         ts_launcher:(5:<0.61.0>) Expected duration of first phase: 120.0 sec 

=INFO REPORT==== 5-Oct-2011::09:41:18 ===
         ts_launcher:(5:<0.61.0>) Activate launcher (120 users) in 11063 msec 

=INFO REPORT==== 5-Oct-2011::09:43:24 ===
         ts_launcher:(5:<0.61.0>) Start a new arrival phase (240 0.002); expected duration=114.41027099609374 sec

=INFO REPORT==== 5-Oct-2011::09:45:24 ===
         ts_launcher:(5:<0.61.0>) Phase duration exceeded, but not all users were launched (1 users, 0.4% of phase)

=INFO REPORT==== 5-Oct-2011::09:45:24 ===
         ts_launcher:(5:<0.61.0>) Start a new arrival phase (360 0.003); expected duration=120.32657299804687 sec

=INFO REPORT==== 5-Oct-2011::09:47:22 ===
         ts_launcher:(5:<0.61.0>) Start a new arrival phase (480 0.004); expected duration=118.04351586914062 sec

=INFO REPORT==== 5-Oct-2011::09:49:19 ===
         ts_launcher:(5:<0.61.0>) Start a new arrival phase (600 0.005); expected duration=117.14054296875 sec

=INFO REPORT==== 5-Oct-2011::09:51:19 ===
         ts_launcher:(5:<0.61.0>) Phase duration exceeded, but not all users were launched (27 users, 4.5% of phase)

=INFO REPORT==== 5-Oct-2011::09:51:19 ===
         ts_launcher:(5:<0.61.0>) Start a new arrival phase (4500 0.0075); expected duration=120.20156811523438 sec

=INFO REPORT==== 5-Oct-2011::10:00:58 ===
         ts_launcher:(5:<0.61.0>) Start a new arrival phase (6000 0.01); expected duration=578.0545607910157 sec

=INFO REPORT==== 5-Oct-2011::10:10:58 ===
         ts_launcher:(5:<0.61.0>) Phase duration exceeded, but not all users were launched (17 users, 0.3% of phase)

=INFO REPORT==== 5-Oct-2011::10:10:58 ===
         ts_launcher:(5:<0.61.0>) Start a new arrival phase (7500 0.0125); expected duration=600.1545031738282 sec

=INFO REPORT==== 5-Oct-2011::10:20:58 ===
         ts_launcher:(5:<0.61.0>) Phase duration exceeded, but not all users were launched (13 users, 0.2% of phase)

=INFO REPORT==== 5-Oct-2011::10:20:58 ===
         ts_launcher:(5:<0.61.0>) Start a new arrival phase (9000 0.015); expected duration=600.4134841308594 sec

=INFO REPORT==== 5-Oct-2011::10:30:53 ===
         ts_launcher:(5:<0.61.0>) Start a new arrival phase (10500 0.0175); expected duration=594.787408203125 sec

=INFO REPORT==== 5-Oct-2011::10:40:53 ===
         ts_launcher:(5:<0.61.0>) Phase duration exceeded, but not all users were launched (109 users, 1.0% of phase)

=INFO REPORT==== 5-Oct-2011::10:40:53 ===
         ts_launcher:(5:<0.61.0>) Start a new arrival phase (12000 0.02); expected duration=600.0364130859375 sec

=INFO REPORT==== 5-Oct-2011::10:50:51 ===
         ts_launcher:(5:<0.61.0>) Start a new arrival phase (13500 0.0225); expected duration=598.3543481445313 sec

=INFO REPORT==== 5-Oct-2011::11:00:51 ===
         ts_launcher:(5:<0.61.0>) Phase duration exceeded, but not all users were launched (294 users, 2.2% of phase)

=INFO REPORT==== 5-Oct-2011::11:00:51 ===
         ts_launcher:(5:<0.61.0>) This was the last phase, wait for connected users to finish their session

=INFO REPORT==== 5-Oct-2011::11:00:51 ===
     ts_launcher_mgr:(5:<0.56.0>) Still 271 active client(s)

=INFO REPORT==== 5-Oct-2011::11:01:51 ===
     ts_launcher_mgr:(5:<0.56.0>) No more active users
