
=INFO REPORT==== 5-Oct-2011::09:41:18 ===
  ts_launcher_static:(5:<0.60.0>) Launch msg receive ("localhost")

=INFO REPORT==== 5-Oct-2011::09:41:18 ===
     ts_launcher_mgr:(4:<0.56.0>) No registered processes ! syncing ...

=INFO REPORT==== 5-Oct-2011::09:41:18 ===
         ts_launcher:(5:<0.61.0>) Launch msg receive ("localhost")

=INFO REPORT==== 5-Oct-2011::09:41:18 ===
         ts_launcher:(5:<0.61.0>) Expected duration of first phase: 120.0 sec 

=INFO REPORT==== 5-Oct-2011::09:41:18 ===
         ts_launcher:(5:<0.61.0>) Activate launcher (120 users) in 10119 msec 

=INFO REPORT==== 5-Oct-2011::09:43:33 ===
         ts_launcher:(5:<0.61.0>) Phase duration exceeded, but not all users were launched (9 users, 7.5% of phase)

=INFO REPORT==== 5-Oct-2011::09:43:33 ===
         ts_launcher:(5:<0.61.0>) Start a new arrival phase (240 0.002); expected duration=124.60785595703125 sec

=INFO REPORT==== 5-Oct-2011::09:45:22 ===
         ts_launcher:(5:<0.61.0>) Start a new arrival phase (360 0.003); expected duration=108.84246313476562 sec

=INFO REPORT==== 5-Oct-2011::09:47:18 ===
         ts_launcher:(5:<0.61.0>) Start a new arrival phase (480 0.004); expected duration=116.54357495117188 sec

=INFO REPORT==== 5-Oct-2011::09:49:18 ===
         ts_launcher:(5:<0.61.0>) Phase duration exceeded, but not all users were launched (1 users, 0.2% of phase)

=INFO REPORT==== 5-Oct-2011::09:49:18 ===
         ts_launcher:(5:<0.61.0>) Start a new arrival phase (600 0.005); expected duration=120.00036401367187 sec

=INFO REPORT==== 5-Oct-2011::09:51:18 ===
         ts_launcher:(5:<0.61.0>) Phase duration exceeded, but not all users were launched (21 users, 3.5% of phase)

=INFO REPORT==== 5-Oct-2011::09:51:18 ===
         ts_launcher:(5:<0.61.0>) Start a new arrival phase (4500 0.0075); expected duration=120.06217504882812 sec

=INFO REPORT==== 5-Oct-2011::10:01:04 ===
         ts_launcher:(5:<0.61.0>) Start a new arrival phase (6000 0.01); expected duration=585.4985529785156 sec

=INFO REPORT==== 5-Oct-2011::10:11:04 ===
         ts_launcher:(5:<0.61.0>) Phase duration exceeded, but not all users were launched (84 users, 1.4% of phase)

=INFO REPORT==== 5-Oct-2011::10:11:04 ===
         ts_launcher:(5:<0.61.0>) Start a new arrival phase (7500 0.0125); expected duration=600.0584301757813 sec

=INFO REPORT==== 5-Oct-2011::10:21:04 ===
         ts_launcher:(5:<0.61.0>) Phase duration exceeded, but not all users were launched (71 users, 0.9% of phase)

=INFO REPORT==== 5-Oct-2011::10:21:04 ===
         ts_launcher:(5:<0.61.0>) Start a new arrival phase (9000 0.015); expected duration=600.1003640136719 sec

=INFO REPORT==== 5-Oct-2011::10:31:04 ===
         ts_launcher:(5:<0.61.0>) Phase duration exceeded, but not all users were launched (109 users, 1.2% of phase)

=INFO REPORT==== 5-Oct-2011::10:31:04 ===
         ts_launcher:(5:<0.61.0>) Start a new arrival phase (10500 0.0175); expected duration=600.0513229980469 sec

=INFO REPORT==== 5-Oct-2011::10:41:04 ===
         ts_launcher:(5:<0.61.0>) Phase duration exceeded, but not all users were launched (285 users, 2.7% of phase)

=INFO REPORT==== 5-Oct-2011::10:41:04 ===
         ts_launcher:(5:<0.61.0>) Start a new arrival phase (12000 0.02); expected duration=600.0075461425781 sec

=INFO REPORT==== 5-Oct-2011::10:51:04 ===
         ts_launcher:(5:<0.61.0>) Phase duration exceeded, but not all users were launched (337 users, 2.8% of phase)

=INFO REPORT==== 5-Oct-2011::10:51:04 ===
         ts_launcher:(5:<0.61.0>) Start a new arrival phase (13500 0.0225); expected duration=600.0123937988282 sec

=INFO REPORT==== 5-Oct-2011::10:54:44 ===
           ts_client:(4:<0.22351.1>) connection close while sending message !

=INFO REPORT==== 5-Oct-2011::10:54:45 ===
           ts_client:(5:<0.22351.1>) Server must have closed connection upon us, waiting 10 msec

=INFO REPORT==== 5-Oct-2011::11:01:04 ===
         ts_launcher:(5:<0.61.0>) Phase duration exceeded, but not all users were launched (85 users, 0.6% of phase)

=INFO REPORT==== 5-Oct-2011::11:01:04 ===
         ts_launcher:(5:<0.61.0>) This was the last phase, wait for connected users to finish their session

=INFO REPORT==== 5-Oct-2011::11:01:04 ===
     ts_launcher_mgr:(5:<0.56.0>) Still 248 active client(s)
