
=INFO REPORT==== 2-Mar-2011::15:30:40 ===
    ts_config_server:(5:<0.52.0>) Config server started, logdir is "/home/ec2-user/.tsung/log/20110302-20:30"
 
=INFO REPORT==== 2-Mar-2011::15:30:40 ===
              ts_mon:(5:<0.51.0>) starting monitor, global 

=INFO REPORT==== 2-Mar-2011::15:30:40 ===
              ts_mon:(5:<0.53.0>) Init, log dir is "/home/ec2-user/.tsung/log/20110302-20:30"

=INFO REPORT==== 2-Mar-2011::15:30:40 ===
              ts_mon:(5:<0.53.0>) starting monitor

=INFO REPORT==== 2-Mar-2011::15:30:40 ===
        ts_stats_mon:(5:<0.51.0>) starting stats server, global 

=INFO REPORT==== 2-Mar-2011::15:30:40 ===
        ts_stats_mon:(5:<0.55.0>) starting ts_stats_mon stats server

=INFO REPORT==== 2-Mar-2011::15:30:40 ===
        ts_stats_mon:(5:<0.51.0>) starting request stats server, global 

=INFO REPORT==== 2-Mar-2011::15:30:40 ===
        ts_stats_mon:(5:<0.56.0>) starting dedicated stats server for request 

=INFO REPORT==== 2-Mar-2011::15:30:40 ===
        ts_stats_mon:(5:<0.51.0>) starting page stats server, global 

=INFO REPORT==== 2-Mar-2011::15:30:40 ===
        ts_stats_mon:(5:<0.57.0>) starting dedicated stats server for page 

=INFO REPORT==== 2-Mar-2011::15:30:40 ===
        ts_stats_mon:(5:<0.51.0>) starting connect stats server, global 

=INFO REPORT==== 2-Mar-2011::15:30:40 ===
        ts_stats_mon:(5:<0.58.0>) starting dedicated stats server for connect 

=INFO REPORT==== 2-Mar-2011::15:30:40 ===
        ts_stats_mon:(5:<0.51.0>) starting transaction stats server, global 

=INFO REPORT==== 2-Mar-2011::15:30:40 ===
        ts_stats_mon:(5:<0.59.0>) starting transaction stats server

=INFO REPORT==== 2-Mar-2011::15:30:40 ===
     ts_match_logger:(5:<0.51.0>) starting match logger, global 

=INFO REPORT==== 2-Mar-2011::15:30:40 ===
     ts_match_logger:(5:<0.60.0>) starting match logger

=INFO REPORT==== 2-Mar-2011::15:30:40 ===
     ts_match_logger:(5:<0.60.0>) starting match logger

=INFO REPORT==== 2-Mar-2011::15:30:40 ===
           ts_config:(5:<0.52.0>) Reading config file: /home/ec2-user/speedmetal/apps/rails2/redmine-1.1.1/tsung.xml

=INFO REPORT==== 2-Mar-2011::15:30:40 ===
           ts_config:(5:<0.52.0>) Session name for id 1 is "ensureproject"

=INFO REPORT==== 2-Mar-2011::15:30:40 ===
           ts_config:(5:<0.52.0>) Session type: persistent=true, bidi=false

=INFO REPORT==== 2-Mar-2011::15:30:40 ===
      ts_config_http:(5:<0.52.0>) Relative URL, single server 
=INFO REPORT==== 2-Mar-2011::15:30:40 ===
           ts_config:(5:<0.52.0>) Session name for id 2 is "browse_site"

=INFO REPORT==== 2-Mar-2011::15:30:40 ===
           ts_config:(5:<0.52.0>) Session type: persistent=true, bidi=false

=INFO REPORT==== 2-Mar-2011::15:30:40 ===
      ts_config_http:(5:<0.52.0>) Relative URL, single server 
=INFO REPORT==== 2-Mar-2011::15:30:40 ===
           ts_config:(5:<0.52.0>) Session name for id 3 is "create_issue"

=INFO REPORT==== 2-Mar-2011::15:30:40 ===
           ts_config:(5:<0.52.0>) Session type: persistent=true, bidi=false

=INFO REPORT==== 2-Mar-2011::15:30:40 ===
      ts_config_http:(5:<0.52.0>) Relative URL, single server 
=INFO REPORT==== 2-Mar-2011::15:30:40 ===
    ts_config_server:(5:<0.52.0>) SYSINFO:Erlang version: Erlang R14B01 (erts-5.8.2) [source] [64-bit] [smp:2:2] [rq:2] [async-threads:16] [kernel-poll:true]


=INFO REPORT==== 2-Mar-2011::15:30:40 ===
    ts_config_server:(5:<0.52.0>) SYSINFO:System architecture x86_64-redhat-linux-gnu

=INFO REPORT==== 2-Mar-2011::15:30:40 ===
    ts_config_server:(5:<0.52.0>) SYSINFO:Current path: /usr/lib/erlang/lib/tsung-1.3.3/ebin/tsung.beam

=INFO REPORT==== 2-Mar-2011::15:30:40 ===
    ts_os_mon_erlang:(5:<0.66.0>) starting os_mon_erlang with args {"server",
                                                                    {},10000,
                                                                    {global,
                                                                     ts_mon}}
=INFO REPORT==== 2-Mar-2011::15:30:40 ===
              ts_mon:(5:<0.53.0>) Activate clients with text backend

=INFO REPORT==== 2-Mar-2011::15:30:40 ===
    ts_config_server:(5:<0.52.0>) Start a launcher on the controller beam 'ip-10-76-215-174'

=INFO REPORT==== 2-Mar-2011::15:30:40 ===
               tsung:(7:<0.78.0>) open logfile  

=INFO REPORT==== 2-Mar-2011::15:30:40 ===
               tsung:(7:<0.78.0>) ok

=INFO REPORT==== 2-Mar-2011::15:30:40 ===
              ts_sup:(6:<0.78.0>) starting supervisor ...

=INFO REPORT==== 2-Mar-2011::15:30:40 ===
              ts_sup:(6:<0.79.0>) starting
=INFO REPORT==== 2-Mar-2011::15:30:40 ===
     ts_launcher_mgr:(6:<0.80.0>) starting
=INFO REPORT==== 2-Mar-2011::15:30:40 ===
    ts_session_cache:(6:<0.79.0>) Starting

=INFO REPORT==== 2-Mar-2011::15:30:40 ===
        ts_mon_cache:(6:<0.79.0>) Starting

=INFO REPORT==== 2-Mar-2011::15:30:40 ===
       ts_client_sup:(6:<0.83.0>) Starting 

=INFO REPORT==== 2-Mar-2011::15:30:40 ===
  ts_launcher_static:(6:<0.79.0>) starting 

=INFO REPORT==== 2-Mar-2011::15:30:40 ===
     ts_launcher_mgr:(7:<0.80.0>) static launcher is starting on node 'tsung_controller@ip-10-76-215-174' 

=INFO REPORT==== 2-Mar-2011::15:30:40 ===
         ts_launcher:(6:<0.79.0>) starting 

=INFO REPORT==== 2-Mar-2011::15:30:40 ===
     ts_launcher_mgr:(7:<0.80.0>) dynamic launcher is starting on node 'tsung_controller@ip-10-76-215-174' 

=INFO REPORT==== 2-Mar-2011::15:30:40 ===
  ts_launcher_static:(5:<0.84.0>) Launch msg receive ("localhost")

=INFO REPORT==== 2-Mar-2011::15:30:40 ===
         ts_launcher:(5:<0.85.0>) Launch msg receive ("localhost")

=INFO REPORT==== 2-Mar-2011::15:30:40 ===
    ts_config_server:(5:<0.52.0>) New arrival phase 1 for client "localhost": will start 300.0 users

=INFO REPORT==== 2-Mar-2011::15:30:40 ===
    ts_config_server:(5:<0.52.0>) New arrival phase 2 for client "localhost": will start 400.0 users

=INFO REPORT==== 2-Mar-2011::15:30:40 ===
    ts_config_server:(5:<0.52.0>) New arrival phase 3 for client "localhost": will start 600.0 users

=INFO REPORT==== 2-Mar-2011::15:30:40 ===
    ts_config_server:(5:<0.52.0>) New arrival phase 4 for client "localhost": will start 1.2e3 users

=INFO REPORT==== 2-Mar-2011::15:30:40 ===
         ts_launcher:(5:<0.85.0>) Expected duration of first phase: 600.0 sec 

=INFO REPORT==== 2-Mar-2011::15:30:40 ===
  ts_launcher_static:(5:<0.84.0>) Activate launcher (1 static users) in 10000 msec, first user after 0 ms 

=INFO REPORT==== 2-Mar-2011::15:30:40 ===
         ts_launcher:(5:<0.85.0>) Activate launcher (300 users) in 11247 msec 

=INFO REPORT==== 2-Mar-2011::15:30:42 ===
    ts_os_mon_erlang:(5:<0.71.0>) loading tsung monitor on nodes [os_mon@server]

=INFO REPORT==== 2-Mar-2011::15:31:51 ===
           ts_search:(4:<0.117.0>) Dyn Var: no Match (varname=authenticity_token), 

=INFO REPORT==== 2-Mar-2011::15:33:29 ===
           ts_search:(4:<0.184.0>) Dyn Var: no Match (varname=authenticity_token), 

=INFO REPORT==== 2-Mar-2011::15:34:12 ===
           ts_search:(4:<0.219.0>) Dyn Var: no Match (varname=authenticity_token), 

=INFO REPORT==== 2-Mar-2011::15:38:46 ===
           ts_search:(4:<0.409.0>) Dyn Var: no Match (varname=authenticity_token), 

=INFO REPORT==== 2-Mar-2011::15:38:54 ===
           ts_search:(4:<0.412.0>) Dyn Var: no Match (varname=authenticity_token), 

=INFO REPORT==== 2-Mar-2011::15:40:38 ===
           ts_search:(4:<0.480.0>) Dyn Var: no Match (varname=authenticity_token), 

=INFO REPORT==== 2-Mar-2011::15:40:52 ===
         ts_launcher:(5:<0.85.0>) Phase duration exceeded, but not all users were launched (21 users, 7.0% of phase)

=INFO REPORT==== 2-Mar-2011::15:40:52 ===
         ts_launcher:(5:<0.85.0>) Start a new arrival phase (400 6.666666666666666e-4); expected duration=600.4243969726563 sec

=INFO REPORT==== 2-Mar-2011::15:41:34 ===
           ts_search:(4:<0.516.0>) Dyn Var: no Match (varname=authenticity_token), 

=INFO REPORT==== 2-Mar-2011::15:41:39 ===
           ts_search:(4:<0.519.0>) Dyn Var: no Match (varname=authenticity_token), 

=INFO REPORT==== 2-Mar-2011::15:41:56 ===
           ts_search:(4:<0.506.0>) Dyn Var: no Match (varname=authenticity_token), 

=INFO REPORT==== 2-Mar-2011::15:42:44 ===
           ts_search:(4:<0.566.0>) Dyn Var: no Match (varname=authenticity_token), 

=INFO REPORT==== 2-Mar-2011::15:42:53 ===
           ts_search:(4:<0.579.0>) Dyn Var: no Match (varname=authenticity_token), 

=INFO REPORT==== 2-Mar-2011::15:43:11 ===
           ts_search:(4:<0.587.0>) Dyn Var: no Match (varname=authenticity_token), 

=INFO REPORT==== 2-Mar-2011::15:43:31 ===
           ts_search:(4:<0.596.0>) Dyn Var: no Match (varname=authenticity_token), 

=INFO REPORT==== 2-Mar-2011::15:44:00 ===
           ts_search:(4:<0.619.0>) Dyn Var: no Match (varname=authenticity_token), 

=INFO REPORT==== 2-Mar-2011::15:45:06 ===
           ts_search:(4:<0.675.0>) Dyn Var: no Match (varname=authenticity_token), 

=INFO REPORT==== 2-Mar-2011::15:46:01 ===
           ts_search:(4:<0.708.0>) Dyn Var: no Match (varname=authenticity_token), 

=INFO REPORT==== 2-Mar-2011::15:46:17 ===
           ts_search:(4:<0.720.0>) Dyn Var: no Match (varname=authenticity_token), 

=INFO REPORT==== 2-Mar-2011::15:46:23 ===
           ts_search:(4:<0.735.0>) Dyn Var: no Match (varname=authenticity_token), 

=INFO REPORT==== 2-Mar-2011::15:46:23 ===
           ts_search:(4:<0.736.0>) Dyn Var: no Match (varname=authenticity_token), 

=INFO REPORT==== 2-Mar-2011::15:47:23 ===
           ts_search:(4:<0.767.0>) Dyn Var: no Match (varname=authenticity_token), 

=INFO REPORT==== 2-Mar-2011::15:47:35 ===
           ts_search:(4:<0.793.0>) Dyn Var: no Match (varname=authenticity_token), 

=INFO REPORT==== 2-Mar-2011::15:47:53 ===
           ts_search:(4:<0.812.0>) Dyn Var: no Match (varname=authenticity_token), 

=INFO REPORT==== 2-Mar-2011::15:47:57 ===
           ts_search:(4:<0.815.0>) Dyn Var: no Match (varname=authenticity_token), 

=INFO REPORT==== 2-Mar-2011::15:48:34 ===
           ts_search:(4:<0.856.0>) Dyn Var: no Match (varname=authenticity_token), 

=INFO REPORT==== 2-Mar-2011::15:48:46 ===
           ts_search:(4:<0.865.0>) Dyn Var: no Match (varname=authenticity_token), 

=INFO REPORT==== 2-Mar-2011::15:49:21 ===
           ts_search:(4:<0.878.0>) Dyn Var: no Match (varname=authenticity_token), 

=INFO REPORT==== 2-Mar-2011::15:49:31 ===
           ts_search:(4:<0.896.0>) Dyn Var: no Match (varname=authenticity_token), 

=INFO REPORT==== 2-Mar-2011::15:49:40 ===
           ts_search:(4:<0.908.0>) Dyn Var: no Match (varname=authenticity_token), 

=INFO REPORT==== 2-Mar-2011::15:50:23 ===
           ts_search:(4:<0.962.0>) Dyn Var: no Match (varname=authenticity_token), 

=INFO REPORT==== 2-Mar-2011::15:50:30 ===
           ts_search:(4:<0.959.0>) Dyn Var: no Match (varname=authenticity_token), 

=INFO REPORT==== 2-Mar-2011::15:50:43 ===
         ts_launcher:(5:<0.85.0>) Start a new arrival phase (600 0.001); expected duration=591.7387509765625 sec

=INFO REPORT==== 2-Mar-2011::15:50:54 ===
           ts_search:(4:<0.972.0>) Dyn Var: no Match (varname=authenticity_token), 

=INFO REPORT==== 2-Mar-2011::15:51:05 ===
           ts_search:(4:<0.1011.0>) Dyn Var: no Match (varname=authenticity_token), 

=INFO REPORT==== 2-Mar-2011::15:51:16 ===
           ts_search:(4:<0.1016.0>) Dyn Var: no Match (varname=authenticity_token), 

=INFO REPORT==== 2-Mar-2011::15:51:17 ===
           ts_search:(4:<0.1019.0>) Dyn Var: no Match (varname=authenticity_token), 

=INFO REPORT==== 2-Mar-2011::15:51:21 ===
           ts_search:(4:<0.1028.0>) Dyn Var: no Match (varname=authenticity_token), 

=INFO REPORT==== 2-Mar-2011::15:52:14 ===
           ts_search:(4:<0.1067.0>) Dyn Var: no Match (varname=authenticity_token), 

=INFO REPORT==== 2-Mar-2011::15:52:33 ===
           ts_search:(4:<0.1100.0>) Dyn Var: no Match (varname=authenticity_token), 

=INFO REPORT==== 2-Mar-2011::15:53:06 ===
           ts_search:(4:<0.1140.0>) Dyn Var: no Match (varname=authenticity_token), 

=INFO REPORT==== 2-Mar-2011::15:53:20 ===
           ts_search:(4:<0.1165.0>) Dyn Var: no Match (varname=authenticity_token), 

=INFO REPORT==== 2-Mar-2011::15:53:21 ===
           ts_search:(4:<0.1141.0>) Dyn Var: no Match (varname=authenticity_token), 

=INFO REPORT==== 2-Mar-2011::15:54:23 ===
           ts_search:(4:<0.1241.0>) Dyn Var: no Match (varname=authenticity_token), 

=INFO REPORT==== 2-Mar-2011::15:54:28 ===
           ts_search:(4:<0.1214.0>) Dyn Var: no Match (varname=authenticity_token), 

=INFO REPORT==== 2-Mar-2011::15:54:41 ===
           ts_search:(4:<0.1230.0>) Dyn Var: no Match (varname=authenticity_token), 

=INFO REPORT==== 2-Mar-2011::15:54:58 ===
           ts_search:(4:<0.1265.0>) Dyn Var: no Match (varname=authenticity_token), 

=INFO REPORT==== 2-Mar-2011::15:56:04 ===
           ts_search:(4:<0.1345.0>) Dyn Var: no Match (varname=authenticity_token), 

=INFO REPORT==== 2-Mar-2011::15:56:21 ===
           ts_search:(4:<0.1383.0>) Dyn Var: no Match (varname=authenticity_token), 

=INFO REPORT==== 2-Mar-2011::15:56:45 ===
           ts_search:(4:<0.1392.0>) Dyn Var: no Match (varname=authenticity_token), 

=INFO REPORT==== 2-Mar-2011::15:56:57 ===
           ts_search:(4:<0.1421.0>) Dyn Var: no Match (varname=authenticity_token), 

=INFO REPORT==== 2-Mar-2011::15:57:15 ===
           ts_search:(4:<0.1435.0>) Dyn Var: no Match (varname=authenticity_token), 

=INFO REPORT==== 2-Mar-2011::15:57:17 ===
           ts_search:(4:<0.1449.0>) Dyn Var: no Match (varname=authenticity_token), 

=INFO REPORT==== 2-Mar-2011::15:57:47 ===
           ts_search:(4:<0.1474.0>) Dyn Var: no Match (varname=authenticity_token), 

=INFO REPORT==== 2-Mar-2011::15:58:00 ===
           ts_search:(4:<0.1463.0>) Dyn Var: no Match (varname=authenticity_token), 

=INFO REPORT==== 2-Mar-2011::15:58:43 ===
           ts_search:(4:<0.1513.0>) Dyn Var: no Match (varname=authenticity_token), 

=INFO REPORT==== 2-Mar-2011::15:58:43 ===
           ts_search:(4:<0.1535.0>) Dyn Var: no Match (varname=authenticity_token), 

=INFO REPORT==== 2-Mar-2011::16:00:25 ===
           ts_search:(4:<0.1641.0>) Dyn Var: no Match (varname=authenticity_token), 

=INFO REPORT==== 2-Mar-2011::16:00:30 ===
           ts_search:(4:<0.1682.0>) Dyn Var: no Match (varname=authenticity_token), 

=INFO REPORT==== 2-Mar-2011::16:00:36 ===
           ts_search:(4:<0.1696.0>) Dyn Var: no Match (varname=authenticity_token), 

=INFO REPORT==== 2-Mar-2011::16:00:45 ===
         ts_launcher:(5:<0.85.0>) Phase duration exceeded, but not all users were launched (9 users, 1.5% of phase)

=INFO REPORT==== 2-Mar-2011::16:00:45 ===
         ts_launcher:(5:<0.85.0>) Start a new arrival phase (1200 0.002); expected duration=601.3198120117188 sec

=INFO REPORT==== 2-Mar-2011::16:01:13 ===
           ts_search:(4:<0.1741.0>) Dyn Var: no Match (varname=authenticity_token), 

=INFO REPORT==== 2-Mar-2011::16:01:31 ===
           ts_search:(4:<0.1729.0>) Dyn Var: no Match (varname=authenticity_token), 

=INFO REPORT==== 2-Mar-2011::16:01:56 ===
           ts_search:(4:<0.1818.0>) Dyn Var: no Match (varname=authenticity_token), 

=INFO REPORT==== 2-Mar-2011::16:01:56 ===
           ts_search:(4:<0.1790.0>) Dyn Var: no Match (varname=authenticity_token), 

=INFO REPORT==== 2-Mar-2011::16:01:59 ===
           ts_search:(4:<0.1804.0>) Dyn Var: no Match (varname=authenticity_token), 

=INFO REPORT==== 2-Mar-2011::16:02:21 ===
           ts_search:(4:<0.1783.0>) Dyn Var: no Match (varname=authenticity_token), 

=INFO REPORT==== 2-Mar-2011::16:02:33 ===
           ts_search:(4:<0.1863.0>) Dyn Var: no Match (varname=authenticity_token), 

=INFO REPORT==== 2-Mar-2011::16:02:45 ===
           ts_search:(4:<0.1891.0>) Dyn Var: no Match (varname=authenticity_token), 

=INFO REPORT==== 2-Mar-2011::16:02:46 ===
           ts_search:(4:<0.1881.0>) Dyn Var: no Match (varname=authenticity_token), 

=INFO REPORT==== 2-Mar-2011::16:02:47 ===
           ts_search:(4:<0.1887.0>) Dyn Var: no Match (varname=authenticity_token), 

=INFO REPORT==== 2-Mar-2011::16:03:09 ===
           ts_search:(4:<0.1906.0>) Dyn Var: no Match (varname=authenticity_token), 

=INFO REPORT==== 2-Mar-2011::16:03:14 ===
           ts_search:(4:<0.1919.0>) Dyn Var: no Match (varname=authenticity_token), 

=INFO REPORT==== 2-Mar-2011::16:03:17 ===
           ts_search:(4:<0.1929.0>) Dyn Var: no Match (varname=authenticity_token), 

=INFO REPORT==== 2-Mar-2011::16:03:22 ===
           ts_search:(4:<0.1949.0>) Dyn Var: no Match (varname=authenticity_token), 

=INFO REPORT==== 2-Mar-2011::16:04:11 ===
           ts_search:(4:<0.2082.0>) Dyn Var: no Match (varname=authenticity_token), 

=INFO REPORT==== 2-Mar-2011::16:04:22 ===
           ts_search:(4:<0.2003.0>) Dyn Var: no Match (varname=authenticity_token), 

=INFO REPORT==== 2-Mar-2011::16:04:43 ===
           ts_search:(4:<0.2036.0>) Dyn Var: no Match (varname=authenticity_token), 

=INFO REPORT==== 2-Mar-2011::16:04:44 ===
           ts_search:(4:<0.2024.0>) Dyn Var: no Match (varname=authenticity_token), 

=INFO REPORT==== 2-Mar-2011::16:04:53 ===
           ts_search:(4:<0.2071.0>) Dyn Var: no Match (varname=authenticity_token), 

=INFO REPORT==== 2-Mar-2011::16:04:55 ===
           ts_search:(4:<0.2079.0>) Dyn Var: no Match (varname=authenticity_token), 

=INFO REPORT==== 2-Mar-2011::16:04:57 ===
           ts_search:(4:<0.2081.0>) Dyn Var: no Match (varname=authenticity_token), 

=INFO REPORT==== 2-Mar-2011::16:04:58 ===
           ts_search:(4:<0.2076.0>) Dyn Var: no Match (varname=authenticity_token), 

=INFO REPORT==== 2-Mar-2011::16:05:09 ===
           ts_search:(4:<0.2086.0>) Dyn Var: no Match (varname=authenticity_token), 

=INFO REPORT==== 2-Mar-2011::16:05:10 ===
           ts_search:(4:<0.2082.0>) Dyn Var: no Match (varname=authenticity_token), 

=INFO REPORT==== 2-Mar-2011::16:05:17 ===
           ts_search:(4:<0.2103.0>) Dyn Var: no Match (varname=authenticity_token), 

=INFO REPORT==== 2-Mar-2011::16:05:40 ===
           ts_search:(4:<0.2131.0>) Dyn Var: no Match (varname=authenticity_token), 

=INFO REPORT==== 2-Mar-2011::16:05:42 ===
           ts_search:(4:<0.2129.0>) Dyn Var: no Match (varname=authenticity_token), 

=INFO REPORT==== 2-Mar-2011::16:05:52 ===
           ts_search:(4:<0.2160.0>) Dyn Var: no Match (varname=authenticity_token), 

=INFO REPORT==== 2-Mar-2011::16:06:01 ===
           ts_search:(4:<0.2140.0>) Dyn Var: no Match (varname=authenticity_token), 

=INFO REPORT==== 2-Mar-2011::16:06:14 ===
           ts_search:(4:<0.2198.0>) Dyn Var: no Match (varname=authenticity_token), 

=INFO REPORT==== 2-Mar-2011::16:06:17 ===
           ts_search:(4:<0.2181.0>) Dyn Var: no Match (varname=authenticity_token), 

=INFO REPORT==== 2-Mar-2011::16:06:23 ===
           ts_search:(4:<0.2219.0>) Dyn Var: no Match (varname=authenticity_token), 

=INFO REPORT==== 2-Mar-2011::16:06:24 ===
           ts_search:(4:<0.2225.0>) Dyn Var: no Match (varname=authenticity_token), 

=INFO REPORT==== 2-Mar-2011::16:06:47 ===
           ts_search:(4:<0.2381.0>) Dyn Var: no Match (varname=authenticity_token), 

=INFO REPORT==== 2-Mar-2011::16:07:02 ===
           ts_search:(4:<0.2286.0>) Dyn Var: no Match (varname=authenticity_token), 

=INFO REPORT==== 2-Mar-2011::16:07:05 ===
           ts_search:(4:<0.2299.0>) Dyn Var: no Match (varname=authenticity_token), 

=INFO REPORT==== 2-Mar-2011::16:07:07 ===
           ts_search:(4:<0.2418.0>) Dyn Var: no Match (varname=authenticity_token), 

=INFO REPORT==== 2-Mar-2011::16:07:17 ===
           ts_search:(4:<0.2325.0>) Dyn Var: no Match (varname=authenticity_token), 

=INFO REPORT==== 2-Mar-2011::16:07:32 ===
           ts_search:(4:<0.2469.0>) Dyn Var: no Match (varname=authenticity_token), 

=INFO REPORT==== 2-Mar-2011::16:07:32 ===
           ts_search:(4:<0.2365.0>) Dyn Var: no Match (varname=authenticity_token), 

=INFO REPORT==== 2-Mar-2011::16:07:40 ===
           ts_search:(4:<0.2350.0>) Dyn Var: no Match (varname=authenticity_token), 

=INFO REPORT==== 2-Mar-2011::16:07:44 ===
           ts_search:(4:<0.2376.0>) Dyn Var: no Match (varname=authenticity_token), 

=INFO REPORT==== 2-Mar-2011::16:07:46 ===
           ts_search:(4:<0.2395.0>) Dyn Var: no Match (varname=authenticity_token), 

=INFO REPORT==== 2-Mar-2011::16:07:54 ===
           ts_search:(4:<0.2386.0>) Dyn Var: no Match (varname=authenticity_token), 

=INFO REPORT==== 2-Mar-2011::16:08:03 ===
           ts_search:(4:<0.2403.0>) Dyn Var: no Match (varname=authenticity_token), 

=INFO REPORT==== 2-Mar-2011::16:08:04 ===
           ts_search:(4:<0.2381.0>) Dyn Var: no Match (varname=authenticity_token), 

=INFO REPORT==== 2-Mar-2011::16:08:07 ===
           ts_search:(4:<0.2412.0>) Dyn Var: no Match (varname=authenticity_token), 

=INFO REPORT==== 2-Mar-2011::16:08:08 ===
           ts_search:(4:<0.2426.0>) Dyn Var: no Match (varname=authenticity_token), 

=INFO REPORT==== 2-Mar-2011::16:08:22 ===
           ts_search:(4:<0.2582.0>) Dyn Var: no Match (varname=authenticity_token), 

=INFO REPORT==== 2-Mar-2011::16:08:22 ===
           ts_search:(4:<0.2584.0>) Dyn Var: no Match (varname=authenticity_token), 

=INFO REPORT==== 2-Mar-2011::16:08:22 ===
           ts_search:(4:<0.2580.0>) Dyn Var: no Match (varname=authenticity_token), 

=INFO REPORT==== 2-Mar-2011::16:08:23 ===
           ts_search:(4:<0.2418.0>) Dyn Var: no Match (varname=authenticity_token), 

=INFO REPORT==== 2-Mar-2011::16:08:25 ===
           ts_search:(4:<0.2590.0>) Dyn Var: no Match (varname=authenticity_token), 

=INFO REPORT==== 2-Mar-2011::16:08:28 ===
           ts_search:(4:<0.2438.0>) Dyn Var: no Match (varname=authenticity_token), 

=INFO REPORT==== 2-Mar-2011::16:08:36 ===
           ts_search:(4:<0.2454.0>) Dyn Var: no Match (varname=authenticity_token), 

=INFO REPORT==== 2-Mar-2011::16:08:38 ===
           ts_search:(4:<0.2616.0>) Dyn Var: no Match (varname=authenticity_token), 

=INFO REPORT==== 2-Mar-2011::16:08:41 ===
           ts_search:(4:<0.2469.0>) Dyn Var: no Match (varname=authenticity_token), 

=INFO REPORT==== 2-Mar-2011::16:08:41 ===
           ts_search:(4:<0.2460.0>) Dyn Var: no Match (varname=authenticity_token), 

=INFO REPORT==== 2-Mar-2011::16:08:41 ===
           ts_search:(4:<0.2450.0>) Dyn Var: no Match (varname=authenticity_token), 

=INFO REPORT==== 2-Mar-2011::16:08:42 ===
           ts_search:(4:<0.2474.0>) Dyn Var: no Match (varname=authenticity_token), 

=INFO REPORT==== 2-Mar-2011::16:08:43 ===
           ts_search:(4:<0.2622.0>) Dyn Var: no Match (varname=authenticity_token), 

=INFO REPORT==== 2-Mar-2011::16:08:46 ===
           ts_search:(4:<0.2453.0>) Dyn Var: no Match (varname=authenticity_token), 

=INFO REPORT==== 2-Mar-2011::16:08:50 ===
           ts_search:(4:<0.2487.0>) Dyn Var: no Match (varname=authenticity_token), 

=INFO REPORT==== 2-Mar-2011::16:08:55 ===
           ts_search:(4:<0.2485.0>) Dyn Var: no Match (varname=authenticity_token), 

=INFO REPORT==== 2-Mar-2011::16:08:58 ===
           ts_search:(4:<0.2498.0>) Dyn Var: no Match (varname=authenticity_token), 

=INFO REPORT==== 2-Mar-2011::16:09:06 ===
           ts_search:(4:<0.2664.0>) Dyn Var: no Match (varname=authenticity_token), 

=INFO REPORT==== 2-Mar-2011::16:09:12 ===
           ts_search:(4:<0.2527.0>) Dyn Var: no Match (varname=authenticity_token), 

=INFO REPORT==== 2-Mar-2011::16:09:14 ===
           ts_search:(4:<0.2674.0>) Dyn Var: no Match (varname=authenticity_token), 

=INFO REPORT==== 2-Mar-2011::16:09:28 ===
           ts_search:(4:<0.2541.0>) Dyn Var: no Match (varname=authenticity_token), 

=INFO REPORT==== 2-Mar-2011::16:09:28 ===
           ts_search:(4:<0.2497.0>) Dyn Var: no Match (varname=authenticity_token), 

=INFO REPORT==== 2-Mar-2011::16:09:28 ===
           ts_search:(4:<0.2537.0>) Dyn Var: no Match (varname=authenticity_token), 

=INFO REPORT==== 2-Mar-2011::16:09:29 ===
           ts_search:(4:<0.2578.0>) Dyn Var: no Match (varname=authenticity_token), 

=INFO REPORT==== 2-Mar-2011::16:09:32 ===
           ts_search:(4:<0.2581.0>) Dyn Var: no Match (varname=authenticity_token), 

=INFO REPORT==== 2-Mar-2011::16:09:35 ===
           ts_search:(4:<0.2584.0>) Dyn Var: no Match (varname=authenticity_token), 

=INFO REPORT==== 2-Mar-2011::16:09:38 ===
           ts_search:(4:<0.2580.0>) Dyn Var: no Match (varname=authenticity_token), 

=INFO REPORT==== 2-Mar-2011::16:09:39 ===
           ts_search:(4:<0.2604.0>) Dyn Var: no Match (varname=authenticity_token), 

=INFO REPORT==== 2-Mar-2011::16:09:40 ===
           ts_search:(4:<0.2590.0>) Dyn Var: no Match (varname=authenticity_token), 

=INFO REPORT==== 2-Mar-2011::16:09:52 ===
           ts_search:(4:<0.2618.0>) Dyn Var: no Match (varname=authenticity_token), 

=INFO REPORT==== 2-Mar-2011::16:09:56 ===
           ts_search:(4:<0.2582.0>) Dyn Var: no Match (varname=authenticity_token), 

=INFO REPORT==== 2-Mar-2011::16:09:56 ===
           ts_search:(4:<0.2751.0>) Dyn Var: no Match (varname=authenticity_token), 

=INFO REPORT==== 2-Mar-2011::16:09:56 ===
           ts_search:(4:<0.2616.0>) Dyn Var: no Match (varname=authenticity_token), 

=INFO REPORT==== 2-Mar-2011::16:10:02 ===
           ts_search:(4:<0.2770.0>) Dyn Var: no Match (varname=authenticity_token), 

=INFO REPORT==== 2-Mar-2011::16:10:11 ===
           ts_search:(4:<0.2797.0>) Dyn Var: no Match (varname=authenticity_token), 

=INFO REPORT==== 2-Mar-2011::16:10:16 ===
           ts_search:(4:<0.2811.0>) Dyn Var: no Match (varname=authenticity_token), 

=INFO REPORT==== 2-Mar-2011::16:10:16 ===
           ts_search:(4:<0.2622.0>) Dyn Var: no Match (varname=authenticity_token), 

=INFO REPORT==== 2-Mar-2011::16:10:20 ===
           ts_search:(4:<0.2817.0>) Dyn Var: no Match (varname=authenticity_token), 

=INFO REPORT==== 2-Mar-2011::16:10:23 ===
           ts_search:(4:<0.2823.0>) Dyn Var: no Match (varname=authenticity_token), 

=INFO REPORT==== 2-Mar-2011::16:10:25 ===
           ts_search:(4:<0.2657.0>) Dyn Var: no Match (varname=authenticity_token), 

=INFO REPORT==== 2-Mar-2011::16:10:26 ===
           ts_search:(4:<0.2830.0>) Dyn Var: no Match (varname=authenticity_token), 

=INFO REPORT==== 2-Mar-2011::16:10:27 ===
           ts_search:(4:<0.2832.0>) Dyn Var: no Match (varname=authenticity_token), 

=INFO REPORT==== 2-Mar-2011::16:10:29 ===
           ts_search:(4:<0.2834.0>) Dyn Var: no Match (varname=authenticity_token), 

=INFO REPORT==== 2-Mar-2011::16:10:32 ===
           ts_search:(4:<0.2673.0>) Dyn Var: no Match (varname=authenticity_token), 

=INFO REPORT==== 2-Mar-2011::16:10:33 ===
           ts_search:(4:<0.2835.0>) Dyn Var: no Match (varname=authenticity_token), 

=INFO REPORT==== 2-Mar-2011::16:10:34 ===
           ts_search:(4:<0.2674.0>) Dyn Var: no Match (varname=authenticity_token), 

=INFO REPORT==== 2-Mar-2011::16:10:42 ===
           ts_search:(4:<0.2664.0>) Dyn Var: no Match (varname=authenticity_token), 

=INFO REPORT==== 2-Mar-2011::16:10:43 ===
           ts_search:(4:<0.2863.0>) Dyn Var: no Match (varname=authenticity_token), 

=INFO REPORT==== 2-Mar-2011::16:10:45 ===
         ts_launcher:(5:<0.85.0>) Phase duration exceeded, but not all users were launched (30 users, 2.5% of phase)

=INFO REPORT==== 2-Mar-2011::16:10:45 ===
         ts_launcher:(5:<0.85.0>) This was the last phase, wait for connected users to finish their session

=INFO REPORT==== 2-Mar-2011::16:10:45 ===
     ts_launcher_mgr:(5:<0.80.0>) Still 316 active client(s)

=INFO REPORT==== 2-Mar-2011::16:10:47 ===
           ts_search:(4:<0.2880.0>) Dyn Var: no Match (varname=authenticity_token), 

=INFO REPORT==== 2-Mar-2011::16:10:47 ===
           ts_search:(4:<0.2875.0>) Dyn Var: no Match (varname=authenticity_token), 

=INFO REPORT==== 2-Mar-2011::16:11:02 ===
           ts_search:(4:<0.2906.0>) Dyn Var: no Match (varname=authenticity_token), 

=INFO REPORT==== 2-Mar-2011::16:11:04 ===
           ts_search:(4:<0.2724.0>) Dyn Var: no Match (varname=authenticity_token), 

=INFO REPORT==== 2-Mar-2011::16:11:10 ===
           ts_search:(4:<0.2928.0>) Dyn Var: no Match (varname=authenticity_token), 

=INFO REPORT==== 2-Mar-2011::16:11:12 ===
           ts_search:(4:<0.2933.0>) Dyn Var: no Match (varname=authenticity_token), 

=INFO REPORT==== 2-Mar-2011::16:11:13 ===
           ts_search:(4:<0.2935.0>) Dyn Var: no Match (varname=authenticity_token), 

=INFO REPORT==== 2-Mar-2011::16:11:18 ===
           ts_search:(4:<0.2939.0>) Dyn Var: no Match (varname=authenticity_token), 

=INFO REPORT==== 2-Mar-2011::16:11:19 ===
           ts_search:(4:<0.2941.0>) Dyn Var: no Match (varname=authenticity_token), 

=INFO REPORT==== 2-Mar-2011::16:11:21 ===
           ts_search:(4:<0.2954.0>) Dyn Var: no Match (varname=authenticity_token), 

=INFO REPORT==== 2-Mar-2011::16:11:22 ===
           ts_search:(4:<0.2751.0>) Dyn Var: no Match (varname=authenticity_token), 

=INFO REPORT==== 2-Mar-2011::16:11:23 ===
           ts_search:(4:<0.2960.0>) Dyn Var: no Match (varname=authenticity_token), 

=INFO REPORT==== 2-Mar-2011::16:11:25 ===
           ts_search:(4:<0.2775.0>) Dyn Var: no Match (varname=authenticity_token), 

=INFO REPORT==== 2-Mar-2011::16:11:27 ===
           ts_search:(4:<0.2744.0>) Dyn Var: no Match (varname=authenticity_token), 

=INFO REPORT==== 2-Mar-2011::16:11:29 ===
           ts_search:(4:<0.2770.0>) Dyn Var: no Match (varname=authenticity_token), 

=INFO REPORT==== 2-Mar-2011::16:11:30 ===
           ts_search:(4:<0.2771.0>) Dyn Var: no Match (varname=authenticity_token), 

=INFO REPORT==== 2-Mar-2011::16:11:34 ===
           ts_search:(4:<0.2801.0>) Dyn Var: no Match (varname=authenticity_token), 

=INFO REPORT==== 2-Mar-2011::16:11:35 ===
           ts_search:(4:<0.2802.0>) Dyn Var: no Match (varname=authenticity_token), 

=INFO REPORT==== 2-Mar-2011::16:11:45 ===
     ts_launcher_mgr:(5:<0.80.0>) Still 196 active client(s)

=INFO REPORT==== 2-Mar-2011::16:11:45 ===
           ts_search:(4:<0.2797.0>) Dyn Var: no Match (varname=authenticity_token), 

=INFO REPORT==== 2-Mar-2011::16:11:47 ===
           ts_search:(4:<0.3007.0>) Dyn Var: no Match (varname=authenticity_token), 

=INFO REPORT==== 2-Mar-2011::16:11:48 ===
           ts_search:(4:<0.2823.0>) Dyn Var: no Match (varname=authenticity_token), 

=INFO REPORT==== 2-Mar-2011::16:11:48 ===
           ts_search:(4:<0.2811.0>) Dyn Var: no Match (varname=authenticity_token), 

=INFO REPORT==== 2-Mar-2011::16:11:50 ===
           ts_search:(4:<0.2832.0>) Dyn Var: no Match (varname=authenticity_token), 

=INFO REPORT==== 2-Mar-2011::16:11:50 ===
           ts_search:(4:<0.3014.0>) Dyn Var: no Match (varname=authenticity_token), 

=INFO REPORT==== 2-Mar-2011::16:11:52 ===
           ts_search:(4:<0.2817.0>) Dyn Var: no Match (varname=authenticity_token), 

=INFO REPORT==== 2-Mar-2011::16:11:58 ===
           ts_search:(4:<0.2830.0>) Dyn Var: no Match (varname=authenticity_token), 

=INFO REPORT==== 2-Mar-2011::16:12:00 ===
           ts_search:(4:<0.2835.0>) Dyn Var: no Match (varname=authenticity_token), 

=INFO REPORT==== 2-Mar-2011::16:12:03 ===
           ts_search:(4:<0.2834.0>) Dyn Var: no Match (varname=authenticity_token), 

=INFO REPORT==== 2-Mar-2011::16:12:04 ===
           ts_search:(4:<0.2837.0>) Dyn Var: no Match (varname=authenticity_token), 

=INFO REPORT==== 2-Mar-2011::16:12:05 ===
           ts_search:(4:<0.2875.0>) Dyn Var: no Match (varname=authenticity_token), 

=INFO REPORT==== 2-Mar-2011::16:12:06 ===
           ts_search:(4:<0.2851.0>) Dyn Var: no Match (varname=authenticity_token), 

=INFO REPORT==== 2-Mar-2011::16:12:07 ===
           ts_search:(4:<0.2863.0>) Dyn Var: no Match (varname=authenticity_token), 

=INFO REPORT==== 2-Mar-2011::16:12:07 ===
           ts_search:(4:<0.2862.0>) Dyn Var: no Match (varname=authenticity_token), 

=INFO REPORT==== 2-Mar-2011::16:12:12 ===
           ts_search:(4:<0.2881.0>) Dyn Var: no Match (varname=authenticity_token), 

=INFO REPORT==== 2-Mar-2011::16:12:12 ===
           ts_search:(4:<0.2869.0>) Dyn Var: no Match (varname=authenticity_token), 

=INFO REPORT==== 2-Mar-2011::16:12:20 ===
           ts_search:(4:<0.2920.0>) Dyn Var: no Match (varname=authenticity_token), 

=INFO REPORT==== 2-Mar-2011::16:12:23 ===
           ts_search:(4:<0.2894.0>) Dyn Var: no Match (varname=authenticity_token), 

=INFO REPORT==== 2-Mar-2011::16:12:23 ===
           ts_search:(4:<0.2927.0>) Dyn Var: no Match (varname=authenticity_token), 

=INFO REPORT==== 2-Mar-2011::16:12:23 ===
           ts_search:(4:<0.2928.0>) Dyn Var: no Match (varname=authenticity_token), 

=INFO REPORT==== 2-Mar-2011::16:12:24 ===
           ts_search:(4:<0.2935.0>) Dyn Var: no Match (varname=authenticity_token), 

=INFO REPORT==== 2-Mar-2011::16:12:25 ===
           ts_search:(4:<0.2906.0>) Dyn Var: no Match (varname=authenticity_token), 

=INFO REPORT==== 2-Mar-2011::16:12:26 ===
           ts_search:(4:<0.2880.0>) Dyn Var: no Match (varname=authenticity_token), 

=INFO REPORT==== 2-Mar-2011::16:12:26 ===
           ts_search:(4:<0.2937.0>) Dyn Var: no Match (varname=authenticity_token), 

=INFO REPORT==== 2-Mar-2011::16:12:26 ===
           ts_search:(4:<0.2932.0>) Dyn Var: no Match (varname=authenticity_token), 

=INFO REPORT==== 2-Mar-2011::16:12:27 ===
           ts_search:(4:<0.2941.0>) Dyn Var: no Match (varname=authenticity_token), 

=INFO REPORT==== 2-Mar-2011::16:12:27 ===
           ts_search:(4:<0.2954.0>) Dyn Var: no Match (varname=authenticity_token), 

=INFO REPORT==== 2-Mar-2011::16:12:27 ===
           ts_search:(4:<0.2939.0>) Dyn Var: no Match (varname=authenticity_token), 

=INFO REPORT==== 2-Mar-2011::16:12:28 ===
           ts_search:(4:<0.2980.0>) Dyn Var: no Match (varname=authenticity_token), 

=INFO REPORT==== 2-Mar-2011::16:12:30 ===
           ts_search:(4:<0.2995.0>) Dyn Var: no Match (varname=authenticity_token), 

=INFO REPORT==== 2-Mar-2011::16:12:31 ===
           ts_search:(4:<0.2960.0>) Dyn Var: no Match (varname=authenticity_token), 

=INFO REPORT==== 2-Mar-2011::16:12:35 ===
           ts_search:(4:<0.2933.0>) Dyn Var: no Match (varname=authenticity_token), 

=INFO REPORT==== 2-Mar-2011::16:12:35 ===
           ts_search:(4:<0.3014.0>) Dyn Var: no Match (varname=authenticity_token), 

=INFO REPORT==== 2-Mar-2011::16:12:36 ===
           ts_search:(4:<0.3003.0>) Dyn Var: no Match (varname=authenticity_token), 

=INFO REPORT==== 2-Mar-2011::16:12:37 ===
           ts_search:(4:<0.3007.0>) Dyn Var: no Match (varname=authenticity_token), 

=INFO REPORT==== 2-Mar-2011::16:12:45 ===
     ts_launcher_mgr:(5:<0.80.0>) Still 9 active client(s)

=INFO REPORT==== 2-Mar-2011::16:13:45 ===
     ts_launcher_mgr:(5:<0.80.0>) No more active users

=INFO REPORT==== 2-Mar-2011::16:13:45 ===
              ts_mon:(5:<0.53.0>) stopping monitor (normal)
