
=INFO REPORT==== 9-Mar-2011::08:19:58 ===
    ts_config_server:(5:<0.52.0>) Config server started, logdir is "/home/ec2-user/.tsung/log/20110309-13:19"
 
=INFO REPORT==== 9-Mar-2011::08:19:58 ===
              ts_mon:(5:<0.51.0>) starting monitor, global 

=INFO REPORT==== 9-Mar-2011::08:19:58 ===
              ts_mon:(5:<0.53.0>) Init, log dir is "/home/ec2-user/.tsung/log/20110309-13:19"

=INFO REPORT==== 9-Mar-2011::08:19:58 ===
              ts_mon:(5:<0.53.0>) starting monitor

=INFO REPORT==== 9-Mar-2011::08:19:58 ===
        ts_stats_mon:(5:<0.51.0>) starting stats server, global 

=INFO REPORT==== 9-Mar-2011::08:19:58 ===
        ts_stats_mon:(5:<0.55.0>) starting ts_stats_mon stats server

=INFO REPORT==== 9-Mar-2011::08:19:58 ===
        ts_stats_mon:(5:<0.51.0>) starting request stats server, global 

=INFO REPORT==== 9-Mar-2011::08:19:58 ===
        ts_stats_mon:(5:<0.56.0>) starting dedicated stats server for request 

=INFO REPORT==== 9-Mar-2011::08:19:58 ===
        ts_stats_mon:(5:<0.51.0>) starting page stats server, global 

=INFO REPORT==== 9-Mar-2011::08:19:58 ===
        ts_stats_mon:(5:<0.57.0>) starting dedicated stats server for page 

=INFO REPORT==== 9-Mar-2011::08:19:58 ===
        ts_stats_mon:(5:<0.51.0>) starting connect stats server, global 

=INFO REPORT==== 9-Mar-2011::08:19:58 ===
        ts_stats_mon:(5:<0.58.0>) starting dedicated stats server for connect 

=INFO REPORT==== 9-Mar-2011::08:19:58 ===
        ts_stats_mon:(5:<0.51.0>) starting transaction stats server, global 

=INFO REPORT==== 9-Mar-2011::08:19:58 ===
        ts_stats_mon:(5:<0.59.0>) starting transaction stats server

=INFO REPORT==== 9-Mar-2011::08:19:58 ===
     ts_match_logger:(5:<0.51.0>) starting match logger, global 

=INFO REPORT==== 9-Mar-2011::08:19:58 ===
     ts_match_logger:(5:<0.60.0>) starting match logger

=INFO REPORT==== 9-Mar-2011::08:19:58 ===
     ts_match_logger:(5:<0.60.0>) starting match logger

=INFO REPORT==== 9-Mar-2011::08:19:58 ===
           ts_config:(5:<0.52.0>) Reading config file: /home/ec2-user/speedmetal/apps/rails2/redmine-1.1.1/tsung.xml

=INFO REPORT==== 9-Mar-2011::08:19:58 ===
           ts_config:(5:<0.52.0>) Session name for id 1 is "ensureproject"

=INFO REPORT==== 9-Mar-2011::08:19:58 ===
           ts_config:(5:<0.52.0>) Session type: persistent=true, bidi=false

=INFO REPORT==== 9-Mar-2011::08:19:58 ===
      ts_config_http:(5:<0.52.0>) Relative URL, single server 
=INFO REPORT==== 9-Mar-2011::08:19:58 ===
           ts_config:(5:<0.52.0>) Session name for id 2 is "browse_site"

=INFO REPORT==== 9-Mar-2011::08:19:58 ===
           ts_config:(5:<0.52.0>) Session type: persistent=true, bidi=false

=INFO REPORT==== 9-Mar-2011::08:19:58 ===
      ts_config_http:(5:<0.52.0>) Relative URL, single server 
=INFO REPORT==== 9-Mar-2011::08:19:58 ===
           ts_config:(5:<0.52.0>) Session name for id 3 is "create_issue"

=INFO REPORT==== 9-Mar-2011::08:19:58 ===
           ts_config:(5:<0.52.0>) Session type: persistent=true, bidi=false

=INFO REPORT==== 9-Mar-2011::08:19:58 ===
      ts_config_http:(5:<0.52.0>) Relative URL, single server 
=INFO REPORT==== 9-Mar-2011::08:19:58 ===
    ts_config_server:(5:<0.52.0>) SYSINFO:Erlang version: Erlang R14B01 (erts-5.8.2) [source] [64-bit] [smp:2:2] [rq:2] [async-threads:16] [kernel-poll:true]


=INFO REPORT==== 9-Mar-2011::08:19:58 ===
    ts_config_server:(5:<0.52.0>) SYSINFO:System architecture x86_64-redhat-linux-gnu

=INFO REPORT==== 9-Mar-2011::08:19:58 ===
    ts_config_server:(5:<0.52.0>) SYSINFO:Current path: /usr/lib/erlang/lib/tsung-1.3.3/ebin/tsung.beam

=INFO REPORT==== 9-Mar-2011::08:19:58 ===
    ts_os_mon_erlang:(5:<0.66.0>) starting os_mon_erlang with args {"server",
                                                                    {},10000,
                                                                    {global,
                                                                     ts_mon}}
=INFO REPORT==== 9-Mar-2011::08:19:58 ===
              ts_mon:(5:<0.53.0>) Activate clients with text backend

=INFO REPORT==== 9-Mar-2011::08:19:58 ===
    ts_config_server:(5:<0.74.0>) started newbeam on node tsung1@localhost 

=INFO REPORT==== 9-Mar-2011::08:19:58 ===
    ts_config_server:(5:<0.74.0>) ping tsung1@localhost pong

=INFO REPORT==== 9-Mar-2011::08:19:58 ===
    ts_config_server:(5:<0.73.0>) started newbeam on node tsung0@localhost 

=INFO REPORT==== 9-Mar-2011::08:19:58 ===
    ts_config_server:(5:<0.73.0>) ping tsung0@localhost pong

=INFO REPORT==== 9-Mar-2011::08:19:58 ===
    ts_config_server:(5:<0.52.0>) New arrival phase 1 for client "localhost": will start 60.0 users

=INFO REPORT==== 9-Mar-2011::08:19:58 ===
    ts_config_server:(5:<0.52.0>) New arrival phase 2 for client "localhost": will start 120.0 users

=INFO REPORT==== 9-Mar-2011::08:19:58 ===
    ts_config_server:(5:<0.52.0>) New arrival phase 3 for client "localhost": will start 180.0 users

=INFO REPORT==== 9-Mar-2011::08:19:58 ===
    ts_config_server:(5:<0.52.0>) New arrival phase 4 for client "localhost": will start 240.0 users

=INFO REPORT==== 9-Mar-2011::08:19:58 ===
    ts_config_server:(5:<0.52.0>) New arrival phase 5 for client "localhost": will start 300.0 users

=INFO REPORT==== 9-Mar-2011::08:19:58 ===
    ts_config_server:(5:<0.52.0>) New arrival phase 6 for client "localhost": will start 1050.0 users

=INFO REPORT==== 9-Mar-2011::08:19:58 ===
    ts_config_server:(5:<0.52.0>) New arrival phase 7 for client "localhost": will start 1.5e3 users

=INFO REPORT==== 9-Mar-2011::08:19:58 ===
    ts_config_server:(5:<0.52.0>) New arrival phase 8 for client "localhost": will start 2.7e4 users

=INFO REPORT==== 9-Mar-2011::08:19:59 ===
    ts_config_server:(5:<0.52.0>) New arrival phase 1 for client "localhost": will start 60.0 users

=INFO REPORT==== 9-Mar-2011::08:19:59 ===
    ts_config_server:(5:<0.52.0>) New arrival phase 2 for client "localhost": will start 120.0 users

=INFO REPORT==== 9-Mar-2011::08:19:59 ===
    ts_config_server:(5:<0.52.0>) New arrival phase 3 for client "localhost": will start 180.0 users

=INFO REPORT==== 9-Mar-2011::08:19:59 ===
    ts_config_server:(5:<0.52.0>) New arrival phase 4 for client "localhost": will start 240.0 users

=INFO REPORT==== 9-Mar-2011::08:19:59 ===
    ts_config_server:(5:<0.52.0>) New arrival phase 5 for client "localhost": will start 300.0 users

=INFO REPORT==== 9-Mar-2011::08:19:59 ===
    ts_config_server:(5:<0.52.0>) New arrival phase 6 for client "localhost": will start 1050.0 users

=INFO REPORT==== 9-Mar-2011::08:19:59 ===
    ts_config_server:(5:<0.52.0>) New arrival phase 7 for client "localhost": will start 1.5e3 users

=INFO REPORT==== 9-Mar-2011::08:19:59 ===
    ts_config_server:(5:<0.52.0>) New arrival phase 8 for client "localhost": will start 2.7e4 users

=INFO REPORT==== 9-Mar-2011::08:20:00 ===
    ts_os_mon_erlang:(5:<0.71.0>) loading tsung monitor on nodes [os_mon@server]

=INFO REPORT==== 9-Mar-2011::08:37:17 ===
    ts_config_server:(5:<0.316.0>) started newbeam on node tsung2@localhost 

=INFO REPORT==== 9-Mar-2011::08:37:17 ===
    ts_config_server:(5:<0.316.0>) ping tsung2@localhost pong

=INFO REPORT==== 9-Mar-2011::08:39:01 ===
    ts_config_server:(5:<0.348.0>) started newbeam on node tsung3@localhost 

=INFO REPORT==== 9-Mar-2011::08:39:01 ===
    ts_config_server:(5:<0.348.0>) ping tsung3@localhost pong

=INFO REPORT==== 9-Mar-2011::08:39:51 ===
    ts_config_server:(5:<0.369.0>) started newbeam on node tsung4@localhost 

=INFO REPORT==== 9-Mar-2011::08:39:51 ===
    ts_config_server:(5:<0.369.0>) ping tsung4@localhost pong

=INFO REPORT==== 9-Mar-2011::08:41:05 ===
    ts_config_server:(5:<0.395.0>) started newbeam on node tsung5@localhost 

=INFO REPORT==== 9-Mar-2011::08:41:05 ===
    ts_config_server:(5:<0.395.0>) ping tsung5@localhost pong

=INFO REPORT==== 9-Mar-2011::08:41:35 ===
    ts_config_server:(5:<0.412.0>) started newbeam on node tsung6@localhost 

=INFO REPORT==== 9-Mar-2011::08:41:35 ===
    ts_config_server:(5:<0.412.0>) ping tsung6@localhost pong

=INFO REPORT==== 9-Mar-2011::08:42:59 ===
    ts_config_server:(5:<0.440.0>) started newbeam on node tsung7@localhost 

=INFO REPORT==== 9-Mar-2011::08:42:59 ===
    ts_config_server:(5:<0.440.0>) ping tsung7@localhost pong

=INFO REPORT==== 9-Mar-2011::08:43:23 ===
    ts_config_server:(5:<0.455.0>) started newbeam on node tsung8@localhost 

=INFO REPORT==== 9-Mar-2011::08:43:23 ===
    ts_config_server:(5:<0.455.0>) ping tsung8@localhost pong

=INFO REPORT==== 9-Mar-2011::08:44:49 ===
    ts_config_server:(5:<0.484.0>) started newbeam on node tsung9@localhost 

=INFO REPORT==== 9-Mar-2011::08:44:49 ===
    ts_config_server:(5:<0.484.0>) ping tsung9@localhost pong

=INFO REPORT==== 9-Mar-2011::08:45:10 ===
    ts_config_server:(5:<0.499.0>) started newbeam on node tsung10@localhost 

=INFO REPORT==== 9-Mar-2011::08:45:10 ===
    ts_config_server:(5:<0.499.0>) ping tsung10@localhost pong

=INFO REPORT==== 9-Mar-2011::08:46:16 ===
              ts_mon:(5:<0.53.0>) A launcher has finished, but not all users have finished, wait before stopping

=INFO REPORT==== 9-Mar-2011::08:46:39 ===
    ts_config_server:(5:<0.528.0>) started newbeam on node tsung11@localhost 

=INFO REPORT==== 9-Mar-2011::08:46:39 ===
    ts_config_server:(5:<0.528.0>) ping tsung11@localhost pong

=INFO REPORT==== 9-Mar-2011::08:46:57 ===
    ts_config_server:(5:<0.542.0>) started newbeam on node tsung12@localhost 

=INFO REPORT==== 9-Mar-2011::08:46:57 ===
    ts_config_server:(5:<0.542.0>) ping tsung12@localhost pong

=INFO REPORT==== 9-Mar-2011::08:48:00 ===
              ts_mon:(5:<0.53.0>) A launcher has finished, but not all users have finished, wait before stopping

=INFO REPORT==== 9-Mar-2011::08:48:29 ===
    ts_config_server:(5:<0.572.0>) started newbeam on node tsung13@localhost 

=INFO REPORT==== 9-Mar-2011::08:48:29 ===
    ts_config_server:(5:<0.572.0>) ping tsung13@localhost pong

=INFO REPORT==== 9-Mar-2011::08:48:44 ===
    ts_config_server:(5:<0.585.0>) started newbeam on node tsung14@localhost 

=INFO REPORT==== 9-Mar-2011::08:48:44 ===
    ts_config_server:(5:<0.585.0>) ping tsung14@localhost pong

=INFO REPORT==== 9-Mar-2011::08:50:19 ===
    ts_config_server:(5:<0.616.0>) started newbeam on node tsung15@localhost 

=INFO REPORT==== 9-Mar-2011::08:50:19 ===
    ts_config_server:(5:<0.616.0>) ping tsung15@localhost pong

=INFO REPORT==== 9-Mar-2011::08:50:32 ===
    ts_config_server:(5:<0.629.0>) started newbeam on node tsung16@localhost 

=INFO REPORT==== 9-Mar-2011::08:50:32 ===
    ts_config_server:(5:<0.629.0>) ping tsung16@localhost pong

=INFO REPORT==== 9-Mar-2011::08:52:06 ===
    ts_config_server:(5:<0.658.0>) started newbeam on node tsung17@localhost 

=INFO REPORT==== 9-Mar-2011::08:52:06 ===
    ts_config_server:(5:<0.658.0>) ping tsung17@localhost pong

=INFO REPORT==== 9-Mar-2011::08:52:23 ===
    ts_config_server:(5:<0.673.0>) started newbeam on node tsung18@localhost 

=INFO REPORT==== 9-Mar-2011::08:52:23 ===
    ts_config_server:(5:<0.673.0>) ping tsung18@localhost pong

=INFO REPORT==== 9-Mar-2011::08:53:55 ===
    ts_config_server:(5:<0.702.0>) started newbeam on node tsung19@localhost 

=INFO REPORT==== 9-Mar-2011::08:53:55 ===
    ts_config_server:(5:<0.702.0>) ping tsung19@localhost pong

=INFO REPORT==== 9-Mar-2011::08:54:15 ===
    ts_config_server:(5:<0.717.0>) started newbeam on node tsung20@localhost 

=INFO REPORT==== 9-Mar-2011::08:54:15 ===
    ts_config_server:(5:<0.717.0>) ping tsung20@localhost pong

=INFO REPORT==== 9-Mar-2011::08:55:45 ===
    ts_config_server:(5:<0.746.0>) started newbeam on node tsung21@localhost 

=INFO REPORT==== 9-Mar-2011::08:55:45 ===
    ts_config_server:(5:<0.746.0>) ping tsung21@localhost pong

=INFO REPORT==== 9-Mar-2011::08:56:03 ===
    ts_config_server:(5:<0.761.0>) started newbeam on node tsung22@localhost 

=INFO REPORT==== 9-Mar-2011::08:56:03 ===
    ts_config_server:(5:<0.761.0>) ping tsung22@localhost pong

=INFO REPORT==== 9-Mar-2011::08:57:34 ===
    ts_config_server:(5:<0.790.0>) started newbeam on node tsung23@localhost 

=INFO REPORT==== 9-Mar-2011::08:57:34 ===
    ts_config_server:(5:<0.790.0>) ping tsung23@localhost pong

=INFO REPORT==== 9-Mar-2011::08:57:46 ===
    ts_config_server:(5:<0.803.0>) started newbeam on node tsung24@localhost 

=INFO REPORT==== 9-Mar-2011::08:57:46 ===
    ts_config_server:(5:<0.803.0>) ping tsung24@localhost pong

=INFO REPORT==== 9-Mar-2011::08:59:22 ===
    ts_config_server:(5:<0.834.0>) started newbeam on node tsung25@localhost 

=INFO REPORT==== 9-Mar-2011::08:59:22 ===
    ts_config_server:(5:<0.834.0>) ping tsung25@localhost pong

=INFO REPORT==== 9-Mar-2011::08:59:36 ===
    ts_config_server:(5:<0.847.0>) started newbeam on node tsung26@localhost 

=INFO REPORT==== 9-Mar-2011::08:59:36 ===
    ts_config_server:(5:<0.847.0>) ping tsung26@localhost pong

=INFO REPORT==== 9-Mar-2011::09:01:13 ===
    ts_config_server:(5:<0.878.0>) started newbeam on node tsung27@localhost 

=INFO REPORT==== 9-Mar-2011::09:01:13 ===
    ts_config_server:(5:<0.878.0>) ping tsung27@localhost pong

=INFO REPORT==== 9-Mar-2011::09:01:25 ===
    ts_config_server:(5:<0.891.0>) started newbeam on node tsung28@localhost 

=INFO REPORT==== 9-Mar-2011::09:01:25 ===
    ts_config_server:(5:<0.891.0>) ping tsung28@localhost pong

=INFO REPORT==== 9-Mar-2011::09:03:01 ===
    ts_config_server:(5:<0.922.0>) started newbeam on node tsung29@localhost 

=INFO REPORT==== 9-Mar-2011::09:03:01 ===
    ts_config_server:(5:<0.922.0>) ping tsung29@localhost pong

=INFO REPORT==== 9-Mar-2011::09:03:12 ===
    ts_config_server:(5:<0.935.0>) started newbeam on node tsung30@localhost 

=INFO REPORT==== 9-Mar-2011::09:03:12 ===
    ts_config_server:(5:<0.935.0>) ping tsung30@localhost pong

=INFO REPORT==== 9-Mar-2011::09:04:54 ===
    ts_config_server:(5:<0.966.0>) started newbeam on node tsung31@localhost 

=INFO REPORT==== 9-Mar-2011::09:04:54 ===
    ts_config_server:(5:<0.966.0>) ping tsung31@localhost pong

=INFO REPORT==== 9-Mar-2011::09:04:58 ===
    ts_config_server:(5:<0.977.0>) started newbeam on node tsung32@localhost 

=INFO REPORT==== 9-Mar-2011::09:04:58 ===
    ts_config_server:(5:<0.977.0>) ping tsung32@localhost pong

=INFO REPORT==== 9-Mar-2011::09:06:37 ===
    ts_config_server:(5:<0.1008.0>) started newbeam on node tsung33@localhost 

=INFO REPORT==== 9-Mar-2011::09:06:37 ===
    ts_config_server:(5:<0.1008.0>) ping tsung33@localhost pong

=INFO REPORT==== 9-Mar-2011::09:06:46 ===
    ts_config_server:(5:<0.1021.0>) started newbeam on node tsung34@localhost 

=INFO REPORT==== 9-Mar-2011::09:06:46 ===
    ts_config_server:(5:<0.1021.0>) ping tsung34@localhost pong

=INFO REPORT==== 9-Mar-2011::09:08:25 ===
    ts_config_server:(5:<0.1052.0>) started newbeam on node tsung35@localhost 

=INFO REPORT==== 9-Mar-2011::09:08:25 ===
    ts_config_server:(5:<0.1052.0>) ping tsung35@localhost pong

=INFO REPORT==== 9-Mar-2011::09:08:26 ===
    ts_config_server:(5:<0.1056.0>) started newbeam on node tsung36@localhost 

=INFO REPORT==== 9-Mar-2011::09:08:26 ===
    ts_config_server:(5:<0.1056.0>) ping tsung36@localhost pong

=INFO REPORT==== 9-Mar-2011::09:10:10 ===
    ts_config_server:(5:<0.1096.0>) started newbeam on node tsung37@localhost 

=INFO REPORT==== 9-Mar-2011::09:10:10 ===
    ts_config_server:(5:<0.1096.0>) ping tsung37@localhost pong

=INFO REPORT==== 9-Mar-2011::09:10:17 ===
    ts_config_server:(5:<0.1107.0>) started newbeam on node tsung38@localhost 

=INFO REPORT==== 9-Mar-2011::09:10:17 ===
    ts_config_server:(5:<0.1107.0>) ping tsung38@localhost pong

=INFO REPORT==== 9-Mar-2011::09:12:02 ===
    ts_config_server:(5:<0.1140.0>) started newbeam on node tsung39@localhost 

=INFO REPORT==== 9-Mar-2011::09:12:02 ===
    ts_config_server:(5:<0.1140.0>) ping tsung39@localhost pong

=INFO REPORT==== 9-Mar-2011::09:12:02 ===
    ts_config_server:(5:<0.1151.0>) started newbeam on node tsung40@localhost 

=INFO REPORT==== 9-Mar-2011::09:12:02 ===
    ts_config_server:(5:<0.1151.0>) ping tsung40@localhost pong

=INFO REPORT==== 9-Mar-2011::09:13:50 ===
    ts_config_server:(5:<0.1183.0>) started newbeam on node tsung41@localhost 

=INFO REPORT==== 9-Mar-2011::09:13:50 ===
    ts_config_server:(5:<0.1183.0>) ping tsung41@localhost pong

=INFO REPORT==== 9-Mar-2011::09:14:00 ===
    ts_config_server:(5:<0.1196.0>) started newbeam on node tsung42@localhost 

=INFO REPORT==== 9-Mar-2011::09:14:00 ===
    ts_config_server:(5:<0.1196.0>) ping tsung42@localhost pong

=INFO REPORT==== 9-Mar-2011::09:15:43 ===
    ts_config_server:(5:<0.1228.0>) started newbeam on node tsung43@localhost 

=INFO REPORT==== 9-Mar-2011::09:15:43 ===
    ts_config_server:(5:<0.1228.0>) ping tsung43@localhost pong

=INFO REPORT==== 9-Mar-2011::09:15:53 ===
    ts_config_server:(5:<0.1241.0>) started newbeam on node tsung44@localhost 

=INFO REPORT==== 9-Mar-2011::09:15:53 ===
    ts_config_server:(5:<0.1241.0>) ping tsung44@localhost pong

=INFO REPORT==== 9-Mar-2011::09:17:36 ===
    ts_config_server:(5:<0.1272.0>) started newbeam on node tsung45@localhost 

=INFO REPORT==== 9-Mar-2011::09:17:36 ===
    ts_config_server:(5:<0.1272.0>) ping tsung45@localhost pong

=INFO REPORT==== 9-Mar-2011::09:17:44 ===
    ts_config_server:(5:<0.1285.0>) started newbeam on node tsung46@localhost 

=INFO REPORT==== 9-Mar-2011::09:17:44 ===
    ts_config_server:(5:<0.1285.0>) ping tsung46@localhost pong

=INFO REPORT==== 9-Mar-2011::09:19:23 ===
    ts_config_server:(5:<0.1316.0>) started newbeam on node tsung47@localhost 

=INFO REPORT==== 9-Mar-2011::09:19:23 ===
    ts_config_server:(5:<0.1316.0>) ping tsung47@localhost pong

=INFO REPORT==== 9-Mar-2011::09:19:35 ===
    ts_config_server:(5:<0.1329.0>) started newbeam on node tsung48@localhost 

=INFO REPORT==== 9-Mar-2011::09:19:35 ===
    ts_config_server:(5:<0.1329.0>) ping tsung48@localhost pong

=INFO REPORT==== 9-Mar-2011::09:21:18 ===
    ts_config_server:(5:<0.1360.0>) started newbeam on node tsung49@localhost 

=INFO REPORT==== 9-Mar-2011::09:21:18 ===
    ts_config_server:(5:<0.1360.0>) ping tsung49@localhost pong

=INFO REPORT==== 9-Mar-2011::09:21:26 ===
    ts_config_server:(5:<0.1373.0>) started newbeam on node tsung50@localhost 

=INFO REPORT==== 9-Mar-2011::09:21:26 ===
    ts_config_server:(5:<0.1373.0>) ping tsung50@localhost pong

=INFO REPORT==== 9-Mar-2011::09:23:01 ===
    ts_config_server:(5:<0.1403.0>) started newbeam on node tsung51@localhost 

=INFO REPORT==== 9-Mar-2011::09:23:01 ===
    ts_config_server:(5:<0.1403.0>) ping tsung51@localhost pong

=INFO REPORT==== 9-Mar-2011::09:23:14 ===
    ts_config_server:(5:<0.1417.0>) started newbeam on node tsung52@localhost 

=INFO REPORT==== 9-Mar-2011::09:23:14 ===
    ts_config_server:(5:<0.1417.0>) ping tsung52@localhost pong

=INFO REPORT==== 9-Mar-2011::09:25:16 ===
    ts_config_server:(0:<0.1446.0>) Can't start newbeam on host localhost (reason: timeout) ! Aborting!

=INFO REPORT==== 9-Mar-2011::09:25:16 ===
    ts_config_server:(0:<0.52.0>) Abort ! 

=INFO REPORT==== 9-Mar-2011::09:25:16 ===
              ts_mon:(0:<0.53.0>) Aborting by request !

=INFO REPORT==== 9-Mar-2011::09:25:16 ===
              ts_mon:(5:<0.53.0>) stopping monitor (abort)
