
=INFO REPORT==== 12-Mar-2011::09:13:38 ===
    ts_config_server:(5:<0.52.0>) Config server started, logdir is "/home/ec2-user/.tsung/log/20110312-14:13"
 
=INFO REPORT==== 12-Mar-2011::09:13:38 ===
              ts_mon:(5:<0.51.0>) starting monitor, global 

=INFO REPORT==== 12-Mar-2011::09:13:38 ===
              ts_mon:(5:<0.53.0>) Init, log dir is "/home/ec2-user/.tsung/log/20110312-14:13"

=INFO REPORT==== 12-Mar-2011::09:13:38 ===
              ts_mon:(5:<0.53.0>) starting monitor

=INFO REPORT==== 12-Mar-2011::09:13:38 ===
        ts_stats_mon:(5:<0.51.0>) starting stats server, global 

=INFO REPORT==== 12-Mar-2011::09:13:38 ===
        ts_stats_mon:(5:<0.55.0>) starting ts_stats_mon stats server

=INFO REPORT==== 12-Mar-2011::09:13:38 ===
        ts_stats_mon:(5:<0.51.0>) starting request stats server, global 

=INFO REPORT==== 12-Mar-2011::09:13:38 ===
        ts_stats_mon:(5:<0.56.0>) starting dedicated stats server for request 

=INFO REPORT==== 12-Mar-2011::09:13:38 ===
        ts_stats_mon:(5:<0.51.0>) starting page stats server, global 

=INFO REPORT==== 12-Mar-2011::09:13:38 ===
        ts_stats_mon:(5:<0.57.0>) starting dedicated stats server for page 

=INFO REPORT==== 12-Mar-2011::09:13:38 ===
        ts_stats_mon:(5:<0.51.0>) starting connect stats server, global 

=INFO REPORT==== 12-Mar-2011::09:13:38 ===
        ts_stats_mon:(5:<0.58.0>) starting dedicated stats server for connect 

=INFO REPORT==== 12-Mar-2011::09:13:38 ===
        ts_stats_mon:(5:<0.51.0>) starting transaction stats server, global 

=INFO REPORT==== 12-Mar-2011::09:13:38 ===
        ts_stats_mon:(5:<0.59.0>) starting transaction stats server

=INFO REPORT==== 12-Mar-2011::09:13:38 ===
     ts_match_logger:(5:<0.51.0>) starting match logger, global 

=INFO REPORT==== 12-Mar-2011::09:13:38 ===
     ts_match_logger:(5:<0.60.0>) starting match logger

=INFO REPORT==== 12-Mar-2011::09:13:38 ===
     ts_match_logger:(5:<0.60.0>) starting match logger

=INFO REPORT==== 12-Mar-2011::09:13:38 ===
           ts_config:(5:<0.52.0>) Reading config file: /home/ec2-user/speedmetal/apps/rails2/redmine-1.1.1/tsung.xml

=INFO REPORT==== 12-Mar-2011::09:13:38 ===
           ts_config:(5:<0.52.0>) Session name for id 1 is "ensureproject"

=INFO REPORT==== 12-Mar-2011::09:13:38 ===
           ts_config:(5:<0.52.0>) Session type: persistent=true, bidi=false

=INFO REPORT==== 12-Mar-2011::09:13:38 ===
      ts_config_http:(5:<0.52.0>) Relative URL, single server 
=INFO REPORT==== 12-Mar-2011::09:13:38 ===
           ts_config:(5:<0.52.0>) Session name for id 2 is "browse_site"

=INFO REPORT==== 12-Mar-2011::09:13:38 ===
           ts_config:(5:<0.52.0>) Session type: persistent=true, bidi=false

=INFO REPORT==== 12-Mar-2011::09:13:38 ===
      ts_config_http:(5:<0.52.0>) Relative URL, single server 
=INFO REPORT==== 12-Mar-2011::09:13:38 ===
           ts_config:(5:<0.52.0>) Session name for id 3 is "create_issue"

=INFO REPORT==== 12-Mar-2011::09:13:38 ===
           ts_config:(5:<0.52.0>) Session type: persistent=true, bidi=false

=INFO REPORT==== 12-Mar-2011::09:13:38 ===
      ts_config_http:(5:<0.52.0>) Relative URL, single server 
=INFO REPORT==== 12-Mar-2011::09:13:38 ===
    ts_config_server:(5:<0.52.0>) SYSINFO:Erlang version: Erlang R14B01 (erts-5.8.2) [source] [64-bit] [smp:2:2] [rq:2] [async-threads:16] [kernel-poll:true]


=INFO REPORT==== 12-Mar-2011::09:13:38 ===
    ts_config_server:(5:<0.52.0>) SYSINFO:System architecture x86_64-redhat-linux-gnu

=INFO REPORT==== 12-Mar-2011::09:13:38 ===
    ts_config_server:(5:<0.52.0>) SYSINFO:Current path: /usr/lib/erlang/lib/tsung-1.3.3/ebin/tsung.beam

=INFO REPORT==== 12-Mar-2011::09:13:38 ===
    ts_os_mon_erlang:(5:<0.66.0>) starting os_mon_erlang with args {"server",
                                                                    {},10000,
                                                                    {global,
                                                                     ts_mon}}
=INFO REPORT==== 12-Mar-2011::09:13:38 ===
              ts_mon:(5:<0.53.0>) Activate clients with text backend

=INFO REPORT==== 12-Mar-2011::09:13:38 ===
    ts_config_server:(5:<0.74.0>) started newbeam on node tsung1@localhost 

=INFO REPORT==== 12-Mar-2011::09:13:38 ===
    ts_config_server:(5:<0.74.0>) ping tsung1@localhost pong

=INFO REPORT==== 12-Mar-2011::09:13:38 ===
    ts_config_server:(5:<0.73.0>) started newbeam on node tsung0@localhost 

=INFO REPORT==== 12-Mar-2011::09:13:38 ===
    ts_config_server:(5:<0.73.0>) ping tsung0@localhost pong

=INFO REPORT==== 12-Mar-2011::09:13:38 ===
    ts_config_server:(5:<0.52.0>) New arrival phase 1 for client "localhost": will start 120.0 users

=INFO REPORT==== 12-Mar-2011::09:13:38 ===
    ts_config_server:(5:<0.52.0>) New arrival phase 2 for client "localhost": will start 240.0 users

=INFO REPORT==== 12-Mar-2011::09:13:38 ===
    ts_config_server:(5:<0.52.0>) New arrival phase 3 for client "localhost": will start 360.0 users

=INFO REPORT==== 12-Mar-2011::09:13:38 ===
    ts_config_server:(5:<0.52.0>) New arrival phase 4 for client "localhost": will start 480.0 users

=INFO REPORT==== 12-Mar-2011::09:13:38 ===
    ts_config_server:(5:<0.52.0>) New arrival phase 5 for client "localhost": will start 600.0 users

=INFO REPORT==== 12-Mar-2011::09:13:38 ===
    ts_config_server:(5:<0.52.0>) New arrival phase 6 for client "localhost": will start 4.5e3 users

=INFO REPORT==== 12-Mar-2011::09:13:38 ===
    ts_config_server:(5:<0.52.0>) New arrival phase 7 for client "localhost": will start 6.0e3 users

=INFO REPORT==== 12-Mar-2011::09:13:38 ===
    ts_config_server:(5:<0.52.0>) New arrival phase 8 for client "localhost": will start 7.5e3 users

=INFO REPORT==== 12-Mar-2011::09:13:38 ===
    ts_config_server:(5:<0.52.0>) New arrival phase 9 for client "localhost": will start 9.0e3 users

=INFO REPORT==== 12-Mar-2011::09:13:38 ===
    ts_config_server:(5:<0.52.0>) New arrival phase 10 for client "localhost": will start 10500.000000000002 users

=INFO REPORT==== 12-Mar-2011::09:13:38 ===
    ts_config_server:(5:<0.52.0>) New arrival phase 11 for client "localhost": will start 1.2e4 users

=INFO REPORT==== 12-Mar-2011::09:13:38 ===
    ts_config_server:(5:<0.52.0>) New arrival phase 12 for client "localhost": will start 1.35e4 users

=INFO REPORT==== 12-Mar-2011::09:13:38 ===
    ts_config_server:(5:<0.52.0>) New arrival phase 1 for client "localhost": will start 120.0 users

=INFO REPORT==== 12-Mar-2011::09:13:38 ===
    ts_config_server:(5:<0.52.0>) New arrival phase 2 for client "localhost": will start 240.0 users

=INFO REPORT==== 12-Mar-2011::09:13:38 ===
    ts_config_server:(5:<0.52.0>) New arrival phase 3 for client "localhost": will start 360.0 users

=INFO REPORT==== 12-Mar-2011::09:13:38 ===
    ts_config_server:(5:<0.52.0>) New arrival phase 4 for client "localhost": will start 480.0 users

=INFO REPORT==== 12-Mar-2011::09:13:38 ===
    ts_config_server:(5:<0.52.0>) New arrival phase 5 for client "localhost": will start 600.0 users

=INFO REPORT==== 12-Mar-2011::09:13:38 ===
    ts_config_server:(5:<0.52.0>) New arrival phase 6 for client "localhost": will start 4.5e3 users

=INFO REPORT==== 12-Mar-2011::09:13:38 ===
    ts_config_server:(5:<0.52.0>) New arrival phase 7 for client "localhost": will start 6.0e3 users

=INFO REPORT==== 12-Mar-2011::09:13:38 ===
    ts_config_server:(5:<0.52.0>) New arrival phase 8 for client "localhost": will start 7.5e3 users

=INFO REPORT==== 12-Mar-2011::09:13:38 ===
    ts_config_server:(5:<0.52.0>) New arrival phase 9 for client "localhost": will start 9.0e3 users

=INFO REPORT==== 12-Mar-2011::09:13:38 ===
    ts_config_server:(5:<0.52.0>) New arrival phase 10 for client "localhost": will start 10500.000000000002 users

=INFO REPORT==== 12-Mar-2011::09:13:38 ===
    ts_config_server:(5:<0.52.0>) New arrival phase 11 for client "localhost": will start 1.2e4 users

=INFO REPORT==== 12-Mar-2011::09:13:38 ===
    ts_config_server:(5:<0.52.0>) New arrival phase 12 for client "localhost": will start 1.35e4 users

=INFO REPORT==== 12-Mar-2011::09:13:40 ===
    ts_os_mon_erlang:(5:<0.71.0>) loading tsung monitor on nodes [os_mon@server]

=INFO REPORT==== 12-Mar-2011::09:32:35 ===
    ts_config_server:(5:<0.335.0>) started newbeam on node tsung2@localhost 

=INFO REPORT==== 12-Mar-2011::09:32:35 ===
    ts_config_server:(5:<0.335.0>) ping tsung2@localhost pong

=INFO REPORT==== 12-Mar-2011::09:32:42 ===
    ts_config_server:(5:<0.348.0>) started newbeam on node tsung3@localhost 

=INFO REPORT==== 12-Mar-2011::09:32:42 ===
    ts_config_server:(5:<0.348.0>) ping tsung3@localhost pong

=INFO REPORT==== 12-Mar-2011::09:34:13 ===
    ts_config_server:(5:<0.377.0>) started newbeam on node tsung4@localhost 

=INFO REPORT==== 12-Mar-2011::09:34:13 ===
    ts_config_server:(5:<0.377.0>) ping tsung4@localhost pong

=INFO REPORT==== 12-Mar-2011::09:34:35 ===
    ts_config_server:(5:<0.392.0>) started newbeam on node tsung5@localhost 

=INFO REPORT==== 12-Mar-2011::09:34:35 ===
    ts_config_server:(5:<0.392.0>) ping tsung5@localhost pong

=INFO REPORT==== 12-Mar-2011::09:35:37 ===
    ts_config_server:(5:<0.415.0>) started newbeam on node tsung6@localhost 

=INFO REPORT==== 12-Mar-2011::09:35:37 ===
    ts_config_server:(5:<0.415.0>) ping tsung6@localhost pong

=INFO REPORT==== 12-Mar-2011::09:36:11 ===
    ts_config_server:(5:<0.434.0>) started newbeam on node tsung7@localhost 

=INFO REPORT==== 12-Mar-2011::09:36:11 ===
    ts_config_server:(5:<0.434.0>) ping tsung7@localhost pong

=INFO REPORT==== 12-Mar-2011::09:37:03 ===
    ts_config_server:(5:<0.455.0>) started newbeam on node tsung8@localhost 

=INFO REPORT==== 12-Mar-2011::09:37:03 ===
    ts_config_server:(5:<0.455.0>) ping tsung8@localhost pong

=INFO REPORT==== 12-Mar-2011::09:37:35 ===
    ts_config_server:(5:<0.472.0>) started newbeam on node tsung9@localhost 

=INFO REPORT==== 12-Mar-2011::09:37:35 ===
    ts_config_server:(5:<0.472.0>) ping tsung9@localhost pong

=INFO REPORT==== 12-Mar-2011::09:38:28 ===
    ts_config_server:(5:<0.493.0>) started newbeam on node tsung10@localhost 

=INFO REPORT==== 12-Mar-2011::09:38:28 ===
    ts_config_server:(5:<0.493.0>) ping tsung10@localhost pong

=INFO REPORT==== 12-Mar-2011::09:38:57 ===
    ts_config_server:(5:<0.510.0>) started newbeam on node tsung11@localhost 

=INFO REPORT==== 12-Mar-2011::09:38:57 ===
    ts_config_server:(5:<0.510.0>) ping tsung11@localhost pong

=INFO REPORT==== 12-Mar-2011::09:39:49 ===
    ts_config_server:(5:<0.532.0>) started newbeam on node tsung12@localhost 

=INFO REPORT==== 12-Mar-2011::09:39:49 ===
    ts_config_server:(5:<0.532.0>) ping tsung12@localhost pong

=INFO REPORT==== 12-Mar-2011::09:40:25 ===
    ts_config_server:(5:<0.550.0>) started newbeam on node tsung13@localhost 

=INFO REPORT==== 12-Mar-2011::09:40:25 ===
    ts_config_server:(5:<0.550.0>) ping tsung13@localhost pong

=INFO REPORT==== 12-Mar-2011::09:41:15 ===
    ts_config_server:(5:<0.571.0>) started newbeam on node tsung14@localhost 

=INFO REPORT==== 12-Mar-2011::09:41:15 ===
    ts_config_server:(5:<0.571.0>) ping tsung14@localhost pong

=INFO REPORT==== 12-Mar-2011::09:41:51 ===
    ts_config_server:(5:<0.589.0>) started newbeam on node tsung15@localhost 

=INFO REPORT==== 12-Mar-2011::09:41:51 ===
    ts_config_server:(5:<0.589.0>) ping tsung15@localhost pong

=INFO REPORT==== 12-Mar-2011::09:42:33 ===
    ts_config_server:(5:<0.608.0>) started newbeam on node tsung16@localhost 

=INFO REPORT==== 12-Mar-2011::09:42:33 ===
    ts_config_server:(5:<0.608.0>) ping tsung16@localhost pong

=INFO REPORT==== 12-Mar-2011::09:43:17 ===
    ts_config_server:(5:<0.628.0>) started newbeam on node tsung17@localhost 

=INFO REPORT==== 12-Mar-2011::09:43:17 ===
    ts_config_server:(5:<0.628.0>) ping tsung17@localhost pong

=INFO REPORT==== 12-Mar-2011::09:43:41 ===
              ts_mon:(5:<0.53.0>) A launcher has finished, but not all users have finished, wait before stopping

=INFO REPORT==== 12-Mar-2011::09:43:55 ===
    ts_config_server:(5:<0.647.0>) started newbeam on node tsung18@localhost 

=INFO REPORT==== 12-Mar-2011::09:43:55 ===
    ts_config_server:(5:<0.647.0>) ping tsung18@localhost pong

=INFO REPORT==== 12-Mar-2011::09:44:31 ===
    ts_config_server:(5:<0.665.0>) started newbeam on node tsung19@localhost 

=INFO REPORT==== 12-Mar-2011::09:44:31 ===
    ts_config_server:(5:<0.665.0>) ping tsung19@localhost pong

=INFO REPORT==== 12-Mar-2011::09:44:35 ===
              ts_mon:(5:<0.53.0>) A launcher has finished, but not all users have finished, wait before stopping

=INFO REPORT==== 12-Mar-2011::09:45:02 ===
    ts_config_server:(5:<0.682.0>) started newbeam on node tsung20@localhost 

=INFO REPORT==== 12-Mar-2011::09:45:02 ===
    ts_config_server:(5:<0.682.0>) ping tsung20@localhost pong

=INFO REPORT==== 12-Mar-2011::09:45:38 ===
    ts_config_server:(5:<0.700.0>) started newbeam on node tsung21@localhost 

=INFO REPORT==== 12-Mar-2011::09:45:38 ===
    ts_config_server:(5:<0.700.0>) ping tsung21@localhost pong

=INFO REPORT==== 12-Mar-2011::09:46:07 ===
    ts_config_server:(5:<0.717.0>) started newbeam on node tsung22@localhost 

=INFO REPORT==== 12-Mar-2011::09:46:07 ===
    ts_config_server:(5:<0.717.0>) ping tsung22@localhost pong

=INFO REPORT==== 12-Mar-2011::09:46:42 ===
    ts_config_server:(5:<0.735.0>) started newbeam on node tsung23@localhost 

=INFO REPORT==== 12-Mar-2011::09:46:42 ===
    ts_config_server:(5:<0.735.0>) ping tsung23@localhost pong

=INFO REPORT==== 12-Mar-2011::09:47:11 ===
    ts_config_server:(5:<0.752.0>) started newbeam on node tsung24@localhost 

=INFO REPORT==== 12-Mar-2011::09:47:11 ===
    ts_config_server:(5:<0.752.0>) ping tsung24@localhost pong

=INFO REPORT==== 12-Mar-2011::09:47:48 ===
    ts_config_server:(5:<0.770.0>) started newbeam on node tsung25@localhost 

=INFO REPORT==== 12-Mar-2011::09:47:48 ===
    ts_config_server:(5:<0.770.0>) ping tsung25@localhost pong

=INFO REPORT==== 12-Mar-2011::09:48:16 ===
    ts_config_server:(5:<0.786.0>) started newbeam on node tsung26@localhost 

=INFO REPORT==== 12-Mar-2011::09:48:16 ===
    ts_config_server:(5:<0.786.0>) ping tsung26@localhost pong

=INFO REPORT==== 12-Mar-2011::09:48:57 ===
    ts_config_server:(5:<0.805.0>) started newbeam on node tsung27@localhost 

=INFO REPORT==== 12-Mar-2011::09:48:57 ===
    ts_config_server:(5:<0.805.0>) ping tsung27@localhost pong

=INFO REPORT==== 12-Mar-2011::09:49:22 ===
    ts_config_server:(5:<0.822.0>) started newbeam on node tsung28@localhost 

=INFO REPORT==== 12-Mar-2011::09:49:22 ===
    ts_config_server:(5:<0.822.0>) ping tsung28@localhost pong

=INFO REPORT==== 12-Mar-2011::09:50:04 ===
    ts_config_server:(5:<0.841.0>) started newbeam on node tsung29@localhost 

=INFO REPORT==== 12-Mar-2011::09:50:04 ===
    ts_config_server:(5:<0.841.0>) ping tsung29@localhost pong

=INFO REPORT==== 12-Mar-2011::09:50:28 ===
    ts_config_server:(5:<0.858.0>) started newbeam on node tsung30@localhost 

=INFO REPORT==== 12-Mar-2011::09:50:28 ===
    ts_config_server:(5:<0.858.0>) ping tsung30@localhost pong

=INFO REPORT==== 12-Mar-2011::09:51:12 ===
    ts_config_server:(5:<0.877.0>) started newbeam on node tsung31@localhost 

=INFO REPORT==== 12-Mar-2011::09:51:12 ===
    ts_config_server:(5:<0.877.0>) ping tsung31@localhost pong

=INFO REPORT==== 12-Mar-2011::09:51:37 ===
    ts_config_server:(5:<0.892.0>) started newbeam on node tsung32@localhost 

=INFO REPORT==== 12-Mar-2011::09:51:37 ===
    ts_config_server:(5:<0.892.0>) ping tsung32@localhost pong

=INFO REPORT==== 12-Mar-2011::09:52:18 ===
    ts_config_server:(5:<0.912.0>) started newbeam on node tsung33@localhost 

=INFO REPORT==== 12-Mar-2011::09:52:18 ===
    ts_config_server:(5:<0.912.0>) ping tsung33@localhost pong

=INFO REPORT==== 12-Mar-2011::09:52:43 ===
    ts_config_server:(5:<0.928.0>) started newbeam on node tsung34@localhost 

=INFO REPORT==== 12-Mar-2011::09:52:43 ===
    ts_config_server:(5:<0.928.0>) ping tsung34@localhost pong

=INFO REPORT==== 12-Mar-2011::09:53:28 ===
    ts_config_server:(5:<0.947.0>) started newbeam on node tsung35@localhost 

=INFO REPORT==== 12-Mar-2011::09:53:28 ===
    ts_config_server:(5:<0.947.0>) ping tsung35@localhost pong

=INFO REPORT==== 12-Mar-2011::09:53:49 ===
    ts_config_server:(5:<0.963.0>) started newbeam on node tsung36@localhost 

=INFO REPORT==== 12-Mar-2011::09:53:49 ===
    ts_config_server:(5:<0.963.0>) ping tsung36@localhost pong

=INFO REPORT==== 12-Mar-2011::09:54:31 ===
    ts_config_server:(5:<0.983.0>) started newbeam on node tsung37@localhost 

=INFO REPORT==== 12-Mar-2011::09:54:31 ===
    ts_config_server:(5:<0.983.0>) ping tsung37@localhost pong

=INFO REPORT==== 12-Mar-2011::09:54:42 ===
    ts_config_server:(5:<0.996.0>) started newbeam on node tsung38@localhost 

=INFO REPORT==== 12-Mar-2011::09:54:42 ===
    ts_config_server:(5:<0.996.0>) ping tsung38@localhost pong

=INFO REPORT==== 12-Mar-2011::09:55:29 ===
    ts_config_server:(5:<0.1016.0>) started newbeam on node tsung39@localhost 

=INFO REPORT==== 12-Mar-2011::09:55:29 ===
    ts_config_server:(5:<0.1016.0>) ping tsung39@localhost pong

=INFO REPORT==== 12-Mar-2011::09:55:39 ===
    ts_config_server:(5:<0.1029.0>) started newbeam on node tsung40@localhost 

=INFO REPORT==== 12-Mar-2011::09:55:39 ===
    ts_config_server:(5:<0.1029.0>) ping tsung40@localhost pong

=INFO REPORT==== 12-Mar-2011::09:56:23 ===
    ts_config_server:(5:<0.1049.0>) started newbeam on node tsung41@localhost 

=INFO REPORT==== 12-Mar-2011::09:56:23 ===
    ts_config_server:(5:<0.1049.0>) ping tsung41@localhost pong

=INFO REPORT==== 12-Mar-2011::09:56:37 ===
    ts_config_server:(5:<0.1062.0>) started newbeam on node tsung42@localhost 

=INFO REPORT==== 12-Mar-2011::09:56:37 ===
    ts_config_server:(5:<0.1062.0>) ping tsung42@localhost pong

=INFO REPORT==== 12-Mar-2011::09:57:18 ===
    ts_config_server:(5:<0.1081.0>) started newbeam on node tsung43@localhost 

=INFO REPORT==== 12-Mar-2011::09:57:18 ===
    ts_config_server:(5:<0.1081.0>) ping tsung43@localhost pong

=INFO REPORT==== 12-Mar-2011::09:57:34 ===
    ts_config_server:(5:<0.1096.0>) started newbeam on node tsung44@localhost 

=INFO REPORT==== 12-Mar-2011::09:57:34 ===
    ts_config_server:(5:<0.1096.0>) ping tsung44@localhost pong

=INFO REPORT==== 12-Mar-2011::09:58:15 ===
    ts_config_server:(5:<0.1115.0>) started newbeam on node tsung45@localhost 

=INFO REPORT==== 12-Mar-2011::09:58:15 ===
    ts_config_server:(5:<0.1115.0>) ping tsung45@localhost pong

=INFO REPORT==== 12-Mar-2011::09:58:31 ===
    ts_config_server:(5:<0.1129.0>) started newbeam on node tsung46@localhost 

=INFO REPORT==== 12-Mar-2011::09:58:31 ===
    ts_config_server:(5:<0.1129.0>) ping tsung46@localhost pong

=INFO REPORT==== 12-Mar-2011::09:59:11 ===
    ts_config_server:(5:<0.1148.0>) started newbeam on node tsung47@localhost 

=INFO REPORT==== 12-Mar-2011::09:59:11 ===
    ts_config_server:(5:<0.1148.0>) ping tsung47@localhost pong

=INFO REPORT==== 12-Mar-2011::09:59:27 ===
    ts_config_server:(5:<0.1162.0>) started newbeam on node tsung48@localhost 

=INFO REPORT==== 12-Mar-2011::09:59:27 ===
    ts_config_server:(5:<0.1162.0>) ping tsung48@localhost pong

=INFO REPORT==== 12-Mar-2011::10:00:04 ===
    ts_config_server:(5:<0.1181.0>) started newbeam on node tsung49@localhost 

=INFO REPORT==== 12-Mar-2011::10:00:04 ===
    ts_config_server:(5:<0.1181.0>) ping tsung49@localhost pong

=INFO REPORT==== 12-Mar-2011::10:00:23 ===
    ts_config_server:(5:<0.1196.0>) started newbeam on node tsung50@localhost 

=INFO REPORT==== 12-Mar-2011::10:00:23 ===
    ts_config_server:(5:<0.1196.0>) ping tsung50@localhost pong

=INFO REPORT==== 12-Mar-2011::10:00:58 ===
    ts_config_server:(5:<0.1213.0>) started newbeam on node tsung51@localhost 

=INFO REPORT==== 12-Mar-2011::10:00:58 ===
    ts_config_server:(5:<0.1213.0>) ping tsung51@localhost pong

=INFO REPORT==== 12-Mar-2011::10:01:20 ===
    ts_config_server:(5:<0.1229.0>) started newbeam on node tsung52@localhost 

=INFO REPORT==== 12-Mar-2011::10:01:20 ===
    ts_config_server:(5:<0.1229.0>) ping tsung52@localhost pong

=INFO REPORT==== 12-Mar-2011::10:02:25 ===
    ts_config_server:(0:<0.1246.0>) Can't start newbeam on host localhost (reason: timeout) ! Aborting!

=INFO REPORT==== 12-Mar-2011::10:02:25 ===
    ts_config_server:(0:<0.52.0>) Abort ! 

=INFO REPORT==== 12-Mar-2011::10:02:25 ===
              ts_mon:(0:<0.53.0>) Aborting by request !

=INFO REPORT==== 12-Mar-2011::10:02:25 ===
              ts_mon:(5:<0.53.0>) stopping monitor (abort)
