
=INFO REPORT==== 12-Mar-2011::09:13:36 ===
    ts_config_server:(5:<0.52.0>) Config server started, logdir is "/home/ec2-user/.tsung/log/20110312-14:13"
 
=INFO REPORT==== 12-Mar-2011::09:13:36 ===
              ts_mon:(5:<0.51.0>) starting monitor, global 

=INFO REPORT==== 12-Mar-2011::09:13:36 ===
              ts_mon:(5:<0.53.0>) Init, log dir is "/home/ec2-user/.tsung/log/20110312-14:13"

=INFO REPORT==== 12-Mar-2011::09:13:36 ===
              ts_mon:(5:<0.53.0>) starting monitor

=INFO REPORT==== 12-Mar-2011::09:13:36 ===
        ts_stats_mon:(5:<0.51.0>) starting stats server, global 

=INFO REPORT==== 12-Mar-2011::09:13:36 ===
        ts_stats_mon:(5:<0.55.0>) starting ts_stats_mon stats server

=INFO REPORT==== 12-Mar-2011::09:13:36 ===
        ts_stats_mon:(5:<0.51.0>) starting request stats server, global 

=INFO REPORT==== 12-Mar-2011::09:13:36 ===
        ts_stats_mon:(5:<0.56.0>) starting dedicated stats server for request 

=INFO REPORT==== 12-Mar-2011::09:13:36 ===
        ts_stats_mon:(5:<0.51.0>) starting page stats server, global 

=INFO REPORT==== 12-Mar-2011::09:13:36 ===
        ts_stats_mon:(5:<0.57.0>) starting dedicated stats server for page 

=INFO REPORT==== 12-Mar-2011::09:13:36 ===
        ts_stats_mon:(5:<0.51.0>) starting connect stats server, global 

=INFO REPORT==== 12-Mar-2011::09:13:36 ===
        ts_stats_mon:(5:<0.58.0>) starting dedicated stats server for connect 

=INFO REPORT==== 12-Mar-2011::09:13:36 ===
        ts_stats_mon:(5:<0.51.0>) starting transaction stats server, global 

=INFO REPORT==== 12-Mar-2011::09:13:36 ===
        ts_stats_mon:(5:<0.59.0>) starting transaction stats server

=INFO REPORT==== 12-Mar-2011::09:13:36 ===
     ts_match_logger:(5:<0.51.0>) starting match logger, global 

=INFO REPORT==== 12-Mar-2011::09:13:36 ===
     ts_match_logger:(5:<0.60.0>) starting match logger

=INFO REPORT==== 12-Mar-2011::09:13:36 ===
     ts_match_logger:(5:<0.60.0>) starting match logger

=INFO REPORT==== 12-Mar-2011::09:13:36 ===
           ts_config:(5:<0.52.0>) Reading config file: /home/ec2-user/speedmetal/apps/rails2/redmine-1.1.1/tsung.xml

=INFO REPORT==== 12-Mar-2011::09:13:36 ===
           ts_config:(5:<0.52.0>) Session name for id 1 is "ensureproject"

=INFO REPORT==== 12-Mar-2011::09:13:36 ===
           ts_config:(5:<0.52.0>) Session type: persistent=true, bidi=false

=INFO REPORT==== 12-Mar-2011::09:13:36 ===
      ts_config_http:(5:<0.52.0>) Relative URL, single server 
=INFO REPORT==== 12-Mar-2011::09:13:36 ===
           ts_config:(5:<0.52.0>) Session name for id 2 is "browse_site"

=INFO REPORT==== 12-Mar-2011::09:13:36 ===
           ts_config:(5:<0.52.0>) Session type: persistent=true, bidi=false

=INFO REPORT==== 12-Mar-2011::09:13:36 ===
      ts_config_http:(5:<0.52.0>) Relative URL, single server 
=INFO REPORT==== 12-Mar-2011::09:13:36 ===
           ts_config:(5:<0.52.0>) Session name for id 3 is "create_issue"

=INFO REPORT==== 12-Mar-2011::09:13:36 ===
           ts_config:(5:<0.52.0>) Session type: persistent=true, bidi=false

=INFO REPORT==== 12-Mar-2011::09:13:36 ===
      ts_config_http:(5:<0.52.0>) Relative URL, single server 
=INFO REPORT==== 12-Mar-2011::09:13:36 ===
    ts_config_server:(5:<0.52.0>) SYSINFO:Erlang version: Erlang R14B01 (erts-5.8.2) [source] [64-bit] [smp:2:2] [rq:2] [async-threads:16] [kernel-poll:true]


=INFO REPORT==== 12-Mar-2011::09:13:36 ===
    ts_config_server:(5:<0.52.0>) SYSINFO:System architecture x86_64-redhat-linux-gnu

=INFO REPORT==== 12-Mar-2011::09:13:36 ===
    ts_config_server:(5:<0.52.0>) SYSINFO:Current path: /usr/lib/erlang/lib/tsung-1.3.3/ebin/tsung.beam

=INFO REPORT==== 12-Mar-2011::09:13:36 ===
    ts_os_mon_erlang:(5:<0.66.0>) starting os_mon_erlang with args {"server",
                                                                    {},10000,
                                                                    {global,
                                                                     ts_mon}}
=INFO REPORT==== 12-Mar-2011::09:13:36 ===
              ts_mon:(5:<0.53.0>) Activate clients with text backend

=INFO REPORT==== 12-Mar-2011::09:13:37 ===
    ts_config_server:(5:<0.74.0>) started newbeam on node tsung1@localhost 

=INFO REPORT==== 12-Mar-2011::09:13:37 ===
    ts_config_server:(5:<0.74.0>) ping tsung1@localhost pong

=INFO REPORT==== 12-Mar-2011::09:13:37 ===
    ts_config_server:(5:<0.73.0>) started newbeam on node tsung0@localhost 

=INFO REPORT==== 12-Mar-2011::09:13:37 ===
    ts_config_server:(5:<0.73.0>) ping tsung0@localhost pong

=INFO REPORT==== 12-Mar-2011::09:13:37 ===
    ts_config_server:(5:<0.52.0>) New arrival phase 1 for client "localhost": will start 120.0 users

=INFO REPORT==== 12-Mar-2011::09:13:37 ===
    ts_config_server:(5:<0.52.0>) New arrival phase 2 for client "localhost": will start 240.0 users

=INFO REPORT==== 12-Mar-2011::09:13:37 ===
    ts_config_server:(5:<0.52.0>) New arrival phase 3 for client "localhost": will start 360.0 users

=INFO REPORT==== 12-Mar-2011::09:13:37 ===
    ts_config_server:(5:<0.52.0>) New arrival phase 4 for client "localhost": will start 480.0 users

=INFO REPORT==== 12-Mar-2011::09:13:37 ===
    ts_config_server:(5:<0.52.0>) New arrival phase 5 for client "localhost": will start 600.0 users

=INFO REPORT==== 12-Mar-2011::09:13:37 ===
    ts_config_server:(5:<0.52.0>) New arrival phase 6 for client "localhost": will start 4.5e3 users

=INFO REPORT==== 12-Mar-2011::09:13:37 ===
    ts_config_server:(5:<0.52.0>) New arrival phase 7 for client "localhost": will start 6.0e3 users

=INFO REPORT==== 12-Mar-2011::09:13:37 ===
    ts_config_server:(5:<0.52.0>) New arrival phase 8 for client "localhost": will start 7.5e3 users

=INFO REPORT==== 12-Mar-2011::09:13:37 ===
    ts_config_server:(5:<0.52.0>) New arrival phase 9 for client "localhost": will start 9.0e3 users

=INFO REPORT==== 12-Mar-2011::09:13:37 ===
    ts_config_server:(5:<0.52.0>) New arrival phase 10 for client "localhost": will start 10500.000000000002 users

=INFO REPORT==== 12-Mar-2011::09:13:37 ===
    ts_config_server:(5:<0.52.0>) New arrival phase 11 for client "localhost": will start 1.2e4 users

=INFO REPORT==== 12-Mar-2011::09:13:37 ===
    ts_config_server:(5:<0.52.0>) New arrival phase 12 for client "localhost": will start 1.35e4 users

=INFO REPORT==== 12-Mar-2011::09:13:37 ===
    ts_config_server:(5:<0.52.0>) New arrival phase 1 for client "localhost": will start 120.0 users

=INFO REPORT==== 12-Mar-2011::09:13:37 ===
    ts_config_server:(5:<0.52.0>) New arrival phase 2 for client "localhost": will start 240.0 users

=INFO REPORT==== 12-Mar-2011::09:13:37 ===
    ts_config_server:(5:<0.52.0>) New arrival phase 3 for client "localhost": will start 360.0 users

=INFO REPORT==== 12-Mar-2011::09:13:37 ===
    ts_config_server:(5:<0.52.0>) New arrival phase 4 for client "localhost": will start 480.0 users

=INFO REPORT==== 12-Mar-2011::09:13:37 ===
    ts_config_server:(5:<0.52.0>) New arrival phase 5 for client "localhost": will start 600.0 users

=INFO REPORT==== 12-Mar-2011::09:13:37 ===
    ts_config_server:(5:<0.52.0>) New arrival phase 6 for client "localhost": will start 4.5e3 users

=INFO REPORT==== 12-Mar-2011::09:13:37 ===
    ts_config_server:(5:<0.52.0>) New arrival phase 7 for client "localhost": will start 6.0e3 users

=INFO REPORT==== 12-Mar-2011::09:13:37 ===
    ts_config_server:(5:<0.52.0>) New arrival phase 8 for client "localhost": will start 7.5e3 users

=INFO REPORT==== 12-Mar-2011::09:13:37 ===
    ts_config_server:(5:<0.52.0>) New arrival phase 9 for client "localhost": will start 9.0e3 users

=INFO REPORT==== 12-Mar-2011::09:13:37 ===
    ts_config_server:(5:<0.52.0>) New arrival phase 10 for client "localhost": will start 10500.000000000002 users

=INFO REPORT==== 12-Mar-2011::09:13:37 ===
    ts_config_server:(5:<0.52.0>) New arrival phase 11 for client "localhost": will start 1.2e4 users

=INFO REPORT==== 12-Mar-2011::09:13:37 ===
    ts_config_server:(5:<0.52.0>) New arrival phase 12 for client "localhost": will start 1.35e4 users

=INFO REPORT==== 12-Mar-2011::09:13:38 ===
    ts_os_mon_erlang:(5:<0.71.0>) loading tsung monitor on nodes [os_mon@server]

=INFO REPORT==== 12-Mar-2011::10:35:18 ===
              ts_mon:(5:<0.53.0>) stopping monitor (normal)
