
=INFO REPORT==== 3-Oct-2011::08:40:06 ===
    ts_config_server:(5:<0.52.0>) Config server started, logdir is "/home/ec2-user/.tsung/log/20111003-12:40"
 
=INFO REPORT==== 3-Oct-2011::08:40:06 ===
              ts_mon:(5:<0.51.0>) starting monitor, global 

=INFO REPORT==== 3-Oct-2011::08:40:06 ===
              ts_mon:(5:<0.53.0>) Init, log dir is "/home/ec2-user/.tsung/log/20111003-12:40"

=INFO REPORT==== 3-Oct-2011::08:40:06 ===
              ts_mon:(5:<0.53.0>) starting monitor

=INFO REPORT==== 3-Oct-2011::08:40:06 ===
        ts_stats_mon:(5:<0.51.0>) starting stats server, global 

=INFO REPORT==== 3-Oct-2011::08:40:06 ===
        ts_stats_mon:(5:<0.55.0>) starting ts_stats_mon stats server

=INFO REPORT==== 3-Oct-2011::08:40:06 ===
        ts_stats_mon:(5:<0.51.0>) starting request stats server, global 

=INFO REPORT==== 3-Oct-2011::08:40:06 ===
        ts_stats_mon:(5:<0.56.0>) starting dedicated stats server for request 

=INFO REPORT==== 3-Oct-2011::08:40:06 ===
        ts_stats_mon:(5:<0.51.0>) starting page stats server, global 

=INFO REPORT==== 3-Oct-2011::08:40:06 ===
        ts_stats_mon:(5:<0.57.0>) starting dedicated stats server for page 

=INFO REPORT==== 3-Oct-2011::08:40:06 ===
        ts_stats_mon:(5:<0.51.0>) starting connect stats server, global 

=INFO REPORT==== 3-Oct-2011::08:40:06 ===
        ts_stats_mon:(5:<0.58.0>) starting dedicated stats server for connect 

=INFO REPORT==== 3-Oct-2011::08:40:06 ===
        ts_stats_mon:(5:<0.51.0>) starting transaction stats server, global 

=INFO REPORT==== 3-Oct-2011::08:40:06 ===
        ts_stats_mon:(5:<0.59.0>) starting transaction stats server

=INFO REPORT==== 3-Oct-2011::08:40:06 ===
     ts_match_logger:(5:<0.51.0>) starting match logger, global 

=INFO REPORT==== 3-Oct-2011::08:40:06 ===
     ts_match_logger:(5:<0.60.0>) starting match logger

=INFO REPORT==== 3-Oct-2011::08:40:06 ===
     ts_match_logger:(5:<0.60.0>) starting match logger

=INFO REPORT==== 3-Oct-2011::08:40:06 ===
           ts_config:(5:<0.52.0>) Reading config file: /home/ec2-user/speedmetal/apps/rails3/spree/tsung.xml

=INFO REPORT==== 3-Oct-2011::08:40:06 ===
           ts_config:(5:<0.52.0>) Session name for id 1 is "browse_site"

=INFO REPORT==== 3-Oct-2011::08:40:06 ===
           ts_config:(5:<0.52.0>) Session type: persistent=true, bidi=false

=INFO REPORT==== 3-Oct-2011::08:40:06 ===
      ts_config_http:(5:<0.52.0>) Relative URL, single server 
=INFO REPORT==== 3-Oct-2011::08:40:06 ===
    ts_config_server:(5:<0.52.0>) SYSINFO:Erlang version: Erlang R14B03 (erts-5.8.4) [source] [64-bit] [smp:2:2] [rq:2] [async-threads:16] [kernel-poll:true]


=INFO REPORT==== 3-Oct-2011::08:40:06 ===
    ts_config_server:(5:<0.52.0>) SYSINFO:System architecture x86_64-redhat-linux-gnu

=INFO REPORT==== 3-Oct-2011::08:40:06 ===
    ts_config_server:(5:<0.52.0>) SYSINFO:Current path: /usr/lib/erlang/lib/tsung-1.3.3/ebin/tsung.beam

=INFO REPORT==== 3-Oct-2011::08:40:06 ===
    ts_os_mon_erlang:(5:<0.66.0>) starting os_mon_erlang with args {"server",
                                                                    {},10000,
                                                                    {global,
                                                                     ts_mon}}
=INFO REPORT==== 3-Oct-2011::08:40:06 ===
              ts_mon:(5:<0.53.0>) Activate clients with text backend

=INFO REPORT==== 3-Oct-2011::08:40:06 ===
    ts_config_server:(5:<0.73.0>) started newbeam on node tsung0@localhost 

=INFO REPORT==== 3-Oct-2011::08:40:06 ===
    ts_config_server:(5:<0.73.0>) ping tsung0@localhost pong

=INFO REPORT==== 3-Oct-2011::08:40:06 ===
    ts_config_server:(5:<0.74.0>) started newbeam on node tsung1@localhost 

=INFO REPORT==== 3-Oct-2011::08:40:06 ===
    ts_config_server:(5:<0.74.0>) ping tsung1@localhost pong

=INFO REPORT==== 3-Oct-2011::08:40:06 ===
    ts_config_server:(5:<0.52.0>) New arrival phase 1 for client "localhost": will start 120.0 users

=INFO REPORT==== 3-Oct-2011::08:40:06 ===
    ts_config_server:(5:<0.52.0>) New arrival phase 2 for client "localhost": will start 240.0 users

=INFO REPORT==== 3-Oct-2011::08:40:06 ===
    ts_config_server:(5:<0.52.0>) New arrival phase 3 for client "localhost": will start 360.0 users

=INFO REPORT==== 3-Oct-2011::08:40:06 ===
    ts_config_server:(5:<0.52.0>) New arrival phase 4 for client "localhost": will start 480.0 users

=INFO REPORT==== 3-Oct-2011::08:40:06 ===
    ts_config_server:(5:<0.52.0>) New arrival phase 5 for client "localhost": will start 600.0 users

=INFO REPORT==== 3-Oct-2011::08:40:06 ===
    ts_config_server:(5:<0.52.0>) New arrival phase 6 for client "localhost": will start 4.5e3 users

=INFO REPORT==== 3-Oct-2011::08:40:06 ===
    ts_config_server:(5:<0.52.0>) New arrival phase 7 for client "localhost": will start 6.0e3 users

=INFO REPORT==== 3-Oct-2011::08:40:06 ===
    ts_config_server:(5:<0.52.0>) New arrival phase 8 for client "localhost": will start 7.5e3 users

=INFO REPORT==== 3-Oct-2011::08:40:06 ===
    ts_config_server:(5:<0.52.0>) New arrival phase 9 for client "localhost": will start 9.0e3 users

=INFO REPORT==== 3-Oct-2011::08:40:06 ===
    ts_config_server:(5:<0.52.0>) New arrival phase 10 for client "localhost": will start 10500.000000000002 users

=INFO REPORT==== 3-Oct-2011::08:40:06 ===
    ts_config_server:(5:<0.52.0>) New arrival phase 11 for client "localhost": will start 1.2e4 users

=INFO REPORT==== 3-Oct-2011::08:40:06 ===
    ts_config_server:(5:<0.52.0>) New arrival phase 12 for client "localhost": will start 1.35e4 users

=INFO REPORT==== 3-Oct-2011::08:40:06 ===
    ts_config_server:(5:<0.52.0>) New arrival phase 1 for client "localhost": will start 120.0 users

=INFO REPORT==== 3-Oct-2011::08:40:06 ===
    ts_config_server:(5:<0.52.0>) New arrival phase 2 for client "localhost": will start 240.0 users

=INFO REPORT==== 3-Oct-2011::08:40:06 ===
    ts_config_server:(5:<0.52.0>) New arrival phase 3 for client "localhost": will start 360.0 users

=INFO REPORT==== 3-Oct-2011::08:40:06 ===
    ts_config_server:(5:<0.52.0>) New arrival phase 4 for client "localhost": will start 480.0 users

=INFO REPORT==== 3-Oct-2011::08:40:06 ===
    ts_config_server:(5:<0.52.0>) New arrival phase 5 for client "localhost": will start 600.0 users

=INFO REPORT==== 3-Oct-2011::08:40:06 ===
    ts_config_server:(5:<0.52.0>) New arrival phase 6 for client "localhost": will start 4.5e3 users

=INFO REPORT==== 3-Oct-2011::08:40:06 ===
    ts_config_server:(5:<0.52.0>) New arrival phase 7 for client "localhost": will start 6.0e3 users

=INFO REPORT==== 3-Oct-2011::08:40:06 ===
    ts_config_server:(5:<0.52.0>) New arrival phase 8 for client "localhost": will start 7.5e3 users

=INFO REPORT==== 3-Oct-2011::08:40:06 ===
    ts_config_server:(5:<0.52.0>) New arrival phase 9 for client "localhost": will start 9.0e3 users

=INFO REPORT==== 3-Oct-2011::08:40:06 ===
    ts_config_server:(5:<0.52.0>) New arrival phase 10 for client "localhost": will start 10500.000000000002 users

=INFO REPORT==== 3-Oct-2011::08:40:06 ===
    ts_config_server:(5:<0.52.0>) New arrival phase 11 for client "localhost": will start 1.2e4 users

=INFO REPORT==== 3-Oct-2011::08:40:06 ===
    ts_config_server:(5:<0.52.0>) New arrival phase 12 for client "localhost": will start 1.35e4 users

=INFO REPORT==== 3-Oct-2011::08:40:08 ===
    ts_os_mon_erlang:(5:<0.71.0>) loading tsung monitor on nodes [os_mon@server]

=INFO REPORT==== 3-Oct-2011::09:42:04 ===
    ts_config_server:(5:<0.849.0>) started newbeam on node tsung2@localhost 

=INFO REPORT==== 3-Oct-2011::09:42:04 ===
    ts_config_server:(5:<0.849.0>) ping tsung2@localhost pong

=INFO REPORT==== 3-Oct-2011::09:42:04 ===
    ts_config_server:(5:<0.854.0>) started newbeam on node tsung3@localhost 

=INFO REPORT==== 3-Oct-2011::09:42:04 ===
    ts_config_server:(5:<0.854.0>) ping tsung3@localhost pong

=INFO REPORT==== 3-Oct-2011::09:43:05 ===
    ts_config_server:(5:<0.884.0>) started newbeam on node tsung4@localhost 

=INFO REPORT==== 3-Oct-2011::09:43:05 ===
    ts_config_server:(5:<0.884.0>) ping tsung4@localhost pong

=INFO REPORT==== 3-Oct-2011::09:43:07 ===
    ts_config_server:(5:<0.896.0>) started newbeam on node tsung5@localhost 

=INFO REPORT==== 3-Oct-2011::09:43:07 ===
    ts_config_server:(5:<0.896.0>) ping tsung5@localhost pong

=INFO REPORT==== 3-Oct-2011::09:43:58 ===
    ts_config_server:(5:<0.917.0>) started newbeam on node tsung6@localhost 

=INFO REPORT==== 3-Oct-2011::09:43:58 ===
    ts_config_server:(5:<0.917.0>) ping tsung6@localhost pong

=INFO REPORT==== 3-Oct-2011::09:44:00 ===
    ts_config_server:(5:<0.928.0>) started newbeam on node tsung7@localhost 

=INFO REPORT==== 3-Oct-2011::09:44:00 ===
    ts_config_server:(5:<0.928.0>) ping tsung7@localhost pong

=INFO REPORT==== 3-Oct-2011::09:44:43 ===
    ts_config_server:(5:<0.947.0>) started newbeam on node tsung8@localhost 

=INFO REPORT==== 3-Oct-2011::09:44:43 ===
    ts_config_server:(5:<0.947.0>) ping tsung8@localhost pong

=INFO REPORT==== 3-Oct-2011::09:44:50 ===
    ts_config_server:(5:<0.960.0>) started newbeam on node tsung9@localhost 

=INFO REPORT==== 3-Oct-2011::09:44:50 ===
    ts_config_server:(5:<0.960.0>) ping tsung9@localhost pong

=INFO REPORT==== 3-Oct-2011::09:45:35 ===
    ts_config_server:(5:<0.979.0>) started newbeam on node tsung10@localhost 

=INFO REPORT==== 3-Oct-2011::09:45:35 ===
    ts_config_server:(5:<0.979.0>) ping tsung10@localhost pong

=INFO REPORT==== 3-Oct-2011::09:45:39 ===
    ts_config_server:(5:<0.992.0>) started newbeam on node tsung11@localhost 

=INFO REPORT==== 3-Oct-2011::09:45:39 ===
    ts_config_server:(5:<0.992.0>) ping tsung11@localhost pong

=INFO REPORT==== 3-Oct-2011::09:46:25 ===
    ts_config_server:(5:<0.1011.0>) started newbeam on node tsung12@localhost 

=INFO REPORT==== 3-Oct-2011::09:46:25 ===
    ts_config_server:(5:<0.1011.0>) ping tsung12@localhost pong

=INFO REPORT==== 3-Oct-2011::09:46:28 ===
    ts_config_server:(5:<0.1023.0>) started newbeam on node tsung13@localhost 

=INFO REPORT==== 3-Oct-2011::09:46:28 ===
    ts_config_server:(5:<0.1023.0>) ping tsung13@localhost pong

=INFO REPORT==== 3-Oct-2011::09:47:14 ===
    ts_config_server:(5:<0.1043.0>) started newbeam on node tsung14@localhost 

=INFO REPORT==== 3-Oct-2011::09:47:14 ===
    ts_config_server:(5:<0.1043.0>) ping tsung14@localhost pong

=INFO REPORT==== 3-Oct-2011::09:47:15 ===
    ts_config_server:(5:<0.1051.0>) started newbeam on node tsung15@localhost 

=INFO REPORT==== 3-Oct-2011::09:47:15 ===
    ts_config_server:(5:<0.1051.0>) ping tsung15@localhost pong

=INFO REPORT==== 3-Oct-2011::09:48:01 ===
    ts_config_server:(5:<0.1075.0>) started newbeam on node tsung16@localhost 

=INFO REPORT==== 3-Oct-2011::09:48:01 ===
    ts_config_server:(5:<0.1075.0>) ping tsung16@localhost pong

=INFO REPORT==== 3-Oct-2011::09:48:09 ===
    ts_config_server:(5:<0.1087.0>) started newbeam on node tsung17@localhost 

=INFO REPORT==== 3-Oct-2011::09:48:09 ===
    ts_config_server:(5:<0.1087.0>) ping tsung17@localhost pong

=INFO REPORT==== 3-Oct-2011::09:48:52 ===
    ts_config_server:(5:<0.1107.0>) started newbeam on node tsung18@localhost 

=INFO REPORT==== 3-Oct-2011::09:48:52 ===
    ts_config_server:(5:<0.1107.0>) ping tsung18@localhost pong

=INFO REPORT==== 3-Oct-2011::09:48:58 ===
    ts_config_server:(5:<0.1119.0>) started newbeam on node tsung19@localhost 

=INFO REPORT==== 3-Oct-2011::09:48:58 ===
    ts_config_server:(5:<0.1119.0>) ping tsung19@localhost pong

=INFO REPORT==== 3-Oct-2011::09:49:36 ===
    ts_config_server:(5:<0.1137.0>) started newbeam on node tsung20@localhost 

=INFO REPORT==== 3-Oct-2011::09:49:36 ===
    ts_config_server:(5:<0.1137.0>) ping tsung20@localhost pong

=INFO REPORT==== 3-Oct-2011::09:49:45 ===
    ts_config_server:(5:<0.1150.0>) started newbeam on node tsung21@localhost 

=INFO REPORT==== 3-Oct-2011::09:49:45 ===
    ts_config_server:(5:<0.1150.0>) ping tsung21@localhost pong

=INFO REPORT==== 3-Oct-2011::09:50:22 ===
    ts_config_server:(5:<0.1168.0>) started newbeam on node tsung22@localhost 

=INFO REPORT==== 3-Oct-2011::09:50:22 ===
    ts_config_server:(5:<0.1168.0>) ping tsung22@localhost pong

=INFO REPORT==== 3-Oct-2011::09:50:34 ===
    ts_config_server:(5:<0.1181.0>) started newbeam on node tsung23@localhost 

=INFO REPORT==== 3-Oct-2011::09:50:34 ===
    ts_config_server:(5:<0.1181.0>) ping tsung23@localhost pong

=INFO REPORT==== 3-Oct-2011::09:51:04 ===
              ts_mon:(5:<0.53.0>) A launcher has finished, but not all users have finished, wait before stopping

=INFO REPORT==== 3-Oct-2011::09:51:05 ===
    ts_config_server:(5:<0.1199.0>) started newbeam on node tsung24@localhost 

=INFO REPORT==== 3-Oct-2011::09:51:05 ===
    ts_config_server:(5:<0.1199.0>) ping tsung24@localhost pong

=INFO REPORT==== 3-Oct-2011::09:51:11 ===
    ts_config_server:(5:<0.1211.0>) started newbeam on node tsung25@localhost 

=INFO REPORT==== 3-Oct-2011::09:51:11 ===
    ts_config_server:(5:<0.1211.0>) ping tsung25@localhost pong

=INFO REPORT==== 3-Oct-2011::09:51:47 ===
    ts_config_server:(5:<0.1230.0>) started newbeam on node tsung26@localhost 

=INFO REPORT==== 3-Oct-2011::09:51:47 ===
    ts_config_server:(5:<0.1230.0>) ping tsung26@localhost pong

=INFO REPORT==== 3-Oct-2011::09:51:50 ===
    ts_config_server:(5:<0.1241.0>) started newbeam on node tsung27@localhost 

=INFO REPORT==== 3-Oct-2011::09:51:50 ===
    ts_config_server:(5:<0.1241.0>) ping tsung27@localhost pong

=INFO REPORT==== 3-Oct-2011::09:52:28 ===
    ts_config_server:(5:<0.1260.0>) started newbeam on node tsung28@localhost 

=INFO REPORT==== 3-Oct-2011::09:52:28 ===
    ts_config_server:(5:<0.1260.0>) ping tsung28@localhost pong

=INFO REPORT==== 3-Oct-2011::09:52:31 ===
    ts_config_server:(5:<0.1271.0>) started newbeam on node tsung29@localhost 

=INFO REPORT==== 3-Oct-2011::09:52:31 ===
    ts_config_server:(5:<0.1271.0>) ping tsung29@localhost pong

=INFO REPORT==== 3-Oct-2011::09:53:11 ===
    ts_config_server:(5:<0.1290.0>) started newbeam on node tsung30@localhost 

=INFO REPORT==== 3-Oct-2011::09:53:11 ===
    ts_config_server:(5:<0.1290.0>) ping tsung30@localhost pong

=INFO REPORT==== 3-Oct-2011::09:53:11 ===
    ts_config_server:(5:<0.1294.0>) started newbeam on node tsung31@localhost 

=INFO REPORT==== 3-Oct-2011::09:53:11 ===
    ts_config_server:(5:<0.1294.0>) ping tsung31@localhost pong

=INFO REPORT==== 3-Oct-2011::09:53:51 ===
    ts_config_server:(5:<0.1320.0>) started newbeam on node tsung32@localhost 

=INFO REPORT==== 3-Oct-2011::09:53:51 ===
    ts_config_server:(5:<0.1320.0>) ping tsung32@localhost pong

=INFO REPORT==== 3-Oct-2011::09:53:51 ===
    ts_config_server:(5:<0.1324.0>) started newbeam on node tsung33@localhost 

=INFO REPORT==== 3-Oct-2011::09:53:51 ===
    ts_config_server:(5:<0.1324.0>) ping tsung33@localhost pong

=INFO REPORT==== 3-Oct-2011::09:54:03 ===
              ts_mon:(5:<0.53.0>) A launcher has finished, but not all users have finished, wait before stopping

=INFO REPORT==== 3-Oct-2011::09:54:31 ===
    ts_config_server:(5:<0.1350.0>) started newbeam on node tsung34@localhost 

=INFO REPORT==== 3-Oct-2011::09:54:31 ===
    ts_config_server:(5:<0.1350.0>) ping tsung34@localhost pong

=INFO REPORT==== 3-Oct-2011::09:54:36 ===
    ts_config_server:(5:<0.1361.0>) started newbeam on node tsung35@localhost 

=INFO REPORT==== 3-Oct-2011::09:54:36 ===
    ts_config_server:(5:<0.1361.0>) ping tsung35@localhost pong

=INFO REPORT==== 3-Oct-2011::09:55:12 ===
    ts_config_server:(5:<0.1380.0>) started newbeam on node tsung36@localhost 

=INFO REPORT==== 3-Oct-2011::09:55:12 ===
    ts_config_server:(5:<0.1380.0>) ping tsung36@localhost pong

=INFO REPORT==== 3-Oct-2011::09:55:14 ===
    ts_config_server:(5:<0.1391.0>) started newbeam on node tsung37@localhost 

=INFO REPORT==== 3-Oct-2011::09:55:14 ===
    ts_config_server:(5:<0.1391.0>) ping tsung37@localhost pong

=INFO REPORT==== 3-Oct-2011::09:55:53 ===
    ts_config_server:(5:<0.1410.0>) started newbeam on node tsung38@localhost 

=INFO REPORT==== 3-Oct-2011::09:55:53 ===
    ts_config_server:(5:<0.1410.0>) ping tsung38@localhost pong

=INFO REPORT==== 3-Oct-2011::09:55:56 ===
    ts_config_server:(5:<0.1421.0>) started newbeam on node tsung39@localhost 

=INFO REPORT==== 3-Oct-2011::09:55:56 ===
    ts_config_server:(5:<0.1421.0>) ping tsung39@localhost pong

=INFO REPORT==== 3-Oct-2011::09:56:32 ===
    ts_config_server:(5:<0.1440.0>) started newbeam on node tsung40@localhost 

=INFO REPORT==== 3-Oct-2011::09:56:32 ===
    ts_config_server:(5:<0.1440.0>) ping tsung40@localhost pong

=INFO REPORT==== 3-Oct-2011::09:56:36 ===
    ts_config_server:(5:<0.1451.0>) started newbeam on node tsung41@localhost 

=INFO REPORT==== 3-Oct-2011::09:56:36 ===
    ts_config_server:(5:<0.1451.0>) ping tsung41@localhost pong

=INFO REPORT==== 3-Oct-2011::09:57:13 ===
    ts_config_server:(5:<0.1470.0>) started newbeam on node tsung42@localhost 

=INFO REPORT==== 3-Oct-2011::09:57:13 ===
    ts_config_server:(5:<0.1470.0>) ping tsung42@localhost pong

=INFO REPORT==== 3-Oct-2011::09:57:17 ===
    ts_config_server:(5:<0.1482.0>) started newbeam on node tsung43@localhost 

=INFO REPORT==== 3-Oct-2011::09:57:17 ===
    ts_config_server:(5:<0.1482.0>) ping tsung43@localhost pong

=INFO REPORT==== 3-Oct-2011::09:57:52 ===
    ts_config_server:(5:<0.1500.0>) started newbeam on node tsung44@localhost 

=INFO REPORT==== 3-Oct-2011::09:57:52 ===
    ts_config_server:(5:<0.1500.0>) ping tsung44@localhost pong

=INFO REPORT==== 3-Oct-2011::09:57:56 ===
    ts_config_server:(5:<0.1511.0>) started newbeam on node tsung45@localhost 

=INFO REPORT==== 3-Oct-2011::09:57:56 ===
    ts_config_server:(5:<0.1511.0>) ping tsung45@localhost pong

=INFO REPORT==== 3-Oct-2011::09:58:31 ===
    ts_config_server:(5:<0.1529.0>) started newbeam on node tsung46@localhost 

=INFO REPORT==== 3-Oct-2011::09:58:31 ===
    ts_config_server:(5:<0.1529.0>) ping tsung46@localhost pong

=INFO REPORT==== 3-Oct-2011::09:58:36 ===
    ts_config_server:(5:<0.1541.0>) started newbeam on node tsung47@localhost 

=INFO REPORT==== 3-Oct-2011::09:58:36 ===
    ts_config_server:(5:<0.1541.0>) ping tsung47@localhost pong

=INFO REPORT==== 3-Oct-2011::09:59:10 ===
    ts_config_server:(5:<0.1559.0>) started newbeam on node tsung48@localhost 

=INFO REPORT==== 3-Oct-2011::09:59:10 ===
    ts_config_server:(5:<0.1559.0>) ping tsung48@localhost pong

=INFO REPORT==== 3-Oct-2011::09:59:15 ===
    ts_config_server:(5:<0.1571.0>) started newbeam on node tsung49@localhost 

=INFO REPORT==== 3-Oct-2011::09:59:15 ===
    ts_config_server:(5:<0.1571.0>) ping tsung49@localhost pong

=INFO REPORT==== 3-Oct-2011::09:59:50 ===
    ts_config_server:(5:<0.1589.0>) started newbeam on node tsung50@localhost 

=INFO REPORT==== 3-Oct-2011::09:59:50 ===
    ts_config_server:(5:<0.1589.0>) ping tsung50@localhost pong

=INFO REPORT==== 3-Oct-2011::09:59:58 ===
    ts_config_server:(5:<0.1602.0>) started newbeam on node tsung51@localhost 

=INFO REPORT==== 3-Oct-2011::09:59:58 ===
    ts_config_server:(5:<0.1602.0>) ping tsung51@localhost pong

=INFO REPORT==== 3-Oct-2011::10:00:32 ===
    ts_config_server:(5:<0.1619.0>) started newbeam on node tsung52@localhost 

=INFO REPORT==== 3-Oct-2011::10:00:32 ===
    ts_config_server:(5:<0.1619.0>) ping tsung52@localhost pong
