
=INFO REPORT==== 30-Sep-2011::11:21:30 ===
  ts_launcher_static:(5:<0.60.0>) Launch msg receive ("localhost")

=INFO REPORT==== 30-Sep-2011::11:21:30 ===
     ts_launcher_mgr:(4:<0.56.0>) No registered processes ! syncing ...

=INFO REPORT==== 30-Sep-2011::11:21:30 ===
         ts_launcher:(5:<0.61.0>) Launch msg receive ("localhost")

=INFO REPORT==== 30-Sep-2011::11:21:30 ===
         ts_launcher:(5:<0.61.0>) Expected duration of first phase: 120.0 sec 

=INFO REPORT==== 30-Sep-2011::11:21:30 ===
         ts_launcher:(5:<0.61.0>) Activate launcher (120 users) in 10967 msec 

=INFO REPORT==== 30-Sep-2011::11:23:32 ===
         ts_launcher:(5:<0.61.0>) Start a new arrival phase (240 0.002); expected duration=112.20655615234375 sec

=INFO REPORT==== 30-Sep-2011::11:25:32 ===
         ts_launcher:(5:<0.61.0>) Phase duration exceeded, but not all users were launched (22 users, 9.2% of phase)

=INFO REPORT==== 30-Sep-2011::11:25:32 ===
         ts_launcher:(5:<0.61.0>) Start a new arrival phase (360 0.003); expected duration=120.513623046875 sec

=INFO REPORT==== 30-Sep-2011::11:27:33 ===
         ts_launcher:(5:<0.61.0>) Phase duration exceeded, but not all users were launched (12 users, 3.3% of phase)

=INFO REPORT==== 30-Sep-2011::11:27:33 ===
         ts_launcher:(5:<0.61.0>) Start a new arrival phase (480 0.004); expected duration=120.64060302734374 sec

=INFO REPORT==== 30-Sep-2011::11:29:31 ===
         ts_launcher:(5:<0.61.0>) Start a new arrival phase (600 0.005); expected duration=118.29410986328125 sec

=INFO REPORT==== 30-Sep-2011::11:31:31 ===
         ts_launcher:(5:<0.61.0>) Phase duration exceeded, but not all users were launched (12 users, 2.0% of phase)

=INFO REPORT==== 30-Sep-2011::11:31:31 ===
         ts_launcher:(5:<0.61.0>) Start a new arrival phase (4500 0.0075); expected duration=120.02149609375 sec

=INFO REPORT==== 30-Sep-2011::11:41:32 ===
         ts_launcher:(5:<0.61.0>) Phase duration exceeded, but not all users were launched (60 users, 1.3% of phase)

=INFO REPORT==== 30-Sep-2011::11:41:32 ===
         ts_launcher:(5:<0.61.0>) Start a new arrival phase (6000 0.01); expected duration=600.2414670410157 sec

=INFO REPORT==== 30-Sep-2011::11:51:32 ===
         ts_launcher:(5:<0.61.0>) Phase duration exceeded, but not all users were launched (44 users, 0.7% of phase)

=INFO REPORT==== 30-Sep-2011::11:51:32 ===
         ts_launcher:(5:<0.61.0>) Start a new arrival phase (7500 0.0125); expected duration=600.0344221191406 sec

=INFO REPORT==== 30-Sep-2011::12:01:32 ===
         ts_launcher:(5:<0.61.0>) Phase duration exceeded, but not all users were launched (129 users, 1.7% of phase)

=INFO REPORT==== 30-Sep-2011::12:01:32 ===
         ts_launcher:(5:<0.61.0>) Start a new arrival phase (9000 0.015); expected duration=600.0184431152344 sec

=INFO REPORT==== 30-Sep-2011::12:11:32 ===
         ts_launcher:(5:<0.61.0>) Phase duration exceeded, but not all users were launched (237 users, 2.6% of phase)

=INFO REPORT==== 30-Sep-2011::12:11:32 ===
         ts_launcher:(5:<0.61.0>) Start a new arrival phase (10500 0.0175); expected duration=600.0003371582031 sec

=INFO REPORT==== 30-Sep-2011::12:21:32 ===
         ts_launcher:(5:<0.61.0>) Phase duration exceeded, but not all users were launched (159 users, 1.5% of phase)

=INFO REPORT==== 30-Sep-2011::12:21:32 ===
         ts_launcher:(5:<0.61.0>) Start a new arrival phase (12000 0.02); expected duration=600.0172849121094 sec

=INFO REPORT==== 30-Sep-2011::12:31:32 ===
         ts_launcher:(5:<0.61.0>) Phase duration exceeded, but not all users were launched (184 users, 1.5% of phase)

=INFO REPORT==== 30-Sep-2011::12:31:32 ===
         ts_launcher:(5:<0.61.0>) Start a new arrival phase (13500 0.0225); expected duration=600.0641171875 sec

=INFO REPORT==== 30-Sep-2011::12:39:42 ===
           ts_client:(4:<0.28600.1>) connection close while sending message !

=INFO REPORT==== 30-Sep-2011::12:39:42 ===
           ts_client:(5:<0.28600.1>) Server must have closed connection upon us, waiting 10 msec

=INFO REPORT==== 30-Sep-2011::12:40:36 ===
           ts_client:(4:<0.29032.1>) connection close while sending message !

=INFO REPORT==== 30-Sep-2011::12:40:36 ===
           ts_client:(5:<0.29032.1>) Server must have closed connection upon us, waiting 10 msec

=INFO REPORT==== 30-Sep-2011::12:40:36 ===
           ts_client:(4:<0.29738.1>) connection close while sending message !

=INFO REPORT==== 30-Sep-2011::12:40:36 ===
           ts_client:(5:<0.29738.1>) Server must have closed connection upon us, waiting 10 msec

=INFO REPORT==== 30-Sep-2011::12:40:36 ===
           ts_client:(4:<0.29739.1>) connection close while sending message !

=INFO REPORT==== 30-Sep-2011::12:40:36 ===
           ts_client:(5:<0.29739.1>) Server must have closed connection upon us, waiting 10 msec

=INFO REPORT==== 30-Sep-2011::12:40:36 ===
           ts_client:(4:<0.29693.1>) connection close while sending message !

=INFO REPORT==== 30-Sep-2011::12:40:36 ===
           ts_client:(5:<0.29693.1>) Server must have closed connection upon us, waiting 10 msec

=INFO REPORT==== 30-Sep-2011::12:41:32 ===
         ts_launcher:(5:<0.61.0>) Phase duration exceeded, but not all users were launched (272 users, 2.0% of phase)

=INFO REPORT==== 30-Sep-2011::12:41:32 ===
         ts_launcher:(5:<0.61.0>) This was the last phase, wait for connected users to finish their session

=INFO REPORT==== 30-Sep-2011::12:41:32 ===
     ts_launcher_mgr:(5:<0.56.0>) Still 217 active client(s)
