
=INFO REPORT==== 30-Sep-2011::11:21:30 ===
  ts_launcher_static:(5:<0.60.0>) Launch msg receive ("localhost")

=INFO REPORT==== 30-Sep-2011::11:21:30 ===
         ts_launcher:(5:<0.61.0>) Launch msg receive ("localhost")

=INFO REPORT==== 30-Sep-2011::11:21:30 ===
     ts_launcher_mgr:(4:<0.56.0>) No registered processes ! syncing ...

=INFO REPORT==== 30-Sep-2011::11:21:30 ===
         ts_launcher:(5:<0.61.0>) Expected duration of first phase: 120.0 sec 

=INFO REPORT==== 30-Sep-2011::11:21:30 ===
         ts_launcher:(5:<0.61.0>) Activate launcher (120 users) in 10789 msec 

=INFO REPORT==== 30-Sep-2011::11:23:41 ===
         ts_launcher:(5:<0.61.0>) Phase duration exceeded, but not all users were launched (5 users, 4.2% of phase)

=INFO REPORT==== 30-Sep-2011::11:23:41 ===
         ts_launcher:(5:<0.61.0>) Start a new arrival phase (240 0.002); expected duration=121.36939599609374 sec

=INFO REPORT==== 30-Sep-2011::11:25:42 ===
         ts_launcher:(5:<0.61.0>) Phase duration exceeded, but not all users were launched (2 users, 0.8% of phase)

=INFO REPORT==== 30-Sep-2011::11:25:42 ===
         ts_launcher:(5:<0.61.0>) Start a new arrival phase (360 0.003); expected duration=120.94239794921874 sec

=INFO REPORT==== 30-Sep-2011::11:27:42 ===
         ts_launcher:(5:<0.61.0>) Phase duration exceeded, but not all users were launched (1 users, 0.3% of phase)

=INFO REPORT==== 30-Sep-2011::11:27:42 ===
         ts_launcher:(5:<0.61.0>) Start a new arrival phase (480 0.004); expected duration=120.00348510742188 sec

=INFO REPORT==== 30-Sep-2011::11:29:42 ===
         ts_launcher:(5:<0.61.0>) Phase duration exceeded, but not all users were launched (31 users, 6.5% of phase)

=INFO REPORT==== 30-Sep-2011::11:29:42 ===
         ts_launcher:(5:<0.61.0>) Start a new arrival phase (600 0.005); expected duration=120.12836499023437 sec

=INFO REPORT==== 30-Sep-2011::11:31:42 ===
         ts_launcher:(5:<0.61.0>) Start a new arrival phase (4500 0.0075); expected duration=119.31143090820312 sec

=INFO REPORT==== 30-Sep-2011::11:41:42 ===
         ts_launcher:(5:<0.61.0>) Phase duration exceeded, but not all users were launched (43 users, 1.0% of phase)

=INFO REPORT==== 30-Sep-2011::11:41:42 ===
         ts_launcher:(5:<0.61.0>) Start a new arrival phase (6000 0.01); expected duration=600.0483161621094 sec

=INFO REPORT==== 30-Sep-2011::11:51:42 ===
         ts_launcher:(5:<0.61.0>) Phase duration exceeded, but not all users were launched (21 users, 0.3% of phase)

=INFO REPORT==== 30-Sep-2011::11:51:42 ===
         ts_launcher:(5:<0.61.0>) Start a new arrival phase (7500 0.0125); expected duration=600.0234978027344 sec

=INFO REPORT==== 30-Sep-2011::12:01:42 ===
         ts_launcher:(5:<0.61.0>) Phase duration exceeded, but not all users were launched (328 users, 4.4% of phase)

=INFO REPORT==== 30-Sep-2011::12:01:42 ===
         ts_launcher:(5:<0.61.0>) Start a new arrival phase (9000 0.015); expected duration=600.0055900878906 sec

=INFO REPORT==== 30-Sep-2011::12:11:42 ===
         ts_launcher:(5:<0.61.0>) Phase duration exceeded, but not all users were launched (98 users, 1.1% of phase)

=INFO REPORT==== 30-Sep-2011::12:11:42 ===
         ts_launcher:(5:<0.61.0>) Start a new arrival phase (10500 0.0175); expected duration=600.0661979980468 sec

=INFO REPORT==== 30-Sep-2011::12:21:42 ===
         ts_launcher:(5:<0.61.0>) Phase duration exceeded, but not all users were launched (176 users, 1.7% of phase)

=INFO REPORT==== 30-Sep-2011::12:21:42 ===
         ts_launcher:(5:<0.61.0>) Start a new arrival phase (12000 0.02); expected duration=600.0456198730469 sec

=INFO REPORT==== 30-Sep-2011::12:28:59 ===
           ts_client:(4:<0.14504.1>) connection close while sending message !

=INFO REPORT==== 30-Sep-2011::12:28:59 ===
           ts_client:(5:<0.14504.1>) Server must have closed connection upon us, waiting 10 msec

=INFO REPORT==== 30-Sep-2011::12:30:01 ===
           ts_client:(4:<0.15721.1>) connection close while sending message !

=INFO REPORT==== 30-Sep-2011::12:30:01 ===
           ts_client:(5:<0.15721.1>) Server must have closed connection upon us, waiting 10 msec

=INFO REPORT==== 30-Sep-2011::12:31:42 ===
         ts_launcher:(5:<0.61.0>) Phase duration exceeded, but not all users were launched (129 users, 1.1% of phase)

=INFO REPORT==== 30-Sep-2011::12:31:42 ===
         ts_launcher:(5:<0.61.0>) Start a new arrival phase (13500 0.0225); expected duration=600.020419921875 sec

=INFO REPORT==== 30-Sep-2011::12:33:06 ===
           ts_client:(4:<0.19674.1>) connection close while sending message !

=INFO REPORT==== 30-Sep-2011::12:33:06 ===
           ts_client:(5:<0.19674.1>) Server must have closed connection upon us, waiting 10 msec

=INFO REPORT==== 30-Sep-2011::12:34:02 ===
           ts_client:(4:<0.20828.1>) connection close while sending message !

=INFO REPORT==== 30-Sep-2011::12:34:02 ===
           ts_client:(5:<0.20828.1>) Server must have closed connection upon us, waiting 10 msec

=INFO REPORT==== 30-Sep-2011::12:34:25 ===
           ts_client:(4:<0.21436.1>) connection close while sending message !

=INFO REPORT==== 30-Sep-2011::12:34:25 ===
           ts_client:(5:<0.21436.1>) Server must have closed connection upon us, waiting 10 msec

=INFO REPORT==== 30-Sep-2011::12:34:25 ===
           ts_client:(4:<0.21437.1>) connection close while sending message !

=INFO REPORT==== 30-Sep-2011::12:34:25 ===
           ts_client:(5:<0.21437.1>) Server must have closed connection upon us, waiting 10 msec

=INFO REPORT==== 30-Sep-2011::12:38:58 ===
           ts_client:(4:<0.27536.1>) connection close while sending message !

=INFO REPORT==== 30-Sep-2011::12:38:58 ===
           ts_client:(5:<0.27536.1>) Server must have closed connection upon us, waiting 10 msec

=INFO REPORT==== 30-Sep-2011::12:39:42 ===
           ts_client:(4:<0.28599.1>) connection close while sending message !

=INFO REPORT==== 30-Sep-2011::12:39:42 ===
           ts_client:(5:<0.28599.1>) Server must have closed connection upon us, waiting 10 msec

=INFO REPORT==== 30-Sep-2011::12:41:00 ===
           ts_client:(4:<0.30318.1>) connection close while sending message !

=INFO REPORT==== 30-Sep-2011::12:41:00 ===
           ts_client:(5:<0.30318.1>) Server must have closed connection upon us, waiting 10 msec

=INFO REPORT==== 30-Sep-2011::12:41:42 ===
         ts_launcher:(5:<0.61.0>) Phase duration exceeded, but not all users were launched (56 users, 0.4% of phase)

=INFO REPORT==== 30-Sep-2011::12:41:42 ===
         ts_launcher:(5:<0.61.0>) This was the last phase, wait for connected users to finish their session

=INFO REPORT==== 30-Sep-2011::12:41:42 ===
     ts_launcher_mgr:(5:<0.56.0>) Still 217 active client(s)
