
=INFO REPORT==== 8-Mar-2011::17:01:05 ===
    ts_config_server:(5:<0.52.0>) Config server started, logdir is "/home/ec2-user/.tsung/log/20110308-22:01"
 
=INFO REPORT==== 8-Mar-2011::17:01:05 ===
              ts_mon:(5:<0.51.0>) starting monitor, global 

=INFO REPORT==== 8-Mar-2011::17:01:05 ===
              ts_mon:(5:<0.53.0>) Init, log dir is "/home/ec2-user/.tsung/log/20110308-22:01"

=INFO REPORT==== 8-Mar-2011::17:01:05 ===
              ts_mon:(5:<0.53.0>) starting monitor

=INFO REPORT==== 8-Mar-2011::17:01:05 ===
        ts_stats_mon:(5:<0.51.0>) starting stats server, global 

=INFO REPORT==== 8-Mar-2011::17:01:05 ===
        ts_stats_mon:(5:<0.55.0>) starting ts_stats_mon stats server

=INFO REPORT==== 8-Mar-2011::17:01:05 ===
        ts_stats_mon:(5:<0.51.0>) starting request stats server, global 

=INFO REPORT==== 8-Mar-2011::17:01:05 ===
        ts_stats_mon:(5:<0.56.0>) starting dedicated stats server for request 

=INFO REPORT==== 8-Mar-2011::17:01:05 ===
        ts_stats_mon:(5:<0.51.0>) starting page stats server, global 

=INFO REPORT==== 8-Mar-2011::17:01:05 ===
        ts_stats_mon:(5:<0.57.0>) starting dedicated stats server for page 

=INFO REPORT==== 8-Mar-2011::17:01:05 ===
        ts_stats_mon:(5:<0.51.0>) starting connect stats server, global 

=INFO REPORT==== 8-Mar-2011::17:01:05 ===
        ts_stats_mon:(5:<0.58.0>) starting dedicated stats server for connect 

=INFO REPORT==== 8-Mar-2011::17:01:05 ===
        ts_stats_mon:(5:<0.51.0>) starting transaction stats server, global 

=INFO REPORT==== 8-Mar-2011::17:01:05 ===
        ts_stats_mon:(5:<0.59.0>) starting transaction stats server

=INFO REPORT==== 8-Mar-2011::17:01:05 ===
     ts_match_logger:(5:<0.51.0>) starting match logger, global 

=INFO REPORT==== 8-Mar-2011::17:01:05 ===
     ts_match_logger:(5:<0.60.0>) starting match logger

=INFO REPORT==== 8-Mar-2011::17:01:05 ===
     ts_match_logger:(5:<0.60.0>) starting match logger

=INFO REPORT==== 8-Mar-2011::17:01:05 ===
           ts_config:(5:<0.52.0>) Reading config file: /home/ec2-user/speedmetal/apps/rails2/redmine-1.1.1/tsung.xml

=INFO REPORT==== 8-Mar-2011::17:01:05 ===
           ts_config:(5:<0.52.0>) Session name for id 1 is "ensureproject"

=INFO REPORT==== 8-Mar-2011::17:01:05 ===
           ts_config:(5:<0.52.0>) Session type: persistent=true, bidi=false

=INFO REPORT==== 8-Mar-2011::17:01:05 ===
      ts_config_http:(5:<0.52.0>) Relative URL, single server 
=INFO REPORT==== 8-Mar-2011::17:01:05 ===
           ts_config:(5:<0.52.0>) Session name for id 2 is "browse_site"

=INFO REPORT==== 8-Mar-2011::17:01:05 ===
           ts_config:(5:<0.52.0>) Session type: persistent=true, bidi=false

=INFO REPORT==== 8-Mar-2011::17:01:05 ===
      ts_config_http:(5:<0.52.0>) Relative URL, single server 
=INFO REPORT==== 8-Mar-2011::17:01:05 ===
           ts_config:(5:<0.52.0>) Session name for id 3 is "create_issue"

=INFO REPORT==== 8-Mar-2011::17:01:05 ===
           ts_config:(5:<0.52.0>) Session type: persistent=true, bidi=false

=INFO REPORT==== 8-Mar-2011::17:01:05 ===
      ts_config_http:(5:<0.52.0>) Relative URL, single server 
=INFO REPORT==== 8-Mar-2011::17:01:05 ===
    ts_config_server:(5:<0.52.0>) SYSINFO:Erlang version: Erlang R14B01 (erts-5.8.2) [source] [64-bit] [smp:2:2] [rq:2] [async-threads:16] [kernel-poll:true]


=INFO REPORT==== 8-Mar-2011::17:01:05 ===
    ts_config_server:(5:<0.52.0>) SYSINFO:System architecture x86_64-redhat-linux-gnu

=INFO REPORT==== 8-Mar-2011::17:01:05 ===
    ts_config_server:(5:<0.52.0>) SYSINFO:Current path: /usr/lib/erlang/lib/tsung-1.3.3/ebin/tsung.beam

=INFO REPORT==== 8-Mar-2011::17:01:05 ===
    ts_os_mon_erlang:(5:<0.66.0>) starting os_mon_erlang with args {"server",
                                                                    {},10000,
                                                                    {global,
                                                                     ts_mon}}
=INFO REPORT==== 8-Mar-2011::17:01:05 ===
              ts_mon:(5:<0.53.0>) Activate clients with text backend

=INFO REPORT==== 8-Mar-2011::17:01:06 ===
    ts_config_server:(5:<0.73.0>) started newbeam on node tsung0@localhost 

=INFO REPORT==== 8-Mar-2011::17:01:06 ===
    ts_config_server:(5:<0.73.0>) ping tsung0@localhost pong

=INFO REPORT==== 8-Mar-2011::17:01:06 ===
    ts_config_server:(5:<0.74.0>) started newbeam on node tsung1@localhost 

=INFO REPORT==== 8-Mar-2011::17:01:06 ===
    ts_config_server:(5:<0.74.0>) ping tsung1@localhost pong

=INFO REPORT==== 8-Mar-2011::17:01:06 ===
    ts_config_server:(5:<0.52.0>) New arrival phase 1 for client "localhost": will start 60.0 users

=INFO REPORT==== 8-Mar-2011::17:01:06 ===
    ts_config_server:(5:<0.52.0>) New arrival phase 2 for client "localhost": will start 120.0 users

=INFO REPORT==== 8-Mar-2011::17:01:06 ===
    ts_config_server:(5:<0.52.0>) New arrival phase 3 for client "localhost": will start 180.0 users

=INFO REPORT==== 8-Mar-2011::17:01:06 ===
    ts_config_server:(5:<0.52.0>) New arrival phase 4 for client "localhost": will start 240.0 users

=INFO REPORT==== 8-Mar-2011::17:01:06 ===
    ts_config_server:(5:<0.52.0>) New arrival phase 5 for client "localhost": will start 300.0 users

=INFO REPORT==== 8-Mar-2011::17:01:06 ===
    ts_config_server:(5:<0.52.0>) New arrival phase 6 for client "localhost": will start 1050.0 users

=INFO REPORT==== 8-Mar-2011::17:01:06 ===
    ts_config_server:(5:<0.52.0>) New arrival phase 7 for client "localhost": will start 1.5e3 users

=INFO REPORT==== 8-Mar-2011::17:01:06 ===
    ts_config_server:(5:<0.52.0>) New arrival phase 8 for client "localhost": will start 2.7e4 users

=INFO REPORT==== 8-Mar-2011::17:01:06 ===
    ts_config_server:(5:<0.52.0>) New arrival phase 1 for client "localhost": will start 60.0 users

=INFO REPORT==== 8-Mar-2011::17:01:06 ===
    ts_config_server:(5:<0.52.0>) New arrival phase 2 for client "localhost": will start 120.0 users

=INFO REPORT==== 8-Mar-2011::17:01:06 ===
    ts_config_server:(5:<0.52.0>) New arrival phase 3 for client "localhost": will start 180.0 users

=INFO REPORT==== 8-Mar-2011::17:01:06 ===
    ts_config_server:(5:<0.52.0>) New arrival phase 4 for client "localhost": will start 240.0 users

=INFO REPORT==== 8-Mar-2011::17:01:06 ===
    ts_config_server:(5:<0.52.0>) New arrival phase 5 for client "localhost": will start 300.0 users

=INFO REPORT==== 8-Mar-2011::17:01:06 ===
    ts_config_server:(5:<0.52.0>) New arrival phase 6 for client "localhost": will start 1050.0 users

=INFO REPORT==== 8-Mar-2011::17:01:06 ===
    ts_config_server:(5:<0.52.0>) New arrival phase 7 for client "localhost": will start 1.5e3 users

=INFO REPORT==== 8-Mar-2011::17:01:06 ===
    ts_config_server:(5:<0.52.0>) New arrival phase 8 for client "localhost": will start 2.7e4 users

=INFO REPORT==== 8-Mar-2011::17:01:07 ===
    ts_os_mon_erlang:(5:<0.71.0>) loading tsung monitor on nodes [os_mon@server]

=INFO REPORT==== 8-Mar-2011::17:38:53 ===
    ts_config_server:(5:<0.561.0>) started newbeam on node tsung2@localhost 

=INFO REPORT==== 8-Mar-2011::17:38:53 ===
    ts_config_server:(5:<0.561.0>) ping tsung2@localhost pong

=INFO REPORT==== 8-Mar-2011::17:39:14 ===
    ts_config_server:(5:<0.576.0>) started newbeam on node tsung3@localhost 

=INFO REPORT==== 8-Mar-2011::17:39:14 ===
    ts_config_server:(5:<0.576.0>) ping tsung3@localhost pong

=INFO REPORT==== 8-Mar-2011::17:41:05 ===
    ts_config_server:(5:<0.609.0>) started newbeam on node tsung4@localhost 

=INFO REPORT==== 8-Mar-2011::17:41:05 ===
    ts_config_server:(5:<0.609.0>) ping tsung4@localhost pong

=INFO REPORT==== 8-Mar-2011::17:41:25 ===
    ts_config_server:(5:<0.624.0>) started newbeam on node tsung5@localhost 

=INFO REPORT==== 8-Mar-2011::17:41:25 ===
    ts_config_server:(5:<0.624.0>) ping tsung5@localhost pong

=INFO REPORT==== 8-Mar-2011::17:43:01 ===
    ts_config_server:(5:<0.655.0>) started newbeam on node tsung6@localhost 

=INFO REPORT==== 8-Mar-2011::17:43:01 ===
    ts_config_server:(5:<0.655.0>) ping tsung6@localhost pong

=INFO REPORT==== 8-Mar-2011::17:43:37 ===
    ts_config_server:(5:<0.673.0>) started newbeam on node tsung7@localhost 

=INFO REPORT==== 8-Mar-2011::17:43:37 ===
    ts_config_server:(5:<0.673.0>) ping tsung7@localhost pong

=INFO REPORT==== 8-Mar-2011::17:44:56 ===
    ts_config_server:(5:<0.700.0>) started newbeam on node tsung8@localhost 

=INFO REPORT==== 8-Mar-2011::17:44:56 ===
    ts_config_server:(5:<0.700.0>) ping tsung8@localhost pong

=INFO REPORT==== 8-Mar-2011::17:45:40 ===
    ts_config_server:(5:<0.720.0>) started newbeam on node tsung9@localhost 

=INFO REPORT==== 8-Mar-2011::17:45:40 ===
    ts_config_server:(5:<0.720.0>) ping tsung9@localhost pong

=INFO REPORT==== 8-Mar-2011::17:46:46 ===
    ts_config_server:(5:<0.744.0>) started newbeam on node tsung10@localhost 

=INFO REPORT==== 8-Mar-2011::17:46:46 ===
    ts_config_server:(5:<0.744.0>) ping tsung10@localhost pong

=INFO REPORT==== 8-Mar-2011::17:47:34 ===
    ts_config_server:(5:<0.764.0>) started newbeam on node tsung11@localhost 

=INFO REPORT==== 8-Mar-2011::17:47:34 ===
    ts_config_server:(5:<0.764.0>) ping tsung11@localhost pong

=INFO REPORT==== 8-Mar-2011::17:48:38 ===
    ts_config_server:(5:<0.789.0>) started newbeam on node tsung12@localhost 

=INFO REPORT==== 8-Mar-2011::17:48:38 ===
    ts_config_server:(5:<0.789.0>) ping tsung12@localhost pong

=INFO REPORT==== 8-Mar-2011::17:49:24 ===
    ts_config_server:(5:<0.808.0>) started newbeam on node tsung13@localhost 

=INFO REPORT==== 8-Mar-2011::17:49:24 ===
    ts_config_server:(5:<0.808.0>) ping tsung13@localhost pong

=INFO REPORT==== 8-Mar-2011::17:50:31 ===
    ts_config_server:(5:<0.833.0>) started newbeam on node tsung14@localhost 

=INFO REPORT==== 8-Mar-2011::17:50:31 ===
    ts_config_server:(5:<0.833.0>) ping tsung14@localhost pong

=INFO REPORT==== 8-Mar-2011::17:51:11 ===
    ts_config_server:(5:<0.852.0>) started newbeam on node tsung15@localhost 

=INFO REPORT==== 8-Mar-2011::17:51:11 ===
    ts_config_server:(5:<0.852.0>) ping tsung15@localhost pong

=INFO REPORT==== 8-Mar-2011::17:51:53 ===
              ts_mon:(5:<0.53.0>) A launcher has finished, but not all users have finished, wait before stopping

=INFO REPORT==== 8-Mar-2011::17:52:13 ===
              ts_mon:(5:<0.53.0>) A launcher has finished, but not all users have finished, wait before stopping

=INFO REPORT==== 8-Mar-2011::17:52:35 ===
    ts_config_server:(5:<0.879.0>) started newbeam on node tsung16@localhost 

=INFO REPORT==== 8-Mar-2011::17:52:35 ===
    ts_config_server:(5:<0.879.0>) ping tsung16@localhost pong

=INFO REPORT==== 8-Mar-2011::17:53:03 ===
    ts_config_server:(5:<0.896.0>) started newbeam on node tsung17@localhost 

=INFO REPORT==== 8-Mar-2011::17:53:03 ===
    ts_config_server:(5:<0.896.0>) ping tsung17@localhost pong

=INFO REPORT==== 8-Mar-2011::17:54:37 ===
    ts_config_server:(5:<0.926.0>) started newbeam on node tsung18@localhost 

=INFO REPORT==== 8-Mar-2011::17:54:37 ===
    ts_config_server:(5:<0.926.0>) ping tsung18@localhost pong

=INFO REPORT==== 8-Mar-2011::17:54:55 ===
    ts_config_server:(5:<0.940.0>) started newbeam on node tsung19@localhost 

=INFO REPORT==== 8-Mar-2011::17:54:55 ===
    ts_config_server:(5:<0.940.0>) ping tsung19@localhost pong

=INFO REPORT==== 8-Mar-2011::17:56:34 ===
    ts_config_server:(5:<0.971.0>) started newbeam on node tsung20@localhost 

=INFO REPORT==== 8-Mar-2011::17:56:34 ===
    ts_config_server:(5:<0.971.0>) ping tsung20@localhost pong

=INFO REPORT==== 8-Mar-2011::17:56:44 ===
    ts_config_server:(5:<0.984.0>) started newbeam on node tsung21@localhost 

=INFO REPORT==== 8-Mar-2011::17:56:44 ===
    ts_config_server:(5:<0.984.0>) ping tsung21@localhost pong

=INFO REPORT==== 8-Mar-2011::17:58:21 ===
    ts_config_server:(5:<0.1015.0>) started newbeam on node tsung22@localhost 

=INFO REPORT==== 8-Mar-2011::17:58:21 ===
    ts_config_server:(5:<0.1015.0>) ping tsung22@localhost pong

=INFO REPORT==== 8-Mar-2011::17:58:38 ===
    ts_config_server:(5:<0.1029.0>) started newbeam on node tsung23@localhost 

=INFO REPORT==== 8-Mar-2011::17:58:38 ===
    ts_config_server:(5:<0.1029.0>) ping tsung23@localhost pong

=INFO REPORT==== 8-Mar-2011::18:00:16 ===
    ts_config_server:(5:<0.1059.0>) started newbeam on node tsung24@localhost 

=INFO REPORT==== 8-Mar-2011::18:00:16 ===
    ts_config_server:(5:<0.1059.0>) ping tsung24@localhost pong

=INFO REPORT==== 8-Mar-2011::18:00:36 ===
    ts_config_server:(5:<0.1075.0>) started newbeam on node tsung25@localhost 

=INFO REPORT==== 8-Mar-2011::18:00:36 ===
    ts_config_server:(5:<0.1075.0>) ping tsung25@localhost pong

=INFO REPORT==== 8-Mar-2011::18:02:09 ===
    ts_config_server:(5:<0.1104.0>) started newbeam on node tsung26@localhost 

=INFO REPORT==== 8-Mar-2011::18:02:09 ===
    ts_config_server:(5:<0.1104.0>) ping tsung26@localhost pong

=INFO REPORT==== 8-Mar-2011::18:02:26 ===
    ts_config_server:(5:<0.1118.0>) started newbeam on node tsung27@localhost 

=INFO REPORT==== 8-Mar-2011::18:02:26 ===
    ts_config_server:(5:<0.1118.0>) ping tsung27@localhost pong

=INFO REPORT==== 8-Mar-2011::18:04:02 ===
    ts_config_server:(5:<0.1149.0>) started newbeam on node tsung28@localhost 

=INFO REPORT==== 8-Mar-2011::18:04:02 ===
    ts_config_server:(5:<0.1149.0>) ping tsung28@localhost pong

=INFO REPORT==== 8-Mar-2011::18:04:23 ===
    ts_config_server:(5:<0.1164.0>) started newbeam on node tsung29@localhost 

=INFO REPORT==== 8-Mar-2011::18:04:23 ===
    ts_config_server:(5:<0.1164.0>) ping tsung29@localhost pong

=INFO REPORT==== 8-Mar-2011::18:05:49 ===
    ts_config_server:(5:<0.1192.0>) started newbeam on node tsung30@localhost 

=INFO REPORT==== 8-Mar-2011::18:05:49 ===
    ts_config_server:(5:<0.1192.0>) ping tsung30@localhost pong

=INFO REPORT==== 8-Mar-2011::18:06:23 ===
    ts_config_server:(5:<0.1210.0>) started newbeam on node tsung31@localhost 

=INFO REPORT==== 8-Mar-2011::18:06:23 ===
    ts_config_server:(5:<0.1210.0>) ping tsung31@localhost pong

=INFO REPORT==== 8-Mar-2011::18:07:37 ===
    ts_config_server:(5:<0.1236.0>) started newbeam on node tsung32@localhost 

=INFO REPORT==== 8-Mar-2011::18:07:37 ===
    ts_config_server:(5:<0.1236.0>) ping tsung32@localhost pong

=INFO REPORT==== 8-Mar-2011::18:08:18 ===
    ts_config_server:(5:<0.1255.0>) started newbeam on node tsung33@localhost 

=INFO REPORT==== 8-Mar-2011::18:08:18 ===
    ts_config_server:(5:<0.1255.0>) ping tsung33@localhost pong

=INFO REPORT==== 8-Mar-2011::18:09:17 ===
    ts_config_server:(5:<0.1278.0>) started newbeam on node tsung34@localhost 

=INFO REPORT==== 8-Mar-2011::18:09:17 ===
    ts_config_server:(5:<0.1278.0>) ping tsung34@localhost pong

=INFO REPORT==== 8-Mar-2011::18:10:09 ===
    ts_config_server:(5:<0.1299.0>) started newbeam on node tsung35@localhost 

=INFO REPORT==== 8-Mar-2011::18:10:09 ===
    ts_config_server:(5:<0.1299.0>) ping tsung35@localhost pong

=INFO REPORT==== 8-Mar-2011::18:11:08 ===
    ts_config_server:(5:<0.1322.0>) started newbeam on node tsung36@localhost 

=INFO REPORT==== 8-Mar-2011::18:11:08 ===
    ts_config_server:(5:<0.1322.0>) ping tsung36@localhost pong

=INFO REPORT==== 8-Mar-2011::18:11:58 ===
    ts_config_server:(5:<0.1343.0>) started newbeam on node tsung37@localhost 

=INFO REPORT==== 8-Mar-2011::18:11:58 ===
    ts_config_server:(5:<0.1343.0>) ping tsung37@localhost pong

=INFO REPORT==== 8-Mar-2011::18:12:53 ===
    ts_config_server:(5:<0.1365.0>) started newbeam on node tsung38@localhost 

=INFO REPORT==== 8-Mar-2011::18:12:53 ===
    ts_config_server:(5:<0.1365.0>) ping tsung38@localhost pong

=INFO REPORT==== 8-Mar-2011::18:13:42 ===
    ts_config_server:(5:<0.1385.0>) started newbeam on node tsung39@localhost 

=INFO REPORT==== 8-Mar-2011::18:13:42 ===
    ts_config_server:(5:<0.1385.0>) ping tsung39@localhost pong

=INFO REPORT==== 8-Mar-2011::18:14:39 ===
    ts_config_server:(5:<0.1408.0>) started newbeam on node tsung40@localhost 

=INFO REPORT==== 8-Mar-2011::18:14:39 ===
    ts_config_server:(5:<0.1408.0>) ping tsung40@localhost pong

=INFO REPORT==== 8-Mar-2011::18:15:34 ===
    ts_config_server:(5:<0.1429.0>) started newbeam on node tsung41@localhost 

=INFO REPORT==== 8-Mar-2011::18:15:34 ===
    ts_config_server:(5:<0.1429.0>) ping tsung41@localhost pong

=INFO REPORT==== 8-Mar-2011::18:16:32 ===
    ts_config_server:(5:<0.1452.0>) started newbeam on node tsung42@localhost 

=INFO REPORT==== 8-Mar-2011::18:16:32 ===
    ts_config_server:(5:<0.1452.0>) ping tsung42@localhost pong

=INFO REPORT==== 8-Mar-2011::18:17:34 ===
    ts_config_server:(5:<0.1475.0>) started newbeam on node tsung43@localhost 

=INFO REPORT==== 8-Mar-2011::18:17:34 ===
    ts_config_server:(5:<0.1475.0>) ping tsung43@localhost pong

=INFO REPORT==== 8-Mar-2011::18:18:26 ===
    ts_config_server:(5:<0.1496.0>) started newbeam on node tsung44@localhost 

=INFO REPORT==== 8-Mar-2011::18:18:26 ===
    ts_config_server:(5:<0.1496.0>) ping tsung44@localhost pong

=INFO REPORT==== 8-Mar-2011::18:19:32 ===
    ts_config_server:(5:<0.1521.0>) started newbeam on node tsung45@localhost 

=INFO REPORT==== 8-Mar-2011::18:19:32 ===
    ts_config_server:(5:<0.1521.0>) ping tsung45@localhost pong

=INFO REPORT==== 8-Mar-2011::18:20:16 ===
    ts_config_server:(5:<0.1541.0>) started newbeam on node tsung46@localhost 

=INFO REPORT==== 8-Mar-2011::18:20:16 ===
    ts_config_server:(5:<0.1541.0>) ping tsung46@localhost pong

=INFO REPORT==== 8-Mar-2011::18:21:17 ===
    ts_config_server:(5:<0.1565.0>) started newbeam on node tsung47@localhost 

=INFO REPORT==== 8-Mar-2011::18:21:17 ===
    ts_config_server:(5:<0.1565.0>) ping tsung47@localhost pong

=INFO REPORT==== 8-Mar-2011::18:26:44 ===
              ts_mon:(5:<0.53.0>) stopping monitor (normal)
