
=INFO REPORT==== 2-Mar-2011::11:32:35 ===
    ts_config_server:(5:<0.52.0>) Config server started, logdir is "/home/ec2-user/.tsung/log/20110302-16:32"
 
=INFO REPORT==== 2-Mar-2011::11:32:35 ===
              ts_mon:(5:<0.51.0>) starting monitor, global 

=INFO REPORT==== 2-Mar-2011::11:32:35 ===
              ts_mon:(5:<0.53.0>) Init, log dir is "/home/ec2-user/.tsung/log/20110302-16:32"

=INFO REPORT==== 2-Mar-2011::11:32:35 ===
              ts_mon:(5:<0.53.0>) starting monitor

=INFO REPORT==== 2-Mar-2011::11:32:35 ===
        ts_stats_mon:(5:<0.51.0>) starting stats server, global 

=INFO REPORT==== 2-Mar-2011::11:32:35 ===
        ts_stats_mon:(5:<0.55.0>) starting ts_stats_mon stats server

=INFO REPORT==== 2-Mar-2011::11:32:35 ===
        ts_stats_mon:(5:<0.51.0>) starting request stats server, global 

=INFO REPORT==== 2-Mar-2011::11:32:35 ===
        ts_stats_mon:(5:<0.56.0>) starting dedicated stats server for request 

=INFO REPORT==== 2-Mar-2011::11:32:35 ===
        ts_stats_mon:(5:<0.51.0>) starting page stats server, global 

=INFO REPORT==== 2-Mar-2011::11:32:35 ===
        ts_stats_mon:(5:<0.57.0>) starting dedicated stats server for page 

=INFO REPORT==== 2-Mar-2011::11:32:35 ===
        ts_stats_mon:(5:<0.51.0>) starting connect stats server, global 

=INFO REPORT==== 2-Mar-2011::11:32:35 ===
        ts_stats_mon:(5:<0.58.0>) starting dedicated stats server for connect 

=INFO REPORT==== 2-Mar-2011::11:32:35 ===
        ts_stats_mon:(5:<0.51.0>) starting transaction stats server, global 

=INFO REPORT==== 2-Mar-2011::11:32:35 ===
        ts_stats_mon:(5:<0.59.0>) starting transaction stats server

=INFO REPORT==== 2-Mar-2011::11:32:35 ===
     ts_match_logger:(5:<0.51.0>) starting match logger, global 

=INFO REPORT==== 2-Mar-2011::11:32:35 ===
     ts_match_logger:(5:<0.60.0>) starting match logger

=INFO REPORT==== 2-Mar-2011::11:32:35 ===
     ts_match_logger:(5:<0.60.0>) starting match logger

=INFO REPORT==== 2-Mar-2011::11:32:35 ===
           ts_config:(5:<0.52.0>) Reading config file: /home/ec2-user/speedmetal/apps/rails2/redmine-1.1.1/tsung.xml

=INFO REPORT==== 2-Mar-2011::11:32:35 ===
           ts_config:(5:<0.52.0>) Session name for id 1 is "ensureproject"

=INFO REPORT==== 2-Mar-2011::11:32:35 ===
           ts_config:(5:<0.52.0>) Session type: persistent=true, bidi=false

=INFO REPORT==== 2-Mar-2011::11:32:35 ===
      ts_config_http:(5:<0.52.0>) Relative URL, single server 
=INFO REPORT==== 2-Mar-2011::11:32:35 ===
           ts_config:(5:<0.52.0>) Session name for id 2 is "browse_site"

=INFO REPORT==== 2-Mar-2011::11:32:35 ===
           ts_config:(5:<0.52.0>) Session type: persistent=true, bidi=false

=INFO REPORT==== 2-Mar-2011::11:32:35 ===
      ts_config_http:(5:<0.52.0>) Relative URL, single server 
=INFO REPORT==== 2-Mar-2011::11:32:35 ===
           ts_config:(5:<0.52.0>) Session name for id 3 is "create_issue"

=INFO REPORT==== 2-Mar-2011::11:32:35 ===
           ts_config:(5:<0.52.0>) Session type: persistent=true, bidi=false

=INFO REPORT==== 2-Mar-2011::11:32:35 ===
      ts_config_http:(5:<0.52.0>) Relative URL, single server 
=INFO REPORT==== 2-Mar-2011::11:32:35 ===
    ts_config_server:(5:<0.52.0>) SYSINFO:Erlang version: Erlang R14B01 (erts-5.8.2) [source] [64-bit] [smp:2:2] [rq:2] [async-threads:16] [kernel-poll:true]


=INFO REPORT==== 2-Mar-2011::11:32:35 ===
    ts_config_server:(5:<0.52.0>) SYSINFO:System architecture x86_64-redhat-linux-gnu

=INFO REPORT==== 2-Mar-2011::11:32:35 ===
    ts_config_server:(5:<0.52.0>) SYSINFO:Current path: /usr/lib/erlang/lib/tsung-1.3.3/ebin/tsung.beam

=INFO REPORT==== 2-Mar-2011::11:32:35 ===
    ts_os_mon_erlang:(5:<0.66.0>) starting os_mon_erlang with args {"server",
                                                                    {},10000,
                                                                    {global,
                                                                     ts_mon}}
=INFO REPORT==== 2-Mar-2011::11:32:35 ===
              ts_mon:(5:<0.53.0>) Activate clients with text backend

=INFO REPORT==== 2-Mar-2011::11:32:35 ===
    ts_config_server:(5:<0.52.0>) Start a launcher on the controller beam 'ip-10-101-61-216'

=INFO REPORT==== 2-Mar-2011::11:32:35 ===
               tsung:(7:<0.78.0>) open logfile  

=INFO REPORT==== 2-Mar-2011::11:32:35 ===
               tsung:(7:<0.78.0>) ok

=INFO REPORT==== 2-Mar-2011::11:32:35 ===
              ts_sup:(6:<0.78.0>) starting supervisor ...

=INFO REPORT==== 2-Mar-2011::11:32:35 ===
              ts_sup:(6:<0.79.0>) starting
=INFO REPORT==== 2-Mar-2011::11:32:35 ===
     ts_launcher_mgr:(6:<0.80.0>) starting
=INFO REPORT==== 2-Mar-2011::11:32:35 ===
    ts_session_cache:(6:<0.79.0>) Starting

=INFO REPORT==== 2-Mar-2011::11:32:35 ===
        ts_mon_cache:(6:<0.79.0>) Starting

=INFO REPORT==== 2-Mar-2011::11:32:35 ===
       ts_client_sup:(6:<0.83.0>) Starting 

=INFO REPORT==== 2-Mar-2011::11:32:35 ===
  ts_launcher_static:(6:<0.79.0>) starting 

=INFO REPORT==== 2-Mar-2011::11:32:35 ===
     ts_launcher_mgr:(7:<0.80.0>) static launcher is starting on node 'tsung_controller@ip-10-101-61-216' 

=INFO REPORT==== 2-Mar-2011::11:32:35 ===
         ts_launcher:(6:<0.79.0>) starting 

=INFO REPORT==== 2-Mar-2011::11:32:35 ===
     ts_launcher_mgr:(7:<0.80.0>) dynamic launcher is starting on node 'tsung_controller@ip-10-101-61-216' 

=INFO REPORT==== 2-Mar-2011::11:32:35 ===
  ts_launcher_static:(5:<0.84.0>) Launch msg receive ("localhost")

=INFO REPORT==== 2-Mar-2011::11:32:35 ===
         ts_launcher:(5:<0.85.0>) Launch msg receive ("localhost")

=INFO REPORT==== 2-Mar-2011::11:32:35 ===
    ts_config_server:(5:<0.52.0>) New arrival phase 1 for client "localhost": will start 300.0 users

=INFO REPORT==== 2-Mar-2011::11:32:35 ===
    ts_config_server:(5:<0.52.0>) New arrival phase 2 for client "localhost": will start 400.0 users

=INFO REPORT==== 2-Mar-2011::11:32:35 ===
    ts_config_server:(5:<0.52.0>) New arrival phase 3 for client "localhost": will start 600.0 users

=INFO REPORT==== 2-Mar-2011::11:32:35 ===
    ts_config_server:(5:<0.52.0>) New arrival phase 4 for client "localhost": will start 1.2e3 users

=INFO REPORT==== 2-Mar-2011::11:32:35 ===
  ts_launcher_static:(5:<0.84.0>) Activate launcher (1 static users) in 10000 msec, first user after 0 ms 

=INFO REPORT==== 2-Mar-2011::11:32:35 ===
         ts_launcher:(5:<0.85.0>) Expected duration of first phase: 600.0 sec 

=INFO REPORT==== 2-Mar-2011::11:32:35 ===
         ts_launcher:(5:<0.85.0>) Activate launcher (300 users) in 12414 msec 

=INFO REPORT==== 2-Mar-2011::11:32:38 ===
    ts_os_mon_erlang:(5:<0.71.0>) loading tsung monitor on nodes [os_mon@server]

=INFO REPORT==== 2-Mar-2011::11:33:28 ===
           ts_search:(4:<0.107.0>) Dyn Var: no Match (varname=authenticity_token), 

=INFO REPORT==== 2-Mar-2011::11:33:31 ===
           ts_search:(4:<0.123.0>) Dyn Var: no Match (varname=authenticity_token), 

=INFO REPORT==== 2-Mar-2011::11:40:16 ===
           ts_search:(4:<0.417.0>) Dyn Var: no Match (varname=authenticity_token), 

=INFO REPORT==== 2-Mar-2011::11:42:30 ===
         ts_launcher:(5:<0.85.0>) Start a new arrival phase (400 6.666666666666666e-4); expected duration=582.9354360351563 sec

=INFO REPORT==== 2-Mar-2011::11:46:42 ===
           ts_search:(4:<0.751.0>) Dyn Var: no Match (varname=authenticity_token), 

=INFO REPORT==== 2-Mar-2011::11:51:34 ===
         ts_launcher:(5:<0.85.0>) Start a new arrival phase (600 0.001); expected duration=544.2087421875 sec

=INFO REPORT==== 2-Mar-2011::11:52:40 ===
           ts_search:(4:<0.1095.0>) Dyn Var: no Match (varname=authenticity_token), 

=INFO REPORT==== 2-Mar-2011::11:52:41 ===
           ts_search:(4:<0.1056.0>) Dyn Var: no Match (varname=authenticity_token), 

=INFO REPORT==== 2-Mar-2011::11:54:31 ===
           ts_search:(4:<0.1216.0>) Dyn Var: no Match (varname=authenticity_token), 

=INFO REPORT==== 2-Mar-2011::11:55:32 ===
           ts_search:(4:<0.1312.0>) Dyn Var: no Match (varname=authenticity_token), 

=INFO REPORT==== 2-Mar-2011::11:59:45 ===
           ts_search:(4:<0.1621.0>) Dyn Var: no Match (varname=authenticity_token), 

=INFO REPORT==== 2-Mar-2011::12:01:05 ===
         ts_launcher:(5:<0.85.0>) Start a new arrival phase (1200 0.002); expected duration=570.1578327636719 sec

=INFO REPORT==== 2-Mar-2011::12:02:41 ===
           ts_search:(4:<0.1859.0>) Dyn Var: no Match (varname=authenticity_token), 

=INFO REPORT==== 2-Mar-2011::12:02:48 ===
           ts_search:(4:<0.1901.0>) Dyn Var: no Match (varname=authenticity_token), 

=INFO REPORT==== 2-Mar-2011::12:02:51 ===
           ts_search:(4:<0.1886.0>) Dyn Var: no Match (varname=authenticity_token), 

=INFO REPORT==== 2-Mar-2011::12:03:07 ===
           ts_search:(4:<0.1962.0>) Dyn Var: no Match (varname=authenticity_token), 

=INFO REPORT==== 2-Mar-2011::12:03:09 ===
           ts_search:(4:<0.1948.0>) Dyn Var: no Match (varname=authenticity_token), 

=INFO REPORT==== 2-Mar-2011::12:03:16 ===
           ts_search:(4:<0.1947.0>) Dyn Var: no Match (varname=authenticity_token), 

=INFO REPORT==== 2-Mar-2011::12:03:22 ===
           ts_search:(4:<0.1992.0>) Dyn Var: no Match (varname=authenticity_token), 

=INFO REPORT==== 2-Mar-2011::12:04:50 ===
           ts_search:(4:<0.2152.0>) Dyn Var: no Match (varname=authenticity_token), 

=INFO REPORT==== 2-Mar-2011::12:05:00 ===
           ts_search:(4:<0.2173.0>) Dyn Var: no Match (varname=authenticity_token), 

=INFO REPORT==== 2-Mar-2011::12:05:07 ===
           ts_search:(4:<0.2223.0>) Dyn Var: no Match (varname=authenticity_token), 

=INFO REPORT==== 2-Mar-2011::12:05:52 ===
           ts_search:(4:<0.2319.0>) Dyn Var: no Match (varname=authenticity_token), 

=INFO REPORT==== 2-Mar-2011::12:06:11 ===
           ts_search:(4:<0.2306.0>) Dyn Var: no Match (varname=authenticity_token), 

=INFO REPORT==== 2-Mar-2011::12:06:44 ===
           ts_search:(4:<0.2419.0>) Dyn Var: no Match (varname=authenticity_token), 

=INFO REPORT==== 2-Mar-2011::12:07:05 ===
           ts_search:(4:<0.2437.0>) Dyn Var: no Match (varname=authenticity_token), 

=INFO REPORT==== 2-Mar-2011::12:07:08 ===
           ts_search:(4:<0.2480.0>) Dyn Var: no Match (varname=authenticity_token), 

=INFO REPORT==== 2-Mar-2011::12:07:10 ===
           ts_search:(4:<0.2484.0>) Dyn Var: no Match (varname=authenticity_token), 

=INFO REPORT==== 2-Mar-2011::12:07:13 ===
           ts_search:(4:<0.2486.0>) Dyn Var: no Match (varname=authenticity_token), 

=INFO REPORT==== 2-Mar-2011::12:07:19 ===
           ts_search:(4:<0.2495.0>) Dyn Var: no Match (varname=authenticity_token), 

=INFO REPORT==== 2-Mar-2011::12:07:20 ===
           ts_search:(4:<0.2518.0>) Dyn Var: no Match (varname=authenticity_token), 

=INFO REPORT==== 2-Mar-2011::12:07:20 ===
           ts_search:(4:<0.2505.0>) Dyn Var: no Match (varname=authenticity_token), 

=INFO REPORT==== 2-Mar-2011::12:07:25 ===
           ts_search:(4:<0.2493.0>) Dyn Var: no Match (varname=authenticity_token), 

=INFO REPORT==== 2-Mar-2011::12:07:39 ===
           ts_search:(4:<0.2535.0>) Dyn Var: no Match (varname=authenticity_token), 

=INFO REPORT==== 2-Mar-2011::12:07:46 ===
           ts_search:(4:<0.2572.0>) Dyn Var: no Match (varname=authenticity_token), 

=INFO REPORT==== 2-Mar-2011::12:08:04 ===
           ts_search:(4:<0.2602.0>) Dyn Var: no Match (varname=authenticity_token), 

=INFO REPORT==== 2-Mar-2011::12:08:08 ===
           ts_search:(4:<0.2588.0>) Dyn Var: no Match (varname=authenticity_token), 

=INFO REPORT==== 2-Mar-2011::12:08:16 ===
           ts_search:(4:<0.2620.0>) Dyn Var: no Match (varname=authenticity_token), 

=INFO REPORT==== 2-Mar-2011::12:08:29 ===
           ts_search:(4:<0.2649.0>) Dyn Var: no Match (varname=authenticity_token), 

=INFO REPORT==== 2-Mar-2011::12:08:40 ===
           ts_search:(4:<0.2684.0>) Dyn Var: no Match (varname=authenticity_token), 

=INFO REPORT==== 2-Mar-2011::12:08:48 ===
           ts_search:(4:<0.2703.0>) Dyn Var: no Match (varname=authenticity_token), 

=INFO REPORT==== 2-Mar-2011::12:09:02 ===
           ts_search:(4:<0.2711.0>) Dyn Var: no Match (varname=authenticity_token), 

=INFO REPORT==== 2-Mar-2011::12:09:02 ===
           ts_search:(4:<0.2718.0>) Dyn Var: no Match (varname=authenticity_token), 

=INFO REPORT==== 2-Mar-2011::12:09:03 ===
           ts_search:(4:<0.2698.0>) Dyn Var: no Match (varname=authenticity_token), 

=INFO REPORT==== 2-Mar-2011::12:09:05 ===
           ts_search:(4:<0.2752.0>) Dyn Var: no Match (varname=authenticity_token), 

=INFO REPORT==== 2-Mar-2011::12:09:31 ===
           ts_search:(4:<0.2773.0>) Dyn Var: no Match (varname=authenticity_token), 

=INFO REPORT==== 2-Mar-2011::12:09:32 ===
           ts_search:(4:<0.2745.0>) Dyn Var: no Match (varname=authenticity_token), 

=INFO REPORT==== 2-Mar-2011::12:09:57 ===
           ts_search:(4:<0.2840.0>) Dyn Var: no Match (varname=authenticity_token), 

=INFO REPORT==== 2-Mar-2011::12:10:43 ===
           ts_search:(4:<0.2893.0>) Dyn Var: no Match (varname=authenticity_token), 

=INFO REPORT==== 2-Mar-2011::12:11:05 ===
         ts_launcher:(5:<0.85.0>) Phase duration exceeded, but not all users were launched (17 users, 1.4% of phase)

=INFO REPORT==== 2-Mar-2011::12:11:05 ===
         ts_launcher:(5:<0.85.0>) This was the last phase, wait for connected users to finish their session

=INFO REPORT==== 2-Mar-2011::12:11:05 ===
     ts_launcher_mgr:(5:<0.80.0>) Still 77 active client(s)

=INFO REPORT==== 2-Mar-2011::12:11:07 ===
           ts_search:(4:<0.2993.0>) Dyn Var: no Match (varname=authenticity_token), 

=INFO REPORT==== 2-Mar-2011::12:11:26 ===
           ts_search:(4:<0.3019.0>) Dyn Var: no Match (varname=authenticity_token), 

=INFO REPORT==== 2-Mar-2011::12:12:05 ===
     ts_launcher_mgr:(5:<0.80.0>) Still 3 active client(s)

=INFO REPORT==== 2-Mar-2011::12:13:05 ===
     ts_launcher_mgr:(5:<0.80.0>) No more active users

=INFO REPORT==== 2-Mar-2011::12:13:05 ===
              ts_mon:(5:<0.53.0>) stopping monitor (normal)
