
=INFO REPORT==== 30-Sep-2011::13:32:45 ===
  ts_launcher_static:(5:<0.60.0>) Launch msg receive ("localhost")

=INFO REPORT==== 30-Sep-2011::13:32:45 ===
         ts_launcher:(5:<0.61.0>) Launch msg receive ("localhost")

=INFO REPORT==== 30-Sep-2011::13:32:45 ===
     ts_launcher_mgr:(4:<0.56.0>) No registered processes ! syncing ...

=INFO REPORT==== 30-Sep-2011::13:32:45 ===
         ts_launcher:(5:<0.61.0>) Expected duration of first phase: 120.0 sec 

=INFO REPORT==== 30-Sep-2011::13:32:45 ===
         ts_launcher:(5:<0.61.0>) Activate launcher (120 users) in 10039 msec 

=INFO REPORT==== 30-Sep-2011::13:34:41 ===
         ts_launcher:(5:<0.61.0>) Start a new arrival phase (240 0.002); expected duration=106.22161376953125 sec

=INFO REPORT==== 30-Sep-2011::13:36:38 ===
         ts_launcher:(5:<0.61.0>) Start a new arrival phase (360 0.003); expected duration=116.95649194335938 sec

=INFO REPORT==== 30-Sep-2011::13:38:38 ===
         ts_launcher:(5:<0.61.0>) Phase duration exceeded, but not all users were launched (4 users, 1.1% of phase)

=INFO REPORT==== 30-Sep-2011::13:38:38 ===
         ts_launcher:(5:<0.61.0>) Start a new arrival phase (480 0.004); expected duration=120.06851416015625 sec

=INFO REPORT==== 30-Sep-2011::13:40:38 ===
         ts_launcher:(5:<0.61.0>) Start a new arrival phase (600 0.005); expected duration=120.0074228515625 sec

=INFO REPORT==== 30-Sep-2011::13:42:38 ===
         ts_launcher:(5:<0.61.0>) Phase duration exceeded, but not all users were launched (14 users, 2.3% of phase)

=INFO REPORT==== 30-Sep-2011::13:42:38 ===
         ts_launcher:(5:<0.61.0>) Start a new arrival phase (4500 0.0075); expected duration=120.03848291015625 sec

=INFO REPORT==== 30-Sep-2011::13:52:38 ===
         ts_launcher:(5:<0.61.0>) Phase duration exceeded, but not all users were launched (62 users, 1.4% of phase)

=INFO REPORT==== 30-Sep-2011::13:52:39 ===
         ts_launcher:(5:<0.61.0>) Start a new arrival phase (6000 0.01); expected duration=600.0384580078126 sec

=INFO REPORT==== 30-Sep-2011::14:02:39 ===
         ts_launcher:(5:<0.61.0>) Phase duration exceeded, but not all users were launched (85 users, 1.4% of phase)

=INFO REPORT==== 30-Sep-2011::14:02:39 ===
         ts_launcher:(5:<0.61.0>) Start a new arrival phase (7500 0.0125); expected duration=600.1325688476562 sec

=INFO REPORT==== 30-Sep-2011::14:12:39 ===
         ts_launcher:(5:<0.61.0>) Phase duration exceeded, but not all users were launched (83 users, 1.1% of phase)

=INFO REPORT==== 30-Sep-2011::14:12:39 ===
         ts_launcher:(5:<0.61.0>) Start a new arrival phase (9000 0.015); expected duration=600.1065100097657 sec

=INFO REPORT==== 30-Sep-2011::14:22:39 ===
         ts_launcher:(5:<0.61.0>) Phase duration exceeded, but not all users were launched (218 users, 2.4% of phase)

=INFO REPORT==== 30-Sep-2011::14:22:39 ===
         ts_launcher:(5:<0.61.0>) Start a new arrival phase (10500 0.0175); expected duration=600.0750700683594 sec

=INFO REPORT==== 30-Sep-2011::14:32:39 ===
         ts_launcher:(5:<0.61.0>) Phase duration exceeded, but not all users were launched (213 users, 2.0% of phase)

=INFO REPORT==== 30-Sep-2011::14:32:39 ===
         ts_launcher:(5:<0.61.0>) Start a new arrival phase (12000 0.02); expected duration=600.1144060058593 sec

=INFO REPORT==== 30-Sep-2011::14:42:39 ===
         ts_launcher:(5:<0.61.0>) Phase duration exceeded, but not all users were launched (249 users, 2.1% of phase)

=INFO REPORT==== 30-Sep-2011::14:42:39 ===
         ts_launcher:(5:<0.61.0>) Start a new arrival phase (13500 0.0225); expected duration=600.0073120117188 sec

=INFO REPORT==== 30-Sep-2011::14:52:39 ===
         ts_launcher:(5:<0.61.0>) Phase duration exceeded, but not all users were launched (219 users, 1.6% of phase)

=INFO REPORT==== 30-Sep-2011::14:52:39 ===
         ts_launcher:(5:<0.61.0>) This was the last phase, wait for connected users to finish their session

=INFO REPORT==== 30-Sep-2011::14:52:39 ===
     ts_launcher_mgr:(5:<0.56.0>) Still 418 active client(s)

=INFO REPORT==== 30-Sep-2011::14:53:39 ===
     ts_launcher_mgr:(5:<0.56.0>) No more active users
