
=INFO REPORT==== 30-Sep-2011::13:32:45 ===
  ts_launcher_static:(5:<0.60.0>) Launch msg receive ("localhost")

=INFO REPORT==== 30-Sep-2011::13:32:45 ===
         ts_launcher:(5:<0.61.0>) Launch msg receive ("localhost")

=INFO REPORT==== 30-Sep-2011::13:32:45 ===
     ts_launcher_mgr:(4:<0.56.0>) No registered processes ! syncing ...

=INFO REPORT==== 30-Sep-2011::13:32:45 ===
         ts_launcher:(5:<0.61.0>) Expected duration of first phase: 120.0 sec 

=INFO REPORT==== 30-Sep-2011::13:32:45 ===
         ts_launcher:(5:<0.61.0>) Activate launcher (120 users) in 11136 msec 

=INFO REPORT==== 30-Sep-2011::13:34:45 ===
         ts_launcher:(5:<0.61.0>) Start a new arrival phase (240 0.002); expected duration=109.08133715820313 sec

=INFO REPORT==== 30-Sep-2011::13:36:46 ===
         ts_launcher:(5:<0.61.0>) Phase duration exceeded, but not all users were launched (7 users, 2.9% of phase)

=INFO REPORT==== 30-Sep-2011::13:36:46 ===
         ts_launcher:(5:<0.61.0>) Start a new arrival phase (360 0.003); expected duration=121.09122192382813 sec

=INFO REPORT==== 30-Sep-2011::13:38:46 ===
         ts_launcher:(5:<0.61.0>) Start a new arrival phase (480 0.004); expected duration=119.44361596679687 sec

=INFO REPORT==== 30-Sep-2011::13:40:46 ===
         ts_launcher:(5:<0.61.0>) Phase duration exceeded, but not all users were launched (15 users, 3.1% of phase)

=INFO REPORT==== 30-Sep-2011::13:40:46 ===
         ts_launcher:(5:<0.61.0>) Start a new arrival phase (600 0.005); expected duration=120.12555200195312 sec

=INFO REPORT==== 30-Sep-2011::13:42:46 ===
         ts_launcher:(5:<0.61.0>) Phase duration exceeded, but not all users were launched (4 users, 0.7% of phase)

=INFO REPORT==== 30-Sep-2011::13:42:46 ===
         ts_launcher:(5:<0.61.0>) Start a new arrival phase (4500 0.0075); expected duration=120.01857397460938 sec

=INFO REPORT==== 30-Sep-2011::13:52:29 ===
         ts_launcher:(5:<0.61.0>) Start a new arrival phase (6000 0.01); expected duration=582.8755549316406 sec

=INFO REPORT==== 30-Sep-2011::14:02:29 ===
         ts_launcher:(5:<0.61.0>) Phase duration exceeded, but not all users were launched (120 users, 2.0% of phase)

=INFO REPORT==== 30-Sep-2011::14:02:29 ===
         ts_launcher:(5:<0.61.0>) Start a new arrival phase (7500 0.0125); expected duration=600.0265388183594 sec

=INFO REPORT==== 30-Sep-2011::14:12:29 ===
         ts_launcher:(5:<0.61.0>) Phase duration exceeded, but not all users were launched (42 users, 0.6% of phase)

=INFO REPORT==== 30-Sep-2011::14:12:29 ===
         ts_launcher:(5:<0.61.0>) Start a new arrival phase (9000 0.015); expected duration=600.0838239746093 sec

=INFO REPORT==== 30-Sep-2011::14:22:29 ===
         ts_launcher:(5:<0.61.0>) Phase duration exceeded, but not all users were launched (203 users, 2.3% of phase)

=INFO REPORT==== 30-Sep-2011::14:22:29 ===
         ts_launcher:(5:<0.61.0>) Start a new arrival phase (10500 0.0175); expected duration=600.1010529785157 sec

=INFO REPORT==== 30-Sep-2011::14:32:29 ===
         ts_launcher:(5:<0.61.0>) Phase duration exceeded, but not all users were launched (159 users, 1.5% of phase)

=INFO REPORT==== 30-Sep-2011::14:32:29 ===
         ts_launcher:(5:<0.61.0>) Start a new arrival phase (12000 0.02); expected duration=600.1295139160156 sec

=INFO REPORT==== 30-Sep-2011::14:42:29 ===
         ts_launcher:(5:<0.61.0>) Phase duration exceeded, but not all users were launched (50 users, 0.4% of phase)

=INFO REPORT==== 30-Sep-2011::14:42:29 ===
         ts_launcher:(5:<0.61.0>) Start a new arrival phase (13500 0.0225); expected duration=600.0263859863281 sec

=INFO REPORT==== 30-Sep-2011::14:52:29 ===
         ts_launcher:(5:<0.61.0>) Phase duration exceeded, but not all users were launched (351 users, 2.6% of phase)

=INFO REPORT==== 30-Sep-2011::14:52:29 ===
         ts_launcher:(5:<0.61.0>) This was the last phase, wait for connected users to finish their session

=INFO REPORT==== 30-Sep-2011::14:52:29 ===
     ts_launcher_mgr:(5:<0.56.0>) Still 392 active client(s)

=INFO REPORT==== 30-Sep-2011::14:53:29 ===
     ts_launcher_mgr:(5:<0.56.0>) Still 1 active client(s)
