
=INFO REPORT==== 11-Mar-2011::11:43:48 ===
    ts_config_server:(5:<0.52.0>) Config server started, logdir is "/home/ec2-user/.tsung/log/20110311-16:43"
 
=INFO REPORT==== 11-Mar-2011::11:43:48 ===
              ts_mon:(5:<0.51.0>) starting monitor, global 

=INFO REPORT==== 11-Mar-2011::11:43:48 ===
              ts_mon:(5:<0.53.0>) Init, log dir is "/home/ec2-user/.tsung/log/20110311-16:43"

=INFO REPORT==== 11-Mar-2011::11:43:48 ===
              ts_mon:(5:<0.53.0>) starting monitor

=INFO REPORT==== 11-Mar-2011::11:43:48 ===
        ts_stats_mon:(5:<0.51.0>) starting stats server, global 

=INFO REPORT==== 11-Mar-2011::11:43:48 ===
        ts_stats_mon:(5:<0.55.0>) starting ts_stats_mon stats server

=INFO REPORT==== 11-Mar-2011::11:43:48 ===
        ts_stats_mon:(5:<0.51.0>) starting request stats server, global 

=INFO REPORT==== 11-Mar-2011::11:43:48 ===
        ts_stats_mon:(5:<0.56.0>) starting dedicated stats server for request 

=INFO REPORT==== 11-Mar-2011::11:43:48 ===
        ts_stats_mon:(5:<0.51.0>) starting page stats server, global 

=INFO REPORT==== 11-Mar-2011::11:43:48 ===
        ts_stats_mon:(5:<0.57.0>) starting dedicated stats server for page 

=INFO REPORT==== 11-Mar-2011::11:43:48 ===
        ts_stats_mon:(5:<0.51.0>) starting connect stats server, global 

=INFO REPORT==== 11-Mar-2011::11:43:48 ===
        ts_stats_mon:(5:<0.58.0>) starting dedicated stats server for connect 

=INFO REPORT==== 11-Mar-2011::11:43:48 ===
        ts_stats_mon:(5:<0.51.0>) starting transaction stats server, global 

=INFO REPORT==== 11-Mar-2011::11:43:48 ===
        ts_stats_mon:(5:<0.59.0>) starting transaction stats server

=INFO REPORT==== 11-Mar-2011::11:43:48 ===
     ts_match_logger:(5:<0.51.0>) starting match logger, global 

=INFO REPORT==== 11-Mar-2011::11:43:48 ===
     ts_match_logger:(5:<0.60.0>) starting match logger

=INFO REPORT==== 11-Mar-2011::11:43:48 ===
     ts_match_logger:(5:<0.60.0>) starting match logger

=INFO REPORT==== 11-Mar-2011::11:43:49 ===
           ts_config:(5:<0.52.0>) Reading config file: /home/ec2-user/speedmetal/apps/rails2/redmine-1.1.1/tsung.xml

=INFO REPORT==== 11-Mar-2011::11:43:49 ===
           ts_config:(5:<0.52.0>) Session name for id 1 is "ensureproject"

=INFO REPORT==== 11-Mar-2011::11:43:49 ===
           ts_config:(5:<0.52.0>) Session type: persistent=true, bidi=false

=INFO REPORT==== 11-Mar-2011::11:43:49 ===
      ts_config_http:(5:<0.52.0>) Relative URL, single server 
=INFO REPORT==== 11-Mar-2011::11:43:49 ===
           ts_config:(5:<0.52.0>) Session name for id 2 is "browse_site"

=INFO REPORT==== 11-Mar-2011::11:43:49 ===
           ts_config:(5:<0.52.0>) Session type: persistent=true, bidi=false

=INFO REPORT==== 11-Mar-2011::11:43:49 ===
      ts_config_http:(5:<0.52.0>) Relative URL, single server 
=INFO REPORT==== 11-Mar-2011::11:43:49 ===
           ts_config:(5:<0.52.0>) Session name for id 3 is "create_issue"

=INFO REPORT==== 11-Mar-2011::11:43:49 ===
           ts_config:(5:<0.52.0>) Session type: persistent=true, bidi=false

=INFO REPORT==== 11-Mar-2011::11:43:49 ===
      ts_config_http:(5:<0.52.0>) Relative URL, single server 
=INFO REPORT==== 11-Mar-2011::11:43:49 ===
    ts_config_server:(5:<0.52.0>) SYSINFO:Erlang version: Erlang R14B01 (erts-5.8.2) [source] [64-bit] [smp:2:2] [rq:2] [async-threads:16] [kernel-poll:true]


=INFO REPORT==== 11-Mar-2011::11:43:49 ===
    ts_config_server:(5:<0.52.0>) SYSINFO:System architecture x86_64-redhat-linux-gnu

=INFO REPORT==== 11-Mar-2011::11:43:49 ===
    ts_config_server:(5:<0.52.0>) SYSINFO:Current path: /usr/lib/erlang/lib/tsung-1.3.3/ebin/tsung.beam

=INFO REPORT==== 11-Mar-2011::11:43:49 ===
    ts_os_mon_erlang:(5:<0.66.0>) starting os_mon_erlang with args {"server",
                                                                    {},10000,
                                                                    {global,
                                                                     ts_mon}}
=INFO REPORT==== 11-Mar-2011::11:43:49 ===
              ts_mon:(5:<0.53.0>) Activate clients with text backend

=INFO REPORT==== 11-Mar-2011::11:43:49 ===
    ts_config_server:(5:<0.73.0>) started newbeam on node tsung0@localhost 

=INFO REPORT==== 11-Mar-2011::11:43:49 ===
    ts_config_server:(5:<0.73.0>) ping tsung0@localhost pong

=INFO REPORT==== 11-Mar-2011::11:43:49 ===
    ts_config_server:(5:<0.74.0>) started newbeam on node tsung1@localhost 

=INFO REPORT==== 11-Mar-2011::11:43:49 ===
    ts_config_server:(5:<0.74.0>) ping tsung1@localhost pong

=INFO REPORT==== 11-Mar-2011::11:43:49 ===
    ts_config_server:(5:<0.52.0>) New arrival phase 1 for client "localhost": will start 120.0 users

=INFO REPORT==== 11-Mar-2011::11:43:49 ===
    ts_config_server:(5:<0.52.0>) New arrival phase 2 for client "localhost": will start 240.0 users

=INFO REPORT==== 11-Mar-2011::11:43:49 ===
    ts_config_server:(5:<0.52.0>) New arrival phase 3 for client "localhost": will start 360.0 users

=INFO REPORT==== 11-Mar-2011::11:43:49 ===
    ts_config_server:(5:<0.52.0>) New arrival phase 4 for client "localhost": will start 480.0 users

=INFO REPORT==== 11-Mar-2011::11:43:49 ===
    ts_config_server:(5:<0.52.0>) New arrival phase 5 for client "localhost": will start 600.0 users

=INFO REPORT==== 11-Mar-2011::11:43:49 ===
    ts_config_server:(5:<0.52.0>) New arrival phase 6 for client "localhost": will start 4.5e3 users

=INFO REPORT==== 11-Mar-2011::11:43:49 ===
    ts_config_server:(5:<0.52.0>) New arrival phase 7 for client "localhost": will start 6.0e3 users

=INFO REPORT==== 11-Mar-2011::11:43:49 ===
    ts_config_server:(5:<0.52.0>) New arrival phase 8 for client "localhost": will start 7.5e3 users

=INFO REPORT==== 11-Mar-2011::11:43:49 ===
    ts_config_server:(5:<0.52.0>) New arrival phase 9 for client "localhost": will start 9.0e3 users

=INFO REPORT==== 11-Mar-2011::11:43:49 ===
    ts_config_server:(5:<0.52.0>) New arrival phase 10 for client "localhost": will start 10500.000000000002 users

=INFO REPORT==== 11-Mar-2011::11:43:49 ===
    ts_config_server:(5:<0.52.0>) New arrival phase 11 for client "localhost": will start 1.2e4 users

=INFO REPORT==== 11-Mar-2011::11:43:49 ===
    ts_config_server:(5:<0.52.0>) New arrival phase 12 for client "localhost": will start 1.35e4 users

=INFO REPORT==== 11-Mar-2011::11:43:49 ===
    ts_config_server:(5:<0.52.0>) New arrival phase 1 for client "localhost": will start 120.0 users

=INFO REPORT==== 11-Mar-2011::11:43:49 ===
    ts_config_server:(5:<0.52.0>) New arrival phase 2 for client "localhost": will start 240.0 users

=INFO REPORT==== 11-Mar-2011::11:43:49 ===
    ts_config_server:(5:<0.52.0>) New arrival phase 3 for client "localhost": will start 360.0 users

=INFO REPORT==== 11-Mar-2011::11:43:49 ===
    ts_config_server:(5:<0.52.0>) New arrival phase 4 for client "localhost": will start 480.0 users

=INFO REPORT==== 11-Mar-2011::11:43:49 ===
    ts_config_server:(5:<0.52.0>) New arrival phase 5 for client "localhost": will start 600.0 users

=INFO REPORT==== 11-Mar-2011::11:43:49 ===
    ts_config_server:(5:<0.52.0>) New arrival phase 6 for client "localhost": will start 4.5e3 users

=INFO REPORT==== 11-Mar-2011::11:43:49 ===
    ts_config_server:(5:<0.52.0>) New arrival phase 7 for client "localhost": will start 6.0e3 users

=INFO REPORT==== 11-Mar-2011::11:43:49 ===
    ts_config_server:(5:<0.52.0>) New arrival phase 8 for client "localhost": will start 7.5e3 users

=INFO REPORT==== 11-Mar-2011::11:43:49 ===
    ts_config_server:(5:<0.52.0>) New arrival phase 9 for client "localhost": will start 9.0e3 users

=INFO REPORT==== 11-Mar-2011::11:43:49 ===
    ts_config_server:(5:<0.52.0>) New arrival phase 10 for client "localhost": will start 10500.000000000002 users

=INFO REPORT==== 11-Mar-2011::11:43:49 ===
    ts_config_server:(5:<0.52.0>) New arrival phase 11 for client "localhost": will start 1.2e4 users

=INFO REPORT==== 11-Mar-2011::11:43:49 ===
    ts_config_server:(5:<0.52.0>) New arrival phase 12 for client "localhost": will start 1.35e4 users

=INFO REPORT==== 11-Mar-2011::11:43:50 ===
    ts_os_mon_erlang:(5:<0.71.0>) loading tsung monitor on nodes [os_mon@server]

=INFO REPORT==== 11-Mar-2011::12:22:14 ===
    ts_config_server:(5:<0.569.0>) started newbeam on node tsung2@localhost 

=INFO REPORT==== 11-Mar-2011::12:22:14 ===
    ts_config_server:(5:<0.569.0>) ping tsung2@localhost pong

=INFO REPORT==== 11-Mar-2011::12:22:17 ===
    ts_config_server:(5:<0.580.0>) started newbeam on node tsung3@localhost 

=INFO REPORT==== 11-Mar-2011::12:22:17 ===
    ts_config_server:(5:<0.580.0>) ping tsung3@localhost pong

=INFO REPORT==== 11-Mar-2011::12:23:47 ===
    ts_config_server:(5:<0.609.0>) started newbeam on node tsung4@localhost 

=INFO REPORT==== 11-Mar-2011::12:23:47 ===
    ts_config_server:(5:<0.609.0>) ping tsung4@localhost pong

=INFO REPORT==== 11-Mar-2011::12:23:57 ===
    ts_config_server:(5:<0.622.0>) started newbeam on node tsung5@localhost 

=INFO REPORT==== 11-Mar-2011::12:23:57 ===
    ts_config_server:(5:<0.622.0>) ping tsung5@localhost pong

=INFO REPORT==== 11-Mar-2011::12:24:48 ===
    ts_config_server:(5:<0.643.0>) started newbeam on node tsung6@localhost 

=INFO REPORT==== 11-Mar-2011::12:24:48 ===
    ts_config_server:(5:<0.643.0>) ping tsung6@localhost pong

=INFO REPORT==== 11-Mar-2011::12:25:02 ===
    ts_config_server:(5:<0.658.0>) started newbeam on node tsung7@localhost 

=INFO REPORT==== 11-Mar-2011::12:25:02 ===
    ts_config_server:(5:<0.658.0>) ping tsung7@localhost pong

=INFO REPORT==== 11-Mar-2011::12:25:45 ===
    ts_config_server:(5:<0.677.0>) started newbeam on node tsung8@localhost 

=INFO REPORT==== 11-Mar-2011::12:25:45 ===
    ts_config_server:(5:<0.677.0>) ping tsung8@localhost pong

=INFO REPORT==== 11-Mar-2011::12:26:00 ===
    ts_config_server:(5:<0.691.0>) started newbeam on node tsung9@localhost 

=INFO REPORT==== 11-Mar-2011::12:26:00 ===
    ts_config_server:(5:<0.691.0>) ping tsung9@localhost pong

=INFO REPORT==== 11-Mar-2011::12:26:42 ===
    ts_config_server:(5:<0.710.0>) started newbeam on node tsung10@localhost 

=INFO REPORT==== 11-Mar-2011::12:26:42 ===
    ts_config_server:(5:<0.710.0>) ping tsung10@localhost pong

=INFO REPORT==== 11-Mar-2011::12:26:55 ===
    ts_config_server:(5:<0.724.0>) started newbeam on node tsung11@localhost 

=INFO REPORT==== 11-Mar-2011::12:26:55 ===
    ts_config_server:(5:<0.724.0>) ping tsung11@localhost pong

=INFO REPORT==== 11-Mar-2011::12:27:38 ===
    ts_config_server:(5:<0.743.0>) started newbeam on node tsung12@localhost 

=INFO REPORT==== 11-Mar-2011::12:27:38 ===
    ts_config_server:(5:<0.743.0>) ping tsung12@localhost pong

=INFO REPORT==== 11-Mar-2011::12:27:56 ===
    ts_config_server:(5:<0.758.0>) started newbeam on node tsung13@localhost 

=INFO REPORT==== 11-Mar-2011::12:27:56 ===
    ts_config_server:(5:<0.758.0>) ping tsung13@localhost pong

=INFO REPORT==== 11-Mar-2011::12:28:40 ===
    ts_config_server:(5:<0.778.0>) started newbeam on node tsung14@localhost 

=INFO REPORT==== 11-Mar-2011::12:28:40 ===
    ts_config_server:(5:<0.778.0>) ping tsung14@localhost pong

=INFO REPORT==== 11-Mar-2011::12:28:52 ===
    ts_config_server:(5:<0.791.0>) started newbeam on node tsung15@localhost 

=INFO REPORT==== 11-Mar-2011::12:28:52 ===
    ts_config_server:(5:<0.791.0>) ping tsung15@localhost pong

=INFO REPORT==== 11-Mar-2011::12:29:38 ===
    ts_config_server:(5:<0.811.0>) started newbeam on node tsung16@localhost 

=INFO REPORT==== 11-Mar-2011::12:29:38 ===
    ts_config_server:(5:<0.811.0>) ping tsung16@localhost pong

=INFO REPORT==== 11-Mar-2011::12:29:56 ===
    ts_config_server:(5:<0.826.0>) started newbeam on node tsung17@localhost 

=INFO REPORT==== 11-Mar-2011::12:29:56 ===
    ts_config_server:(5:<0.826.0>) ping tsung17@localhost pong

=INFO REPORT==== 11-Mar-2011::12:30:14 ===
              ts_mon:(5:<0.53.0>) A launcher has finished, but not all users have finished, wait before stopping

=INFO REPORT==== 11-Mar-2011::12:30:34 ===
    ts_config_server:(5:<0.845.0>) started newbeam on node tsung18@localhost 

=INFO REPORT==== 11-Mar-2011::12:30:34 ===
    ts_config_server:(5:<0.845.0>) ping tsung18@localhost pong

=INFO REPORT==== 11-Mar-2011::12:30:54 ===
    ts_config_server:(5:<0.860.0>) started newbeam on node tsung19@localhost 

=INFO REPORT==== 11-Mar-2011::12:30:54 ===
    ts_config_server:(5:<0.860.0>) ping tsung19@localhost pong

=INFO REPORT==== 11-Mar-2011::12:31:34 ===
    ts_config_server:(5:<0.879.0>) started newbeam on node tsung20@localhost 

=INFO REPORT==== 11-Mar-2011::12:31:34 ===
    ts_config_server:(5:<0.879.0>) ping tsung20@localhost pong

=INFO REPORT==== 11-Mar-2011::12:31:53 ===
    ts_config_server:(5:<0.893.0>) started newbeam on node tsung21@localhost 

=INFO REPORT==== 11-Mar-2011::12:31:53 ===
    ts_config_server:(5:<0.893.0>) ping tsung21@localhost pong

=INFO REPORT==== 11-Mar-2011::12:32:29 ===
    ts_config_server:(5:<0.911.0>) started newbeam on node tsung22@localhost 

=INFO REPORT==== 11-Mar-2011::12:32:29 ===
    ts_config_server:(5:<0.911.0>) ping tsung22@localhost pong

=INFO REPORT==== 11-Mar-2011::12:32:47 ===
    ts_config_server:(5:<0.926.0>) started newbeam on node tsung23@localhost 

=INFO REPORT==== 11-Mar-2011::12:32:47 ===
    ts_config_server:(5:<0.926.0>) ping tsung23@localhost pong

=INFO REPORT==== 11-Mar-2011::12:33:16 ===
              ts_mon:(5:<0.53.0>) A launcher has finished, but not all users have finished, wait before stopping

=INFO REPORT==== 11-Mar-2011::12:33:24 ===
    ts_config_server:(5:<0.945.0>) started newbeam on node tsung24@localhost 

=INFO REPORT==== 11-Mar-2011::12:33:24 ===
    ts_config_server:(5:<0.945.0>) ping tsung24@localhost pong

=INFO REPORT==== 11-Mar-2011::12:33:42 ===
    ts_config_server:(5:<0.959.0>) started newbeam on node tsung25@localhost 

=INFO REPORT==== 11-Mar-2011::12:33:42 ===
    ts_config_server:(5:<0.959.0>) ping tsung25@localhost pong

=INFO REPORT==== 11-Mar-2011::12:34:21 ===
    ts_config_server:(5:<0.978.0>) started newbeam on node tsung26@localhost 

=INFO REPORT==== 11-Mar-2011::12:34:21 ===
    ts_config_server:(5:<0.978.0>) ping tsung26@localhost pong

=INFO REPORT==== 11-Mar-2011::12:34:37 ===
    ts_config_server:(5:<0.992.0>) started newbeam on node tsung27@localhost 

=INFO REPORT==== 11-Mar-2011::12:34:37 ===
    ts_config_server:(5:<0.992.0>) ping tsung27@localhost pong

=INFO REPORT==== 11-Mar-2011::12:35:08 ===
    ts_config_server:(5:<0.1009.0>) started newbeam on node tsung28@localhost 

=INFO REPORT==== 11-Mar-2011::12:35:08 ===
    ts_config_server:(5:<0.1009.0>) ping tsung28@localhost pong

=INFO REPORT==== 11-Mar-2011::12:35:27 ===
    ts_config_server:(5:<0.1024.0>) started newbeam on node tsung29@localhost 

=INFO REPORT==== 11-Mar-2011::12:35:27 ===
    ts_config_server:(5:<0.1024.0>) ping tsung29@localhost pong

=INFO REPORT==== 11-Mar-2011::12:35:54 ===
    ts_config_server:(5:<0.1040.0>) started newbeam on node tsung30@localhost 

=INFO REPORT==== 11-Mar-2011::12:35:54 ===
    ts_config_server:(5:<0.1040.0>) ping tsung30@localhost pong

=INFO REPORT==== 11-Mar-2011::12:36:18 ===
    ts_config_server:(5:<0.1056.0>) started newbeam on node tsung31@localhost 

=INFO REPORT==== 11-Mar-2011::12:36:18 ===
    ts_config_server:(5:<0.1056.0>) ping tsung31@localhost pong

=INFO REPORT==== 11-Mar-2011::12:36:42 ===
    ts_config_server:(5:<0.1072.0>) started newbeam on node tsung32@localhost 

=INFO REPORT==== 11-Mar-2011::12:36:42 ===
    ts_config_server:(5:<0.1072.0>) ping tsung32@localhost pong

=INFO REPORT==== 11-Mar-2011::12:37:06 ===
    ts_config_server:(5:<0.1088.0>) started newbeam on node tsung33@localhost 

=INFO REPORT==== 11-Mar-2011::12:37:06 ===
    ts_config_server:(5:<0.1088.0>) ping tsung33@localhost pong

=INFO REPORT==== 11-Mar-2011::12:37:30 ===
    ts_config_server:(5:<0.1104.0>) started newbeam on node tsung34@localhost 

=INFO REPORT==== 11-Mar-2011::12:37:30 ===
    ts_config_server:(5:<0.1104.0>) ping tsung34@localhost pong

=INFO REPORT==== 11-Mar-2011::12:37:57 ===
    ts_config_server:(5:<0.1120.0>) started newbeam on node tsung35@localhost 

=INFO REPORT==== 11-Mar-2011::12:37:57 ===
    ts_config_server:(5:<0.1120.0>) ping tsung35@localhost pong

=INFO REPORT==== 11-Mar-2011::12:38:16 ===
    ts_config_server:(5:<0.1135.0>) started newbeam on node tsung36@localhost 

=INFO REPORT==== 11-Mar-2011::12:38:16 ===
    ts_config_server:(5:<0.1135.0>) ping tsung36@localhost pong

=INFO REPORT==== 11-Mar-2011::12:38:47 ===
    ts_config_server:(5:<0.1152.0>) started newbeam on node tsung37@localhost 

=INFO REPORT==== 11-Mar-2011::12:38:47 ===
    ts_config_server:(5:<0.1152.0>) ping tsung37@localhost pong

=INFO REPORT==== 11-Mar-2011::12:39:04 ===
    ts_config_server:(5:<0.1166.0>) started newbeam on node tsung38@localhost 

=INFO REPORT==== 11-Mar-2011::12:39:04 ===
    ts_config_server:(5:<0.1166.0>) ping tsung38@localhost pong

=INFO REPORT==== 11-Mar-2011::12:39:36 ===
    ts_config_server:(5:<0.1183.0>) started newbeam on node tsung39@localhost 

=INFO REPORT==== 11-Mar-2011::12:39:36 ===
    ts_config_server:(5:<0.1183.0>) ping tsung39@localhost pong

=INFO REPORT==== 11-Mar-2011::12:39:54 ===
    ts_config_server:(5:<0.1198.0>) started newbeam on node tsung40@localhost 

=INFO REPORT==== 11-Mar-2011::12:39:54 ===
    ts_config_server:(5:<0.1198.0>) ping tsung40@localhost pong

=INFO REPORT==== 11-Mar-2011::12:40:24 ===
    ts_config_server:(5:<0.1215.0>) started newbeam on node tsung41@localhost 

=INFO REPORT==== 11-Mar-2011::12:40:24 ===
    ts_config_server:(5:<0.1215.0>) ping tsung41@localhost pong

=INFO REPORT==== 11-Mar-2011::12:40:46 ===
    ts_config_server:(5:<0.1230.0>) started newbeam on node tsung42@localhost 

=INFO REPORT==== 11-Mar-2011::12:40:46 ===
    ts_config_server:(5:<0.1230.0>) ping tsung42@localhost pong

=INFO REPORT==== 11-Mar-2011::12:41:13 ===
    ts_config_server:(5:<0.1247.0>) started newbeam on node tsung43@localhost 

=INFO REPORT==== 11-Mar-2011::12:41:13 ===
    ts_config_server:(5:<0.1247.0>) ping tsung43@localhost pong

=INFO REPORT==== 11-Mar-2011::12:41:35 ===
    ts_config_server:(5:<0.1262.0>) started newbeam on node tsung44@localhost 

=INFO REPORT==== 11-Mar-2011::12:41:35 ===
    ts_config_server:(5:<0.1262.0>) ping tsung44@localhost pong

=INFO REPORT==== 11-Mar-2011::12:42:01 ===
    ts_config_server:(5:<0.1279.0>) started newbeam on node tsung45@localhost 

=INFO REPORT==== 11-Mar-2011::12:42:01 ===
    ts_config_server:(5:<0.1279.0>) ping tsung45@localhost pong

=INFO REPORT==== 11-Mar-2011::12:42:22 ===
    ts_config_server:(5:<0.1294.0>) started newbeam on node tsung46@localhost 

=INFO REPORT==== 11-Mar-2011::12:42:22 ===
    ts_config_server:(5:<0.1294.0>) ping tsung46@localhost pong

=INFO REPORT==== 11-Mar-2011::12:42:48 ===
    ts_config_server:(5:<0.1310.0>) started newbeam on node tsung47@localhost 

=INFO REPORT==== 11-Mar-2011::12:42:48 ===
    ts_config_server:(5:<0.1310.0>) ping tsung47@localhost pong

=INFO REPORT==== 11-Mar-2011::12:43:13 ===
    ts_config_server:(5:<0.1326.0>) started newbeam on node tsung48@localhost 

=INFO REPORT==== 11-Mar-2011::12:43:13 ===
    ts_config_server:(5:<0.1326.0>) ping tsung48@localhost pong

=INFO REPORT==== 11-Mar-2011::12:43:39 ===
    ts_config_server:(5:<0.1342.0>) started newbeam on node tsung49@localhost 

=INFO REPORT==== 11-Mar-2011::12:43:39 ===
    ts_config_server:(5:<0.1342.0>) ping tsung49@localhost pong

=INFO REPORT==== 11-Mar-2011::12:44:02 ===
    ts_config_server:(5:<0.1358.0>) started newbeam on node tsung50@localhost 

=INFO REPORT==== 11-Mar-2011::12:44:02 ===
    ts_config_server:(5:<0.1358.0>) ping tsung50@localhost pong

=INFO REPORT==== 11-Mar-2011::12:44:25 ===
    ts_config_server:(5:<0.1373.0>) started newbeam on node tsung51@localhost 

=INFO REPORT==== 11-Mar-2011::12:44:25 ===
    ts_config_server:(5:<0.1373.0>) ping tsung51@localhost pong

=INFO REPORT==== 11-Mar-2011::12:44:52 ===
    ts_config_server:(5:<0.1390.0>) started newbeam on node tsung52@localhost 

=INFO REPORT==== 11-Mar-2011::12:44:52 ===
    ts_config_server:(5:<0.1390.0>) ping tsung52@localhost pong

=INFO REPORT==== 11-Mar-2011::12:45:43 ===
    ts_config_server:(0:<0.1405.0>) Can't start newbeam on host localhost (reason: timeout) ! Aborting!

=INFO REPORT==== 11-Mar-2011::12:45:43 ===
    ts_config_server:(0:<0.52.0>) Abort ! 

=INFO REPORT==== 11-Mar-2011::12:45:43 ===
              ts_mon:(0:<0.53.0>) Aborting by request !

=INFO REPORT==== 11-Mar-2011::12:45:43 ===
              ts_mon:(5:<0.53.0>) stopping monitor (abort)
