
=INFO REPORT==== 2-Mar-2011::11:32:42 ===
    ts_config_server:(5:<0.52.0>) Config server started, logdir is "/home/ec2-user/.tsung/log/20110302-16:32"
 
=INFO REPORT==== 2-Mar-2011::11:32:42 ===
              ts_mon:(5:<0.51.0>) starting monitor, global 

=INFO REPORT==== 2-Mar-2011::11:32:42 ===
              ts_mon:(5:<0.53.0>) Init, log dir is "/home/ec2-user/.tsung/log/20110302-16:32"

=INFO REPORT==== 2-Mar-2011::11:32:42 ===
              ts_mon:(5:<0.53.0>) starting monitor

=INFO REPORT==== 2-Mar-2011::11:32:42 ===
        ts_stats_mon:(5:<0.51.0>) starting stats server, global 

=INFO REPORT==== 2-Mar-2011::11:32:42 ===
        ts_stats_mon:(5:<0.55.0>) starting ts_stats_mon stats server

=INFO REPORT==== 2-Mar-2011::11:32:42 ===
        ts_stats_mon:(5:<0.51.0>) starting request stats server, global 

=INFO REPORT==== 2-Mar-2011::11:32:42 ===
        ts_stats_mon:(5:<0.56.0>) starting dedicated stats server for request 

=INFO REPORT==== 2-Mar-2011::11:32:42 ===
        ts_stats_mon:(5:<0.51.0>) starting page stats server, global 

=INFO REPORT==== 2-Mar-2011::11:32:42 ===
        ts_stats_mon:(5:<0.57.0>) starting dedicated stats server for page 

=INFO REPORT==== 2-Mar-2011::11:32:42 ===
        ts_stats_mon:(5:<0.51.0>) starting connect stats server, global 

=INFO REPORT==== 2-Mar-2011::11:32:42 ===
        ts_stats_mon:(5:<0.58.0>) starting dedicated stats server for connect 

=INFO REPORT==== 2-Mar-2011::11:32:42 ===
        ts_stats_mon:(5:<0.51.0>) starting transaction stats server, global 

=INFO REPORT==== 2-Mar-2011::11:32:42 ===
        ts_stats_mon:(5:<0.59.0>) starting transaction stats server

=INFO REPORT==== 2-Mar-2011::11:32:42 ===
     ts_match_logger:(5:<0.51.0>) starting match logger, global 

=INFO REPORT==== 2-Mar-2011::11:32:42 ===
     ts_match_logger:(5:<0.60.0>) starting match logger

=INFO REPORT==== 2-Mar-2011::11:32:42 ===
     ts_match_logger:(5:<0.60.0>) starting match logger

=INFO REPORT==== 2-Mar-2011::11:32:42 ===
           ts_config:(5:<0.52.0>) Reading config file: /home/ec2-user/speedmetal/apps/rails2/redmine-1.1.1/tsung.xml

=INFO REPORT==== 2-Mar-2011::11:32:42 ===
           ts_config:(5:<0.52.0>) Session name for id 1 is "ensureproject"

=INFO REPORT==== 2-Mar-2011::11:32:42 ===
           ts_config:(5:<0.52.0>) Session type: persistent=true, bidi=false

=INFO REPORT==== 2-Mar-2011::11:32:42 ===
      ts_config_http:(5:<0.52.0>) Relative URL, single server 
=INFO REPORT==== 2-Mar-2011::11:32:42 ===
           ts_config:(5:<0.52.0>) Session name for id 2 is "browse_site"

=INFO REPORT==== 2-Mar-2011::11:32:42 ===
           ts_config:(5:<0.52.0>) Session type: persistent=true, bidi=false

=INFO REPORT==== 2-Mar-2011::11:32:42 ===
      ts_config_http:(5:<0.52.0>) Relative URL, single server 
=INFO REPORT==== 2-Mar-2011::11:32:42 ===
           ts_config:(5:<0.52.0>) Session name for id 3 is "create_issue"

=INFO REPORT==== 2-Mar-2011::11:32:42 ===
           ts_config:(5:<0.52.0>) Session type: persistent=true, bidi=false

=INFO REPORT==== 2-Mar-2011::11:32:42 ===
      ts_config_http:(5:<0.52.0>) Relative URL, single server 
=INFO REPORT==== 2-Mar-2011::11:32:42 ===
    ts_config_server:(5:<0.52.0>) SYSINFO:Erlang version: Erlang R14B01 (erts-5.8.2) [source] [64-bit] [smp:2:2] [rq:2] [async-threads:16] [kernel-poll:true]


=INFO REPORT==== 2-Mar-2011::11:32:42 ===
    ts_config_server:(5:<0.52.0>) SYSINFO:System architecture x86_64-redhat-linux-gnu

=INFO REPORT==== 2-Mar-2011::11:32:42 ===
    ts_config_server:(5:<0.52.0>) SYSINFO:Current path: /usr/lib/erlang/lib/tsung-1.3.3/ebin/tsung.beam

=INFO REPORT==== 2-Mar-2011::11:32:42 ===
    ts_os_mon_erlang:(5:<0.66.0>) starting os_mon_erlang with args {"server",
                                                                    {},10000,
                                                                    {global,
                                                                     ts_mon}}
=INFO REPORT==== 2-Mar-2011::11:32:42 ===
              ts_mon:(5:<0.53.0>) Activate clients with text backend

=INFO REPORT==== 2-Mar-2011::11:32:42 ===
    ts_config_server:(5:<0.52.0>) Start a launcher on the controller beam 'ip-10-116-182-129'

=INFO REPORT==== 2-Mar-2011::11:32:42 ===
               tsung:(7:<0.78.0>) open logfile  

=INFO REPORT==== 2-Mar-2011::11:32:42 ===
               tsung:(7:<0.78.0>) ok

=INFO REPORT==== 2-Mar-2011::11:32:42 ===
              ts_sup:(6:<0.78.0>) starting supervisor ...

=INFO REPORT==== 2-Mar-2011::11:32:42 ===
              ts_sup:(6:<0.79.0>) starting
=INFO REPORT==== 2-Mar-2011::11:32:42 ===
     ts_launcher_mgr:(6:<0.80.0>) starting
=INFO REPORT==== 2-Mar-2011::11:32:42 ===
    ts_session_cache:(6:<0.79.0>) Starting

=INFO REPORT==== 2-Mar-2011::11:32:42 ===
        ts_mon_cache:(6:<0.79.0>) Starting

=INFO REPORT==== 2-Mar-2011::11:32:42 ===
       ts_client_sup:(6:<0.83.0>) Starting 

=INFO REPORT==== 2-Mar-2011::11:32:42 ===
  ts_launcher_static:(6:<0.79.0>) starting 

=INFO REPORT==== 2-Mar-2011::11:32:42 ===
     ts_launcher_mgr:(7:<0.80.0>) static launcher is starting on node 'tsung_controller@ip-10-116-182-129' 

=INFO REPORT==== 2-Mar-2011::11:32:42 ===
         ts_launcher:(6:<0.79.0>) starting 

=INFO REPORT==== 2-Mar-2011::11:32:42 ===
     ts_launcher_mgr:(7:<0.80.0>) dynamic launcher is starting on node 'tsung_controller@ip-10-116-182-129' 

=INFO REPORT==== 2-Mar-2011::11:32:42 ===
  ts_launcher_static:(5:<0.84.0>) Launch msg receive ("localhost")

=INFO REPORT==== 2-Mar-2011::11:32:42 ===
         ts_launcher:(5:<0.85.0>) Launch msg receive ("localhost")

=INFO REPORT==== 2-Mar-2011::11:32:42 ===
    ts_config_server:(5:<0.52.0>) New arrival phase 1 for client "localhost": will start 300.0 users

=INFO REPORT==== 2-Mar-2011::11:32:42 ===
    ts_config_server:(5:<0.52.0>) New arrival phase 2 for client "localhost": will start 400.0 users

=INFO REPORT==== 2-Mar-2011::11:32:42 ===
    ts_config_server:(5:<0.52.0>) New arrival phase 3 for client "localhost": will start 600.0 users

=INFO REPORT==== 2-Mar-2011::11:32:42 ===
    ts_config_server:(5:<0.52.0>) New arrival phase 4 for client "localhost": will start 1.2e3 users

=INFO REPORT==== 2-Mar-2011::11:32:42 ===
  ts_launcher_static:(5:<0.84.0>) Activate launcher (1 static users) in 10000 msec, first user after 0 ms 

=INFO REPORT==== 2-Mar-2011::11:32:42 ===
         ts_launcher:(5:<0.85.0>) Expected duration of first phase: 600.0 sec 

=INFO REPORT==== 2-Mar-2011::11:32:42 ===
         ts_launcher:(5:<0.85.0>) Activate launcher (300 users) in 13954 msec 

=INFO REPORT==== 2-Mar-2011::11:32:44 ===
    ts_os_mon_erlang:(5:<0.71.0>) loading tsung monitor on nodes [os_mon@server]

=INFO REPORT==== 2-Mar-2011::11:42:51 ===
         ts_launcher:(5:<0.85.0>) Start a new arrival phase (400 6.666666666666666e-4); expected duration=596.0010432128906 sec

=INFO REPORT==== 2-Mar-2011::11:52:53 ===
         ts_launcher:(5:<0.85.0>) Phase duration exceeded, but not all users were launched (27 users, 6.8% of phase)

=INFO REPORT==== 2-Mar-2011::11:52:53 ===
         ts_launcher:(5:<0.85.0>) Start a new arrival phase (600 0.001); expected duration=601.4227409667968 sec

=INFO REPORT==== 2-Mar-2011::12:02:14 ===
         ts_launcher:(5:<0.85.0>) Start a new arrival phase (1200 0.002); expected duration=561.235798828125 sec

=INFO REPORT==== 2-Mar-2011::12:04:49 ===
           ts_search:(4:<0.2017.0>) Dyn Var: no Match (varname=authenticity_token), 

=INFO REPORT==== 2-Mar-2011::12:04:51 ===
           ts_search:(4:<0.1855.0>) Dyn Var: no Match (varname=authenticity_token), 

=INFO REPORT==== 2-Mar-2011::12:05:02 ===
           ts_search:(4:<0.1863.0>) Dyn Var: no Match (varname=authenticity_token), 

=INFO REPORT==== 2-Mar-2011::12:05:02 ===
           ts_search:(4:<0.1717.0>) Dyn Var: no Match (varname=authenticity_token), 

=INFO REPORT==== 2-Mar-2011::12:05:12 ===
           ts_search:(4:<0.1761.0>) Dyn Var: no Match (varname=authenticity_token), 

=INFO REPORT==== 2-Mar-2011::12:05:12 ===
           ts_search:(4:<0.2071.0>) Dyn Var: no Match (varname=authenticity_token), 

=INFO REPORT==== 2-Mar-2011::12:05:12 ===
           ts_search:(4:<0.2066.0>) Dyn Var: no Match (varname=authenticity_token), 

=INFO REPORT==== 2-Mar-2011::12:05:17 ===
           ts_search:(4:<0.1801.0>) Dyn Var: no Match (varname=authenticity_token), 

=INFO REPORT==== 2-Mar-2011::12:05:21 ===
           ts_search:(4:<0.1963.0>) Dyn Var: no Match (varname=authenticity_token), 

=INFO REPORT==== 2-Mar-2011::12:05:23 ===
           ts_search:(4:<0.1910.0>) Dyn Var: no Match (varname=authenticity_token), 

=INFO REPORT==== 2-Mar-2011::12:05:23 ===
           ts_search:(4:<0.1921.0>) Dyn Var: no Match (varname=authenticity_token), 

=INFO REPORT==== 2-Mar-2011::12:05:24 ===
           ts_search:(4:<0.2102.0>) Dyn Var: no Match (varname=authenticity_token), 

=INFO REPORT==== 2-Mar-2011::12:05:32 ===
           ts_search:(4:<0.1949.0>) Dyn Var: no Match (varname=authenticity_token), 

=INFO REPORT==== 2-Mar-2011::12:05:34 ===
           ts_search:(4:<0.2115.0>) Dyn Var: no Match (varname=authenticity_token), 

=INFO REPORT==== 2-Mar-2011::12:05:39 ===
           ts_search:(4:<0.1994.0>) Dyn Var: no Match (varname=authenticity_token), 

=INFO REPORT==== 2-Mar-2011::12:05:40 ===
           ts_search:(4:<0.2129.0>) Dyn Var: no Match (varname=authenticity_token), 

=INFO REPORT==== 2-Mar-2011::12:05:40 ===
           ts_search:(4:<0.2070.0>) Dyn Var: no Match (varname=authenticity_token), 

=INFO REPORT==== 2-Mar-2011::12:05:42 ===
           ts_search:(4:<0.2028.0>) Dyn Var: no Match (varname=authenticity_token), 

=INFO REPORT==== 2-Mar-2011::12:05:45 ===
           ts_search:(4:<0.2053.0>) Dyn Var: no Match (varname=authenticity_token), 

=INFO REPORT==== 2-Mar-2011::12:05:45 ===
           ts_search:(4:<0.2066.0>) Dyn Var: no Match (varname=authenticity_token), 

=INFO REPORT==== 2-Mar-2011::12:05:45 ===
           ts_search:(4:<0.1925.0>) Dyn Var: no Match (varname=authenticity_token), 

=INFO REPORT==== 2-Mar-2011::12:05:47 ===
           ts_search:(4:<0.2097.0>) Dyn Var: no Match (varname=authenticity_token), 

=INFO REPORT==== 2-Mar-2011::12:05:48 ===
           ts_search:(4:<0.2070.0>) Dyn Var: no Match (varname=authenticity_token), 

=INFO REPORT==== 2-Mar-2011::12:05:48 ===
           ts_search:(4:<0.2140.0>) Dyn Var: no Match (varname=authenticity_token), 

=INFO REPORT==== 2-Mar-2011::12:05:49 ===
           ts_search:(4:<0.2017.0>) Dyn Var: no Match (varname=authenticity_token), 

=INFO REPORT==== 2-Mar-2011::12:05:51 ===
           ts_search:(4:<0.2129.0>) Dyn Var: no Match (varname=authenticity_token), 

=INFO REPORT==== 2-Mar-2011::12:05:59 ===
           ts_search:(4:<0.2175.0>) Dyn Var: no Match (varname=authenticity_token), 

=INFO REPORT==== 2-Mar-2011::12:06:01 ===
           ts_search:(4:<0.2097.0>) Dyn Var: no Match (varname=authenticity_token), 

=INFO REPORT==== 2-Mar-2011::12:06:04 ===
           ts_search:(4:<0.2071.0>) Dyn Var: no Match (varname=authenticity_token), 

=INFO REPORT==== 2-Mar-2011::12:06:05 ===
           ts_search:(4:<0.1765.0>) Dyn Var: no Match (varname=authenticity_token), 

=INFO REPORT==== 2-Mar-2011::12:06:06 ===
           ts_search:(4:<0.2186.0>) Dyn Var: no Match (varname=authenticity_token), 

=INFO REPORT==== 2-Mar-2011::12:06:14 ===
           ts_search:(4:<0.2210.0>) Dyn Var: no Match (varname=authenticity_token), 

=INFO REPORT==== 2-Mar-2011::12:06:16 ===
           ts_search:(4:<0.2216.0>) Dyn Var: no Match (varname=authenticity_token), 

=INFO REPORT==== 2-Mar-2011::12:06:19 ===
           ts_search:(4:<0.2184.0>) Dyn Var: no Match (varname=authenticity_token), 

=INFO REPORT==== 2-Mar-2011::12:06:22 ===
           ts_search:(4:<0.2102.0>) Dyn Var: no Match (varname=authenticity_token), 

=INFO REPORT==== 2-Mar-2011::12:06:24 ===
           ts_search:(4:<0.2150.0>) Dyn Var: no Match (varname=authenticity_token), 

=INFO REPORT==== 2-Mar-2011::12:06:25 ===
           ts_search:(4:<0.2172.0>) Dyn Var: no Match (varname=authenticity_token), 

=INFO REPORT==== 2-Mar-2011::12:06:34 ===
           ts_search:(4:<0.2013.0>) Dyn Var: no Match (varname=authenticity_token), 

=INFO REPORT==== 2-Mar-2011::12:06:34 ===
           ts_search:(4:<0.2115.0>) Dyn Var: no Match (varname=authenticity_token), 

=INFO REPORT==== 2-Mar-2011::12:06:37 ===
           ts_search:(4:<0.2043.0>) Dyn Var: no Match (varname=authenticity_token), 

=INFO REPORT==== 2-Mar-2011::12:06:51 ===
           ts_search:(4:<0.2175.0>) Dyn Var: no Match (varname=authenticity_token), 

=INFO REPORT==== 2-Mar-2011::12:06:52 ===
           ts_search:(4:<0.2140.0>) Dyn Var: no Match (varname=authenticity_token), 

=INFO REPORT==== 2-Mar-2011::12:06:58 ===
           ts_search:(4:<0.2184.0>) Dyn Var: no Match (varname=authenticity_token), 

=INFO REPORT==== 2-Mar-2011::12:07:03 ===
           ts_search:(4:<0.2306.0>) Dyn Var: no Match (varname=authenticity_token), 

=INFO REPORT==== 2-Mar-2011::12:07:03 ===
           ts_search:(4:<0.2172.0>) Dyn Var: no Match (varname=authenticity_token), 

=INFO REPORT==== 2-Mar-2011::12:07:04 ===
           ts_search:(4:<0.2049.0>) Dyn Var: no Match (varname=authenticity_token), 

=INFO REPORT==== 2-Mar-2011::12:07:07 ===
           ts_search:(4:<0.2239.0>) Dyn Var: no Match (varname=authenticity_token), 

=INFO REPORT==== 2-Mar-2011::12:07:08 ===
           ts_search:(4:<0.2138.0>) Dyn Var: no Match (varname=authenticity_token), 

=INFO REPORT==== 2-Mar-2011::12:07:08 ===
           ts_search:(4:<0.2267.0>) Dyn Var: no Match (varname=authenticity_token), 

=INFO REPORT==== 2-Mar-2011::12:07:12 ===
           ts_search:(4:<0.2236.0>) Dyn Var: no Match (varname=authenticity_token), 

=INFO REPORT==== 2-Mar-2011::12:07:13 ===
           ts_search:(4:<0.2329.0>) Dyn Var: no Match (varname=authenticity_token), 

=INFO REPORT==== 2-Mar-2011::12:07:14 ===
           ts_search:(4:<0.1824.0>) Dyn Var: no Match (varname=authenticity_token), 

=INFO REPORT==== 2-Mar-2011::12:07:16 ===
           ts_search:(4:<0.2179.0>) Dyn Var: no Match (varname=authenticity_token), 

=INFO REPORT==== 2-Mar-2011::12:07:16 ===
           ts_search:(4:<0.2306.0>) Dyn Var: no Match (varname=authenticity_token), 

=INFO REPORT==== 2-Mar-2011::12:07:19 ===
           ts_search:(4:<0.2334.0>) Dyn Var: no Match (varname=authenticity_token), 

=INFO REPORT==== 2-Mar-2011::12:07:22 ===
           ts_search:(4:<0.2350.0>) Dyn Var: no Match (varname=authenticity_token), 

=INFO REPORT==== 2-Mar-2011::12:07:23 ===
           ts_search:(4:<0.2169.0>) Dyn Var: no Match (varname=authenticity_token), 

=INFO REPORT==== 2-Mar-2011::12:07:29 ===
           ts_search:(4:<0.2291.0>) Dyn Var: no Match (varname=authenticity_token), 

=INFO REPORT==== 2-Mar-2011::12:07:29 ===
           ts_search:(4:<0.2210.0>) Dyn Var: no Match (varname=authenticity_token), 

=INFO REPORT==== 2-Mar-2011::12:07:31 ===
           ts_search:(4:<0.2214.0>) Dyn Var: no Match (varname=authenticity_token), 

=INFO REPORT==== 2-Mar-2011::12:07:32 ===
           ts_search:(4:<0.2168.0>) Dyn Var: no Match (varname=authenticity_token), 

=INFO REPORT==== 2-Mar-2011::12:07:32 ===
           ts_search:(4:<0.2329.0>) Dyn Var: no Match (varname=authenticity_token), 

=INFO REPORT==== 2-Mar-2011::12:07:37 ===
           ts_search:(4:<0.2252.0>) Dyn Var: no Match (varname=authenticity_token), 

=INFO REPORT==== 2-Mar-2011::12:07:39 ===
           ts_search:(4:<0.2186.0>) Dyn Var: no Match (varname=authenticity_token), 

=INFO REPORT==== 2-Mar-2011::12:07:39 ===
           ts_search:(4:<0.2221.0>) Dyn Var: no Match (varname=authenticity_token), 

=INFO REPORT==== 2-Mar-2011::12:07:42 ===
           ts_search:(4:<0.2235.0>) Dyn Var: no Match (varname=authenticity_token), 

=INFO REPORT==== 2-Mar-2011::12:07:43 ===
           ts_search:(4:<0.2331.0>) Dyn Var: no Match (varname=authenticity_token), 

=INFO REPORT==== 2-Mar-2011::12:07:43 ===
           ts_search:(4:<0.2219.0>) Dyn Var: no Match (varname=authenticity_token), 

=INFO REPORT==== 2-Mar-2011::12:07:44 ===
           ts_search:(4:<0.2237.0>) Dyn Var: no Match (varname=authenticity_token), 

=INFO REPORT==== 2-Mar-2011::12:07:48 ===
           ts_search:(4:<0.2217.0>) Dyn Var: no Match (varname=authenticity_token), 

=INFO REPORT==== 2-Mar-2011::12:07:50 ===
           ts_search:(4:<0.2354.0>) Dyn Var: no Match (varname=authenticity_token), 

=INFO REPORT==== 2-Mar-2011::12:07:50 ===
           ts_search:(4:<0.2394.0>) Dyn Var: no Match (varname=authenticity_token), 

=INFO REPORT==== 2-Mar-2011::12:07:52 ===
           ts_search:(4:<0.2200.0>) Dyn Var: no Match (varname=authenticity_token), 

=INFO REPORT==== 2-Mar-2011::12:07:52 ===
           ts_search:(4:<0.2414.0>) Dyn Var: no Match (varname=authenticity_token), 

=INFO REPORT==== 2-Mar-2011::12:07:53 ===
           ts_search:(4:<0.2250.0>) Dyn Var: no Match (varname=authenticity_token), 

=INFO REPORT==== 2-Mar-2011::12:07:55 ===
           ts_search:(4:<0.2389.0>) Dyn Var: no Match (varname=authenticity_token), 

=INFO REPORT==== 2-Mar-2011::12:07:56 ===
           ts_search:(4:<0.2212.0>) Dyn Var: no Match (varname=authenticity_token), 

=INFO REPORT==== 2-Mar-2011::12:07:58 ===
           ts_search:(4:<0.2291.0>) Dyn Var: no Match (varname=authenticity_token), 

=INFO REPORT==== 2-Mar-2011::12:08:00 ===
           ts_search:(4:<0.2350.0>) Dyn Var: no Match (varname=authenticity_token), 

=INFO REPORT==== 2-Mar-2011::12:08:00 ===
           ts_search:(4:<0.2410.0>) Dyn Var: no Match (varname=authenticity_token), 

=INFO REPORT==== 2-Mar-2011::12:08:03 ===
           ts_search:(4:<0.2366.0>) Dyn Var: no Match (varname=authenticity_token), 

=INFO REPORT==== 2-Mar-2011::12:08:04 ===
           ts_search:(4:<0.2436.0>) Dyn Var: no Match (varname=authenticity_token), 

=INFO REPORT==== 2-Mar-2011::12:08:04 ===
           ts_search:(4:<0.2455.0>) Dyn Var: no Match (varname=authenticity_token), 

=INFO REPORT==== 2-Mar-2011::12:08:05 ===
           ts_search:(4:<0.2380.0>) Dyn Var: no Match (varname=authenticity_token), 

=INFO REPORT==== 2-Mar-2011::12:08:05 ===
           ts_search:(4:<0.2459.0>) Dyn Var: no Match (varname=authenticity_token), 

=INFO REPORT==== 2-Mar-2011::12:08:06 ===
           ts_search:(4:<0.2461.0>) Dyn Var: no Match (varname=authenticity_token), 

=INFO REPORT==== 2-Mar-2011::12:08:07 ===
           ts_search:(4:<0.2394.0>) Dyn Var: no Match (varname=authenticity_token), 

=INFO REPORT==== 2-Mar-2011::12:08:09 ===
           ts_search:(4:<0.2247.0>) Dyn Var: no Match (varname=authenticity_token), 

=INFO REPORT==== 2-Mar-2011::12:08:10 ===
           ts_search:(4:<0.2267.0>) Dyn Var: no Match (varname=authenticity_token), 

=INFO REPORT==== 2-Mar-2011::12:08:11 ===
           ts_search:(4:<0.2334.0>) Dyn Var: no Match (varname=authenticity_token), 

=INFO REPORT==== 2-Mar-2011::12:08:13 ===
           ts_search:(4:<0.2150.0>) Dyn Var: no Match (varname=authenticity_token), 

=INFO REPORT==== 2-Mar-2011::12:08:14 ===
           ts_search:(4:<0.2399.0>) Dyn Var: no Match (varname=authenticity_token), 

=INFO REPORT==== 2-Mar-2011::12:08:15 ===
           ts_search:(4:<0.2239.0>) Dyn Var: no Match (varname=authenticity_token), 

=INFO REPORT==== 2-Mar-2011::12:08:16 ===
           ts_search:(4:<0.2476.0>) Dyn Var: no Match (varname=authenticity_token), 

=INFO REPORT==== 2-Mar-2011::12:08:17 ===
           ts_search:(4:<0.2345.0>) Dyn Var: no Match (varname=authenticity_token), 

=INFO REPORT==== 2-Mar-2011::12:08:17 ===
           ts_search:(4:<0.2173.0>) Dyn Var: no Match (varname=authenticity_token), 

=INFO REPORT==== 2-Mar-2011::12:08:22 ===
           ts_search:(4:<0.2240.0>) Dyn Var: no Match (varname=authenticity_token), 

=INFO REPORT==== 2-Mar-2011::12:08:30 ===
           ts_search:(4:<0.2339.0>) Dyn Var: no Match (varname=authenticity_token), 

=INFO REPORT==== 2-Mar-2011::12:08:31 ===
           ts_search:(4:<0.2424.0>) Dyn Var: no Match (varname=authenticity_token), 

=INFO REPORT==== 2-Mar-2011::12:08:34 ===
           ts_search:(4:<0.2160.0>) Dyn Var: no Match (varname=authenticity_token), 

=INFO REPORT==== 2-Mar-2011::12:08:34 ===
           ts_search:(4:<0.2451.0>) Dyn Var: no Match (varname=authenticity_token), 

=INFO REPORT==== 2-Mar-2011::12:08:36 ===
           ts_search:(4:<0.2282.0>) Dyn Var: no Match (varname=authenticity_token), 

=INFO REPORT==== 2-Mar-2011::12:08:37 ===
           ts_search:(4:<0.2389.0>) Dyn Var: no Match (varname=authenticity_token), 

=INFO REPORT==== 2-Mar-2011::12:08:40 ===
           ts_search:(4:<0.2335.0>) Dyn Var: no Match (varname=authenticity_token), 

=INFO REPORT==== 2-Mar-2011::12:08:40 ===
           ts_search:(4:<0.2296.0>) Dyn Var: no Match (varname=authenticity_token), 

=INFO REPORT==== 2-Mar-2011::12:08:43 ===
           ts_search:(4:<0.2543.0>) Dyn Var: no Match (varname=authenticity_token), 

=INFO REPORT==== 2-Mar-2011::12:08:44 ===
           ts_search:(4:<0.2445.0>) Dyn Var: no Match (varname=authenticity_token), 

=INFO REPORT==== 2-Mar-2011::12:08:44 ===
           ts_search:(4:<0.2414.0>) Dyn Var: no Match (varname=authenticity_token), 

=INFO REPORT==== 2-Mar-2011::12:08:45 ===
           ts_search:(4:<0.2556.0>) Dyn Var: no Match (varname=authenticity_token), 

=INFO REPORT==== 2-Mar-2011::12:08:45 ===
           ts_search:(4:<0.2485.0>) Dyn Var: no Match (varname=authenticity_token), 

=INFO REPORT==== 2-Mar-2011::12:08:51 ===
           ts_search:(4:<0.2354.0>) Dyn Var: no Match (varname=authenticity_token), 

=INFO REPORT==== 2-Mar-2011::12:08:56 ===
           ts_search:(4:<0.2581.0>) Dyn Var: no Match (varname=authenticity_token), 

=INFO REPORT==== 2-Mar-2011::12:08:57 ===
           ts_search:(4:<0.2307.0>) Dyn Var: no Match (varname=authenticity_token), 

=INFO REPORT==== 2-Mar-2011::12:08:57 ===
           ts_search:(4:<0.2476.0>) Dyn Var: no Match (varname=authenticity_token), 

=INFO REPORT==== 2-Mar-2011::12:08:59 ===
           ts_search:(4:<0.2505.0>) Dyn Var: no Match (varname=authenticity_token), 

=INFO REPORT==== 2-Mar-2011::12:08:59 ===
           ts_search:(4:<0.2461.0>) Dyn Var: no Match (varname=authenticity_token), 

=INFO REPORT==== 2-Mar-2011::12:09:01 ===
           ts_search:(4:<0.2582.0>) Dyn Var: no Match (varname=authenticity_token), 

=INFO REPORT==== 2-Mar-2011::12:09:02 ===
           ts_search:(4:<0.2459.0>) Dyn Var: no Match (varname=authenticity_token), 

=INFO REPORT==== 2-Mar-2011::12:09:04 ===
           ts_search:(4:<0.2216.0>) Dyn Var: no Match (varname=authenticity_token), 

=INFO REPORT==== 2-Mar-2011::12:09:04 ===
           ts_search:(4:<0.2331.0>) Dyn Var: no Match (varname=authenticity_token), 

=INFO REPORT==== 2-Mar-2011::12:09:06 ===
           ts_search:(4:<0.2554.0>) Dyn Var: no Match (varname=authenticity_token), 

=INFO REPORT==== 2-Mar-2011::12:09:07 ===
           ts_search:(4:<0.2282.0>) Dyn Var: no Match (varname=authenticity_token), 

=INFO REPORT==== 2-Mar-2011::12:09:08 ===
           ts_search:(4:<0.2544.0>) Dyn Var: no Match (varname=authenticity_token), 

=INFO REPORT==== 2-Mar-2011::12:09:09 ===
           ts_search:(4:<0.2600.0>) Dyn Var: no Match (varname=authenticity_token), 

=INFO REPORT==== 2-Mar-2011::12:09:10 ===
           ts_search:(4:<0.2532.0>) Dyn Var: no Match (varname=authenticity_token), 

=INFO REPORT==== 2-Mar-2011::12:09:12 ===
           ts_search:(4:<0.2379.0>) Dyn Var: no Match (varname=authenticity_token), 

=INFO REPORT==== 2-Mar-2011::12:09:12 ===
           ts_search:(4:<0.2366.0>) Dyn Var: no Match (varname=authenticity_token), 

=INFO REPORT==== 2-Mar-2011::12:09:13 ===
           ts_search:(4:<0.2483.0>) Dyn Var: no Match (varname=authenticity_token), 

=INFO REPORT==== 2-Mar-2011::12:09:13 ===
           ts_search:(4:<0.2451.0>) Dyn Var: no Match (varname=authenticity_token), 

=INFO REPORT==== 2-Mar-2011::12:09:16 ===
           ts_search:(4:<0.2455.0>) Dyn Var: no Match (varname=authenticity_token), 

=INFO REPORT==== 2-Mar-2011::12:09:17 ===
           ts_search:(4:<0.2410.0>) Dyn Var: no Match (varname=authenticity_token), 

=INFO REPORT==== 2-Mar-2011::12:09:25 ===
           ts_search:(4:<0.2436.0>) Dyn Var: no Match (varname=authenticity_token), 

=INFO REPORT==== 2-Mar-2011::12:09:31 ===
           ts_search:(4:<0.2644.0>) Dyn Var: no Match (varname=authenticity_token), 

=INFO REPORT==== 2-Mar-2011::12:09:31 ===
           ts_search:(4:<0.2582.0>) Dyn Var: no Match (varname=authenticity_token), 

=INFO REPORT==== 2-Mar-2011::12:09:37 ===
           ts_search:(4:<0.2659.0>) Dyn Var: no Match (varname=authenticity_token), 

=INFO REPORT==== 2-Mar-2011::12:09:37 ===
           ts_search:(4:<0.2665.0>) Dyn Var: no Match (varname=authenticity_token), 

=INFO REPORT==== 2-Mar-2011::12:09:37 ===
           ts_search:(4:<0.2409.0>) Dyn Var: no Match (varname=authenticity_token), 

=INFO REPORT==== 2-Mar-2011::12:09:44 ===
           ts_search:(4:<0.2399.0>) Dyn Var: no Match (varname=authenticity_token), 

=INFO REPORT==== 2-Mar-2011::12:09:48 ===
           ts_search:(4:<0.2543.0>) Dyn Var: no Match (varname=authenticity_token), 

=INFO REPORT==== 2-Mar-2011::12:09:49 ===
           ts_search:(4:<0.2429.0>) Dyn Var: no Match (varname=authenticity_token), 

=INFO REPORT==== 2-Mar-2011::12:09:51 ===
           ts_search:(4:<0.2544.0>) Dyn Var: no Match (varname=authenticity_token), 

=INFO REPORT==== 2-Mar-2011::12:09:53 ===
           ts_search:(4:<0.2640.0>) Dyn Var: no Match (varname=authenticity_token), 

=INFO REPORT==== 2-Mar-2011::12:09:54 ===
           ts_search:(4:<0.2613.0>) Dyn Var: no Match (varname=authenticity_token), 

=INFO REPORT==== 2-Mar-2011::12:09:54 ===
           ts_search:(4:<0.2685.0>) Dyn Var: no Match (varname=authenticity_token), 

=INFO REPORT==== 2-Mar-2011::12:09:57 ===
           ts_search:(4:<0.2485.0>) Dyn Var: no Match (varname=authenticity_token), 

=INFO REPORT==== 2-Mar-2011::12:10:00 ===
           ts_search:(4:<0.2712.0>) Dyn Var: no Match (varname=authenticity_token), 

=INFO REPORT==== 2-Mar-2011::12:10:00 ===
           ts_search:(4:<0.2507.0>) Dyn Var: no Match (varname=authenticity_token), 

=INFO REPORT==== 2-Mar-2011::12:10:02 ===
           ts_search:(4:<0.2646.0>) Dyn Var: no Match (varname=authenticity_token), 

=INFO REPORT==== 2-Mar-2011::12:10:05 ===
           ts_search:(4:<0.2600.0>) Dyn Var: no Match (varname=authenticity_token), 

=INFO REPORT==== 2-Mar-2011::12:10:07 ===
           ts_search:(4:<0.2556.0>) Dyn Var: no Match (varname=authenticity_token), 

=INFO REPORT==== 2-Mar-2011::12:10:07 ===
           ts_search:(4:<0.2532.0>) Dyn Var: no Match (varname=authenticity_token), 

=INFO REPORT==== 2-Mar-2011::12:10:07 ===
           ts_search:(4:<0.2667.0>) Dyn Var: no Match (varname=authenticity_token), 

=INFO REPORT==== 2-Mar-2011::12:10:08 ===
           ts_search:(4:<0.2505.0>) Dyn Var: no Match (varname=authenticity_token), 

=INFO REPORT==== 2-Mar-2011::12:10:08 ===
           ts_search:(4:<0.2554.0>) Dyn Var: no Match (varname=authenticity_token), 

=INFO REPORT==== 2-Mar-2011::12:10:14 ===
           ts_search:(4:<0.2743.0>) Dyn Var: no Match (varname=authenticity_token), 

=INFO REPORT==== 2-Mar-2011::12:10:14 ===
           ts_search:(4:<0.2644.0>) Dyn Var: no Match (varname=authenticity_token), 

=INFO REPORT==== 2-Mar-2011::12:10:16 ===
           ts_search:(4:<0.2559.0>) Dyn Var: no Match (varname=authenticity_token), 

=INFO REPORT==== 2-Mar-2011::12:10:17 ===
           ts_search:(4:<0.2684.0>) Dyn Var: no Match (varname=authenticity_token), 

=INFO REPORT==== 2-Mar-2011::12:10:17 ===
           ts_search:(4:<0.2622.0>) Dyn Var: no Match (varname=authenticity_token), 

=INFO REPORT==== 2-Mar-2011::12:10:17 ===
           ts_search:(4:<0.2557.0>) Dyn Var: no Match (varname=authenticity_token), 

=INFO REPORT==== 2-Mar-2011::12:10:17 ===
           ts_search:(4:<0.2700.0>) Dyn Var: no Match (varname=authenticity_token), 

=INFO REPORT==== 2-Mar-2011::12:10:18 ===
           ts_search:(4:<0.2665.0>) Dyn Var: no Match (varname=authenticity_token), 

=INFO REPORT==== 2-Mar-2011::12:10:18 ===
           ts_search:(4:<0.2749.0>) Dyn Var: no Match (varname=authenticity_token), 

=INFO REPORT==== 2-Mar-2011::12:10:18 ===
           ts_search:(4:<0.2746.0>) Dyn Var: no Match (varname=authenticity_token), 

=INFO REPORT==== 2-Mar-2011::12:10:18 ===
           ts_search:(4:<0.2756.0>) Dyn Var: no Match (varname=authenticity_token), 

=INFO REPORT==== 2-Mar-2011::12:10:19 ===
           ts_search:(4:<0.2640.0>) Dyn Var: no Match (varname=authenticity_token), 

=INFO REPORT==== 2-Mar-2011::12:10:19 ===
           ts_search:(4:<0.2748.0>) Dyn Var: no Match (varname=authenticity_token), 

=INFO REPORT==== 2-Mar-2011::12:10:20 ===
           ts_search:(4:<0.2595.0>) Dyn Var: no Match (varname=authenticity_token), 

=INFO REPORT==== 2-Mar-2011::12:10:21 ===
           ts_search:(4:<0.2685.0>) Dyn Var: no Match (varname=authenticity_token), 

=INFO REPORT==== 2-Mar-2011::12:10:23 ===
           ts_search:(4:<0.2684.0>) Dyn Var: no Match (varname=authenticity_token), 

=INFO REPORT==== 2-Mar-2011::12:10:23 ===
           ts_search:(4:<0.2625.0>) Dyn Var: no Match (varname=authenticity_token), 

=INFO REPORT==== 2-Mar-2011::12:10:27 ===
           ts_search:(4:<0.2489.0>) Dyn Var: no Match (varname=authenticity_token), 

=INFO REPORT==== 2-Mar-2011::12:10:28 ===
           ts_search:(4:<0.2659.0>) Dyn Var: no Match (varname=authenticity_token), 

=INFO REPORT==== 2-Mar-2011::12:10:31 ===
           ts_search:(4:<0.2560.0>) Dyn Var: no Match (varname=authenticity_token), 

=INFO REPORT==== 2-Mar-2011::12:10:31 ===
           ts_search:(4:<0.2714.0>) Dyn Var: no Match (varname=authenticity_token), 

=INFO REPORT==== 2-Mar-2011::12:10:32 ===
           ts_search:(4:<0.2712.0>) Dyn Var: no Match (varname=authenticity_token), 

=INFO REPORT==== 2-Mar-2011::12:10:32 ===
           ts_search:(4:<0.2380.0>) Dyn Var: no Match (varname=authenticity_token), 

=INFO REPORT==== 2-Mar-2011::12:10:35 ===
           ts_search:(4:<0.2559.0>) Dyn Var: no Match (varname=authenticity_token), 

=INFO REPORT==== 2-Mar-2011::12:10:36 ===
           ts_search:(4:<0.2799.0>) Dyn Var: no Match (varname=authenticity_token), 

=INFO REPORT==== 2-Mar-2011::12:10:36 ===
           ts_search:(4:<0.2730.0>) Dyn Var: no Match (varname=authenticity_token), 

=INFO REPORT==== 2-Mar-2011::12:10:37 ===
           ts_search:(4:<0.2581.0>) Dyn Var: no Match (varname=authenticity_token), 

=INFO REPORT==== 2-Mar-2011::12:10:41 ===
           ts_search:(4:<0.2764.0>) Dyn Var: no Match (varname=authenticity_token), 

=INFO REPORT==== 2-Mar-2011::12:10:41 ===
           ts_search:(4:<0.2620.0>) Dyn Var: no Match (varname=authenticity_token), 

=INFO REPORT==== 2-Mar-2011::12:10:41 ===
           ts_search:(4:<0.2654.0>) Dyn Var: no Match (varname=authenticity_token), 

=INFO REPORT==== 2-Mar-2011::12:10:42 ===
           ts_search:(4:<0.2382.0>) Dyn Var: no Match (varname=authenticity_token), 

=INFO REPORT==== 2-Mar-2011::12:10:45 ===
           ts_search:(4:<0.2793.0>) Dyn Var: no Match (varname=authenticity_token), 

=INFO REPORT==== 2-Mar-2011::12:10:47 ===
           ts_search:(4:<0.2822.0>) Dyn Var: no Match (varname=authenticity_token), 

=INFO REPORT==== 2-Mar-2011::12:10:48 ===
           ts_search:(4:<0.2738.0>) Dyn Var: no Match (varname=authenticity_token), 

=INFO REPORT==== 2-Mar-2011::12:10:50 ===
           ts_search:(4:<0.2748.0>) Dyn Var: no Match (varname=authenticity_token), 

=INFO REPORT==== 2-Mar-2011::12:10:51 ===
           ts_search:(4:<0.2483.0>) Dyn Var: no Match (varname=authenticity_token), 

=INFO REPORT==== 2-Mar-2011::12:10:52 ===
           ts_search:(4:<0.2749.0>) Dyn Var: no Match (varname=authenticity_token), 

=INFO REPORT==== 2-Mar-2011::12:10:57 ===
           ts_search:(4:<0.2522.0>) Dyn Var: no Match (varname=authenticity_token), 

=INFO REPORT==== 2-Mar-2011::12:10:59 ===
           ts_search:(4:<0.2764.0>) Dyn Var: no Match (varname=authenticity_token), 

=INFO REPORT==== 2-Mar-2011::12:10:59 ===
           ts_search:(4:<0.2843.0>) Dyn Var: no Match (varname=authenticity_token), 

=INFO REPORT==== 2-Mar-2011::12:11:00 ===
           ts_search:(4:<0.2830.0>) Dyn Var: no Match (varname=authenticity_token), 

=INFO REPORT==== 2-Mar-2011::12:11:01 ===
           ts_search:(4:<0.2660.0>) Dyn Var: no Match (varname=authenticity_token), 

=INFO REPORT==== 2-Mar-2011::12:11:04 ===
           ts_search:(4:<0.2846.0>) Dyn Var: no Match (varname=authenticity_token), 

=INFO REPORT==== 2-Mar-2011::12:11:04 ===
           ts_search:(4:<0.2868.0>) Dyn Var: no Match (varname=authenticity_token), 

=INFO REPORT==== 2-Mar-2011::12:11:06 ===
           ts_search:(4:<0.2636.0>) Dyn Var: no Match (varname=authenticity_token), 

=INFO REPORT==== 2-Mar-2011::12:11:07 ===
           ts_search:(4:<0.2871.0>) Dyn Var: no Match (varname=authenticity_token), 

=INFO REPORT==== 2-Mar-2011::12:11:09 ===
           ts_search:(4:<0.2746.0>) Dyn Var: no Match (varname=authenticity_token), 

=INFO REPORT==== 2-Mar-2011::12:11:10 ===
           ts_search:(4:<0.2817.0>) Dyn Var: no Match (varname=authenticity_token), 

=INFO REPORT==== 2-Mar-2011::12:11:10 ===
           ts_search:(4:<0.2700.0>) Dyn Var: no Match (varname=authenticity_token), 

=INFO REPORT==== 2-Mar-2011::12:11:10 ===
           ts_search:(4:<0.2876.0>) Dyn Var: no Match (varname=authenticity_token), 

=INFO REPORT==== 2-Mar-2011::12:11:10 ===
           ts_search:(4:<0.2880.0>) Dyn Var: no Match (varname=authenticity_token), 

=INFO REPORT==== 2-Mar-2011::12:11:13 ===
           ts_search:(4:<0.2799.0>) Dyn Var: no Match (varname=authenticity_token), 

=INFO REPORT==== 2-Mar-2011::12:11:14 ===
           ts_search:(4:<0.2667.0>) Dyn Var: no Match (varname=authenticity_token), 

=INFO REPORT==== 2-Mar-2011::12:11:15 ===
           ts_search:(4:<0.2627.0>) Dyn Var: no Match (varname=authenticity_token), 

=INFO REPORT==== 2-Mar-2011::12:11:17 ===
           ts_search:(4:<0.2884.0>) Dyn Var: no Match (varname=authenticity_token), 

=INFO REPORT==== 2-Mar-2011::12:11:17 ===
           ts_search:(4:<0.2698.0>) Dyn Var: no Match (varname=authenticity_token), 

=INFO REPORT==== 2-Mar-2011::12:11:17 ===
           ts_search:(4:<0.2835.0>) Dyn Var: no Match (varname=authenticity_token), 

=INFO REPORT==== 2-Mar-2011::12:11:17 ===
           ts_search:(4:<0.2646.0>) Dyn Var: no Match (varname=authenticity_token), 

=INFO REPORT==== 2-Mar-2011::12:11:19 ===
           ts_search:(4:<0.2837.0>) Dyn Var: no Match (varname=authenticity_token), 

=INFO REPORT==== 2-Mar-2011::12:11:21 ===
           ts_search:(4:<0.2884.0>) Dyn Var: no Match (varname=authenticity_token), 

=INFO REPORT==== 2-Mar-2011::12:11:21 ===
           ts_search:(4:<0.2651.0>) Dyn Var: no Match (varname=authenticity_token), 

=INFO REPORT==== 2-Mar-2011::12:11:22 ===
           ts_search:(4:<0.2778.0>) Dyn Var: no Match (varname=authenticity_token), 

=INFO REPORT==== 2-Mar-2011::12:11:22 ===
           ts_search:(4:<0.2917.0>) Dyn Var: no Match (varname=authenticity_token), 

=INFO REPORT==== 2-Mar-2011::12:11:22 ===
           ts_search:(4:<0.2635.0>) Dyn Var: no Match (varname=authenticity_token), 

=INFO REPORT==== 2-Mar-2011::12:11:23 ===
           ts_search:(4:<0.2822.0>) Dyn Var: no Match (varname=authenticity_token), 

=INFO REPORT==== 2-Mar-2011::12:11:24 ===
           ts_search:(4:<0.2824.0>) Dyn Var: no Match (varname=authenticity_token), 

=INFO REPORT==== 2-Mar-2011::12:11:24 ===
           ts_search:(4:<0.2756.0>) Dyn Var: no Match (varname=authenticity_token), 

=INFO REPORT==== 2-Mar-2011::12:11:24 ===
           ts_search:(4:<0.2927.0>) Dyn Var: no Match (varname=authenticity_token), 

=INFO REPORT==== 2-Mar-2011::12:11:26 ===
           ts_search:(4:<0.2931.0>) Dyn Var: no Match (varname=authenticity_token), 

=INFO REPORT==== 2-Mar-2011::12:11:27 ===
           ts_search:(4:<0.2907.0>) Dyn Var: no Match (varname=authenticity_token), 

=INFO REPORT==== 2-Mar-2011::12:11:27 ===
           ts_search:(4:<0.2824.0>) Dyn Var: no Match (varname=authenticity_token), 

=INFO REPORT==== 2-Mar-2011::12:11:29 ===
           ts_search:(4:<0.2935.0>) Dyn Var: no Match (varname=authenticity_token), 

=INFO REPORT==== 2-Mar-2011::12:11:30 ===
           ts_search:(4:<0.2770.0>) Dyn Var: no Match (varname=authenticity_token), 

=INFO REPORT==== 2-Mar-2011::12:11:30 ===
           ts_search:(4:<0.2936.0>) Dyn Var: no Match (varname=authenticity_token), 

=INFO REPORT==== 2-Mar-2011::12:11:30 ===
           ts_search:(4:<0.2738.0>) Dyn Var: no Match (varname=authenticity_token), 

=INFO REPORT==== 2-Mar-2011::12:11:31 ===
           ts_search:(4:<0.2835.0>) Dyn Var: no Match (varname=authenticity_token), 

=INFO REPORT==== 2-Mar-2011::12:11:31 ===
           ts_search:(4:<0.2843.0>) Dyn Var: no Match (varname=authenticity_token), 

=INFO REPORT==== 2-Mar-2011::12:11:32 ===
           ts_search:(4:<0.2732.0>) Dyn Var: no Match (varname=authenticity_token), 

=INFO REPORT==== 2-Mar-2011::12:11:37 ===
           ts_search:(4:<0.2734.0>) Dyn Var: no Match (varname=authenticity_token), 

=INFO REPORT==== 2-Mar-2011::12:11:38 ===
           ts_search:(4:<0.2890.0>) Dyn Var: no Match (varname=authenticity_token), 

=INFO REPORT==== 2-Mar-2011::12:11:39 ===
           ts_search:(4:<0.2897.0>) Dyn Var: no Match (varname=authenticity_token), 

=INFO REPORT==== 2-Mar-2011::12:11:39 ===
           ts_search:(4:<0.2382.0>) Dyn Var: no Match (varname=authenticity_token), 

=INFO REPORT==== 2-Mar-2011::12:11:41 ===
           ts_search:(4:<0.2962.0>) Dyn Var: no Match (varname=authenticity_token), 

=INFO REPORT==== 2-Mar-2011::12:11:42 ===
           ts_search:(4:<0.2900.0>) Dyn Var: no Match (varname=authenticity_token), 

=INFO REPORT==== 2-Mar-2011::12:11:43 ===
           ts_search:(4:<0.2830.0>) Dyn Var: no Match (varname=authenticity_token), 

=INFO REPORT==== 2-Mar-2011::12:11:45 ===
           ts_search:(4:<0.2755.0>) Dyn Var: no Match (varname=authenticity_token), 

=INFO REPORT==== 2-Mar-2011::12:11:47 ===
           ts_search:(4:<0.2958.0>) Dyn Var: no Match (varname=authenticity_token), 

=INFO REPORT==== 2-Mar-2011::12:11:49 ===
           ts_search:(4:<0.2880.0>) Dyn Var: no Match (varname=authenticity_token), 

=INFO REPORT==== 2-Mar-2011::12:11:51 ===
           ts_search:(4:<0.2367.0>) Dyn Var: no Match (varname=authenticity_token), 

=INFO REPORT==== 2-Mar-2011::12:11:51 ===
           ts_search:(4:<0.2962.0>) Dyn Var: no Match (varname=authenticity_token), 

=INFO REPORT==== 2-Mar-2011::12:11:52 ===
           ts_search:(4:<0.2890.0>) Dyn Var: no Match (varname=authenticity_token), 

=INFO REPORT==== 2-Mar-2011::12:11:54 ===
           ts_search:(4:<0.2900.0>) Dyn Var: no Match (varname=authenticity_token), 

=INFO REPORT==== 2-Mar-2011::12:11:55 ===
           ts_search:(4:<0.2752.0>) Dyn Var: no Match (varname=authenticity_token), 

=INFO REPORT==== 2-Mar-2011::12:11:58 ===
           ts_search:(4:<0.2839.0>) Dyn Var: no Match (varname=authenticity_token), 

=INFO REPORT==== 2-Mar-2011::12:11:59 ===
           ts_search:(4:<0.2848.0>) Dyn Var: no Match (varname=authenticity_token), 

=INFO REPORT==== 2-Mar-2011::12:11:59 ===
           ts_search:(4:<0.2995.0>) Dyn Var: no Match (varname=authenticity_token), 

=INFO REPORT==== 2-Mar-2011::12:11:59 ===
           ts_search:(4:<0.2931.0>) Dyn Var: no Match (varname=authenticity_token), 

=INFO REPORT==== 2-Mar-2011::12:12:02 ===
           ts_search:(4:<0.2927.0>) Dyn Var: no Match (varname=authenticity_token), 

=INFO REPORT==== 2-Mar-2011::12:12:03 ===
           ts_search:(4:<0.2876.0>) Dyn Var: no Match (varname=authenticity_token), 

=INFO REPORT==== 2-Mar-2011::12:12:05 ===
           ts_search:(4:<0.2954.0>) Dyn Var: no Match (varname=authenticity_token), 

=INFO REPORT==== 2-Mar-2011::12:12:05 ===
           ts_search:(4:<0.2747.0>) Dyn Var: no Match (varname=authenticity_token), 

=INFO REPORT==== 2-Mar-2011::12:12:05 ===
           ts_search:(4:<0.2955.0>) Dyn Var: no Match (varname=authenticity_token), 

=INFO REPORT==== 2-Mar-2011::12:12:06 ===
         ts_launcher:(5:<0.85.0>) This was the last phase, wait for connected users to finish their session

=INFO REPORT==== 2-Mar-2011::12:12:06 ===
     ts_launcher_mgr:(5:<0.80.0>) Still 242 active client(s)

=INFO REPORT==== 2-Mar-2011::12:12:07 ===
           ts_search:(4:<0.2868.0>) Dyn Var: no Match (varname=authenticity_token), 

=INFO REPORT==== 2-Mar-2011::12:12:11 ===
           ts_search:(4:<0.2897.0>) Dyn Var: no Match (varname=authenticity_token), 

=INFO REPORT==== 2-Mar-2011::12:12:12 ===
           ts_search:(4:<0.3024.0>) Dyn Var: no Match (varname=authenticity_token), 

=INFO REPORT==== 2-Mar-2011::12:12:13 ===
           ts_search:(4:<0.2793.0>) Dyn Var: no Match (varname=authenticity_token), 

=INFO REPORT==== 2-Mar-2011::12:12:20 ===
           ts_search:(4:<0.2817.0>) Dyn Var: no Match (varname=authenticity_token), 

=INFO REPORT==== 2-Mar-2011::12:12:21 ===
           ts_search:(4:<0.2907.0>) Dyn Var: no Match (varname=authenticity_token), 

=INFO REPORT==== 2-Mar-2011::12:12:26 ===
           ts_search:(4:<0.2871.0>) Dyn Var: no Match (varname=authenticity_token), 

=INFO REPORT==== 2-Mar-2011::12:12:30 ===
           ts_search:(4:<0.2837.0>) Dyn Var: no Match (varname=authenticity_token), 

=INFO REPORT==== 2-Mar-2011::12:12:33 ===
           ts_search:(4:<0.2846.0>) Dyn Var: no Match (varname=authenticity_token), 

=INFO REPORT==== 2-Mar-2011::12:12:34 ===
           ts_search:(4:<0.2917.0>) Dyn Var: no Match (varname=authenticity_token), 

=INFO REPORT==== 2-Mar-2011::12:12:41 ===
           ts_search:(4:<0.2935.0>) Dyn Var: no Match (varname=authenticity_token), 

=INFO REPORT==== 2-Mar-2011::12:12:45 ===
           ts_search:(4:<0.2976.0>) Dyn Var: no Match (varname=authenticity_token), 

=INFO REPORT==== 2-Mar-2011::12:12:45 ===
           ts_search:(4:<0.2743.0>) Dyn Var: no Match (varname=authenticity_token), 

=INFO REPORT==== 2-Mar-2011::12:12:45 ===
           ts_search:(4:<0.2954.0>) Dyn Var: no Match (varname=authenticity_token), 

=INFO REPORT==== 2-Mar-2011::12:13:02 ===
           ts_search:(4:<0.2995.0>) Dyn Var: no Match (varname=authenticity_token), 

=INFO REPORT==== 2-Mar-2011::12:13:02 ===
           ts_search:(4:<0.2936.0>) Dyn Var: no Match (varname=authenticity_token), 

=INFO REPORT==== 2-Mar-2011::12:13:06 ===
     ts_launcher_mgr:(5:<0.80.0>) Still 134 active client(s)

=INFO REPORT==== 2-Mar-2011::12:13:16 ===
           ts_search:(4:<0.3024.0>) Dyn Var: no Match (varname=authenticity_token), 

=INFO REPORT==== 2-Mar-2011::12:13:16 ===
           ts_search:(4:<0.2979.0>) Dyn Var: no Match (varname=authenticity_token), 

=INFO REPORT==== 2-Mar-2011::12:13:32 ===
           ts_search:(4:<0.2955.0>) Dyn Var: no Match (varname=authenticity_token), 

=INFO REPORT==== 2-Mar-2011::12:13:51 ===
           ts_search:(4:<0.2730.0>) Dyn Var: no Match (varname=authenticity_token), 

=INFO REPORT==== 2-Mar-2011::12:14:04 ===
           ts_search:(4:<0.2958.0>) Dyn Var: no Match (varname=authenticity_token), 

=INFO REPORT==== 2-Mar-2011::12:14:06 ===
     ts_launcher_mgr:(5:<0.80.0>) Still 11 active client(s)

=INFO REPORT==== 2-Mar-2011::12:15:06 ===
     ts_launcher_mgr:(5:<0.80.0>) Still 1 active client(s)

=INFO REPORT==== 2-Mar-2011::12:16:06 ===
     ts_launcher_mgr:(5:<0.80.0>) No more active users

=INFO REPORT==== 2-Mar-2011::12:16:06 ===
              ts_mon:(5:<0.53.0>) stopping monitor (normal)
