
=INFO REPORT==== 5-Oct-2011::15:47:26 ===
    ts_config_server:(5:<0.52.0>) Config server started, logdir is "/home/ec2-user/.tsung/log/20111005-19:47"
 
=INFO REPORT==== 5-Oct-2011::15:47:26 ===
              ts_mon:(5:<0.51.0>) starting monitor, global 

=INFO REPORT==== 5-Oct-2011::15:47:26 ===
              ts_mon:(5:<0.53.0>) Init, log dir is "/home/ec2-user/.tsung/log/20111005-19:47"

=INFO REPORT==== 5-Oct-2011::15:47:26 ===
              ts_mon:(5:<0.53.0>) starting monitor

=INFO REPORT==== 5-Oct-2011::15:47:26 ===
        ts_stats_mon:(5:<0.51.0>) starting stats server, global 

=INFO REPORT==== 5-Oct-2011::15:47:26 ===
        ts_stats_mon:(5:<0.55.0>) starting ts_stats_mon stats server

=INFO REPORT==== 5-Oct-2011::15:47:26 ===
        ts_stats_mon:(5:<0.51.0>) starting request stats server, global 

=INFO REPORT==== 5-Oct-2011::15:47:26 ===
        ts_stats_mon:(5:<0.56.0>) starting dedicated stats server for request 

=INFO REPORT==== 5-Oct-2011::15:47:26 ===
        ts_stats_mon:(5:<0.51.0>) starting page stats server, global 

=INFO REPORT==== 5-Oct-2011::15:47:26 ===
        ts_stats_mon:(5:<0.57.0>) starting dedicated stats server for page 

=INFO REPORT==== 5-Oct-2011::15:47:26 ===
        ts_stats_mon:(5:<0.51.0>) starting connect stats server, global 

=INFO REPORT==== 5-Oct-2011::15:47:26 ===
        ts_stats_mon:(5:<0.58.0>) starting dedicated stats server for connect 

=INFO REPORT==== 5-Oct-2011::15:47:26 ===
        ts_stats_mon:(5:<0.51.0>) starting transaction stats server, global 

=INFO REPORT==== 5-Oct-2011::15:47:26 ===
        ts_stats_mon:(5:<0.59.0>) starting transaction stats server

=INFO REPORT==== 5-Oct-2011::15:47:26 ===
     ts_match_logger:(5:<0.51.0>) starting match logger, global 

=INFO REPORT==== 5-Oct-2011::15:47:26 ===
     ts_match_logger:(5:<0.60.0>) starting match logger

=INFO REPORT==== 5-Oct-2011::15:47:26 ===
     ts_match_logger:(5:<0.60.0>) starting match logger

=INFO REPORT==== 5-Oct-2011::15:47:26 ===
           ts_config:(5:<0.52.0>) Reading config file: /home/ec2-user/speedmetal/apps/rails3/spree/tsung.xml

=INFO REPORT==== 5-Oct-2011::15:47:26 ===
           ts_config:(5:<0.52.0>) Session name for id 1 is "browse_site"

=INFO REPORT==== 5-Oct-2011::15:47:26 ===
           ts_config:(5:<0.52.0>) Session type: persistent=true, bidi=false

=INFO REPORT==== 5-Oct-2011::15:47:26 ===
      ts_config_http:(5:<0.52.0>) Relative URL, single server 
=INFO REPORT==== 5-Oct-2011::15:47:26 ===
    ts_config_server:(5:<0.52.0>) SYSINFO:Erlang version: Erlang R14B03 (erts-5.8.4) [source] [64-bit] [smp:2:2] [rq:2] [async-threads:16] [kernel-poll:true]


=INFO REPORT==== 5-Oct-2011::15:47:26 ===
    ts_config_server:(5:<0.52.0>) SYSINFO:System architecture x86_64-redhat-linux-gnu

=INFO REPORT==== 5-Oct-2011::15:47:26 ===
    ts_config_server:(5:<0.52.0>) SYSINFO:Current path: /usr/lib/erlang/lib/tsung-1.3.3/ebin/tsung.beam

=INFO REPORT==== 5-Oct-2011::15:47:26 ===
    ts_os_mon_erlang:(5:<0.66.0>) starting os_mon_erlang with args {"server",
                                                                    {},10000,
                                                                    {global,
                                                                     ts_mon}}
=INFO REPORT==== 5-Oct-2011::15:47:26 ===
              ts_mon:(5:<0.53.0>) Activate clients with text backend

=INFO REPORT==== 5-Oct-2011::15:47:26 ===
    ts_config_server:(5:<0.73.0>) started newbeam on node tsung0@localhost 

=INFO REPORT==== 5-Oct-2011::15:47:26 ===
    ts_config_server:(5:<0.73.0>) ping tsung0@localhost pong

=INFO REPORT==== 5-Oct-2011::15:47:26 ===
    ts_config_server:(5:<0.74.0>) started newbeam on node tsung1@localhost 

=INFO REPORT==== 5-Oct-2011::15:47:26 ===
    ts_config_server:(5:<0.74.0>) ping tsung1@localhost pong

=INFO REPORT==== 5-Oct-2011::15:47:26 ===
    ts_config_server:(5:<0.52.0>) New arrival phase 1 for client "localhost": will start 120.0 users

=INFO REPORT==== 5-Oct-2011::15:47:26 ===
    ts_config_server:(5:<0.52.0>) New arrival phase 2 for client "localhost": will start 240.0 users

=INFO REPORT==== 5-Oct-2011::15:47:26 ===
    ts_config_server:(5:<0.52.0>) New arrival phase 3 for client "localhost": will start 360.0 users

=INFO REPORT==== 5-Oct-2011::15:47:26 ===
    ts_config_server:(5:<0.52.0>) New arrival phase 4 for client "localhost": will start 480.0 users

=INFO REPORT==== 5-Oct-2011::15:47:26 ===
    ts_config_server:(5:<0.52.0>) New arrival phase 5 for client "localhost": will start 600.0 users

=INFO REPORT==== 5-Oct-2011::15:47:26 ===
    ts_config_server:(5:<0.52.0>) New arrival phase 6 for client "localhost": will start 4.5e3 users

=INFO REPORT==== 5-Oct-2011::15:47:26 ===
    ts_config_server:(5:<0.52.0>) New arrival phase 7 for client "localhost": will start 6.0e3 users

=INFO REPORT==== 5-Oct-2011::15:47:26 ===
    ts_config_server:(5:<0.52.0>) New arrival phase 8 for client "localhost": will start 7.5e3 users

=INFO REPORT==== 5-Oct-2011::15:47:26 ===
    ts_config_server:(5:<0.52.0>) New arrival phase 9 for client "localhost": will start 9.0e3 users

=INFO REPORT==== 5-Oct-2011::15:47:26 ===
    ts_config_server:(5:<0.52.0>) New arrival phase 10 for client "localhost": will start 10500.000000000002 users

=INFO REPORT==== 5-Oct-2011::15:47:26 ===
    ts_config_server:(5:<0.52.0>) New arrival phase 11 for client "localhost": will start 1.2e4 users

=INFO REPORT==== 5-Oct-2011::15:47:26 ===
    ts_config_server:(5:<0.52.0>) New arrival phase 12 for client "localhost": will start 1.35e4 users

=INFO REPORT==== 5-Oct-2011::15:47:26 ===
    ts_config_server:(5:<0.52.0>) New arrival phase 1 for client "localhost": will start 120.0 users

=INFO REPORT==== 5-Oct-2011::15:47:26 ===
    ts_config_server:(5:<0.52.0>) New arrival phase 2 for client "localhost": will start 240.0 users

=INFO REPORT==== 5-Oct-2011::15:47:26 ===
    ts_config_server:(5:<0.52.0>) New arrival phase 3 for client "localhost": will start 360.0 users

=INFO REPORT==== 5-Oct-2011::15:47:26 ===
    ts_config_server:(5:<0.52.0>) New arrival phase 4 for client "localhost": will start 480.0 users

=INFO REPORT==== 5-Oct-2011::15:47:26 ===
    ts_config_server:(5:<0.52.0>) New arrival phase 5 for client "localhost": will start 600.0 users

=INFO REPORT==== 5-Oct-2011::15:47:26 ===
    ts_config_server:(5:<0.52.0>) New arrival phase 6 for client "localhost": will start 4.5e3 users

=INFO REPORT==== 5-Oct-2011::15:47:26 ===
    ts_config_server:(5:<0.52.0>) New arrival phase 7 for client "localhost": will start 6.0e3 users

=INFO REPORT==== 5-Oct-2011::15:47:26 ===
    ts_config_server:(5:<0.52.0>) New arrival phase 8 for client "localhost": will start 7.5e3 users

=INFO REPORT==== 5-Oct-2011::15:47:26 ===
    ts_config_server:(5:<0.52.0>) New arrival phase 9 for client "localhost": will start 9.0e3 users

=INFO REPORT==== 5-Oct-2011::15:47:26 ===
    ts_config_server:(5:<0.52.0>) New arrival phase 10 for client "localhost": will start 10500.000000000002 users

=INFO REPORT==== 5-Oct-2011::15:47:26 ===
    ts_config_server:(5:<0.52.0>) New arrival phase 11 for client "localhost": will start 1.2e4 users

=INFO REPORT==== 5-Oct-2011::15:47:26 ===
    ts_config_server:(5:<0.52.0>) New arrival phase 12 for client "localhost": will start 1.35e4 users

=INFO REPORT==== 5-Oct-2011::15:47:28 ===
    ts_os_mon_erlang:(5:<0.71.0>) loading tsung monitor on nodes [os_mon@server]

=INFO REPORT==== 5-Oct-2011::16:30:29 ===
    ts_config_server:(5:<0.624.0>) started newbeam on node tsung2@localhost 

=INFO REPORT==== 5-Oct-2011::16:30:29 ===
    ts_config_server:(5:<0.624.0>) ping tsung2@localhost pong

=INFO REPORT==== 5-Oct-2011::16:30:45 ===
    ts_config_server:(5:<0.637.0>) started newbeam on node tsung3@localhost 

=INFO REPORT==== 5-Oct-2011::16:30:45 ===
    ts_config_server:(5:<0.637.0>) ping tsung3@localhost pong

=INFO REPORT==== 5-Oct-2011::16:32:01 ===
    ts_config_server:(5:<0.664.0>) started newbeam on node tsung4@localhost 

=INFO REPORT==== 5-Oct-2011::16:32:01 ===
    ts_config_server:(5:<0.664.0>) ping tsung4@localhost pong

=INFO REPORT==== 5-Oct-2011::16:32:06 ===
    ts_config_server:(5:<0.675.0>) started newbeam on node tsung5@localhost 

=INFO REPORT==== 5-Oct-2011::16:32:06 ===
    ts_config_server:(5:<0.675.0>) ping tsung5@localhost pong

=INFO REPORT==== 5-Oct-2011::16:33:21 ===
    ts_config_server:(5:<0.701.0>) started newbeam on node tsung6@localhost 

=INFO REPORT==== 5-Oct-2011::16:33:21 ===
    ts_config_server:(5:<0.701.0>) ping tsung6@localhost pong

=INFO REPORT==== 5-Oct-2011::16:33:25 ===
    ts_config_server:(5:<0.713.0>) started newbeam on node tsung7@localhost 

=INFO REPORT==== 5-Oct-2011::16:33:25 ===
    ts_config_server:(5:<0.713.0>) ping tsung7@localhost pong

=INFO REPORT==== 5-Oct-2011::16:34:30 ===
    ts_config_server:(5:<0.737.0>) started newbeam on node tsung8@localhost 

=INFO REPORT==== 5-Oct-2011::16:34:30 ===
    ts_config_server:(5:<0.737.0>) ping tsung8@localhost pong

=INFO REPORT==== 5-Oct-2011::16:34:34 ===
    ts_config_server:(5:<0.749.0>) started newbeam on node tsung9@localhost 

=INFO REPORT==== 5-Oct-2011::16:34:34 ===
    ts_config_server:(5:<0.749.0>) ping tsung9@localhost pong

=INFO REPORT==== 5-Oct-2011::16:35:40 ===
    ts_config_server:(5:<0.773.0>) started newbeam on node tsung10@localhost 

=INFO REPORT==== 5-Oct-2011::16:35:40 ===
    ts_config_server:(5:<0.773.0>) ping tsung10@localhost pong

=INFO REPORT==== 5-Oct-2011::16:35:49 ===
    ts_config_server:(5:<0.786.0>) started newbeam on node tsung11@localhost 

=INFO REPORT==== 5-Oct-2011::16:35:49 ===
    ts_config_server:(5:<0.786.0>) ping tsung11@localhost pong

=INFO REPORT==== 5-Oct-2011::16:36:50 ===
    ts_config_server:(5:<0.809.0>) started newbeam on node tsung12@localhost 

=INFO REPORT==== 5-Oct-2011::16:36:50 ===
    ts_config_server:(5:<0.809.0>) ping tsung12@localhost pong

=INFO REPORT==== 5-Oct-2011::16:36:56 ===
    ts_config_server:(5:<0.821.0>) started newbeam on node tsung13@localhost 

=INFO REPORT==== 5-Oct-2011::16:36:56 ===
    ts_config_server:(5:<0.821.0>) ping tsung13@localhost pong

=INFO REPORT==== 5-Oct-2011::16:37:53 ===
    ts_config_server:(5:<0.843.0>) started newbeam on node tsung14@localhost 

=INFO REPORT==== 5-Oct-2011::16:37:53 ===
    ts_config_server:(5:<0.843.0>) ping tsung14@localhost pong

=INFO REPORT==== 5-Oct-2011::16:37:56 ===
    ts_config_server:(5:<0.854.0>) started newbeam on node tsung15@localhost 

=INFO REPORT==== 5-Oct-2011::16:37:56 ===
    ts_config_server:(5:<0.854.0>) ping tsung15@localhost pong

=INFO REPORT==== 5-Oct-2011::16:38:47 ===
    ts_config_server:(5:<0.876.0>) started newbeam on node tsung16@localhost 

=INFO REPORT==== 5-Oct-2011::16:38:47 ===
    ts_config_server:(5:<0.876.0>) ping tsung16@localhost pong

=INFO REPORT==== 5-Oct-2011::16:38:52 ===
    ts_config_server:(5:<0.888.0>) started newbeam on node tsung17@localhost 

=INFO REPORT==== 5-Oct-2011::16:38:52 ===
    ts_config_server:(5:<0.888.0>) ping tsung17@localhost pong

=INFO REPORT==== 5-Oct-2011::16:39:37 ===
    ts_config_server:(5:<0.908.0>) started newbeam on node tsung18@localhost 

=INFO REPORT==== 5-Oct-2011::16:39:37 ===
    ts_config_server:(5:<0.908.0>) ping tsung18@localhost pong

=INFO REPORT==== 5-Oct-2011::16:39:48 ===
    ts_config_server:(5:<0.921.0>) started newbeam on node tsung19@localhost 

=INFO REPORT==== 5-Oct-2011::16:39:48 ===
    ts_config_server:(5:<0.921.0>) ping tsung19@localhost pong

=INFO REPORT==== 5-Oct-2011::16:40:29 ===
    ts_config_server:(5:<0.940.0>) started newbeam on node tsung20@localhost 

=INFO REPORT==== 5-Oct-2011::16:40:29 ===
    ts_config_server:(5:<0.940.0>) ping tsung20@localhost pong

=INFO REPORT==== 5-Oct-2011::16:40:40 ===
    ts_config_server:(5:<0.953.0>) started newbeam on node tsung21@localhost 

=INFO REPORT==== 5-Oct-2011::16:40:40 ===
    ts_config_server:(5:<0.953.0>) ping tsung21@localhost pong

=INFO REPORT==== 5-Oct-2011::16:40:44 ===
              ts_mon:(5:<0.53.0>) A launcher has finished, but not all users have finished, wait before stopping

=INFO REPORT==== 5-Oct-2011::16:41:27 ===
    ts_config_server:(5:<0.974.0>) started newbeam on node tsung22@localhost 

=INFO REPORT==== 5-Oct-2011::16:41:27 ===
    ts_config_server:(5:<0.974.0>) ping tsung22@localhost pong

=INFO REPORT==== 5-Oct-2011::16:41:35 ===
    ts_config_server:(5:<0.986.0>) started newbeam on node tsung23@localhost 

=INFO REPORT==== 5-Oct-2011::16:41:35 ===
    ts_config_server:(5:<0.986.0>) ping tsung23@localhost pong

=INFO REPORT==== 5-Oct-2011::16:42:17 ===
    ts_config_server:(5:<0.1006.0>) started newbeam on node tsung24@localhost 

=INFO REPORT==== 5-Oct-2011::16:42:17 ===
    ts_config_server:(5:<0.1006.0>) ping tsung24@localhost pong

=INFO REPORT==== 5-Oct-2011::16:42:24 ===
    ts_config_server:(5:<0.1018.0>) started newbeam on node tsung25@localhost 

=INFO REPORT==== 5-Oct-2011::16:42:24 ===
    ts_config_server:(5:<0.1018.0>) ping tsung25@localhost pong

=INFO REPORT==== 5-Oct-2011::16:42:28 ===
              ts_mon:(5:<0.53.0>) A launcher has finished, but not all users have finished, wait before stopping

=INFO REPORT==== 5-Oct-2011::16:43:10 ===
    ts_config_server:(5:<0.1038.0>) started newbeam on node tsung26@localhost 

=INFO REPORT==== 5-Oct-2011::16:43:10 ===
    ts_config_server:(5:<0.1038.0>) ping tsung26@localhost pong

=INFO REPORT==== 5-Oct-2011::16:43:12 ===
    ts_config_server:(5:<0.1049.0>) started newbeam on node tsung27@localhost 

=INFO REPORT==== 5-Oct-2011::16:43:12 ===
    ts_config_server:(5:<0.1049.0>) ping tsung27@localhost pong

=INFO REPORT==== 5-Oct-2011::16:44:01 ===
    ts_config_server:(5:<0.1070.0>) started newbeam on node tsung28@localhost 

=INFO REPORT==== 5-Oct-2011::16:44:02 ===
    ts_config_server:(5:<0.1070.0>) ping tsung28@localhost pong

=INFO REPORT==== 5-Oct-2011::16:44:05 ===
    ts_config_server:(5:<0.1081.0>) started newbeam on node tsung29@localhost 

=INFO REPORT==== 5-Oct-2011::16:44:05 ===
    ts_config_server:(5:<0.1081.0>) ping tsung29@localhost pong

=INFO REPORT==== 5-Oct-2011::16:44:53 ===
    ts_config_server:(5:<0.1102.0>) started newbeam on node tsung30@localhost 

=INFO REPORT==== 5-Oct-2011::16:44:53 ===
    ts_config_server:(5:<0.1102.0>) ping tsung30@localhost pong

=INFO REPORT==== 5-Oct-2011::16:44:53 ===
    ts_config_server:(5:<0.1106.0>) started newbeam on node tsung31@localhost 

=INFO REPORT==== 5-Oct-2011::16:44:53 ===
    ts_config_server:(5:<0.1106.0>) ping tsung31@localhost pong

=INFO REPORT==== 5-Oct-2011::16:45:44 ===
    ts_config_server:(5:<0.1134.0>) started newbeam on node tsung32@localhost 

=INFO REPORT==== 5-Oct-2011::16:45:44 ===
    ts_config_server:(5:<0.1134.0>) ping tsung32@localhost pong

=INFO REPORT==== 5-Oct-2011::16:45:45 ===
    ts_config_server:(5:<0.1145.0>) started newbeam on node tsung33@localhost 

=INFO REPORT==== 5-Oct-2011::16:45:45 ===
    ts_config_server:(5:<0.1145.0>) ping tsung33@localhost pong

=INFO REPORT==== 5-Oct-2011::16:46:34 ===
    ts_config_server:(5:<0.1166.0>) started newbeam on node tsung34@localhost 

=INFO REPORT==== 5-Oct-2011::16:46:34 ===
    ts_config_server:(5:<0.1166.0>) ping tsung34@localhost pong

=INFO REPORT==== 5-Oct-2011::16:46:40 ===
    ts_config_server:(5:<0.1179.0>) started newbeam on node tsung35@localhost 

=INFO REPORT==== 5-Oct-2011::16:46:40 ===
    ts_config_server:(5:<0.1179.0>) ping tsung35@localhost pong

=INFO REPORT==== 5-Oct-2011::16:47:29 ===
    ts_config_server:(5:<0.1199.0>) started newbeam on node tsung36@localhost 

=INFO REPORT==== 5-Oct-2011::16:47:29 ===
    ts_config_server:(5:<0.1199.0>) ping tsung36@localhost pong

=INFO REPORT==== 5-Oct-2011::16:47:29 ===
    ts_config_server:(5:<0.1207.0>) started newbeam on node tsung37@localhost 

=INFO REPORT==== 5-Oct-2011::16:47:29 ===
    ts_config_server:(5:<0.1207.0>) ping tsung37@localhost pong

=INFO REPORT==== 5-Oct-2011::16:48:16 ===
    ts_config_server:(5:<0.1231.0>) started newbeam on node tsung38@localhost 

=INFO REPORT==== 5-Oct-2011::16:48:16 ===
    ts_config_server:(5:<0.1231.0>) ping tsung38@localhost pong

=INFO REPORT==== 5-Oct-2011::16:48:17 ===
    ts_config_server:(5:<0.1235.0>) started newbeam on node tsung39@localhost 

=INFO REPORT==== 5-Oct-2011::16:48:17 ===
    ts_config_server:(5:<0.1235.0>) ping tsung39@localhost pong

=INFO REPORT==== 5-Oct-2011::16:48:59 ===
    ts_config_server:(5:<0.1261.0>) started newbeam on node tsung40@localhost 

=INFO REPORT==== 5-Oct-2011::16:48:59 ===
    ts_config_server:(5:<0.1261.0>) ping tsung40@localhost pong

=INFO REPORT==== 5-Oct-2011::16:48:59 ===
    ts_config_server:(5:<0.1265.0>) started newbeam on node tsung41@localhost 

=INFO REPORT==== 5-Oct-2011::16:48:59 ===
    ts_config_server:(5:<0.1265.0>) ping tsung41@localhost pong

=INFO REPORT==== 5-Oct-2011::16:49:44 ===
    ts_config_server:(5:<0.1292.0>) started newbeam on node tsung42@localhost 

=INFO REPORT==== 5-Oct-2011::16:49:44 ===
    ts_config_server:(5:<0.1292.0>) ping tsung42@localhost pong

=INFO REPORT==== 5-Oct-2011::16:49:45 ===
    ts_config_server:(5:<0.1300.0>) started newbeam on node tsung43@localhost 

=INFO REPORT==== 5-Oct-2011::16:49:45 ===
    ts_config_server:(5:<0.1300.0>) ping tsung43@localhost pong

=INFO REPORT==== 5-Oct-2011::16:50:24 ===
    ts_config_server:(5:<0.1322.0>) started newbeam on node tsung44@localhost 

=INFO REPORT==== 5-Oct-2011::16:50:24 ===
    ts_config_server:(5:<0.1322.0>) ping tsung44@localhost pong

=INFO REPORT==== 5-Oct-2011::16:50:28 ===
    ts_config_server:(5:<0.1334.0>) started newbeam on node tsung45@localhost 

=INFO REPORT==== 5-Oct-2011::16:50:28 ===
    ts_config_server:(5:<0.1334.0>) ping tsung45@localhost pong

=INFO REPORT==== 5-Oct-2011::16:51:09 ===
    ts_config_server:(5:<0.1353.0>) started newbeam on node tsung46@localhost 

=INFO REPORT==== 5-Oct-2011::16:51:09 ===
    ts_config_server:(5:<0.1353.0>) ping tsung46@localhost pong

=INFO REPORT==== 5-Oct-2011::16:51:09 ===
    ts_config_server:(5:<0.1361.0>) started newbeam on node tsung47@localhost 

=INFO REPORT==== 5-Oct-2011::16:51:09 ===
    ts_config_server:(5:<0.1361.0>) ping tsung47@localhost pong

=INFO REPORT==== 5-Oct-2011::16:51:52 ===
    ts_config_server:(5:<0.1383.0>) started newbeam on node tsung48@localhost 

=INFO REPORT==== 5-Oct-2011::16:51:52 ===
    ts_config_server:(5:<0.1383.0>) ping tsung48@localhost pong

=INFO REPORT==== 5-Oct-2011::16:51:57 ===
    ts_config_server:(5:<0.1396.0>) started newbeam on node tsung49@localhost 

=INFO REPORT==== 5-Oct-2011::16:51:57 ===
    ts_config_server:(5:<0.1396.0>) ping tsung49@localhost pong

=INFO REPORT==== 5-Oct-2011::16:52:33 ===
    ts_config_server:(5:<0.1413.0>) started newbeam on node tsung50@localhost 

=INFO REPORT==== 5-Oct-2011::16:52:33 ===
    ts_config_server:(5:<0.1413.0>) ping tsung50@localhost pong

=INFO REPORT==== 5-Oct-2011::16:52:41 ===
    ts_config_server:(5:<0.1426.0>) started newbeam on node tsung51@localhost 

=INFO REPORT==== 5-Oct-2011::16:52:41 ===
    ts_config_server:(5:<0.1426.0>) ping tsung51@localhost pong

=ERROR REPORT==== 5-Oct-2011::16:53:24 ===
Error in process <0.1452.0> on node 'tsung_controller@ip-10-116-182-195' with exit value: {eagain,[{erlang,open_port,[{spawn,"/usr/bin/ssh localhost erl -detached -noinput -master tsung_controller@ip-10-116-182-195  -sname tsung53@localhost -s slave slave_start tsung_controller@ip-10-116-1... 


=INFO REPORT==== 5-Oct-2011::16:53:34 ===
    ts_config_server:(5:<0.1445.0>) started newbeam on node tsung52@localhost 

=INFO REPORT==== 5-Oct-2011::16:53:34 ===
    ts_config_server:(5:<0.1445.0>) ping tsung52@localhost pong

=ERROR REPORT==== 5-Oct-2011::16:54:18 ===
Error in process <0.1474.0> on node 'tsung_controller@ip-10-116-182-195' with exit value: {eagain,[{erlang,open_port,[{spawn,"/usr/bin/ssh localhost erl -detached -noinput -master tsung_controller@ip-10-116-182-195  -sname tsung54@localhost -s slave slave_start tsung_controller@ip-10-116-1... 


=INFO REPORT==== 5-Oct-2011::16:58:02 ===
              ts_mon:(5:<0.53.0>) stopping monitor (normal)
