
=INFO REPORT==== 8-Mar-2011::14:44:55 ===
    ts_config_server:(5:<0.52.0>) Config server started, logdir is "/home/ec2-user/.tsung/log/20110308-19:44"
 
=INFO REPORT==== 8-Mar-2011::14:44:55 ===
              ts_mon:(5:<0.51.0>) starting monitor, global 

=INFO REPORT==== 8-Mar-2011::14:44:55 ===
              ts_mon:(5:<0.53.0>) Init, log dir is "/home/ec2-user/.tsung/log/20110308-19:44"

=INFO REPORT==== 8-Mar-2011::14:44:55 ===
              ts_mon:(5:<0.53.0>) starting monitor

=INFO REPORT==== 8-Mar-2011::14:44:55 ===
        ts_stats_mon:(5:<0.51.0>) starting stats server, global 

=INFO REPORT==== 8-Mar-2011::14:44:55 ===
        ts_stats_mon:(5:<0.55.0>) starting ts_stats_mon stats server

=INFO REPORT==== 8-Mar-2011::14:44:55 ===
        ts_stats_mon:(5:<0.51.0>) starting request stats server, global 

=INFO REPORT==== 8-Mar-2011::14:44:55 ===
        ts_stats_mon:(5:<0.56.0>) starting dedicated stats server for request 

=INFO REPORT==== 8-Mar-2011::14:44:55 ===
        ts_stats_mon:(5:<0.51.0>) starting page stats server, global 

=INFO REPORT==== 8-Mar-2011::14:44:55 ===
        ts_stats_mon:(5:<0.57.0>) starting dedicated stats server for page 

=INFO REPORT==== 8-Mar-2011::14:44:55 ===
        ts_stats_mon:(5:<0.51.0>) starting connect stats server, global 

=INFO REPORT==== 8-Mar-2011::14:44:55 ===
        ts_stats_mon:(5:<0.58.0>) starting dedicated stats server for connect 

=INFO REPORT==== 8-Mar-2011::14:44:55 ===
        ts_stats_mon:(5:<0.51.0>) starting transaction stats server, global 

=INFO REPORT==== 8-Mar-2011::14:44:55 ===
        ts_stats_mon:(5:<0.59.0>) starting transaction stats server

=INFO REPORT==== 8-Mar-2011::14:44:55 ===
     ts_match_logger:(5:<0.51.0>) starting match logger, global 

=INFO REPORT==== 8-Mar-2011::14:44:55 ===
     ts_match_logger:(5:<0.60.0>) starting match logger

=INFO REPORT==== 8-Mar-2011::14:44:55 ===
     ts_match_logger:(5:<0.60.0>) starting match logger

=INFO REPORT==== 8-Mar-2011::14:44:55 ===
           ts_config:(5:<0.52.0>) Reading config file: /home/ec2-user/speedmetal/apps/rails2/redmine-1.1.1/tsung.xml

=INFO REPORT==== 8-Mar-2011::14:44:55 ===
           ts_config:(5:<0.52.0>) Session name for id 1 is "ensureproject"

=INFO REPORT==== 8-Mar-2011::14:44:55 ===
           ts_config:(5:<0.52.0>) Session type: persistent=true, bidi=false

=INFO REPORT==== 8-Mar-2011::14:44:55 ===
      ts_config_http:(5:<0.52.0>) Relative URL, single server 
=INFO REPORT==== 8-Mar-2011::14:44:55 ===
           ts_config:(5:<0.52.0>) Session name for id 2 is "browse_site"

=INFO REPORT==== 8-Mar-2011::14:44:55 ===
           ts_config:(5:<0.52.0>) Session type: persistent=true, bidi=false

=INFO REPORT==== 8-Mar-2011::14:44:55 ===
      ts_config_http:(5:<0.52.0>) Relative URL, single server 
=INFO REPORT==== 8-Mar-2011::14:44:55 ===
           ts_config:(5:<0.52.0>) Session name for id 3 is "create_issue"

=INFO REPORT==== 8-Mar-2011::14:44:55 ===
           ts_config:(5:<0.52.0>) Session type: persistent=true, bidi=false

=INFO REPORT==== 8-Mar-2011::14:44:55 ===
      ts_config_http:(5:<0.52.0>) Relative URL, single server 
=INFO REPORT==== 8-Mar-2011::14:44:55 ===
    ts_config_server:(5:<0.52.0>) SYSINFO:Erlang version: Erlang R14B01 (erts-5.8.2) [source] [64-bit] [smp:2:2] [rq:2] [async-threads:16] [kernel-poll:true]


=INFO REPORT==== 8-Mar-2011::14:44:55 ===
    ts_config_server:(5:<0.52.0>) SYSINFO:System architecture x86_64-redhat-linux-gnu

=INFO REPORT==== 8-Mar-2011::14:44:55 ===
    ts_config_server:(5:<0.52.0>) SYSINFO:Current path: /usr/lib/erlang/lib/tsung-1.3.3/ebin/tsung.beam

=INFO REPORT==== 8-Mar-2011::14:44:55 ===
    ts_os_mon_erlang:(5:<0.66.0>) starting os_mon_erlang with args {"server",
                                                                    {},10000,
                                                                    {global,
                                                                     ts_mon}}
=INFO REPORT==== 8-Mar-2011::14:44:55 ===
              ts_mon:(5:<0.53.0>) Activate clients with text backend

=INFO REPORT==== 8-Mar-2011::14:44:56 ===
    ts_config_server:(5:<0.73.0>) started newbeam on node tsung0@localhost 

=INFO REPORT==== 8-Mar-2011::14:44:56 ===
    ts_config_server:(5:<0.73.0>) ping tsung0@localhost pong

=INFO REPORT==== 8-Mar-2011::14:44:56 ===
    ts_config_server:(5:<0.74.0>) started newbeam on node tsung1@localhost 

=INFO REPORT==== 8-Mar-2011::14:44:56 ===
    ts_config_server:(5:<0.74.0>) ping tsung1@localhost pong

=INFO REPORT==== 8-Mar-2011::14:44:56 ===
    ts_config_server:(5:<0.52.0>) New arrival phase 1 for client "localhost": will start 60.0 users

=INFO REPORT==== 8-Mar-2011::14:44:56 ===
    ts_config_server:(5:<0.52.0>) New arrival phase 2 for client "localhost": will start 120.0 users

=INFO REPORT==== 8-Mar-2011::14:44:56 ===
    ts_config_server:(5:<0.52.0>) New arrival phase 3 for client "localhost": will start 180.0 users

=INFO REPORT==== 8-Mar-2011::14:44:56 ===
    ts_config_server:(5:<0.52.0>) New arrival phase 4 for client "localhost": will start 240.0 users

=INFO REPORT==== 8-Mar-2011::14:44:56 ===
    ts_config_server:(5:<0.52.0>) New arrival phase 5 for client "localhost": will start 300.0 users

=INFO REPORT==== 8-Mar-2011::14:44:56 ===
    ts_config_server:(5:<0.52.0>) New arrival phase 6 for client "localhost": will start 1050.0 users

=INFO REPORT==== 8-Mar-2011::14:44:56 ===
    ts_config_server:(5:<0.52.0>) New arrival phase 7 for client "localhost": will start 1.5e3 users

=INFO REPORT==== 8-Mar-2011::14:44:56 ===
    ts_config_server:(5:<0.52.0>) New arrival phase 8 for client "localhost": will start 2.7e4 users

=INFO REPORT==== 8-Mar-2011::14:44:56 ===
    ts_config_server:(5:<0.52.0>) New arrival phase 1 for client "localhost": will start 60.0 users

=INFO REPORT==== 8-Mar-2011::14:44:56 ===
    ts_config_server:(5:<0.52.0>) New arrival phase 2 for client "localhost": will start 120.0 users

=INFO REPORT==== 8-Mar-2011::14:44:56 ===
    ts_config_server:(5:<0.52.0>) New arrival phase 3 for client "localhost": will start 180.0 users

=INFO REPORT==== 8-Mar-2011::14:44:56 ===
    ts_config_server:(5:<0.52.0>) New arrival phase 4 for client "localhost": will start 240.0 users

=INFO REPORT==== 8-Mar-2011::14:44:56 ===
    ts_config_server:(5:<0.52.0>) New arrival phase 5 for client "localhost": will start 300.0 users

=INFO REPORT==== 8-Mar-2011::14:44:56 ===
    ts_config_server:(5:<0.52.0>) New arrival phase 6 for client "localhost": will start 1050.0 users

=INFO REPORT==== 8-Mar-2011::14:44:56 ===
    ts_config_server:(5:<0.52.0>) New arrival phase 7 for client "localhost": will start 1.5e3 users

=INFO REPORT==== 8-Mar-2011::14:44:56 ===
    ts_config_server:(5:<0.52.0>) New arrival phase 8 for client "localhost": will start 2.7e4 users

=INFO REPORT==== 8-Mar-2011::14:44:57 ===
    ts_os_mon_erlang:(5:<0.71.0>) loading tsung monitor on nodes [os_mon@server]

=INFO REPORT==== 8-Mar-2011::15:24:28 ===
    ts_config_server:(5:<0.583.0>) started newbeam on node tsung2@localhost 

=INFO REPORT==== 8-Mar-2011::15:24:28 ===
    ts_config_server:(5:<0.583.0>) ping tsung2@localhost pong

=INFO REPORT==== 8-Mar-2011::15:24:44 ===
    ts_config_server:(5:<0.596.0>) started newbeam on node tsung3@localhost 

=INFO REPORT==== 8-Mar-2011::15:24:44 ===
    ts_config_server:(5:<0.596.0>) ping tsung3@localhost pong

=INFO REPORT==== 8-Mar-2011::15:26:38 ===
    ts_config_server:(5:<0.631.0>) started newbeam on node tsung4@localhost 

=INFO REPORT==== 8-Mar-2011::15:26:38 ===
    ts_config_server:(5:<0.631.0>) ping tsung4@localhost pong

=INFO REPORT==== 8-Mar-2011::15:27:02 ===
    ts_config_server:(5:<0.646.0>) started newbeam on node tsung5@localhost 

=INFO REPORT==== 8-Mar-2011::15:27:02 ===
    ts_config_server:(5:<0.646.0>) ping tsung5@localhost pong

=INFO REPORT==== 8-Mar-2011::15:28:37 ===
    ts_config_server:(5:<0.677.0>) started newbeam on node tsung6@localhost 

=INFO REPORT==== 8-Mar-2011::15:28:37 ===
    ts_config_server:(5:<0.677.0>) ping tsung6@localhost pong

=INFO REPORT==== 8-Mar-2011::15:29:01 ===
    ts_config_server:(5:<0.692.0>) started newbeam on node tsung7@localhost 

=INFO REPORT==== 8-Mar-2011::15:29:01 ===
    ts_config_server:(5:<0.692.0>) ping tsung7@localhost pong

=INFO REPORT==== 8-Mar-2011::15:30:30 ===
    ts_config_server:(5:<0.721.0>) started newbeam on node tsung8@localhost 

=INFO REPORT==== 8-Mar-2011::15:30:30 ===
    ts_config_server:(5:<0.721.0>) ping tsung8@localhost pong

=INFO REPORT==== 8-Mar-2011::15:30:53 ===
    ts_config_server:(5:<0.736.0>) started newbeam on node tsung9@localhost 

=INFO REPORT==== 8-Mar-2011::15:30:53 ===
    ts_config_server:(5:<0.736.0>) ping tsung9@localhost pong

=INFO REPORT==== 8-Mar-2011::15:32:33 ===
    ts_config_server:(5:<0.767.0>) started newbeam on node tsung10@localhost 

=INFO REPORT==== 8-Mar-2011::15:32:33 ===
    ts_config_server:(5:<0.767.0>) ping tsung10@localhost pong

=INFO REPORT==== 8-Mar-2011::15:32:48 ===
    ts_config_server:(5:<0.782.0>) started newbeam on node tsung11@localhost 

=INFO REPORT==== 8-Mar-2011::15:32:48 ===
    ts_config_server:(5:<0.782.0>) ping tsung11@localhost pong

=INFO REPORT==== 8-Mar-2011::15:34:28 ===
    ts_config_server:(5:<0.813.0>) started newbeam on node tsung12@localhost 

=INFO REPORT==== 8-Mar-2011::15:34:28 ===
    ts_config_server:(5:<0.813.0>) ping tsung12@localhost pong

=INFO REPORT==== 8-Mar-2011::15:34:47 ===
    ts_config_server:(5:<0.827.0>) started newbeam on node tsung13@localhost 

=INFO REPORT==== 8-Mar-2011::15:34:47 ===
    ts_config_server:(5:<0.827.0>) ping tsung13@localhost pong

=INFO REPORT==== 8-Mar-2011::15:36:24 ===
    ts_config_server:(5:<0.857.0>) started newbeam on node tsung14@localhost 

=INFO REPORT==== 8-Mar-2011::15:36:24 ===
    ts_config_server:(5:<0.857.0>) ping tsung14@localhost pong

=INFO REPORT==== 8-Mar-2011::15:36:28 ===
              ts_mon:(5:<0.53.0>) A launcher has finished, but not all users have finished, wait before stopping

=INFO REPORT==== 8-Mar-2011::15:36:41 ===
    ts_config_server:(5:<0.872.0>) started newbeam on node tsung15@localhost 

=INFO REPORT==== 8-Mar-2011::15:36:41 ===
    ts_config_server:(5:<0.872.0>) ping tsung15@localhost pong

=INFO REPORT==== 8-Mar-2011::15:38:42 ===
    ts_config_server:(0:<0.901.0>) Can't start newbeam on host localhost (reason: timeout) ! Aborting!

=INFO REPORT==== 8-Mar-2011::15:38:42 ===
    ts_config_server:(0:<0.52.0>) Abort ! 

=INFO REPORT==== 8-Mar-2011::15:38:42 ===
              ts_mon:(0:<0.53.0>) Aborting by request !

=INFO REPORT==== 8-Mar-2011::15:38:42 ===
              ts_mon:(5:<0.53.0>) stopping monitor (abort)
