
	title is " rate", offset at ((character units) 0, 0, 0)


	title is " mean", offset at ((character units) 0, 0, 0)


	title is " stdvar", offset at ((character units) 0, 0, 0)


	title is " max_sample", offset at ((character units) 0, 0, 0)


	title is " min_sample", offset at ((character units) 0, 0, 0)

Warning: empty y range [1097.59:1097.59], adjusting to [1086.62:1108.57]

	title is " rate", offset at ((character units) 0, 0, 0)


	title is " mean", offset at ((character units) 0, 0, 0)


	title is " stdvar", offset at ((character units) 0, 0, 0)


	title is " max_sample", offset at ((character units) 0, 0, 0)


	title is " min_sample", offset at ((character units) 0, 0, 0)

Warning: empty y range [1097.59:1097.59], adjusting to [1086.62:1108.57]

	title is " rate", offset at ((character units) 0, 0, 0)


	title is " total", offset at ((character units) 0, 0, 0)


	title is " rate", offset at ((character units) 0, 0, 0)


	title is " total", offset at ((character units) 0, 0, 0)


	title is " rate", offset at ((character units) 0, 0, 0)


	title is " mean", offset at ((character units) 0, 0, 0)


	title is " stdvar", offset at ((character units) 0, 0, 0)


	title is " max_sample", offset at ((character units) 0, 0, 0)


	title is " min_sample", offset at ((character units) 0, 0, 0)


	title is " rate", offset at ((character units) 0, 0, 0)


	title is " mean", offset at ((character units) 0, 0, 0)


	title is " stdvar", offset at ((character units) 0, 0, 0)


	title is " max_sample", offset at ((character units) 0, 0, 0)


	title is " min_sample", offset at ((character units) 0, 0, 0)


	title is " rate", offset at ((character units) 0, 0, 0)


	title is " mean", offset at ((character units) 0, 0, 0)


	title is " stdvar", offset at ((character units) 0, 0, 0)


	title is " max_sample", offset at ((character units) 0, 0, 0)


	title is " min_sample", offset at ((character units) 0, 0, 0)


	title is " rate", offset at ((character units) 0, 0, 0)


	title is " mean", offset at ((character units) 0, 0, 0)


	title is " stdvar", offset at ((character units) 0, 0, 0)


	title is " max_sample", offset at ((character units) 0, 0, 0)


	title is " min_sample", offset at ((character units) 0, 0, 0)


	title is " rate", offset at ((character units) 0, 0, 0)


	title is " total", offset at ((character units) 0, 0, 0)


	title is " rate", offset at ((character units) 0, 0, 0)


	title is " total", offset at ((character units) 0, 0, 0)


	title is " rate", offset at ((character units) 0, 0, 0)


	title is " total", offset at ((character units) 0, 0, 0)


	title is " rate", offset at ((character units) 0, 0, 0)


	title is " total", offset at ((character units) 0, 0, 0)


	title is " simultaneous", offset at ((character units) 0, 0, 0)


	title is " maximum_simultaneous", offset at ((character units) 0, 0, 0)


	title is " simultaneous", offset at ((character units) 0, 0, 0)


	title is " maximum_simultaneous", offset at ((character units) 0, 0, 0)


	title is " rate", offset at ((character units) 0, 0, 0)


	title is " total", offset at ((character units) 0, 0, 0)


	title is " rate", offset at ((character units) 0, 0, 0)


	title is " total", offset at ((character units) 0, 0, 0)


	title is " rate", offset at ((character units) 0, 0, 0)


	title is " total", offset at ((character units) 0, 0, 0)


	title is " rate", offset at ((character units) 0, 0, 0)


	title is " total", offset at ((character units) 0, 0, 0)


	title is " rate", offset at ((character units) 0, 0, 0)

Warning: empty y range [0.1:0.1], adjusting to [0.099:0.101]

	title is " mean", offset at ((character units) 0, 0, 0)


	title is " stdvar", offset at ((character units) 0, 0, 0)

Warning: empty y range [0:0], adjusting to [-1:1]

	title is " max_sample", offset at ((character units) 0, 0, 0)


	title is " min_sample", offset at ((character units) 0, 0, 0)


	title is " rate", offset at ((character units) 0, 0, 0)

Warning: empty y range [0.1:0.1], adjusting to [0.099:0.101]

	title is " mean", offset at ((character units) 0, 0, 0)


	title is " stdvar", offset at ((character units) 0, 0, 0)

Warning: empty y range [0:0], adjusting to [-1:1]

	title is " max_sample", offset at ((character units) 0, 0, 0)


	title is " min_sample", offset at ((character units) 0, 0, 0)


	title is " rate", offset at ((character units) 0, 0, 0)

Warning: empty y range [0.1:0.1], adjusting to [0.099:0.101]

	title is " mean", offset at ((character units) 0, 0, 0)


	title is " stdvar", offset at ((character units) 0, 0, 0)

Warning: empty y range [0:0], adjusting to [-1:1]

	title is " max_sample", offset at ((character units) 0, 0, 0)

Warning: empty y range [6972.93:6972.93], adjusting to [6903.2:7042.66]

	title is " min_sample", offset at ((character units) 0, 0, 0)


	title is " rate", offset at ((character units) 0, 0, 0)

Warning: empty y range [0.1:0.1], adjusting to [0.099:0.101]

	title is " mean", offset at ((character units) 0, 0, 0)


	title is " stdvar", offset at ((character units) 0, 0, 0)

Warning: empty y range [0:0], adjusting to [-1:1]

	title is " max_sample", offset at ((character units) 0, 0, 0)

Warning: empty y range [6972.93:6972.93], adjusting to [6903.2:7042.66]

	title is " min_sample", offset at ((character units) 0, 0, 0)


	title is " rate", offset at ((character units) 0, 0, 0)

Warning: empty y range [0.1:0.1], adjusting to [0.099:0.101]

	title is " mean", offset at ((character units) 0, 0, 0)


	title is " stdvar", offset at ((character units) 0, 0, 0)

Warning: empty y range [0:0], adjusting to [-1:1]

	title is " max_sample", offset at ((character units) 0, 0, 0)


	title is " min_sample", offset at ((character units) 0, 0, 0)


	title is " rate", offset at ((character units) 0, 0, 0)

Warning: empty y range [0.1:0.1], adjusting to [0.099:0.101]

	title is " mean", offset at ((character units) 0, 0, 0)


	title is " stdvar", offset at ((character units) 0, 0, 0)

Warning: empty y range [0:0], adjusting to [-1:1]

	title is " max_sample", offset at ((character units) 0, 0, 0)


	title is " min_sample", offset at ((character units) 0, 0, 0)


	title is " rate", offset at ((character units) 0, 0, 0)

Warning: empty y range [0.1:0.1], adjusting to [0.099:0.101]

	title is " mean", offset at ((character units) 0, 0, 0)


	title is " stdvar", offset at ((character units) 0, 0, 0)

Warning: empty y range [0:0], adjusting to [-1:1]

	title is " max_sample", offset at ((character units) 0, 0, 0)


	title is " min_sample", offset at ((character units) 0, 0, 0)

Warning: empty y range [21:21], adjusting to [20.79:21.21]

	title is " rate", offset at ((character units) 0, 0, 0)

Warning: empty y range [0.1:0.1], adjusting to [0.099:0.101]

	title is " mean", offset at ((character units) 0, 0, 0)


	title is " stdvar", offset at ((character units) 0, 0, 0)

Warning: empty y range [0:0], adjusting to [-1:1]

	title is " max_sample", offset at ((character units) 0, 0, 0)


	title is " min_sample", offset at ((character units) 0, 0, 0)

Warning: empty y range [21:21], adjusting to [20.79:21.21]

	title is " rate", offset at ((character units) 0, 0, 0)

Warning: empty y range [0.1:0.1], adjusting to [0.099:0.101]

	title is " mean", offset at ((character units) 0, 0, 0)


	title is " stdvar", offset at ((character units) 0, 0, 0)

Warning: empty y range [0:0], adjusting to [-1:1]

	title is " max_sample", offset at ((character units) 0, 0, 0)


	title is " min_sample", offset at ((character units) 0, 0, 0)

Warning: empty y range [18:18], adjusting to [17.82:18.18]

	title is " rate", offset at ((character units) 0, 0, 0)

Warning: empty y range [0.1:0.1], adjusting to [0.099:0.101]

	title is " mean", offset at ((character units) 0, 0, 0)


	title is " stdvar", offset at ((character units) 0, 0, 0)

Warning: empty y range [0:0], adjusting to [-1:1]

	title is " max_sample", offset at ((character units) 0, 0, 0)


	title is " min_sample", offset at ((character units) 0, 0, 0)

Warning: empty y range [18:18], adjusting to [17.82:18.18]
