
=INFO REPORT==== 9-Mar-2011::08:19:56 ===
    ts_config_server:(5:<0.52.0>) Config server started, logdir is "/home/ec2-user/.tsung/log/20110309-13:19"
 
=INFO REPORT==== 9-Mar-2011::08:19:56 ===
              ts_mon:(5:<0.51.0>) starting monitor, global 

=INFO REPORT==== 9-Mar-2011::08:19:56 ===
              ts_mon:(5:<0.53.0>) Init, log dir is "/home/ec2-user/.tsung/log/20110309-13:19"

=INFO REPORT==== 9-Mar-2011::08:19:56 ===
              ts_mon:(5:<0.53.0>) starting monitor

=INFO REPORT==== 9-Mar-2011::08:19:56 ===
        ts_stats_mon:(5:<0.51.0>) starting stats server, global 

=INFO REPORT==== 9-Mar-2011::08:19:56 ===
        ts_stats_mon:(5:<0.55.0>) starting ts_stats_mon stats server

=INFO REPORT==== 9-Mar-2011::08:19:56 ===
        ts_stats_mon:(5:<0.51.0>) starting request stats server, global 

=INFO REPORT==== 9-Mar-2011::08:19:56 ===
        ts_stats_mon:(5:<0.56.0>) starting dedicated stats server for request 

=INFO REPORT==== 9-Mar-2011::08:19:56 ===
        ts_stats_mon:(5:<0.51.0>) starting page stats server, global 

=INFO REPORT==== 9-Mar-2011::08:19:56 ===
        ts_stats_mon:(5:<0.57.0>) starting dedicated stats server for page 

=INFO REPORT==== 9-Mar-2011::08:19:56 ===
        ts_stats_mon:(5:<0.51.0>) starting connect stats server, global 

=INFO REPORT==== 9-Mar-2011::08:19:56 ===
        ts_stats_mon:(5:<0.58.0>) starting dedicated stats server for connect 

=INFO REPORT==== 9-Mar-2011::08:19:56 ===
        ts_stats_mon:(5:<0.51.0>) starting transaction stats server, global 

=INFO REPORT==== 9-Mar-2011::08:19:56 ===
        ts_stats_mon:(5:<0.59.0>) starting transaction stats server

=INFO REPORT==== 9-Mar-2011::08:19:56 ===
     ts_match_logger:(5:<0.51.0>) starting match logger, global 

=INFO REPORT==== 9-Mar-2011::08:19:56 ===
     ts_match_logger:(5:<0.60.0>) starting match logger

=INFO REPORT==== 9-Mar-2011::08:19:56 ===
     ts_match_logger:(5:<0.60.0>) starting match logger

=INFO REPORT==== 9-Mar-2011::08:19:56 ===
           ts_config:(5:<0.52.0>) Reading config file: /home/ec2-user/speedmetal/apps/rails2/redmine-1.1.1/tsung.xml

=INFO REPORT==== 9-Mar-2011::08:19:56 ===
           ts_config:(5:<0.52.0>) Session name for id 1 is "ensureproject"

=INFO REPORT==== 9-Mar-2011::08:19:56 ===
           ts_config:(5:<0.52.0>) Session type: persistent=true, bidi=false

=INFO REPORT==== 9-Mar-2011::08:19:56 ===
      ts_config_http:(5:<0.52.0>) Relative URL, single server 
=INFO REPORT==== 9-Mar-2011::08:19:57 ===
           ts_config:(5:<0.52.0>) Session name for id 2 is "browse_site"

=INFO REPORT==== 9-Mar-2011::08:19:57 ===
           ts_config:(5:<0.52.0>) Session type: persistent=true, bidi=false

=INFO REPORT==== 9-Mar-2011::08:19:57 ===
      ts_config_http:(5:<0.52.0>) Relative URL, single server 
=INFO REPORT==== 9-Mar-2011::08:19:57 ===
           ts_config:(5:<0.52.0>) Session name for id 3 is "create_issue"

=INFO REPORT==== 9-Mar-2011::08:19:57 ===
           ts_config:(5:<0.52.0>) Session type: persistent=true, bidi=false

=INFO REPORT==== 9-Mar-2011::08:19:57 ===
      ts_config_http:(5:<0.52.0>) Relative URL, single server 
=INFO REPORT==== 9-Mar-2011::08:19:57 ===
    ts_config_server:(5:<0.52.0>) SYSINFO:Erlang version: Erlang R14B01 (erts-5.8.2) [source] [64-bit] [smp:2:2] [rq:2] [async-threads:16] [kernel-poll:true]


=INFO REPORT==== 9-Mar-2011::08:19:57 ===
    ts_config_server:(5:<0.52.0>) SYSINFO:System architecture x86_64-redhat-linux-gnu

=INFO REPORT==== 9-Mar-2011::08:19:57 ===
    ts_config_server:(5:<0.52.0>) SYSINFO:Current path: /usr/lib/erlang/lib/tsung-1.3.3/ebin/tsung.beam

=INFO REPORT==== 9-Mar-2011::08:19:57 ===
    ts_os_mon_erlang:(5:<0.66.0>) starting os_mon_erlang with args {"server",
                                                                    {},10000,
                                                                    {global,
                                                                     ts_mon}}
=INFO REPORT==== 9-Mar-2011::08:19:57 ===
              ts_mon:(5:<0.53.0>) Activate clients with text backend

=INFO REPORT==== 9-Mar-2011::08:19:57 ===
    ts_config_server:(5:<0.73.0>) started newbeam on node tsung0@localhost 

=INFO REPORT==== 9-Mar-2011::08:19:57 ===
    ts_config_server:(5:<0.73.0>) ping tsung0@localhost pong

=INFO REPORT==== 9-Mar-2011::08:19:57 ===
    ts_config_server:(5:<0.74.0>) started newbeam on node tsung1@localhost 

=INFO REPORT==== 9-Mar-2011::08:19:57 ===
    ts_config_server:(5:<0.74.0>) ping tsung1@localhost pong

=INFO REPORT==== 9-Mar-2011::08:19:57 ===
    ts_config_server:(5:<0.52.0>) New arrival phase 1 for client "localhost": will start 60.0 users

=INFO REPORT==== 9-Mar-2011::08:19:57 ===
    ts_config_server:(5:<0.52.0>) New arrival phase 2 for client "localhost": will start 120.0 users

=INFO REPORT==== 9-Mar-2011::08:19:57 ===
    ts_config_server:(5:<0.52.0>) New arrival phase 3 for client "localhost": will start 180.0 users

=INFO REPORT==== 9-Mar-2011::08:19:57 ===
    ts_config_server:(5:<0.52.0>) New arrival phase 4 for client "localhost": will start 240.0 users

=INFO REPORT==== 9-Mar-2011::08:19:57 ===
    ts_config_server:(5:<0.52.0>) New arrival phase 5 for client "localhost": will start 300.0 users

=INFO REPORT==== 9-Mar-2011::08:19:57 ===
    ts_config_server:(5:<0.52.0>) New arrival phase 6 for client "localhost": will start 1050.0 users

=INFO REPORT==== 9-Mar-2011::08:19:57 ===
    ts_config_server:(5:<0.52.0>) New arrival phase 7 for client "localhost": will start 1.5e3 users

=INFO REPORT==== 9-Mar-2011::08:19:57 ===
    ts_config_server:(5:<0.52.0>) New arrival phase 8 for client "localhost": will start 2.7e4 users

=INFO REPORT==== 9-Mar-2011::08:19:57 ===
    ts_config_server:(5:<0.52.0>) New arrival phase 1 for client "localhost": will start 60.0 users

=INFO REPORT==== 9-Mar-2011::08:19:57 ===
    ts_config_server:(5:<0.52.0>) New arrival phase 2 for client "localhost": will start 120.0 users

=INFO REPORT==== 9-Mar-2011::08:19:57 ===
    ts_config_server:(5:<0.52.0>) New arrival phase 3 for client "localhost": will start 180.0 users

=INFO REPORT==== 9-Mar-2011::08:19:57 ===
    ts_config_server:(5:<0.52.0>) New arrival phase 4 for client "localhost": will start 240.0 users

=INFO REPORT==== 9-Mar-2011::08:19:57 ===
    ts_config_server:(5:<0.52.0>) New arrival phase 5 for client "localhost": will start 300.0 users

=INFO REPORT==== 9-Mar-2011::08:19:57 ===
    ts_config_server:(5:<0.52.0>) New arrival phase 6 for client "localhost": will start 1050.0 users

=INFO REPORT==== 9-Mar-2011::08:19:57 ===
    ts_config_server:(5:<0.52.0>) New arrival phase 7 for client "localhost": will start 1.5e3 users

=INFO REPORT==== 9-Mar-2011::08:19:57 ===
    ts_config_server:(5:<0.52.0>) New arrival phase 8 for client "localhost": will start 2.7e4 users

=INFO REPORT==== 9-Mar-2011::08:19:58 ===
    ts_os_mon_erlang:(5:<0.71.0>) loading tsung monitor on nodes [os_mon@server]

=INFO REPORT==== 9-Mar-2011::08:42:46 ===
    ts_config_server:(5:<0.382.0>) started newbeam on node tsung2@localhost 

=INFO REPORT==== 9-Mar-2011::08:42:46 ===
    ts_config_server:(5:<0.382.0>) ping tsung2@localhost pong

=INFO REPORT==== 9-Mar-2011::08:43:20 ===
    ts_config_server:(5:<0.400.0>) started newbeam on node tsung3@localhost 

=INFO REPORT==== 9-Mar-2011::08:43:20 ===
    ts_config_server:(5:<0.400.0>) ping tsung3@localhost pong

=INFO REPORT==== 9-Mar-2011::08:44:51 ===
    ts_config_server:(5:<0.429.0>) started newbeam on node tsung4@localhost 

=INFO REPORT==== 9-Mar-2011::08:44:51 ===
    ts_config_server:(5:<0.429.0>) ping tsung4@localhost pong

=INFO REPORT==== 9-Mar-2011::08:45:26 ===
    ts_config_server:(5:<0.446.0>) started newbeam on node tsung5@localhost 

=INFO REPORT==== 9-Mar-2011::08:45:26 ===
    ts_config_server:(5:<0.446.0>) ping tsung5@localhost pong

=INFO REPORT==== 9-Mar-2011::08:46:48 ===
    ts_config_server:(5:<0.475.0>) started newbeam on node tsung6@localhost 

=INFO REPORT==== 9-Mar-2011::08:46:48 ===
    ts_config_server:(5:<0.475.0>) ping tsung6@localhost pong

=INFO REPORT==== 9-Mar-2011::08:47:31 ===
    ts_config_server:(5:<0.494.0>) started newbeam on node tsung7@localhost 

=INFO REPORT==== 9-Mar-2011::08:47:31 ===
    ts_config_server:(5:<0.494.0>) ping tsung7@localhost pong

=INFO REPORT==== 9-Mar-2011::08:48:45 ===
    ts_config_server:(5:<0.519.0>) started newbeam on node tsung8@localhost 

=INFO REPORT==== 9-Mar-2011::08:48:45 ===
    ts_config_server:(5:<0.519.0>) ping tsung8@localhost pong

=INFO REPORT==== 9-Mar-2011::08:49:28 ===
    ts_config_server:(5:<0.539.0>) started newbeam on node tsung9@localhost 

=INFO REPORT==== 9-Mar-2011::08:49:28 ===
    ts_config_server:(5:<0.539.0>) ping tsung9@localhost pong

=INFO REPORT==== 9-Mar-2011::08:50:44 ===
    ts_config_server:(5:<0.565.0>) started newbeam on node tsung10@localhost 

=INFO REPORT==== 9-Mar-2011::08:50:44 ===
    ts_config_server:(5:<0.565.0>) ping tsung10@localhost pong

=INFO REPORT==== 9-Mar-2011::08:51:16 ===
    ts_config_server:(5:<0.582.0>) started newbeam on node tsung11@localhost 

=INFO REPORT==== 9-Mar-2011::08:51:16 ===
    ts_config_server:(5:<0.582.0>) ping tsung11@localhost pong

=INFO REPORT==== 9-Mar-2011::08:52:44 ===
    ts_config_server:(5:<0.611.0>) started newbeam on node tsung12@localhost 

=INFO REPORT==== 9-Mar-2011::08:52:44 ===
    ts_config_server:(5:<0.611.0>) ping tsung12@localhost pong

=INFO REPORT==== 9-Mar-2011::08:53:09 ===
    ts_config_server:(5:<0.627.0>) started newbeam on node tsung13@localhost 

=INFO REPORT==== 9-Mar-2011::08:53:09 ===
    ts_config_server:(5:<0.627.0>) ping tsung13@localhost pong

=INFO REPORT==== 9-Mar-2011::08:54:47 ===
    ts_config_server:(5:<0.657.0>) started newbeam on node tsung14@localhost 

=INFO REPORT==== 9-Mar-2011::08:54:47 ===
    ts_config_server:(5:<0.657.0>) ping tsung14@localhost pong

=INFO REPORT==== 9-Mar-2011::08:55:06 ===
    ts_config_server:(5:<0.672.0>) started newbeam on node tsung15@localhost 

=INFO REPORT==== 9-Mar-2011::08:55:06 ===
    ts_config_server:(5:<0.672.0>) ping tsung15@localhost pong

=INFO REPORT==== 9-Mar-2011::08:55:20 ===
              ts_mon:(5:<0.53.0>) A launcher has finished, but not all users have finished, wait before stopping

=INFO REPORT==== 9-Mar-2011::08:56:46 ===
              ts_mon:(5:<0.53.0>) A launcher has finished, but not all users have finished, wait before stopping

=INFO REPORT==== 9-Mar-2011::08:56:49 ===
    ts_config_server:(5:<0.704.0>) started newbeam on node tsung16@localhost 

=INFO REPORT==== 9-Mar-2011::08:56:49 ===
    ts_config_server:(5:<0.704.0>) ping tsung16@localhost pong

=INFO REPORT==== 9-Mar-2011::08:57:08 ===
    ts_config_server:(5:<0.719.0>) started newbeam on node tsung17@localhost 

=INFO REPORT==== 9-Mar-2011::08:57:08 ===
    ts_config_server:(5:<0.719.0>) ping tsung17@localhost pong

=INFO REPORT==== 9-Mar-2011::08:58:50 ===
    ts_config_server:(5:<0.750.0>) started newbeam on node tsung18@localhost 

=INFO REPORT==== 9-Mar-2011::08:58:50 ===
    ts_config_server:(5:<0.750.0>) ping tsung18@localhost pong

=INFO REPORT==== 9-Mar-2011::08:59:06 ===
    ts_config_server:(5:<0.764.0>) started newbeam on node tsung19@localhost 

=INFO REPORT==== 9-Mar-2011::08:59:06 ===
    ts_config_server:(5:<0.764.0>) ping tsung19@localhost pong

=INFO REPORT==== 9-Mar-2011::09:00:43 ===
    ts_config_server:(5:<0.794.0>) started newbeam on node tsung20@localhost 

=INFO REPORT==== 9-Mar-2011::09:00:43 ===
    ts_config_server:(5:<0.794.0>) ping tsung20@localhost pong

=INFO REPORT==== 9-Mar-2011::09:01:03 ===
    ts_config_server:(5:<0.809.0>) started newbeam on node tsung21@localhost 

=INFO REPORT==== 9-Mar-2011::09:01:03 ===
    ts_config_server:(5:<0.809.0>) ping tsung21@localhost pong

=INFO REPORT==== 9-Mar-2011::09:02:30 ===
    ts_config_server:(5:<0.838.0>) started newbeam on node tsung22@localhost 

=INFO REPORT==== 9-Mar-2011::09:02:30 ===
    ts_config_server:(5:<0.838.0>) ping tsung22@localhost pong

=INFO REPORT==== 9-Mar-2011::09:03:03 ===
    ts_config_server:(5:<0.855.0>) started newbeam on node tsung23@localhost 

=INFO REPORT==== 9-Mar-2011::09:03:03 ===
    ts_config_server:(5:<0.855.0>) ping tsung23@localhost pong

=INFO REPORT==== 9-Mar-2011::09:04:29 ===
    ts_config_server:(5:<0.884.0>) started newbeam on node tsung24@localhost 

=INFO REPORT==== 9-Mar-2011::09:04:29 ===
    ts_config_server:(5:<0.884.0>) ping tsung24@localhost pong

=INFO REPORT==== 9-Mar-2011::09:04:56 ===
    ts_config_server:(5:<0.899.0>) started newbeam on node tsung25@localhost 

=INFO REPORT==== 9-Mar-2011::09:04:56 ===
    ts_config_server:(5:<0.899.0>) ping tsung25@localhost pong

=INFO REPORT==== 9-Mar-2011::09:06:16 ===
    ts_config_server:(5:<0.926.0>) started newbeam on node tsung26@localhost 

=INFO REPORT==== 9-Mar-2011::09:06:16 ===
    ts_config_server:(5:<0.926.0>) ping tsung26@localhost pong

=INFO REPORT==== 9-Mar-2011::09:06:47 ===
    ts_config_server:(5:<0.943.0>) started newbeam on node tsung27@localhost 

=INFO REPORT==== 9-Mar-2011::09:06:47 ===
    ts_config_server:(5:<0.943.0>) ping tsung27@localhost pong

=INFO REPORT==== 9-Mar-2011::09:08:16 ===
    ts_config_server:(5:<0.972.0>) started newbeam on node tsung28@localhost 

=INFO REPORT==== 9-Mar-2011::09:08:16 ===
    ts_config_server:(5:<0.972.0>) ping tsung28@localhost pong

=INFO REPORT==== 9-Mar-2011::09:08:40 ===
    ts_config_server:(5:<0.989.0>) started newbeam on node tsung29@localhost 

=INFO REPORT==== 9-Mar-2011::09:08:40 ===
    ts_config_server:(5:<0.989.0>) ping tsung29@localhost pong

=INFO REPORT==== 9-Mar-2011::09:10:11 ===
    ts_config_server:(5:<0.1018.0>) started newbeam on node tsung30@localhost 

=INFO REPORT==== 9-Mar-2011::09:10:11 ===
    ts_config_server:(5:<0.1018.0>) ping tsung30@localhost pong

=INFO REPORT==== 9-Mar-2011::09:10:37 ===
    ts_config_server:(5:<0.1033.0>) started newbeam on node tsung31@localhost 

=INFO REPORT==== 9-Mar-2011::09:10:37 ===
    ts_config_server:(5:<0.1033.0>) ping tsung31@localhost pong

=INFO REPORT==== 9-Mar-2011::09:12:04 ===
    ts_config_server:(5:<0.1062.0>) started newbeam on node tsung32@localhost 

=INFO REPORT==== 9-Mar-2011::09:12:04 ===
    ts_config_server:(5:<0.1062.0>) ping tsung32@localhost pong

=INFO REPORT==== 9-Mar-2011::09:12:38 ===
    ts_config_server:(5:<0.1080.0>) started newbeam on node tsung33@localhost 

=INFO REPORT==== 9-Mar-2011::09:12:38 ===
    ts_config_server:(5:<0.1080.0>) ping tsung33@localhost pong

=INFO REPORT==== 9-Mar-2011::09:14:00 ===
    ts_config_server:(5:<0.1108.0>) started newbeam on node tsung34@localhost 

=INFO REPORT==== 9-Mar-2011::09:14:00 ===
    ts_config_server:(5:<0.1108.0>) ping tsung34@localhost pong

=INFO REPORT==== 9-Mar-2011::09:14:31 ===
    ts_config_server:(5:<0.1125.0>) started newbeam on node tsung35@localhost 

=INFO REPORT==== 9-Mar-2011::09:14:31 ===
    ts_config_server:(5:<0.1125.0>) ping tsung35@localhost pong

=INFO REPORT==== 9-Mar-2011::09:16:00 ===
    ts_config_server:(5:<0.1154.0>) started newbeam on node tsung36@localhost 

=INFO REPORT==== 9-Mar-2011::09:16:00 ===
    ts_config_server:(5:<0.1154.0>) ping tsung36@localhost pong

=INFO REPORT==== 9-Mar-2011::09:16:24 ===
    ts_config_server:(5:<0.1169.0>) started newbeam on node tsung37@localhost 

=INFO REPORT==== 9-Mar-2011::09:16:24 ===
    ts_config_server:(5:<0.1169.0>) ping tsung37@localhost pong

=INFO REPORT==== 9-Mar-2011::09:17:52 ===
    ts_config_server:(5:<0.1198.0>) started newbeam on node tsung38@localhost 

=INFO REPORT==== 9-Mar-2011::09:17:52 ===
    ts_config_server:(5:<0.1198.0>) ping tsung38@localhost pong

=INFO REPORT==== 9-Mar-2011::09:18:14 ===
    ts_config_server:(5:<0.1213.0>) started newbeam on node tsung39@localhost 

=INFO REPORT==== 9-Mar-2011::09:18:14 ===
    ts_config_server:(5:<0.1213.0>) ping tsung39@localhost pong

=INFO REPORT==== 9-Mar-2011::09:19:47 ===
    ts_config_server:(5:<0.1242.0>) started newbeam on node tsung40@localhost 

=INFO REPORT==== 9-Mar-2011::09:19:47 ===
    ts_config_server:(5:<0.1242.0>) ping tsung40@localhost pong

=INFO REPORT==== 9-Mar-2011::09:20:02 ===
    ts_config_server:(5:<0.1256.0>) started newbeam on node tsung41@localhost 

=INFO REPORT==== 9-Mar-2011::09:20:02 ===
    ts_config_server:(5:<0.1256.0>) ping tsung41@localhost pong

=INFO REPORT==== 9-Mar-2011::09:21:45 ===
    ts_config_server:(5:<0.1288.0>) started newbeam on node tsung42@localhost 

=INFO REPORT==== 9-Mar-2011::09:21:45 ===
    ts_config_server:(5:<0.1288.0>) ping tsung42@localhost pong

=INFO REPORT==== 9-Mar-2011::09:21:57 ===
    ts_config_server:(5:<0.1301.0>) started newbeam on node tsung43@localhost 

=INFO REPORT==== 9-Mar-2011::09:21:57 ===
    ts_config_server:(5:<0.1301.0>) ping tsung43@localhost pong

=INFO REPORT==== 9-Mar-2011::09:23:37 ===
    ts_config_server:(5:<0.1333.0>) started newbeam on node tsung44@localhost 

=INFO REPORT==== 9-Mar-2011::09:23:37 ===
    ts_config_server:(5:<0.1333.0>) ping tsung44@localhost pong

=INFO REPORT==== 9-Mar-2011::09:23:49 ===
    ts_config_server:(5:<0.1346.0>) started newbeam on node tsung45@localhost 

=INFO REPORT==== 9-Mar-2011::09:23:49 ===
    ts_config_server:(5:<0.1346.0>) ping tsung45@localhost pong

=INFO REPORT==== 9-Mar-2011::09:25:33 ===
    ts_config_server:(5:<0.1377.0>) started newbeam on node tsung46@localhost 

=INFO REPORT==== 9-Mar-2011::09:25:33 ===
    ts_config_server:(5:<0.1377.0>) ping tsung46@localhost pong

=INFO REPORT==== 9-Mar-2011::09:25:47 ===
    ts_config_server:(5:<0.1391.0>) started newbeam on node tsung47@localhost 

=INFO REPORT==== 9-Mar-2011::09:25:47 ===
    ts_config_server:(5:<0.1391.0>) ping tsung47@localhost pong

=INFO REPORT==== 9-Mar-2011::09:27:24 ===
    ts_config_server:(5:<0.1421.0>) started newbeam on node tsung48@localhost 

=INFO REPORT==== 9-Mar-2011::09:27:24 ===
    ts_config_server:(5:<0.1421.0>) ping tsung48@localhost pong

=INFO REPORT==== 9-Mar-2011::09:27:42 ===
    ts_config_server:(5:<0.1436.0>) started newbeam on node tsung49@localhost 

=INFO REPORT==== 9-Mar-2011::09:27:42 ===
    ts_config_server:(5:<0.1436.0>) ping tsung49@localhost pong

=INFO REPORT==== 9-Mar-2011::09:29:24 ===
    ts_config_server:(5:<0.1467.0>) started newbeam on node tsung50@localhost 

=INFO REPORT==== 9-Mar-2011::09:29:24 ===
    ts_config_server:(5:<0.1467.0>) ping tsung50@localhost pong

=INFO REPORT==== 9-Mar-2011::09:29:32 ===
    ts_config_server:(5:<0.1480.0>) started newbeam on node tsung51@localhost 

=INFO REPORT==== 9-Mar-2011::09:29:32 ===
    ts_config_server:(5:<0.1480.0>) ping tsung51@localhost pong

=INFO REPORT==== 9-Mar-2011::09:31:19 ===
    ts_config_server:(5:<0.1513.0>) started newbeam on node tsung52@localhost 

=INFO REPORT==== 9-Mar-2011::09:31:19 ===
    ts_config_server:(5:<0.1513.0>) ping tsung52@localhost pong

=ERROR REPORT==== 9-Mar-2011::09:31:26 ===
Error in process <0.1528.0> on node 'tsung_controller@ip-10-245-227-130' with exit value: {eagain,[{erlang,open_port,[{spawn,"/usr/bin/ssh localhost erl -detached -noinput -master tsung_controller@ip-10-245-227-130  -sname tsung53@localhost -s slave slave_start tsung_controller@ip-10-245-2... 


=ERROR REPORT==== 9-Mar-2011::09:33:09 ===
Error in process <0.1553.0> on node 'tsung_controller@ip-10-245-227-130' with exit value: {eagain,[{erlang,open_port,[{spawn,"/usr/bin/ssh localhost erl -detached -noinput -master tsung_controller@ip-10-245-227-130  -sname tsung54@localhost -s slave slave_start tsung_controller@ip-10-245-2... 


=INFO REPORT==== 9-Mar-2011::09:37:22 ===
              ts_mon:(5:<0.53.0>) stopping monitor (normal)
