
=INFO REPORT==== 1-Mar-2011::16:55:50 ===
    ts_config_server:(5:<0.52.0>) Config server started, logdir is "/home/ec2-user/.tsung/log/20110301-21:55"
 
=INFO REPORT==== 1-Mar-2011::16:55:50 ===
              ts_mon:(5:<0.51.0>) starting monitor, global 

=INFO REPORT==== 1-Mar-2011::16:55:50 ===
              ts_mon:(5:<0.53.0>) Init, log dir is "/home/ec2-user/.tsung/log/20110301-21:55"

=INFO REPORT==== 1-Mar-2011::16:55:50 ===
              ts_mon:(5:<0.53.0>) starting monitor

=INFO REPORT==== 1-Mar-2011::16:55:50 ===
        ts_stats_mon:(5:<0.51.0>) starting stats server, global 

=INFO REPORT==== 1-Mar-2011::16:55:50 ===
        ts_stats_mon:(5:<0.55.0>) starting ts_stats_mon stats server

=INFO REPORT==== 1-Mar-2011::16:55:50 ===
        ts_stats_mon:(5:<0.51.0>) starting request stats server, global 

=INFO REPORT==== 1-Mar-2011::16:55:50 ===
        ts_stats_mon:(5:<0.56.0>) starting dedicated stats server for request 

=INFO REPORT==== 1-Mar-2011::16:55:50 ===
        ts_stats_mon:(5:<0.51.0>) starting page stats server, global 

=INFO REPORT==== 1-Mar-2011::16:55:50 ===
        ts_stats_mon:(5:<0.57.0>) starting dedicated stats server for page 

=INFO REPORT==== 1-Mar-2011::16:55:50 ===
        ts_stats_mon:(5:<0.51.0>) starting connect stats server, global 

=INFO REPORT==== 1-Mar-2011::16:55:50 ===
        ts_stats_mon:(5:<0.58.0>) starting dedicated stats server for connect 

=INFO REPORT==== 1-Mar-2011::16:55:50 ===
        ts_stats_mon:(5:<0.51.0>) starting transaction stats server, global 

=INFO REPORT==== 1-Mar-2011::16:55:50 ===
        ts_stats_mon:(5:<0.59.0>) starting transaction stats server

=INFO REPORT==== 1-Mar-2011::16:55:50 ===
     ts_match_logger:(5:<0.51.0>) starting match logger, global 

=INFO REPORT==== 1-Mar-2011::16:55:50 ===
     ts_match_logger:(5:<0.60.0>) starting match logger

=INFO REPORT==== 1-Mar-2011::16:55:50 ===
     ts_match_logger:(5:<0.60.0>) starting match logger

=INFO REPORT==== 1-Mar-2011::16:55:50 ===
           ts_config:(5:<0.52.0>) Reading config file: speedmetal/apps/rails2/redmine-1.1.1/tsung.xml

=INFO REPORT==== 1-Mar-2011::16:55:50 ===
           ts_config:(5:<0.52.0>) Session name for id 1 is "ensureproject"

=INFO REPORT==== 1-Mar-2011::16:55:50 ===
           ts_config:(5:<0.52.0>) Session type: persistent=true, bidi=false

=INFO REPORT==== 1-Mar-2011::16:55:50 ===
      ts_config_http:(5:<0.52.0>) Relative URL, single server 
=INFO REPORT==== 1-Mar-2011::16:55:50 ===
           ts_config:(5:<0.52.0>) Session name for id 2 is "browse_site"

=INFO REPORT==== 1-Mar-2011::16:55:50 ===
           ts_config:(5:<0.52.0>) Session type: persistent=true, bidi=false

=INFO REPORT==== 1-Mar-2011::16:55:50 ===
      ts_config_http:(5:<0.52.0>) Relative URL, single server 
=INFO REPORT==== 1-Mar-2011::16:55:50 ===
           ts_config:(5:<0.52.0>) Session name for id 3 is "create_issue"

=INFO REPORT==== 1-Mar-2011::16:55:50 ===
           ts_config:(5:<0.52.0>) Session type: persistent=true, bidi=false

=INFO REPORT==== 1-Mar-2011::16:55:50 ===
      ts_config_http:(5:<0.52.0>) Relative URL, single server 
=INFO REPORT==== 1-Mar-2011::16:55:50 ===
    ts_config_server:(5:<0.52.0>) SYSINFO:Erlang version: Erlang R14B01 (erts-5.8.2) [source] [64-bit] [smp:2:2] [rq:2] [async-threads:16] [kernel-poll:true]


=INFO REPORT==== 1-Mar-2011::16:55:50 ===
    ts_config_server:(5:<0.52.0>) SYSINFO:System architecture x86_64-redhat-linux-gnu

=INFO REPORT==== 1-Mar-2011::16:55:50 ===
    ts_config_server:(5:<0.52.0>) SYSINFO:Current path: /usr/lib/erlang/lib/tsung-1.3.3/ebin/tsung.beam

=INFO REPORT==== 1-Mar-2011::16:55:50 ===
    ts_os_mon_erlang:(5:<0.66.0>) starting os_mon_erlang with args {"server",
                                                                    {},10000,
                                                                    {global,
                                                                     ts_mon}}
=INFO REPORT==== 1-Mar-2011::16:55:50 ===
              ts_mon:(5:<0.53.0>) Activate clients with text backend

=INFO REPORT==== 1-Mar-2011::16:55:50 ===
    ts_config_server:(5:<0.52.0>) Start a launcher on the controller beam 'ip-10-118-15-70'

=INFO REPORT==== 1-Mar-2011::16:55:50 ===
               tsung:(7:<0.78.0>) open logfile  

=INFO REPORT==== 1-Mar-2011::16:55:50 ===
               tsung:(7:<0.78.0>) ok

=INFO REPORT==== 1-Mar-2011::16:55:50 ===
              ts_sup:(6:<0.78.0>) starting supervisor ...

=INFO REPORT==== 1-Mar-2011::16:55:50 ===
              ts_sup:(6:<0.79.0>) starting
=INFO REPORT==== 1-Mar-2011::16:55:50 ===
     ts_launcher_mgr:(6:<0.80.0>) starting
=INFO REPORT==== 1-Mar-2011::16:55:50 ===
    ts_session_cache:(6:<0.79.0>) Starting

=INFO REPORT==== 1-Mar-2011::16:55:50 ===
        ts_mon_cache:(6:<0.79.0>) Starting

=INFO REPORT==== 1-Mar-2011::16:55:50 ===
       ts_client_sup:(6:<0.83.0>) Starting 

=INFO REPORT==== 1-Mar-2011::16:55:50 ===
  ts_launcher_static:(6:<0.79.0>) starting 

=INFO REPORT==== 1-Mar-2011::16:55:50 ===
     ts_launcher_mgr:(7:<0.80.0>) static launcher is starting on node 'tsung_controller@ip-10-118-15-70' 

=INFO REPORT==== 1-Mar-2011::16:55:50 ===
         ts_launcher:(6:<0.79.0>) starting 

=INFO REPORT==== 1-Mar-2011::16:55:50 ===
     ts_launcher_mgr:(7:<0.80.0>) dynamic launcher is starting on node 'tsung_controller@ip-10-118-15-70' 

=INFO REPORT==== 1-Mar-2011::16:55:50 ===
         ts_launcher:(5:<0.85.0>) Launch msg receive ("localhost")

=INFO REPORT==== 1-Mar-2011::16:55:50 ===
    ts_config_server:(5:<0.52.0>) New arrival phase 1 for client "localhost": will start 150.0 users

=INFO REPORT==== 1-Mar-2011::16:55:50 ===
  ts_launcher_static:(5:<0.84.0>) Launch msg receive ("localhost")

=INFO REPORT==== 1-Mar-2011::16:55:50 ===
    ts_config_server:(5:<0.52.0>) New arrival phase 2 for client "localhost": will start 200.0 users

=INFO REPORT==== 1-Mar-2011::16:55:50 ===
    ts_config_server:(5:<0.52.0>) New arrival phase 3 for client "localhost": will start 300.0 users

=INFO REPORT==== 1-Mar-2011::16:55:50 ===
    ts_config_server:(5:<0.52.0>) New arrival phase 4 for client "localhost": will start 600.0 users

=INFO REPORT==== 1-Mar-2011::16:55:50 ===
         ts_launcher:(5:<0.85.0>) Expected duration of first phase: 300.0 sec 

=INFO REPORT==== 1-Mar-2011::16:55:50 ===
  ts_launcher_static:(5:<0.84.0>) Activate launcher (1 static users) in 10000 msec, first user after 0 ms 

=INFO REPORT==== 1-Mar-2011::16:55:50 ===
         ts_launcher:(5:<0.85.0>) Activate launcher (150 users) in 13177 msec 

=INFO REPORT==== 1-Mar-2011::16:55:52 ===
    ts_os_mon_erlang:(5:<0.71.0>) loading tsung monitor on nodes [os_mon@server]

=INFO REPORT==== 1-Mar-2011::16:58:56 ===
           ts_search:(4:<0.206.0>) Dyn Var: no Match (varname=authenticity_token), 

=INFO REPORT==== 1-Mar-2011::17:01:03 ===
         ts_launcher:(5:<0.85.0>) Phase duration exceeded, but not all users were launched (1 users, 0.7% of phase)

=INFO REPORT==== 1-Mar-2011::17:01:03 ===
         ts_launcher:(5:<0.85.0>) Start a new arrival phase (200 6.666666666666666e-4); expected duration=300.02968896484373 sec

=INFO REPORT==== 1-Mar-2011::17:06:00 ===
         ts_launcher:(5:<0.85.0>) Start a new arrival phase (300 0.001); expected duration=296.4957529296875 sec

=INFO REPORT==== 1-Mar-2011::17:08:50 ===
           ts_search:(4:<0.732.0>) Dyn Var: no Match (varname=authenticity_token), 

=INFO REPORT==== 1-Mar-2011::17:09:50 ===
           ts_search:(4:<0.831.0>) Dyn Var: no Match (varname=authenticity_token), 

=INFO REPORT==== 1-Mar-2011::17:10:20 ===
           ts_search:(4:<0.851.0>) Dyn Var: no Match (varname=authenticity_token), 

=INFO REPORT==== 1-Mar-2011::17:10:28 ===
           ts_search:(4:<0.843.0>) Dyn Var: no Match (varname=authenticity_token), 

=INFO REPORT==== 1-Mar-2011::17:10:40 ===
         ts_launcher:(5:<0.85.0>) Start a new arrival phase (600 0.002); expected duration=280.11778979492186 sec

=INFO REPORT==== 1-Mar-2011::17:11:15 ===
           ts_search:(4:<0.940.0>) Dyn Var: no Match (varname=authenticity_token), 

=INFO REPORT==== 1-Mar-2011::17:11:25 ===
           ts_search:(4:<0.928.0>) Dyn Var: no Match (varname=authenticity_token), 

=INFO REPORT==== 1-Mar-2011::17:11:29 ===
           ts_search:(4:<0.1008.0>) Dyn Var: no Match (varname=authenticity_token), 

=INFO REPORT==== 1-Mar-2011::17:11:44 ===
           ts_search:(4:<0.1044.0>) Dyn Var: no Match (varname=authenticity_token), 

=INFO REPORT==== 1-Mar-2011::17:11:47 ===
           ts_search:(4:<0.1024.0>) Dyn Var: no Match (varname=authenticity_token), 

=INFO REPORT==== 1-Mar-2011::17:11:53 ===
           ts_search:(4:<0.1023.0>) Dyn Var: no Match (varname=authenticity_token), 

=INFO REPORT==== 1-Mar-2011::17:12:04 ===
           ts_search:(4:<0.1030.0>) Dyn Var: no Match (varname=authenticity_token), 

=INFO REPORT==== 1-Mar-2011::17:12:48 ===
           ts_search:(4:<0.1143.0>) Dyn Var: no Match (varname=authenticity_token), 

=INFO REPORT==== 1-Mar-2011::17:13:17 ===
           ts_search:(4:<0.1217.0>) Dyn Var: no Match (varname=authenticity_token), 

=INFO REPORT==== 1-Mar-2011::17:14:32 ===
           ts_search:(4:<0.1347.0>) Dyn Var: no Match (varname=authenticity_token), 

=INFO REPORT==== 1-Mar-2011::17:14:50 ===
           ts_search:(4:<0.1396.0>) Dyn Var: no Match (varname=authenticity_token), 

=INFO REPORT==== 1-Mar-2011::17:15:05 ===
           ts_search:(4:<0.1373.0>) Dyn Var: no Match (varname=authenticity_token), 

=INFO REPORT==== 1-Mar-2011::17:15:06 ===
           ts_search:(4:<0.1428.0>) Dyn Var: no Match (varname=authenticity_token), 

=INFO REPORT==== 1-Mar-2011::17:15:06 ===
           ts_search:(4:<0.1426.0>) Dyn Var: no Match (varname=authenticity_token), 

=INFO REPORT==== 1-Mar-2011::17:15:40 ===
         ts_launcher:(5:<0.85.0>) Phase duration exceeded, but not all users were launched (34 users, 5.7% of phase)

=INFO REPORT==== 1-Mar-2011::17:15:40 ===
         ts_launcher:(5:<0.85.0>) This was the last phase, wait for connected users to finish their session

=INFO REPORT==== 1-Mar-2011::17:15:40 ===
     ts_launcher_mgr:(5:<0.80.0>) Still 65 active client(s)

=INFO REPORT==== 1-Mar-2011::17:15:52 ===
           ts_search:(4:<0.1486.0>) Dyn Var: no Match (varname=authenticity_token), 

=INFO REPORT==== 1-Mar-2011::17:16:40 ===
     ts_launcher_mgr:(5:<0.80.0>) Still 2 active client(s)

=INFO REPORT==== 1-Mar-2011::17:17:40 ===
     ts_launcher_mgr:(5:<0.80.0>) No more active users

=INFO REPORT==== 1-Mar-2011::17:17:40 ===
              ts_mon:(5:<0.53.0>) stopping monitor (normal)
