
=INFO REPORT==== 10-Mar-2011::12:24:51 ===
    ts_config_server:(5:<0.52.0>) Config server started, logdir is "/home/ec2-user/.tsung/log/20110310-17:24"
 
=INFO REPORT==== 10-Mar-2011::12:24:51 ===
              ts_mon:(5:<0.51.0>) starting monitor, global 

=INFO REPORT==== 10-Mar-2011::12:24:51 ===
              ts_mon:(5:<0.53.0>) Init, log dir is "/home/ec2-user/.tsung/log/20110310-17:24"

=INFO REPORT==== 10-Mar-2011::12:24:51 ===
              ts_mon:(5:<0.53.0>) starting monitor

=INFO REPORT==== 10-Mar-2011::12:24:51 ===
        ts_stats_mon:(5:<0.51.0>) starting stats server, global 

=INFO REPORT==== 10-Mar-2011::12:24:51 ===
        ts_stats_mon:(5:<0.55.0>) starting ts_stats_mon stats server

=INFO REPORT==== 10-Mar-2011::12:24:51 ===
        ts_stats_mon:(5:<0.51.0>) starting request stats server, global 

=INFO REPORT==== 10-Mar-2011::12:24:51 ===
        ts_stats_mon:(5:<0.56.0>) starting dedicated stats server for request 

=INFO REPORT==== 10-Mar-2011::12:24:51 ===
        ts_stats_mon:(5:<0.51.0>) starting page stats server, global 

=INFO REPORT==== 10-Mar-2011::12:24:51 ===
        ts_stats_mon:(5:<0.57.0>) starting dedicated stats server for page 

=INFO REPORT==== 10-Mar-2011::12:24:51 ===
        ts_stats_mon:(5:<0.51.0>) starting connect stats server, global 

=INFO REPORT==== 10-Mar-2011::12:24:51 ===
        ts_stats_mon:(5:<0.58.0>) starting dedicated stats server for connect 

=INFO REPORT==== 10-Mar-2011::12:24:51 ===
        ts_stats_mon:(5:<0.51.0>) starting transaction stats server, global 

=INFO REPORT==== 10-Mar-2011::12:24:51 ===
        ts_stats_mon:(5:<0.59.0>) starting transaction stats server

=INFO REPORT==== 10-Mar-2011::12:24:51 ===
     ts_match_logger:(5:<0.51.0>) starting match logger, global 

=INFO REPORT==== 10-Mar-2011::12:24:51 ===
     ts_match_logger:(5:<0.60.0>) starting match logger

=INFO REPORT==== 10-Mar-2011::12:24:51 ===
     ts_match_logger:(5:<0.60.0>) starting match logger

=INFO REPORT==== 10-Mar-2011::12:24:51 ===
           ts_config:(5:<0.52.0>) Reading config file: /home/ec2-user/speedmetal/apps/rails2/redmine-1.1.1/tsung.xml

=INFO REPORT==== 10-Mar-2011::12:24:51 ===
           ts_config:(5:<0.52.0>) Session name for id 1 is "ensureproject"

=INFO REPORT==== 10-Mar-2011::12:24:51 ===
           ts_config:(5:<0.52.0>) Session type: persistent=true, bidi=false

=INFO REPORT==== 10-Mar-2011::12:24:51 ===
      ts_config_http:(5:<0.52.0>) Relative URL, single server 
=INFO REPORT==== 10-Mar-2011::12:24:51 ===
           ts_config:(5:<0.52.0>) Session name for id 2 is "browse_site"

=INFO REPORT==== 10-Mar-2011::12:24:51 ===
           ts_config:(5:<0.52.0>) Session type: persistent=true, bidi=false

=INFO REPORT==== 10-Mar-2011::12:24:51 ===
      ts_config_http:(5:<0.52.0>) Relative URL, single server 
=INFO REPORT==== 10-Mar-2011::12:24:51 ===
           ts_config:(5:<0.52.0>) Session name for id 3 is "create_issue"

=INFO REPORT==== 10-Mar-2011::12:24:51 ===
           ts_config:(5:<0.52.0>) Session type: persistent=true, bidi=false

=INFO REPORT==== 10-Mar-2011::12:24:51 ===
      ts_config_http:(5:<0.52.0>) Relative URL, single server 
=INFO REPORT==== 10-Mar-2011::12:24:51 ===
    ts_config_server:(5:<0.52.0>) SYSINFO:Erlang version: Erlang R14B01 (erts-5.8.2) [source] [64-bit] [smp:2:2] [rq:2] [async-threads:16] [kernel-poll:true]


=INFO REPORT==== 10-Mar-2011::12:24:51 ===
    ts_config_server:(5:<0.52.0>) SYSINFO:System architecture x86_64-redhat-linux-gnu

=INFO REPORT==== 10-Mar-2011::12:24:51 ===
    ts_config_server:(5:<0.52.0>) SYSINFO:Current path: /usr/lib/erlang/lib/tsung-1.3.3/ebin/tsung.beam

=INFO REPORT==== 10-Mar-2011::12:24:51 ===
    ts_os_mon_erlang:(5:<0.66.0>) starting os_mon_erlang with args {"server",
                                                                    {},10000,
                                                                    {global,
                                                                     ts_mon}}
=INFO REPORT==== 10-Mar-2011::12:24:51 ===
              ts_mon:(5:<0.53.0>) Activate clients with text backend

=INFO REPORT==== 10-Mar-2011::12:24:51 ===
    ts_config_server:(5:<0.74.0>) started newbeam on node tsung1@localhost 

=INFO REPORT==== 10-Mar-2011::12:24:51 ===
    ts_config_server:(5:<0.74.0>) ping tsung1@localhost pong

=INFO REPORT==== 10-Mar-2011::12:24:51 ===
    ts_config_server:(5:<0.73.0>) started newbeam on node tsung0@localhost 

=INFO REPORT==== 10-Mar-2011::12:24:51 ===
    ts_config_server:(5:<0.73.0>) ping tsung0@localhost pong

=INFO REPORT==== 10-Mar-2011::12:24:51 ===
    ts_config_server:(5:<0.52.0>) New arrival phase 1 for client "localhost": will start 60.0 users

=INFO REPORT==== 10-Mar-2011::12:24:51 ===
    ts_config_server:(5:<0.52.0>) New arrival phase 2 for client "localhost": will start 120.0 users

=INFO REPORT==== 10-Mar-2011::12:24:51 ===
    ts_config_server:(5:<0.52.0>) New arrival phase 3 for client "localhost": will start 180.0 users

=INFO REPORT==== 10-Mar-2011::12:24:51 ===
    ts_config_server:(5:<0.52.0>) New arrival phase 4 for client "localhost": will start 240.0 users

=INFO REPORT==== 10-Mar-2011::12:24:51 ===
    ts_config_server:(5:<0.52.0>) New arrival phase 5 for client "localhost": will start 300.0 users

=INFO REPORT==== 10-Mar-2011::12:24:51 ===
    ts_config_server:(5:<0.52.0>) New arrival phase 6 for client "localhost": will start 1050.0 users

=INFO REPORT==== 10-Mar-2011::12:24:51 ===
    ts_config_server:(5:<0.52.0>) New arrival phase 7 for client "localhost": will start 1.5e3 users

=INFO REPORT==== 10-Mar-2011::12:24:51 ===
    ts_config_server:(5:<0.52.0>) New arrival phase 8 for client "localhost": will start 2.7e4 users

=INFO REPORT==== 10-Mar-2011::12:24:51 ===
    ts_config_server:(5:<0.52.0>) New arrival phase 1 for client "localhost": will start 60.0 users

=INFO REPORT==== 10-Mar-2011::12:24:51 ===
    ts_config_server:(5:<0.52.0>) New arrival phase 2 for client "localhost": will start 120.0 users

=INFO REPORT==== 10-Mar-2011::12:24:51 ===
    ts_config_server:(5:<0.52.0>) New arrival phase 3 for client "localhost": will start 180.0 users

=INFO REPORT==== 10-Mar-2011::12:24:51 ===
    ts_config_server:(5:<0.52.0>) New arrival phase 4 for client "localhost": will start 240.0 users

=INFO REPORT==== 10-Mar-2011::12:24:51 ===
    ts_config_server:(5:<0.52.0>) New arrival phase 5 for client "localhost": will start 300.0 users

=INFO REPORT==== 10-Mar-2011::12:24:51 ===
    ts_config_server:(5:<0.52.0>) New arrival phase 6 for client "localhost": will start 1050.0 users

=INFO REPORT==== 10-Mar-2011::12:24:51 ===
    ts_config_server:(5:<0.52.0>) New arrival phase 7 for client "localhost": will start 1.5e3 users

=INFO REPORT==== 10-Mar-2011::12:24:51 ===
    ts_config_server:(5:<0.52.0>) New arrival phase 8 for client "localhost": will start 2.7e4 users

=INFO REPORT==== 10-Mar-2011::12:24:53 ===
    ts_os_mon_erlang:(5:<0.71.0>) loading tsung monitor on nodes [os_mon@server]

=INFO REPORT==== 10-Mar-2011::12:41:42 ===
    ts_config_server:(5:<0.311.0>) started newbeam on node tsung2@localhost 

=INFO REPORT==== 10-Mar-2011::12:41:42 ===
    ts_config_server:(5:<0.311.0>) ping tsung2@localhost pong

=INFO REPORT==== 10-Mar-2011::12:41:55 ===
    ts_config_server:(5:<0.324.0>) started newbeam on node tsung3@localhost 

=INFO REPORT==== 10-Mar-2011::12:41:55 ===
    ts_config_server:(5:<0.324.0>) ping tsung3@localhost pong

=INFO REPORT==== 10-Mar-2011::12:44:36 ===
    ts_config_server:(5:<0.367.0>) started newbeam on node tsung4@localhost 

=INFO REPORT==== 10-Mar-2011::12:44:36 ===
    ts_config_server:(5:<0.367.0>) ping tsung4@localhost pong

=INFO REPORT==== 10-Mar-2011::12:45:08 ===
    ts_config_server:(5:<0.385.0>) started newbeam on node tsung5@localhost 

=INFO REPORT==== 10-Mar-2011::12:45:08 ===
    ts_config_server:(5:<0.385.0>) ping tsung5@localhost pong

=INFO REPORT==== 10-Mar-2011::12:46:22 ===
    ts_config_server:(5:<0.411.0>) started newbeam on node tsung6@localhost 

=INFO REPORT==== 10-Mar-2011::12:46:22 ===
    ts_config_server:(5:<0.411.0>) ping tsung6@localhost pong

=INFO REPORT==== 10-Mar-2011::12:46:57 ===
    ts_config_server:(5:<0.429.0>) started newbeam on node tsung7@localhost 

=INFO REPORT==== 10-Mar-2011::12:46:57 ===
    ts_config_server:(5:<0.429.0>) ping tsung7@localhost pong

=INFO REPORT==== 10-Mar-2011::12:48:10 ===
    ts_config_server:(5:<0.454.0>) started newbeam on node tsung8@localhost 

=INFO REPORT==== 10-Mar-2011::12:48:10 ===
    ts_config_server:(5:<0.454.0>) ping tsung8@localhost pong

=INFO REPORT==== 10-Mar-2011::12:48:48 ===
    ts_config_server:(5:<0.473.0>) started newbeam on node tsung9@localhost 

=INFO REPORT==== 10-Mar-2011::12:48:48 ===
    ts_config_server:(5:<0.473.0>) ping tsung9@localhost pong

=INFO REPORT==== 10-Mar-2011::12:49:42 ===
              ts_mon:(5:<0.53.0>) A launcher has finished, but not all users have finished, wait before stopping

=INFO REPORT==== 10-Mar-2011::12:49:54 ===
              ts_mon:(5:<0.53.0>) A launcher has finished, but not all users have finished, wait before stopping

=INFO REPORT==== 10-Mar-2011::12:50:00 ===
    ts_config_server:(5:<0.498.0>) started newbeam on node tsung10@localhost 

=INFO REPORT==== 10-Mar-2011::12:50:00 ===
    ts_config_server:(5:<0.498.0>) ping tsung10@localhost pong

=INFO REPORT==== 10-Mar-2011::12:50:39 ===
    ts_config_server:(5:<0.517.0>) started newbeam on node tsung11@localhost 

=INFO REPORT==== 10-Mar-2011::12:50:39 ===
    ts_config_server:(5:<0.517.0>) ping tsung11@localhost pong

=INFO REPORT==== 10-Mar-2011::12:51:50 ===
    ts_config_server:(5:<0.542.0>) started newbeam on node tsung12@localhost 

=INFO REPORT==== 10-Mar-2011::12:51:50 ===
    ts_config_server:(5:<0.542.0>) ping tsung12@localhost pong

=INFO REPORT==== 10-Mar-2011::12:52:29 ===
    ts_config_server:(5:<0.561.0>) started newbeam on node tsung13@localhost 

=INFO REPORT==== 10-Mar-2011::12:52:29 ===
    ts_config_server:(5:<0.561.0>) ping tsung13@localhost pong

=INFO REPORT==== 10-Mar-2011::12:53:38 ===
    ts_config_server:(5:<0.586.0>) started newbeam on node tsung14@localhost 

=INFO REPORT==== 10-Mar-2011::12:53:38 ===
    ts_config_server:(5:<0.586.0>) ping tsung14@localhost pong

=INFO REPORT==== 10-Mar-2011::12:54:17 ===
    ts_config_server:(5:<0.604.0>) started newbeam on node tsung15@localhost 

=INFO REPORT==== 10-Mar-2011::12:54:17 ===
    ts_config_server:(5:<0.604.0>) ping tsung15@localhost pong

=INFO REPORT==== 10-Mar-2011::12:55:23 ===
    ts_config_server:(5:<0.629.0>) started newbeam on node tsung16@localhost 

=INFO REPORT==== 10-Mar-2011::12:55:23 ===
    ts_config_server:(5:<0.629.0>) ping tsung16@localhost pong

=INFO REPORT==== 10-Mar-2011::12:55:59 ===
    ts_config_server:(5:<0.647.0>) started newbeam on node tsung17@localhost 

=INFO REPORT==== 10-Mar-2011::12:55:59 ===
    ts_config_server:(5:<0.647.0>) ping tsung17@localhost pong

=INFO REPORT==== 10-Mar-2011::12:57:15 ===
    ts_config_server:(5:<0.673.0>) started newbeam on node tsung18@localhost 

=INFO REPORT==== 10-Mar-2011::12:57:15 ===
    ts_config_server:(5:<0.673.0>) ping tsung18@localhost pong

=INFO REPORT==== 10-Mar-2011::12:57:53 ===
    ts_config_server:(5:<0.692.0>) started newbeam on node tsung19@localhost 

=INFO REPORT==== 10-Mar-2011::12:57:53 ===
    ts_config_server:(5:<0.692.0>) ping tsung19@localhost pong

=INFO REPORT==== 10-Mar-2011::12:59:01 ===
    ts_config_server:(5:<0.716.0>) started newbeam on node tsung20@localhost 

=INFO REPORT==== 10-Mar-2011::12:59:01 ===
    ts_config_server:(5:<0.716.0>) ping tsung20@localhost pong

=INFO REPORT==== 10-Mar-2011::12:59:49 ===
    ts_config_server:(5:<0.737.0>) started newbeam on node tsung21@localhost 

=INFO REPORT==== 10-Mar-2011::12:59:49 ===
    ts_config_server:(5:<0.737.0>) ping tsung21@localhost pong

=INFO REPORT==== 10-Mar-2011::13:00:49 ===
    ts_config_server:(5:<0.760.0>) started newbeam on node tsung22@localhost 

=INFO REPORT==== 10-Mar-2011::13:00:49 ===
    ts_config_server:(5:<0.760.0>) ping tsung22@localhost pong

=INFO REPORT==== 10-Mar-2011::13:01:38 ===
    ts_config_server:(5:<0.780.0>) started newbeam on node tsung23@localhost 

=INFO REPORT==== 10-Mar-2011::13:01:38 ===
    ts_config_server:(5:<0.780.0>) ping tsung23@localhost pong

=INFO REPORT==== 10-Mar-2011::13:02:43 ===
    ts_config_server:(5:<0.805.0>) started newbeam on node tsung24@localhost 

=INFO REPORT==== 10-Mar-2011::13:02:43 ===
    ts_config_server:(5:<0.805.0>) ping tsung24@localhost pong

=INFO REPORT==== 10-Mar-2011::13:03:28 ===
    ts_config_server:(5:<0.824.0>) started newbeam on node tsung25@localhost 

=INFO REPORT==== 10-Mar-2011::13:03:28 ===
    ts_config_server:(5:<0.824.0>) ping tsung25@localhost pong

=INFO REPORT==== 10-Mar-2011::13:04:29 ===
    ts_config_server:(5:<0.847.0>) started newbeam on node tsung26@localhost 

=INFO REPORT==== 10-Mar-2011::13:04:29 ===
    ts_config_server:(5:<0.847.0>) ping tsung26@localhost pong

=INFO REPORT==== 10-Mar-2011::13:05:17 ===
    ts_config_server:(5:<0.868.0>) started newbeam on node tsung27@localhost 

=INFO REPORT==== 10-Mar-2011::13:05:17 ===
    ts_config_server:(5:<0.868.0>) ping tsung27@localhost pong

=INFO REPORT==== 10-Mar-2011::13:06:19 ===
    ts_config_server:(5:<0.891.0>) started newbeam on node tsung28@localhost 

=INFO REPORT==== 10-Mar-2011::13:06:19 ===
    ts_config_server:(5:<0.891.0>) ping tsung28@localhost pong

=INFO REPORT==== 10-Mar-2011::13:07:07 ===
    ts_config_server:(5:<0.912.0>) started newbeam on node tsung29@localhost 

=INFO REPORT==== 10-Mar-2011::13:07:07 ===
    ts_config_server:(5:<0.912.0>) ping tsung29@localhost pong

=INFO REPORT==== 10-Mar-2011::13:08:08 ===
    ts_config_server:(5:<0.935.0>) started newbeam on node tsung30@localhost 

=INFO REPORT==== 10-Mar-2011::13:08:08 ===
    ts_config_server:(5:<0.935.0>) ping tsung30@localhost pong

=INFO REPORT==== 10-Mar-2011::13:08:53 ===
    ts_config_server:(5:<0.956.0>) started newbeam on node tsung31@localhost 

=INFO REPORT==== 10-Mar-2011::13:08:53 ===
    ts_config_server:(5:<0.956.0>) ping tsung31@localhost pong

=INFO REPORT==== 10-Mar-2011::13:10:01 ===
    ts_config_server:(5:<0.980.0>) started newbeam on node tsung32@localhost 

=INFO REPORT==== 10-Mar-2011::13:10:01 ===
    ts_config_server:(5:<0.980.0>) ping tsung32@localhost pong

=INFO REPORT==== 10-Mar-2011::13:10:41 ===
    ts_config_server:(5:<0.999.0>) started newbeam on node tsung33@localhost 

=INFO REPORT==== 10-Mar-2011::13:10:41 ===
    ts_config_server:(5:<0.999.0>) ping tsung33@localhost pong

=INFO REPORT==== 10-Mar-2011::13:11:53 ===
    ts_config_server:(5:<0.1025.0>) started newbeam on node tsung34@localhost 

=INFO REPORT==== 10-Mar-2011::13:11:53 ===
    ts_config_server:(5:<0.1025.0>) ping tsung34@localhost pong

=INFO REPORT==== 10-Mar-2011::13:12:31 ===
    ts_config_server:(5:<0.1043.0>) started newbeam on node tsung35@localhost 

=INFO REPORT==== 10-Mar-2011::13:12:31 ===
    ts_config_server:(5:<0.1043.0>) ping tsung35@localhost pong

=INFO REPORT==== 10-Mar-2011::13:13:40 ===
    ts_config_server:(5:<0.1067.0>) started newbeam on node tsung36@localhost 

=INFO REPORT==== 10-Mar-2011::13:13:40 ===
    ts_config_server:(5:<0.1067.0>) ping tsung36@localhost pong

=INFO REPORT==== 10-Mar-2011::13:14:09 ===
    ts_config_server:(5:<0.1084.0>) started newbeam on node tsung37@localhost 

=INFO REPORT==== 10-Mar-2011::13:14:09 ===
    ts_config_server:(5:<0.1084.0>) ping tsung37@localhost pong

=INFO REPORT==== 10-Mar-2011::13:15:22 ===
    ts_config_server:(5:<0.1111.0>) started newbeam on node tsung38@localhost 

=INFO REPORT==== 10-Mar-2011::13:15:22 ===
    ts_config_server:(5:<0.1111.0>) ping tsung38@localhost pong

=INFO REPORT==== 10-Mar-2011::13:16:01 ===
    ts_config_server:(5:<0.1129.0>) started newbeam on node tsung39@localhost 

=INFO REPORT==== 10-Mar-2011::13:16:01 ===
    ts_config_server:(5:<0.1129.0>) ping tsung39@localhost pong

=INFO REPORT==== 10-Mar-2011::13:17:11 ===
    ts_config_server:(5:<0.1154.0>) started newbeam on node tsung40@localhost 

=INFO REPORT==== 10-Mar-2011::13:17:11 ===
    ts_config_server:(5:<0.1154.0>) ping tsung40@localhost pong

=INFO REPORT==== 10-Mar-2011::13:17:53 ===
    ts_config_server:(5:<0.1174.0>) started newbeam on node tsung41@localhost 

=INFO REPORT==== 10-Mar-2011::13:17:53 ===
    ts_config_server:(5:<0.1174.0>) ping tsung41@localhost pong

=INFO REPORT==== 10-Mar-2011::13:19:04 ===
    ts_config_server:(5:<0.1199.0>) started newbeam on node tsung42@localhost 

=INFO REPORT==== 10-Mar-2011::13:19:04 ===
    ts_config_server:(5:<0.1199.0>) ping tsung42@localhost pong

=INFO REPORT==== 10-Mar-2011::13:19:42 ===
    ts_config_server:(5:<0.1218.0>) started newbeam on node tsung43@localhost 

=INFO REPORT==== 10-Mar-2011::13:19:42 ===
    ts_config_server:(5:<0.1218.0>) ping tsung43@localhost pong

=INFO REPORT==== 10-Mar-2011::13:20:48 ===
    ts_config_server:(5:<0.1241.0>) started newbeam on node tsung44@localhost 

=INFO REPORT==== 10-Mar-2011::13:20:48 ===
    ts_config_server:(5:<0.1241.0>) ping tsung44@localhost pong

=INFO REPORT==== 10-Mar-2011::13:21:33 ===
    ts_config_server:(5:<0.1262.0>) started newbeam on node tsung45@localhost 

=INFO REPORT==== 10-Mar-2011::13:21:33 ===
    ts_config_server:(5:<0.1262.0>) ping tsung45@localhost pong

=INFO REPORT==== 10-Mar-2011::13:22:47 ===
    ts_config_server:(5:<0.1287.0>) started newbeam on node tsung46@localhost 

=INFO REPORT==== 10-Mar-2011::13:22:47 ===
    ts_config_server:(5:<0.1287.0>) ping tsung46@localhost pong

=INFO REPORT==== 10-Mar-2011::13:23:24 ===
    ts_config_server:(5:<0.1306.0>) started newbeam on node tsung47@localhost 

=INFO REPORT==== 10-Mar-2011::13:23:24 ===
    ts_config_server:(5:<0.1306.0>) ping tsung47@localhost pong

=INFO REPORT==== 10-Mar-2011::13:24:34 ===
    ts_config_server:(5:<0.1331.0>) started newbeam on node tsung48@localhost 

=INFO REPORT==== 10-Mar-2011::13:24:34 ===
    ts_config_server:(5:<0.1331.0>) ping tsung48@localhost pong

=INFO REPORT==== 10-Mar-2011::13:25:10 ===
    ts_config_server:(5:<0.1348.0>) started newbeam on node tsung49@localhost 

=INFO REPORT==== 10-Mar-2011::13:25:10 ===
    ts_config_server:(5:<0.1348.0>) ping tsung49@localhost pong

=INFO REPORT==== 10-Mar-2011::13:26:25 ===
    ts_config_server:(5:<0.1375.0>) started newbeam on node tsung50@localhost 

=INFO REPORT==== 10-Mar-2011::13:26:25 ===
    ts_config_server:(5:<0.1375.0>) ping tsung50@localhost pong

=INFO REPORT==== 10-Mar-2011::13:26:57 ===
    ts_config_server:(5:<0.1392.0>) started newbeam on node tsung51@localhost 

=INFO REPORT==== 10-Mar-2011::13:26:57 ===
    ts_config_server:(5:<0.1392.0>) ping tsung51@localhost pong

=INFO REPORT==== 10-Mar-2011::13:28:07 ===
    ts_config_server:(5:<0.1417.0>) started newbeam on node tsung52@localhost 

=INFO REPORT==== 10-Mar-2011::13:28:07 ===
    ts_config_server:(5:<0.1417.0>) ping tsung52@localhost pong

=INFO REPORT==== 10-Mar-2011::13:29:13 ===
    ts_config_server:(0:<0.1435.0>) Can't start newbeam on host localhost (reason: timeout) ! Aborting!

=INFO REPORT==== 10-Mar-2011::13:29:13 ===
    ts_config_server:(0:<0.52.0>) Abort ! 

=INFO REPORT==== 10-Mar-2011::13:29:13 ===
              ts_mon:(0:<0.53.0>) Aborting by request !

=INFO REPORT==== 10-Mar-2011::13:29:13 ===
              ts_mon:(5:<0.53.0>) stopping monitor (abort)
