
=INFO REPORT==== 5-Oct-2011::13:01:13 ===
  ts_launcher_static:(5:<0.60.0>) Launch msg receive ("localhost")

=INFO REPORT==== 5-Oct-2011::13:01:13 ===
     ts_launcher_mgr:(4:<0.56.0>) No registered processes ! syncing ...

=INFO REPORT==== 5-Oct-2011::13:01:13 ===
         ts_launcher:(5:<0.61.0>) Launch msg receive ("localhost")

=INFO REPORT==== 5-Oct-2011::13:01:13 ===
         ts_launcher:(5:<0.61.0>) Expected duration of first phase: 120.0 sec 

=INFO REPORT==== 5-Oct-2011::13:01:13 ===
         ts_launcher:(5:<0.61.0>) Activate launcher (120 users) in 10311 msec 

=INFO REPORT==== 5-Oct-2011::13:03:17 ===
         ts_launcher:(5:<0.61.0>) Start a new arrival phase (240 0.002); expected duration=113.26232690429687 sec

=INFO REPORT==== 5-Oct-2011::13:05:15 ===
         ts_launcher:(5:<0.61.0>) Start a new arrival phase (360 0.003); expected duration=118.05523999023437 sec

=INFO REPORT==== 5-Oct-2011::13:07:07 ===
         ts_launcher:(5:<0.61.0>) Start a new arrival phase (480 0.004); expected duration=112.6974150390625 sec

=INFO REPORT==== 5-Oct-2011::13:09:07 ===
         ts_launcher:(5:<0.61.0>) Phase duration exceeded, but not all users were launched (6 users, 1.3% of phase)

=INFO REPORT==== 5-Oct-2011::13:09:07 ===
         ts_launcher:(5:<0.61.0>) Start a new arrival phase (600 0.005); expected duration=120.00944311523438 sec

=INFO REPORT==== 5-Oct-2011::13:11:08 ===
         ts_launcher:(5:<0.61.0>) Phase duration exceeded, but not all users were launched (5 users, 0.8% of phase)

=INFO REPORT==== 5-Oct-2011::13:11:08 ===
         ts_launcher:(5:<0.61.0>) Start a new arrival phase (4500 0.0075); expected duration=120.8454111328125 sec

=INFO REPORT==== 5-Oct-2011::13:21:08 ===
         ts_launcher:(5:<0.61.0>) Phase duration exceeded, but not all users were launched (5 users, 0.1% of phase)

=INFO REPORT==== 5-Oct-2011::13:21:08 ===
         ts_launcher:(5:<0.61.0>) Start a new arrival phase (6000 0.01); expected duration=600.1272470703125 sec

=INFO REPORT==== 5-Oct-2011::13:31:03 ===
         ts_launcher:(5:<0.61.0>) Start a new arrival phase (7500 0.0125); expected duration=595.0733881835938 sec

=INFO REPORT==== 5-Oct-2011::13:41:03 ===
         ts_launcher:(5:<0.61.0>) Phase duration exceeded, but not all users were launched (107 users, 1.4% of phase)

=INFO REPORT==== 5-Oct-2011::13:41:03 ===
         ts_launcher:(5:<0.61.0>) Start a new arrival phase (9000 0.015); expected duration=600.023376953125 sec

=INFO REPORT==== 5-Oct-2011::13:51:04 ===
         ts_launcher:(5:<0.61.0>) Phase duration exceeded, but not all users were launched (119 users, 1.3% of phase)

=INFO REPORT==== 5-Oct-2011::13:51:04 ===
         ts_launcher:(5:<0.61.0>) Start a new arrival phase (10500 0.0175); expected duration=600.1062170410156 sec

=INFO REPORT==== 5-Oct-2011::14:01:04 ===
         ts_launcher:(5:<0.61.0>) Phase duration exceeded, but not all users were launched (254 users, 2.4% of phase)

=INFO REPORT==== 5-Oct-2011::14:01:04 ===
         ts_launcher:(5:<0.61.0>) Start a new arrival phase (12000 0.02); expected duration=600.0033837890625 sec

=INFO REPORT==== 5-Oct-2011::14:11:04 ===
         ts_launcher:(5:<0.61.0>) Phase duration exceeded, but not all users were launched (110 users, 0.9% of phase)

=INFO REPORT==== 5-Oct-2011::14:11:04 ===
         ts_launcher:(5:<0.61.0>) Start a new arrival phase (13500 0.0225); expected duration=600.1424060058594 sec

=INFO REPORT==== 5-Oct-2011::14:21:04 ===
         ts_launcher:(5:<0.61.0>) Phase duration exceeded, but not all users were launched (152 users, 1.1% of phase)

=INFO REPORT==== 5-Oct-2011::14:21:04 ===
         ts_launcher:(5:<0.61.0>) This was the last phase, wait for connected users to finish their session

=INFO REPORT==== 5-Oct-2011::14:21:04 ===
     ts_launcher_mgr:(5:<0.56.0>) Still 417 active client(s)
