
=INFO REPORT==== 5-Oct-2011::13:01:13 ===
  ts_launcher_static:(5:<0.60.0>) Launch msg receive ("localhost")

=INFO REPORT==== 5-Oct-2011::13:01:13 ===
         ts_launcher:(5:<0.61.0>) Launch msg receive ("localhost")

=INFO REPORT==== 5-Oct-2011::13:01:13 ===
     ts_launcher_mgr:(4:<0.56.0>) No registered processes ! syncing ...

=INFO REPORT==== 5-Oct-2011::13:01:13 ===
         ts_launcher:(5:<0.61.0>) Expected duration of first phase: 120.0 sec 

=INFO REPORT==== 5-Oct-2011::13:01:13 ===
         ts_launcher:(5:<0.61.0>) Activate launcher (120 users) in 12083 msec 

=INFO REPORT==== 5-Oct-2011::13:03:26 ===
         ts_launcher:(5:<0.61.0>) Phase duration exceeded, but not all users were launched (9 users, 7.5% of phase)

=INFO REPORT==== 5-Oct-2011::13:03:26 ===
         ts_launcher:(5:<0.61.0>) Start a new arrival phase (240 0.002); expected duration=120.31739697265625 sec

=INFO REPORT==== 5-Oct-2011::13:05:26 ===
         ts_launcher:(5:<0.61.0>) Phase duration exceeded, but not all users were launched (15 users, 6.3% of phase)

=INFO REPORT==== 5-Oct-2011::13:05:26 ===
         ts_launcher:(5:<0.61.0>) Start a new arrival phase (360 0.003); expected duration=120.27225903320313 sec

=INFO REPORT==== 5-Oct-2011::13:07:26 ===
         ts_launcher:(5:<0.61.0>) Phase duration exceeded, but not all users were launched (4 users, 1.1% of phase)

=INFO REPORT==== 5-Oct-2011::13:07:26 ===
         ts_launcher:(5:<0.61.0>) Start a new arrival phase (480 0.004); expected duration=120.5053740234375 sec

=INFO REPORT==== 5-Oct-2011::13:09:26 ===
         ts_launcher:(5:<0.61.0>) Start a new arrival phase (600 0.005); expected duration=119.98643994140625 sec

=INFO REPORT==== 5-Oct-2011::13:11:27 ===
         ts_launcher:(5:<0.61.0>) Phase duration exceeded, but not all users were launched (11 users, 1.8% of phase)

=INFO REPORT==== 5-Oct-2011::13:11:27 ===
         ts_launcher:(5:<0.61.0>) Start a new arrival phase (4500 0.0075); expected duration=120.21928100585937 sec

=INFO REPORT==== 5-Oct-2011::13:21:09 ===
         ts_launcher:(5:<0.61.0>) Start a new arrival phase (6000 0.01); expected duration=581.8812749023438 sec

=INFO REPORT==== 5-Oct-2011::13:31:09 ===
         ts_launcher:(5:<0.61.0>) Phase duration exceeded, but not all users were launched (97 users, 1.6% of phase)

=INFO REPORT==== 5-Oct-2011::13:31:09 ===
         ts_launcher:(5:<0.61.0>) Start a new arrival phase (7500 0.0125); expected duration=600.0091379394531 sec

=INFO REPORT==== 5-Oct-2011::13:41:09 ===
         ts_launcher:(5:<0.61.0>) Phase duration exceeded, but not all users were launched (59 users, 0.8% of phase)

=INFO REPORT==== 5-Oct-2011::13:41:09 ===
         ts_launcher:(5:<0.61.0>) Start a new arrival phase (9000 0.015); expected duration=600.0653811035156 sec

=INFO REPORT==== 5-Oct-2011::13:51:05 ===
         ts_launcher:(5:<0.61.0>) Start a new arrival phase (10500 0.0175); expected duration=596.6360930175781 sec

=INFO REPORT==== 5-Oct-2011::14:01:05 ===
         ts_launcher:(5:<0.61.0>) Phase duration exceeded, but not all users were launched (7 users, 0.1% of phase)

=INFO REPORT==== 5-Oct-2011::14:01:05 ===
         ts_launcher:(5:<0.61.0>) Start a new arrival phase (12000 0.02); expected duration=600.0622238769531 sec

=INFO REPORT==== 5-Oct-2011::14:11:05 ===
         ts_launcher:(5:<0.61.0>) Phase duration exceeded, but not all users were launched (117 users, 1.0% of phase)

=INFO REPORT==== 5-Oct-2011::14:11:05 ===
         ts_launcher:(5:<0.61.0>) Start a new arrival phase (13500 0.0225); expected duration=600.0383151855468 sec

=INFO REPORT==== 5-Oct-2011::14:21:05 ===
         ts_launcher:(5:<0.61.0>) Phase duration exceeded, but not all users were launched (159 users, 1.2% of phase)

=INFO REPORT==== 5-Oct-2011::14:21:05 ===
         ts_launcher:(5:<0.61.0>) This was the last phase, wait for connected users to finish their session

=INFO REPORT==== 5-Oct-2011::14:21:05 ===
     ts_launcher_mgr:(5:<0.56.0>) Still 387 active client(s)
