
=INFO REPORT==== 2-Oct-2011::09:39:05 ===
    ts_config_server:(5:<0.52.0>) Config server started, logdir is "/home/ec2-user/.tsung/log/20111002-13:39"
 
=INFO REPORT==== 2-Oct-2011::09:39:05 ===
              ts_mon:(5:<0.51.0>) starting monitor, global 

=INFO REPORT==== 2-Oct-2011::09:39:05 ===
              ts_mon:(5:<0.53.0>) Init, log dir is "/home/ec2-user/.tsung/log/20111002-13:39"

=INFO REPORT==== 2-Oct-2011::09:39:05 ===
              ts_mon:(5:<0.53.0>) starting monitor

=INFO REPORT==== 2-Oct-2011::09:39:05 ===
        ts_stats_mon:(5:<0.51.0>) starting stats server, global 

=INFO REPORT==== 2-Oct-2011::09:39:05 ===
        ts_stats_mon:(5:<0.55.0>) starting ts_stats_mon stats server

=INFO REPORT==== 2-Oct-2011::09:39:05 ===
        ts_stats_mon:(5:<0.51.0>) starting request stats server, global 

=INFO REPORT==== 2-Oct-2011::09:39:05 ===
        ts_stats_mon:(5:<0.56.0>) starting dedicated stats server for request 

=INFO REPORT==== 2-Oct-2011::09:39:05 ===
        ts_stats_mon:(5:<0.51.0>) starting page stats server, global 

=INFO REPORT==== 2-Oct-2011::09:39:05 ===
        ts_stats_mon:(5:<0.57.0>) starting dedicated stats server for page 

=INFO REPORT==== 2-Oct-2011::09:39:05 ===
        ts_stats_mon:(5:<0.51.0>) starting connect stats server, global 

=INFO REPORT==== 2-Oct-2011::09:39:05 ===
        ts_stats_mon:(5:<0.58.0>) starting dedicated stats server for connect 

=INFO REPORT==== 2-Oct-2011::09:39:05 ===
        ts_stats_mon:(5:<0.51.0>) starting transaction stats server, global 

=INFO REPORT==== 2-Oct-2011::09:39:05 ===
        ts_stats_mon:(5:<0.59.0>) starting transaction stats server

=INFO REPORT==== 2-Oct-2011::09:39:05 ===
     ts_match_logger:(5:<0.51.0>) starting match logger, global 

=INFO REPORT==== 2-Oct-2011::09:39:05 ===
     ts_match_logger:(5:<0.60.0>) starting match logger

=INFO REPORT==== 2-Oct-2011::09:39:05 ===
     ts_match_logger:(5:<0.60.0>) starting match logger

=INFO REPORT==== 2-Oct-2011::09:39:05 ===
           ts_config:(5:<0.52.0>) Reading config file: /home/ec2-user/speedmetal/apps/rails3/spree/tsung.xml

=INFO REPORT==== 2-Oct-2011::09:39:05 ===
           ts_config:(5:<0.52.0>) Session name for id 1 is "browse_site"

=INFO REPORT==== 2-Oct-2011::09:39:05 ===
           ts_config:(5:<0.52.0>) Session type: persistent=true, bidi=false

=INFO REPORT==== 2-Oct-2011::09:39:05 ===
      ts_config_http:(5:<0.52.0>) Relative URL, single server 
=INFO REPORT==== 2-Oct-2011::09:39:05 ===
    ts_config_server:(5:<0.52.0>) SYSINFO:Erlang version: Erlang R14B03 (erts-5.8.4) [source] [64-bit] [smp:2:2] [rq:2] [async-threads:16] [kernel-poll:true]


=INFO REPORT==== 2-Oct-2011::09:39:05 ===
    ts_config_server:(5:<0.52.0>) SYSINFO:System architecture x86_64-redhat-linux-gnu

=INFO REPORT==== 2-Oct-2011::09:39:05 ===
    ts_config_server:(5:<0.52.0>) SYSINFO:Current path: /usr/lib/erlang/lib/tsung-1.3.3/ebin/tsung.beam

=INFO REPORT==== 2-Oct-2011::09:39:05 ===
    ts_os_mon_erlang:(5:<0.66.0>) starting os_mon_erlang with args {"server",
                                                                    {},10000,
                                                                    {global,
                                                                     ts_mon}}
=INFO REPORT==== 2-Oct-2011::09:39:05 ===
              ts_mon:(5:<0.53.0>) Activate clients with text backend

=INFO REPORT==== 2-Oct-2011::09:39:05 ===
    ts_config_server:(5:<0.74.0>) started newbeam on node tsung1@localhost 

=INFO REPORT==== 2-Oct-2011::09:39:05 ===
    ts_config_server:(5:<0.74.0>) ping tsung1@localhost pong

=INFO REPORT==== 2-Oct-2011::09:39:05 ===
    ts_config_server:(5:<0.73.0>) started newbeam on node tsung0@localhost 

=INFO REPORT==== 2-Oct-2011::09:39:05 ===
    ts_config_server:(5:<0.73.0>) ping tsung0@localhost pong

=INFO REPORT==== 2-Oct-2011::09:39:06 ===
    ts_config_server:(5:<0.52.0>) New arrival phase 1 for client "localhost": will start 120.0 users

=INFO REPORT==== 2-Oct-2011::09:39:06 ===
    ts_config_server:(5:<0.52.0>) New arrival phase 2 for client "localhost": will start 240.0 users

=INFO REPORT==== 2-Oct-2011::09:39:06 ===
    ts_config_server:(5:<0.52.0>) New arrival phase 3 for client "localhost": will start 360.0 users

=INFO REPORT==== 2-Oct-2011::09:39:06 ===
    ts_config_server:(5:<0.52.0>) New arrival phase 4 for client "localhost": will start 480.0 users

=INFO REPORT==== 2-Oct-2011::09:39:06 ===
    ts_config_server:(5:<0.52.0>) New arrival phase 5 for client "localhost": will start 600.0 users

=INFO REPORT==== 2-Oct-2011::09:39:06 ===
    ts_config_server:(5:<0.52.0>) New arrival phase 6 for client "localhost": will start 4.5e3 users

=INFO REPORT==== 2-Oct-2011::09:39:06 ===
    ts_config_server:(5:<0.52.0>) New arrival phase 7 for client "localhost": will start 6.0e3 users

=INFO REPORT==== 2-Oct-2011::09:39:06 ===
    ts_config_server:(5:<0.52.0>) New arrival phase 8 for client "localhost": will start 7.5e3 users

=INFO REPORT==== 2-Oct-2011::09:39:06 ===
    ts_config_server:(5:<0.52.0>) New arrival phase 9 for client "localhost": will start 9.0e3 users

=INFO REPORT==== 2-Oct-2011::09:39:06 ===
    ts_config_server:(5:<0.52.0>) New arrival phase 10 for client "localhost": will start 10500.000000000002 users

=INFO REPORT==== 2-Oct-2011::09:39:06 ===
    ts_config_server:(5:<0.52.0>) New arrival phase 11 for client "localhost": will start 1.2e4 users

=INFO REPORT==== 2-Oct-2011::09:39:06 ===
    ts_config_server:(5:<0.52.0>) New arrival phase 12 for client "localhost": will start 1.35e4 users

=INFO REPORT==== 2-Oct-2011::09:39:06 ===
    ts_config_server:(5:<0.52.0>) New arrival phase 1 for client "localhost": will start 120.0 users

=INFO REPORT==== 2-Oct-2011::09:39:06 ===
    ts_config_server:(5:<0.52.0>) New arrival phase 2 for client "localhost": will start 240.0 users

=INFO REPORT==== 2-Oct-2011::09:39:06 ===
    ts_config_server:(5:<0.52.0>) New arrival phase 3 for client "localhost": will start 360.0 users

=INFO REPORT==== 2-Oct-2011::09:39:06 ===
    ts_config_server:(5:<0.52.0>) New arrival phase 4 for client "localhost": will start 480.0 users

=INFO REPORT==== 2-Oct-2011::09:39:06 ===
    ts_config_server:(5:<0.52.0>) New arrival phase 5 for client "localhost": will start 600.0 users

=INFO REPORT==== 2-Oct-2011::09:39:06 ===
    ts_config_server:(5:<0.52.0>) New arrival phase 6 for client "localhost": will start 4.5e3 users

=INFO REPORT==== 2-Oct-2011::09:39:06 ===
    ts_config_server:(5:<0.52.0>) New arrival phase 7 for client "localhost": will start 6.0e3 users

=INFO REPORT==== 2-Oct-2011::09:39:06 ===
    ts_config_server:(5:<0.52.0>) New arrival phase 8 for client "localhost": will start 7.5e3 users

=INFO REPORT==== 2-Oct-2011::09:39:06 ===
    ts_config_server:(5:<0.52.0>) New arrival phase 9 for client "localhost": will start 9.0e3 users

=INFO REPORT==== 2-Oct-2011::09:39:06 ===
    ts_config_server:(5:<0.52.0>) New arrival phase 10 for client "localhost": will start 10500.000000000002 users

=INFO REPORT==== 2-Oct-2011::09:39:06 ===
    ts_config_server:(5:<0.52.0>) New arrival phase 11 for client "localhost": will start 1.2e4 users

=INFO REPORT==== 2-Oct-2011::09:39:06 ===
    ts_config_server:(5:<0.52.0>) New arrival phase 12 for client "localhost": will start 1.35e4 users

=INFO REPORT==== 2-Oct-2011::09:39:07 ===
    ts_os_mon_erlang:(5:<0.71.0>) loading tsung monitor on nodes [os_mon@server]

=INFO REPORT==== 2-Oct-2011::10:41:20 ===
    ts_config_server:(5:<0.855.0>) started newbeam on node tsung2@localhost 

=INFO REPORT==== 2-Oct-2011::10:41:20 ===
    ts_config_server:(5:<0.855.0>) ping tsung2@localhost pong

=INFO REPORT==== 2-Oct-2011::10:41:39 ===
    ts_config_server:(5:<0.869.0>) started newbeam on node tsung3@localhost 

=INFO REPORT==== 2-Oct-2011::10:41:39 ===
    ts_config_server:(5:<0.869.0>) ping tsung3@localhost pong

=INFO REPORT==== 2-Oct-2011::10:41:59 ===
    ts_config_server:(5:<0.884.0>) started newbeam on node tsung4@localhost 

=INFO REPORT==== 2-Oct-2011::10:41:59 ===
    ts_config_server:(5:<0.884.0>) ping tsung4@localhost pong

=INFO REPORT==== 2-Oct-2011::10:42:22 ===
    ts_config_server:(5:<0.900.0>) started newbeam on node tsung5@localhost 

=INFO REPORT==== 2-Oct-2011::10:42:22 ===
    ts_config_server:(5:<0.900.0>) ping tsung5@localhost pong

=INFO REPORT==== 2-Oct-2011::10:42:40 ===
    ts_config_server:(5:<0.914.0>) started newbeam on node tsung6@localhost 

=INFO REPORT==== 2-Oct-2011::10:42:40 ===
    ts_config_server:(5:<0.914.0>) ping tsung6@localhost pong

=INFO REPORT==== 2-Oct-2011::10:43:03 ===
    ts_config_server:(5:<0.930.0>) started newbeam on node tsung7@localhost 

=INFO REPORT==== 2-Oct-2011::10:43:03 ===
    ts_config_server:(5:<0.930.0>) ping tsung7@localhost pong

=INFO REPORT==== 2-Oct-2011::10:43:20 ===
              ts_mon:(5:<0.53.0>) A launcher has finished, but not all users have finished, wait before stopping

=INFO REPORT==== 2-Oct-2011::10:43:24 ===
    ts_config_server:(5:<0.945.0>) started newbeam on node tsung8@localhost 

=INFO REPORT==== 2-Oct-2011::10:43:24 ===
    ts_config_server:(5:<0.945.0>) ping tsung8@localhost pong

=INFO REPORT==== 2-Oct-2011::10:43:39 ===
              ts_mon:(5:<0.53.0>) A launcher has finished, but not all users have finished, wait before stopping

=INFO REPORT==== 2-Oct-2011::10:43:45 ===
    ts_config_server:(5:<0.960.0>) started newbeam on node tsung9@localhost 

=INFO REPORT==== 2-Oct-2011::10:43:45 ===
    ts_config_server:(5:<0.960.0>) ping tsung9@localhost pong

=INFO REPORT==== 2-Oct-2011::10:44:05 ===
    ts_config_server:(5:<0.975.0>) started newbeam on node tsung10@localhost 

=INFO REPORT==== 2-Oct-2011::10:44:05 ===
    ts_config_server:(5:<0.975.0>) ping tsung10@localhost pong

=INFO REPORT==== 2-Oct-2011::10:44:25 ===
    ts_config_server:(5:<0.990.0>) started newbeam on node tsung11@localhost 

=INFO REPORT==== 2-Oct-2011::10:44:25 ===
    ts_config_server:(5:<0.990.0>) ping tsung11@localhost pong

=INFO REPORT==== 2-Oct-2011::10:44:50 ===
    ts_config_server:(5:<0.1006.0>) started newbeam on node tsung12@localhost 

=INFO REPORT==== 2-Oct-2011::10:44:50 ===
    ts_config_server:(5:<0.1006.0>) ping tsung12@localhost pong

=INFO REPORT==== 2-Oct-2011::10:45:06 ===
    ts_config_server:(5:<0.1021.0>) started newbeam on node tsung13@localhost 

=INFO REPORT==== 2-Oct-2011::10:45:06 ===
    ts_config_server:(5:<0.1021.0>) ping tsung13@localhost pong

=INFO REPORT==== 2-Oct-2011::10:45:31 ===
    ts_config_server:(5:<0.1036.0>) started newbeam on node tsung14@localhost 

=INFO REPORT==== 2-Oct-2011::10:45:31 ===
    ts_config_server:(5:<0.1036.0>) ping tsung14@localhost pong

=INFO REPORT==== 2-Oct-2011::10:45:50 ===
    ts_config_server:(5:<0.1051.0>) started newbeam on node tsung15@localhost 

=INFO REPORT==== 2-Oct-2011::10:45:50 ===
    ts_config_server:(5:<0.1051.0>) ping tsung15@localhost pong

=INFO REPORT==== 2-Oct-2011::10:46:12 ===
    ts_config_server:(5:<0.1067.0>) started newbeam on node tsung16@localhost 

=INFO REPORT==== 2-Oct-2011::10:46:12 ===
    ts_config_server:(5:<0.1067.0>) ping tsung16@localhost pong

=INFO REPORT==== 2-Oct-2011::10:46:32 ===
    ts_config_server:(5:<0.1081.0>) started newbeam on node tsung17@localhost 

=INFO REPORT==== 2-Oct-2011::10:46:32 ===
    ts_config_server:(5:<0.1081.0>) ping tsung17@localhost pong

=INFO REPORT==== 2-Oct-2011::10:46:53 ===
    ts_config_server:(5:<0.1097.0>) started newbeam on node tsung18@localhost 

=INFO REPORT==== 2-Oct-2011::10:46:53 ===
    ts_config_server:(5:<0.1097.0>) ping tsung18@localhost pong

=INFO REPORT==== 2-Oct-2011::10:47:11 ===
    ts_config_server:(5:<0.1111.0>) started newbeam on node tsung19@localhost 

=INFO REPORT==== 2-Oct-2011::10:47:11 ===
    ts_config_server:(5:<0.1111.0>) ping tsung19@localhost pong

=INFO REPORT==== 2-Oct-2011::10:47:36 ===
    ts_config_server:(5:<0.1127.0>) started newbeam on node tsung20@localhost 

=INFO REPORT==== 2-Oct-2011::10:47:36 ===
    ts_config_server:(5:<0.1127.0>) ping tsung20@localhost pong

=INFO REPORT==== 2-Oct-2011::10:47:53 ===
    ts_config_server:(5:<0.1142.0>) started newbeam on node tsung21@localhost 

=INFO REPORT==== 2-Oct-2011::10:47:53 ===
    ts_config_server:(5:<0.1142.0>) ping tsung21@localhost pong

=INFO REPORT==== 2-Oct-2011::10:48:18 ===
    ts_config_server:(5:<0.1158.0>) started newbeam on node tsung22@localhost 

=INFO REPORT==== 2-Oct-2011::10:48:18 ===
    ts_config_server:(5:<0.1158.0>) ping tsung22@localhost pong

=INFO REPORT==== 2-Oct-2011::10:48:41 ===
    ts_config_server:(5:<0.1173.0>) started newbeam on node tsung23@localhost 

=INFO REPORT==== 2-Oct-2011::10:48:41 ===
    ts_config_server:(5:<0.1173.0>) ping tsung23@localhost pong

=INFO REPORT==== 2-Oct-2011::10:49:00 ===
    ts_config_server:(5:<0.1188.0>) started newbeam on node tsung24@localhost 

=INFO REPORT==== 2-Oct-2011::10:49:00 ===
    ts_config_server:(5:<0.1188.0>) ping tsung24@localhost pong

=INFO REPORT==== 2-Oct-2011::10:49:25 ===
    ts_config_server:(5:<0.1204.0>) started newbeam on node tsung25@localhost 

=INFO REPORT==== 2-Oct-2011::10:49:25 ===
    ts_config_server:(5:<0.1204.0>) ping tsung25@localhost pong

=INFO REPORT==== 2-Oct-2011::10:49:41 ===
    ts_config_server:(5:<0.1218.0>) started newbeam on node tsung26@localhost 

=INFO REPORT==== 2-Oct-2011::10:49:41 ===
    ts_config_server:(5:<0.1218.0>) ping tsung26@localhost pong

=INFO REPORT==== 2-Oct-2011::10:50:05 ===
    ts_config_server:(5:<0.1234.0>) started newbeam on node tsung27@localhost 

=INFO REPORT==== 2-Oct-2011::10:50:05 ===
    ts_config_server:(5:<0.1234.0>) ping tsung27@localhost pong

=INFO REPORT==== 2-Oct-2011::10:50:19 ===
    ts_config_server:(5:<0.1248.0>) started newbeam on node tsung28@localhost 

=INFO REPORT==== 2-Oct-2011::10:50:19 ===
    ts_config_server:(5:<0.1248.0>) ping tsung28@localhost pong

=INFO REPORT==== 2-Oct-2011::10:50:46 ===
    ts_config_server:(5:<0.1264.0>) started newbeam on node tsung29@localhost 

=INFO REPORT==== 2-Oct-2011::10:50:46 ===
    ts_config_server:(5:<0.1264.0>) ping tsung29@localhost pong

=INFO REPORT==== 2-Oct-2011::10:50:59 ===
    ts_config_server:(5:<0.1278.0>) started newbeam on node tsung30@localhost 

=INFO REPORT==== 2-Oct-2011::10:50:59 ===
    ts_config_server:(5:<0.1278.0>) ping tsung30@localhost pong

=INFO REPORT==== 2-Oct-2011::10:51:25 ===
    ts_config_server:(5:<0.1294.0>) started newbeam on node tsung31@localhost 

=INFO REPORT==== 2-Oct-2011::10:51:25 ===
    ts_config_server:(5:<0.1294.0>) ping tsung31@localhost pong

=INFO REPORT==== 2-Oct-2011::10:51:37 ===
    ts_config_server:(5:<0.1308.0>) started newbeam on node tsung32@localhost 

=INFO REPORT==== 2-Oct-2011::10:51:37 ===
    ts_config_server:(5:<0.1308.0>) ping tsung32@localhost pong

=INFO REPORT==== 2-Oct-2011::10:52:01 ===
    ts_config_server:(5:<0.1323.0>) started newbeam on node tsung33@localhost 

=INFO REPORT==== 2-Oct-2011::10:52:01 ===
    ts_config_server:(5:<0.1323.0>) ping tsung33@localhost pong

=INFO REPORT==== 2-Oct-2011::10:52:14 ===
    ts_config_server:(5:<0.1336.0>) started newbeam on node tsung34@localhost 

=INFO REPORT==== 2-Oct-2011::10:52:14 ===
    ts_config_server:(5:<0.1336.0>) ping tsung34@localhost pong

=INFO REPORT==== 2-Oct-2011::10:52:37 ===
    ts_config_server:(5:<0.1353.0>) started newbeam on node tsung35@localhost 

=INFO REPORT==== 2-Oct-2011::10:52:37 ===
    ts_config_server:(5:<0.1353.0>) ping tsung35@localhost pong

=INFO REPORT==== 2-Oct-2011::10:52:50 ===
    ts_config_server:(5:<0.1366.0>) started newbeam on node tsung36@localhost 

=INFO REPORT==== 2-Oct-2011::10:52:50 ===
    ts_config_server:(5:<0.1366.0>) ping tsung36@localhost pong

=INFO REPORT==== 2-Oct-2011::10:53:15 ===
    ts_config_server:(5:<0.1382.0>) started newbeam on node tsung37@localhost 

=INFO REPORT==== 2-Oct-2011::10:53:15 ===
    ts_config_server:(5:<0.1382.0>) ping tsung37@localhost pong

=INFO REPORT==== 2-Oct-2011::10:53:27 ===
    ts_config_server:(5:<0.1396.0>) started newbeam on node tsung38@localhost 

=INFO REPORT==== 2-Oct-2011::10:53:27 ===
    ts_config_server:(5:<0.1396.0>) ping tsung38@localhost pong

=INFO REPORT==== 2-Oct-2011::10:53:53 ===
    ts_config_server:(5:<0.1411.0>) started newbeam on node tsung39@localhost 

=INFO REPORT==== 2-Oct-2011::10:53:53 ===
    ts_config_server:(5:<0.1411.0>) ping tsung39@localhost pong

=INFO REPORT==== 2-Oct-2011::10:54:06 ===
    ts_config_server:(5:<0.1426.0>) started newbeam on node tsung40@localhost 

=INFO REPORT==== 2-Oct-2011::10:54:06 ===
    ts_config_server:(5:<0.1426.0>) ping tsung40@localhost pong

=INFO REPORT==== 2-Oct-2011::10:54:32 ===
    ts_config_server:(5:<0.1441.0>) started newbeam on node tsung41@localhost 

=INFO REPORT==== 2-Oct-2011::10:54:32 ===
    ts_config_server:(5:<0.1441.0>) ping tsung41@localhost pong

=INFO REPORT==== 2-Oct-2011::10:54:42 ===
    ts_config_server:(5:<0.1454.0>) started newbeam on node tsung42@localhost 

=INFO REPORT==== 2-Oct-2011::10:54:42 ===
    ts_config_server:(5:<0.1454.0>) ping tsung42@localhost pong

=INFO REPORT==== 2-Oct-2011::10:55:09 ===
    ts_config_server:(5:<0.1471.0>) started newbeam on node tsung43@localhost 

=INFO REPORT==== 2-Oct-2011::10:55:09 ===
    ts_config_server:(5:<0.1471.0>) ping tsung43@localhost pong

=INFO REPORT==== 2-Oct-2011::10:55:20 ===
    ts_config_server:(5:<0.1484.0>) started newbeam on node tsung44@localhost 

=INFO REPORT==== 2-Oct-2011::10:55:20 ===
    ts_config_server:(5:<0.1484.0>) ping tsung44@localhost pong

=INFO REPORT==== 2-Oct-2011::10:55:44 ===
    ts_config_server:(5:<0.1499.0>) started newbeam on node tsung45@localhost 

=INFO REPORT==== 2-Oct-2011::10:55:44 ===
    ts_config_server:(5:<0.1499.0>) ping tsung45@localhost pong

=INFO REPORT==== 2-Oct-2011::10:56:02 ===
    ts_config_server:(5:<0.1514.0>) started newbeam on node tsung46@localhost 

=INFO REPORT==== 2-Oct-2011::10:56:02 ===
    ts_config_server:(5:<0.1514.0>) ping tsung46@localhost pong

=INFO REPORT==== 2-Oct-2011::10:56:24 ===
    ts_config_server:(5:<0.1529.0>) started newbeam on node tsung47@localhost 

=INFO REPORT==== 2-Oct-2011::10:56:24 ===
    ts_config_server:(5:<0.1529.0>) ping tsung47@localhost pong

=INFO REPORT==== 2-Oct-2011::10:56:39 ===
    ts_config_server:(5:<0.1544.0>) started newbeam on node tsung48@localhost 

=INFO REPORT==== 2-Oct-2011::10:56:39 ===
    ts_config_server:(5:<0.1544.0>) ping tsung48@localhost pong

=INFO REPORT==== 2-Oct-2011::10:57:03 ===
    ts_config_server:(5:<0.1559.0>) started newbeam on node tsung49@localhost 

=INFO REPORT==== 2-Oct-2011::10:57:03 ===
    ts_config_server:(5:<0.1559.0>) ping tsung49@localhost pong

=INFO REPORT==== 2-Oct-2011::10:57:19 ===
    ts_config_server:(5:<0.1574.0>) started newbeam on node tsung50@localhost 

=INFO REPORT==== 2-Oct-2011::10:57:19 ===
    ts_config_server:(5:<0.1574.0>) ping tsung50@localhost pong

=INFO REPORT==== 2-Oct-2011::10:57:38 ===
    ts_config_server:(5:<0.1589.0>) started newbeam on node tsung51@localhost 

=INFO REPORT==== 2-Oct-2011::10:57:38 ===
    ts_config_server:(5:<0.1589.0>) ping tsung51@localhost pong

=INFO REPORT==== 2-Oct-2011::10:57:58 ===
    ts_config_server:(5:<0.1604.0>) started newbeam on node tsung52@localhost 

=INFO REPORT==== 2-Oct-2011::10:57:58 ===
    ts_config_server:(5:<0.1604.0>) ping tsung52@localhost pong

=INFO REPORT==== 2-Oct-2011::10:58:47 ===
    ts_config_server:(0:<0.1618.0>) Can't start newbeam on host localhost (reason: timeout) ! Aborting!

=INFO REPORT==== 2-Oct-2011::10:58:47 ===
    ts_config_server:(0:<0.52.0>) Abort ! 

=INFO REPORT==== 2-Oct-2011::10:58:47 ===
              ts_mon:(0:<0.53.0>) Aborting by request !

=INFO REPORT==== 2-Oct-2011::10:58:47 ===
              ts_mon:(5:<0.53.0>) stopping monitor (abort)
