
=INFO REPORT==== 2-Oct-2011::09:39:05 ===
  ts_launcher_static:(5:<0.60.0>) Launch msg receive ("localhost")

=INFO REPORT==== 2-Oct-2011::09:39:05 ===
         ts_launcher:(5:<0.61.0>) Launch msg receive ("localhost")

=INFO REPORT==== 2-Oct-2011::09:39:06 ===
     ts_launcher_mgr:(4:<0.56.0>) No registered processes ! syncing ...

=INFO REPORT==== 2-Oct-2011::09:39:06 ===
         ts_launcher:(5:<0.61.0>) Expected duration of first phase: 120.0 sec 

=INFO REPORT==== 2-Oct-2011::09:39:06 ===
         ts_launcher:(5:<0.61.0>) Activate launcher (120 users) in 11149 msec 

=INFO REPORT==== 2-Oct-2011::09:41:19 ===
         ts_launcher:(5:<0.61.0>) Start a new arrival phase (240 0.002); expected duration=121.90742895507813 sec

=INFO REPORT==== 2-Oct-2011::09:43:19 ===
         ts_launcher:(5:<0.61.0>) Phase duration exceeded, but not all users were launched (40 users, 16.7% of phase)

=INFO REPORT==== 2-Oct-2011::09:43:19 ===
         ts_launcher:(5:<0.61.0>) Start a new arrival phase (360 0.003); expected duration=120.17220190429687 sec

=INFO REPORT==== 2-Oct-2011::09:45:15 ===
         ts_launcher:(5:<0.61.0>) Start a new arrival phase (480 0.004); expected duration=116.5912109375 sec

=INFO REPORT==== 2-Oct-2011::09:47:15 ===
         ts_launcher:(5:<0.61.0>) Phase duration exceeded, but not all users were launched (11 users, 2.3% of phase)

=INFO REPORT==== 2-Oct-2011::09:47:15 ===
         ts_launcher:(5:<0.61.0>) Start a new arrival phase (600 0.005); expected duration=120.06955200195313 sec

=INFO REPORT==== 2-Oct-2011::09:49:15 ===
         ts_launcher:(5:<0.61.0>) Phase duration exceeded, but not all users were launched (29 users, 4.8% of phase)

=INFO REPORT==== 2-Oct-2011::09:49:15 ===
         ts_launcher:(5:<0.61.0>) Start a new arrival phase (4500 0.0075); expected duration=120.13215991210937 sec

=INFO REPORT==== 2-Oct-2011::09:59:16 ===
         ts_launcher:(5:<0.61.0>) Phase duration exceeded, but not all users were launched (94 users, 2.1% of phase)

=INFO REPORT==== 2-Oct-2011::09:59:16 ===
         ts_launcher:(5:<0.61.0>) Start a new arrival phase (6000 0.01); expected duration=600.4801608886719 sec

=INFO REPORT==== 2-Oct-2011::10:09:16 ===
         ts_launcher:(5:<0.61.0>) Phase duration exceeded, but not all users were launched (87 users, 1.4% of phase)

=INFO REPORT==== 2-Oct-2011::10:09:16 ===
         ts_launcher:(5:<0.61.0>) Start a new arrival phase (7500 0.0125); expected duration=600.0851540527344 sec

=INFO REPORT==== 2-Oct-2011::10:19:16 ===
         ts_launcher:(5:<0.61.0>) Phase duration exceeded, but not all users were launched (218 users, 2.9% of phase)

=INFO REPORT==== 2-Oct-2011::10:19:16 ===
         ts_launcher:(5:<0.61.0>) Start a new arrival phase (9000 0.015); expected duration=600.0011831054687 sec

=INFO REPORT==== 2-Oct-2011::10:29:16 ===
         ts_launcher:(5:<0.61.0>) Phase duration exceeded, but not all users were launched (172 users, 1.9% of phase)

=INFO REPORT==== 2-Oct-2011::10:29:16 ===
         ts_launcher:(5:<0.61.0>) Start a new arrival phase (10500 0.0175); expected duration=600.0233051757813 sec

=INFO REPORT==== 2-Oct-2011::10:39:16 ===
         ts_launcher:(5:<0.61.0>) Phase duration exceeded, but not all users were launched (145 users, 1.4% of phase)

=INFO REPORT==== 2-Oct-2011::10:39:16 ===
         ts_launcher:(5:<0.61.0>) Start a new arrival phase (12000 0.02); expected duration=600.0642890625 sec

=INFO REPORT==== 2-Oct-2011::10:41:20 ===
         ts_launcher:(5:<0.61.0>) Max number of concurrent clients reached, must start a new beam

=INFO REPORT==== 2-Oct-2011::10:41:20 ===
     ts_launcher_mgr:(5:<0.56.0>) Still 800 active client(s)

=INFO REPORT==== 2-Oct-2011::10:42:20 ===
     ts_launcher_mgr:(5:<0.56.0>) Still 3 active client(s)

=INFO REPORT==== 2-Oct-2011::10:43:20 ===
     ts_launcher_mgr:(5:<0.56.0>) No more active users
