
=INFO REPORT==== 8-Mar-2011::17:56:13 ===
         ts_launcher:(5:<0.61.0>) Expected duration of phase: 1521.0666666666668 sec 

=INFO REPORT==== 8-Mar-2011::17:56:13 ===
     ts_launcher_mgr:(4:<0.56.0>) No registered processes ! syncing ...

=INFO REPORT==== 8-Mar-2011::17:57:56 ===
         ts_launcher:(5:<0.61.0>) Max number of concurrent clients reached, must start a new beam

=INFO REPORT==== 8-Mar-2011::17:58:55 ===
           ts_search:(4:<0.117.0>) Dyn Var: no Match (varname=authenticity_token), 

=INFO REPORT==== 8-Mar-2011::17:58:55 ===
           ts_search:(4:<0.116.0>) Dyn Var: no Match (varname=authenticity_token), 

=INFO REPORT==== 8-Mar-2011::17:58:55 ===
           ts_search:(4:<0.133.0>) Dyn Var: no Match (varname=authenticity_token), 

=INFO REPORT==== 8-Mar-2011::17:58:56 ===
           ts_search:(4:<0.120.0>) Dyn Var: no Match (varname=authenticity_token), 

=INFO REPORT==== 8-Mar-2011::17:58:56 ===
           ts_search:(4:<0.106.0>) Dyn Var: no Match (varname=authenticity_token), 

=INFO REPORT==== 8-Mar-2011::17:58:56 ===
           ts_search:(4:<0.119.0>) Dyn Var: no Match (varname=authenticity_token), 

=INFO REPORT==== 8-Mar-2011::17:58:56 ===
           ts_search:(4:<0.121.0>) Dyn Var: no Match (varname=authenticity_token), 

=INFO REPORT==== 8-Mar-2011::17:58:56 ===
           ts_search:(4:<0.143.0>) Dyn Var: no Match (varname=authenticity_token), 

=INFO REPORT==== 8-Mar-2011::17:58:56 ===
           ts_search:(4:<0.108.0>) Dyn Var: no Match (varname=authenticity_token), 

=INFO REPORT==== 8-Mar-2011::17:58:56 ===
           ts_search:(4:<0.115.0>) Dyn Var: no Match (varname=authenticity_token), 

=INFO REPORT==== 8-Mar-2011::17:58:58 ===
           ts_search:(4:<0.159.0>) Dyn Var: no Match (varname=authenticity_token), 

=INFO REPORT==== 8-Mar-2011::17:58:58 ===
           ts_search:(4:<0.150.0>) Dyn Var: no Match (varname=authenticity_token), 

=INFO REPORT==== 8-Mar-2011::17:58:58 ===
           ts_search:(4:<0.151.0>) Dyn Var: no Match (varname=authenticity_token), 

=INFO REPORT==== 8-Mar-2011::17:58:58 ===
           ts_search:(4:<0.139.0>) Dyn Var: no Match (varname=authenticity_token), 

=INFO REPORT==== 8-Mar-2011::17:59:00 ===
           ts_search:(4:<0.146.0>) Dyn Var: no Match (varname=authenticity_token), 

=INFO REPORT==== 8-Mar-2011::17:59:01 ===
           ts_search:(4:<0.163.0>) Dyn Var: no Match (varname=authenticity_token), 

=INFO REPORT==== 8-Mar-2011::17:59:01 ===
           ts_search:(4:<0.184.0>) Dyn Var: no Match (varname=authenticity_token), 

=INFO REPORT==== 8-Mar-2011::17:59:05 ===
           ts_search:(4:<0.203.0>) Dyn Var: no Match (varname=authenticity_token), 

=INFO REPORT==== 8-Mar-2011::17:59:05 ===
           ts_search:(4:<0.191.0>) Dyn Var: no Match (varname=authenticity_token), 

=INFO REPORT==== 8-Mar-2011::17:59:05 ===
           ts_search:(4:<0.201.0>) Dyn Var: no Match (varname=authenticity_token), 

=INFO REPORT==== 8-Mar-2011::17:59:05 ===
           ts_search:(4:<0.192.0>) Dyn Var: no Match (varname=authenticity_token), 

=INFO REPORT==== 8-Mar-2011::17:59:05 ===
           ts_search:(4:<0.206.0>) Dyn Var: no Match (varname=authenticity_token), 

=INFO REPORT==== 8-Mar-2011::17:59:05 ===
           ts_search:(4:<0.209.0>) Dyn Var: no Match (varname=authenticity_token), 

=INFO REPORT==== 8-Mar-2011::17:59:07 ===
           ts_search:(4:<0.227.0>) Dyn Var: no Match (varname=authenticity_token), 

=INFO REPORT==== 8-Mar-2011::17:59:08 ===
           ts_search:(4:<0.280.0>) Dyn Var: no Match (varname=authenticity_token), 

=INFO REPORT==== 8-Mar-2011::17:59:08 ===
           ts_search:(4:<0.278.0>) Dyn Var: no Match (varname=authenticity_token), 

=INFO REPORT==== 8-Mar-2011::17:59:08 ===
           ts_search:(4:<0.259.0>) Dyn Var: no Match (varname=authenticity_token), 

=INFO REPORT==== 8-Mar-2011::17:59:10 ===
           ts_search:(4:<0.268.0>) Dyn Var: no Match (varname=authenticity_token), 

=INFO REPORT==== 8-Mar-2011::17:59:10 ===
           ts_search:(4:<0.253.0>) Dyn Var: no Match (varname=authenticity_token), 

=INFO REPORT==== 8-Mar-2011::17:59:10 ===
           ts_search:(4:<0.258.0>) Dyn Var: no Match (varname=authenticity_token), 

=INFO REPORT==== 8-Mar-2011::17:59:17 ===
           ts_search:(4:<0.320.0>) Dyn Var: no Match (varname=authenticity_token), 

=INFO REPORT==== 8-Mar-2011::17:59:18 ===
           ts_search:(4:<0.315.0>) Dyn Var: no Match (varname=authenticity_token), 

=INFO REPORT==== 8-Mar-2011::17:59:19 ===
           ts_search:(4:<0.321.0>) Dyn Var: no Match (varname=authenticity_token), 

=INFO REPORT==== 8-Mar-2011::17:59:19 ===
           ts_search:(4:<0.354.0>) Dyn Var: no Match (varname=authenticity_token), 

=INFO REPORT==== 8-Mar-2011::17:59:19 ===
           ts_search:(4:<0.336.0>) Dyn Var: no Match (varname=authenticity_token), 

=INFO REPORT==== 8-Mar-2011::17:59:19 ===
           ts_search:(4:<0.334.0>) Dyn Var: no Match (varname=authenticity_token), 

=INFO REPORT==== 8-Mar-2011::17:59:21 ===
           ts_search:(4:<0.361.0>) Dyn Var: no Match (varname=authenticity_token), 

=INFO REPORT==== 8-Mar-2011::17:59:21 ===
           ts_search:(4:<0.368.0>) Dyn Var: no Match (varname=authenticity_token), 

=INFO REPORT==== 8-Mar-2011::17:59:35 ===
           ts_search:(4:<0.382.0>) Dyn Var: no Match (varname=authenticity_token), 

=INFO REPORT==== 8-Mar-2011::17:59:35 ===
           ts_search:(4:<0.423.0>) Dyn Var: no Match (varname=authenticity_token), 

=INFO REPORT==== 8-Mar-2011::17:59:35 ===
           ts_search:(4:<0.388.0>) Dyn Var: no Match (varname=authenticity_token), 

=INFO REPORT==== 8-Mar-2011::17:59:35 ===
           ts_search:(4:<0.376.0>) Dyn Var: no Match (varname=authenticity_token), 

=INFO REPORT==== 8-Mar-2011::17:59:36 ===
           ts_search:(4:<0.408.0>) Dyn Var: no Match (varname=authenticity_token), 

=INFO REPORT==== 8-Mar-2011::17:59:36 ===
           ts_search:(4:<0.414.0>) Dyn Var: no Match (varname=authenticity_token), 

=INFO REPORT==== 8-Mar-2011::17:59:37 ===
           ts_search:(4:<0.484.0>) Dyn Var: no Match (varname=authenticity_token), 

=INFO REPORT==== 8-Mar-2011::17:59:37 ===
           ts_search:(4:<0.418.0>) Dyn Var: no Match (varname=authenticity_token), 

=INFO REPORT==== 8-Mar-2011::17:59:37 ===
           ts_search:(4:<0.463.0>) Dyn Var: no Match (varname=authenticity_token), 

=INFO REPORT==== 8-Mar-2011::17:59:37 ===
           ts_search:(4:<0.467.0>) Dyn Var: no Match (varname=authenticity_token), 

=INFO REPORT==== 8-Mar-2011::17:59:38 ===
           ts_search:(4:<0.462.0>) Dyn Var: no Match (varname=authenticity_token), 

=INFO REPORT==== 8-Mar-2011::17:59:38 ===
           ts_search:(4:<0.441.0>) Dyn Var: no Match (varname=authenticity_token), 

=INFO REPORT==== 8-Mar-2011::17:59:38 ===
           ts_search:(4:<0.455.0>) Dyn Var: no Match (varname=authenticity_token), 

=INFO REPORT==== 8-Mar-2011::17:59:38 ===
           ts_search:(4:<0.498.0>) Dyn Var: no Match (varname=authenticity_token), 

=INFO REPORT==== 8-Mar-2011::17:59:38 ===
           ts_search:(4:<0.488.0>) Dyn Var: no Match (varname=authenticity_token), 

=INFO REPORT==== 8-Mar-2011::17:59:38 ===
           ts_search:(4:<0.477.0>) Dyn Var: no Match (varname=authenticity_token), 

=INFO REPORT==== 8-Mar-2011::17:59:39 ===
           ts_search:(4:<0.502.0>) Dyn Var: no Match (varname=authenticity_token), 

=INFO REPORT==== 8-Mar-2011::17:59:39 ===
           ts_search:(4:<0.508.0>) Dyn Var: no Match (varname=authenticity_token), 

=INFO REPORT==== 8-Mar-2011::17:59:44 ===
           ts_search:(4:<0.526.0>) Dyn Var: no Match (varname=authenticity_token), 

=INFO REPORT==== 8-Mar-2011::17:59:44 ===
           ts_search:(4:<0.524.0>) Dyn Var: no Match (varname=authenticity_token), 

=INFO REPORT==== 8-Mar-2011::17:59:44 ===
           ts_search:(4:<0.518.0>) Dyn Var: no Match (varname=authenticity_token), 

=INFO REPORT==== 8-Mar-2011::17:59:44 ===
           ts_search:(4:<0.537.0>) Dyn Var: no Match (varname=authenticity_token), 

=INFO REPORT==== 8-Mar-2011::17:59:45 ===
           ts_search:(4:<0.533.0>) Dyn Var: no Match (varname=authenticity_token), 

=INFO REPORT==== 8-Mar-2011::17:59:45 ===
           ts_search:(4:<0.555.0>) Dyn Var: no Match (varname=authenticity_token), 

=INFO REPORT==== 8-Mar-2011::17:59:46 ===
           ts_search:(4:<0.563.0>) Dyn Var: no Match (varname=authenticity_token), 

=INFO REPORT==== 8-Mar-2011::17:59:46 ===
           ts_search:(4:<0.552.0>) Dyn Var: no Match (varname=authenticity_token), 

=INFO REPORT==== 8-Mar-2011::17:59:47 ===
           ts_search:(4:<0.564.0>) Dyn Var: no Match (varname=authenticity_token), 

=INFO REPORT==== 8-Mar-2011::17:59:50 ===
           ts_search:(4:<0.577.0>) Dyn Var: no Match (varname=authenticity_token), 

=INFO REPORT==== 8-Mar-2011::17:59:50 ===
           ts_search:(4:<0.573.0>) Dyn Var: no Match (varname=authenticity_token), 

=INFO REPORT==== 8-Mar-2011::17:59:51 ===
           ts_search:(4:<0.574.0>) Dyn Var: no Match (varname=authenticity_token), 

=INFO REPORT==== 8-Mar-2011::17:59:51 ===
           ts_search:(4:<0.587.0>) Dyn Var: no Match (varname=authenticity_token), 

=INFO REPORT==== 8-Mar-2011::17:59:55 ===
           ts_search:(4:<0.588.0>) Dyn Var: no Match (varname=authenticity_token), 

=INFO REPORT==== 8-Mar-2011::17:59:59 ===
           ts_search:(4:<0.590.0>) Dyn Var: no Match (varname=authenticity_token), 

=INFO REPORT==== 8-Mar-2011::18:00:01 ===
           ts_search:(4:<0.596.0>) Dyn Var: no Match (varname=authenticity_token), 

=INFO REPORT==== 8-Mar-2011::18:00:04 ===
           ts_search:(4:<0.609.0>) Dyn Var: no Match (varname=authenticity_token), 

=INFO REPORT==== 8-Mar-2011::18:00:07 ===
           ts_search:(4:<0.644.0>) Dyn Var: no Match (varname=authenticity_token), 

=INFO REPORT==== 8-Mar-2011::18:00:07 ===
           ts_search:(4:<0.639.0>) Dyn Var: no Match (varname=authenticity_token), 

=INFO REPORT==== 8-Mar-2011::18:00:07 ===
           ts_search:(4:<0.645.0>) Dyn Var: no Match (varname=authenticity_token), 

=INFO REPORT==== 8-Mar-2011::18:00:12 ===
           ts_search:(4:<0.653.0>) Dyn Var: no Match (varname=authenticity_token), 

=INFO REPORT==== 8-Mar-2011::18:00:12 ===
           ts_search:(4:<0.641.0>) Dyn Var: no Match (varname=authenticity_token), 

=INFO REPORT==== 8-Mar-2011::18:00:12 ===
           ts_search:(4:<0.654.0>) Dyn Var: no Match (varname=authenticity_token), 

=INFO REPORT==== 8-Mar-2011::18:00:12 ===
           ts_search:(4:<0.690.0>) Dyn Var: no Match (varname=authenticity_token), 

=INFO REPORT==== 8-Mar-2011::18:00:12 ===
           ts_search:(4:<0.638.0>) Dyn Var: no Match (varname=authenticity_token), 

=INFO REPORT==== 8-Mar-2011::18:00:13 ===
           ts_search:(4:<0.671.0>) Dyn Var: no Match (varname=authenticity_token), 

=INFO REPORT==== 8-Mar-2011::18:00:13 ===
           ts_search:(4:<0.680.0>) Dyn Var: no Match (varname=authenticity_token), 

=INFO REPORT==== 8-Mar-2011::18:00:13 ===
           ts_search:(4:<0.669.0>) Dyn Var: no Match (varname=authenticity_token), 

=INFO REPORT==== 8-Mar-2011::18:00:14 ===
           ts_search:(4:<0.677.0>) Dyn Var: no Match (varname=authenticity_token), 

=INFO REPORT==== 8-Mar-2011::18:00:15 ===
           ts_search:(4:<0.699.0>) Dyn Var: no Match (varname=authenticity_token), 

=INFO REPORT==== 8-Mar-2011::18:00:15 ===
           ts_search:(4:<0.702.0>) Dyn Var: no Match (varname=authenticity_token), 

=INFO REPORT==== 8-Mar-2011::18:00:16 ===
           ts_search:(4:<0.705.0>) Dyn Var: no Match (varname=authenticity_token), 

=INFO REPORT==== 8-Mar-2011::18:00:17 ===
           ts_search:(4:<0.708.0>) Dyn Var: no Match (varname=authenticity_token), 

=INFO REPORT==== 8-Mar-2011::18:00:17 ===
           ts_search:(4:<0.728.0>) Dyn Var: no Match (varname=authenticity_token), 

=INFO REPORT==== 8-Mar-2011::18:00:17 ===
           ts_search:(4:<0.731.0>) Dyn Var: no Match (varname=authenticity_token), 

=INFO REPORT==== 8-Mar-2011::18:00:17 ===
           ts_search:(4:<0.733.0>) Dyn Var: no Match (varname=authenticity_token), 

=INFO REPORT==== 8-Mar-2011::18:00:18 ===
           ts_search:(4:<0.711.0>) Dyn Var: no Match (varname=authenticity_token), 

=INFO REPORT==== 8-Mar-2011::18:00:22 ===
           ts_search:(4:<0.735.0>) Dyn Var: no Match (varname=authenticity_token), 

=INFO REPORT==== 8-Mar-2011::18:00:25 ===
           ts_search:(4:<0.785.0>) Dyn Var: no Match (varname=authenticity_token), 

=INFO REPORT==== 8-Mar-2011::18:00:25 ===
           ts_search:(4:<0.752.0>) Dyn Var: no Match (varname=authenticity_token), 

=INFO REPORT==== 8-Mar-2011::18:00:25 ===
           ts_search:(4:<0.762.0>) Dyn Var: no Match (varname=authenticity_token), 

=INFO REPORT==== 8-Mar-2011::18:00:25 ===
           ts_search:(4:<0.786.0>) Dyn Var: no Match (varname=authenticity_token), 

=INFO REPORT==== 8-Mar-2011::18:00:27 ===
           ts_search:(4:<0.787.0>) Dyn Var: no Match (varname=authenticity_token), 

=INFO REPORT==== 8-Mar-2011::18:00:31 ===
           ts_search:(4:<0.806.0>) Dyn Var: no Match (varname=authenticity_token), 

=INFO REPORT==== 8-Mar-2011::18:00:32 ===
           ts_search:(4:<0.821.0>) Dyn Var: no Match (varname=authenticity_token), 

=INFO REPORT==== 8-Mar-2011::18:00:33 ===
           ts_search:(4:<0.811.0>) Dyn Var: no Match (varname=authenticity_token), 

=INFO REPORT==== 8-Mar-2011::18:00:34 ===
           ts_search:(4:<0.819.0>) Dyn Var: no Match (varname=authenticity_token), 

=INFO REPORT==== 8-Mar-2011::18:00:34 ===
           ts_search:(4:<0.842.0>) Dyn Var: no Match (varname=authenticity_token), 

=INFO REPORT==== 8-Mar-2011::18:00:35 ===
           ts_search:(4:<0.853.0>) Dyn Var: no Match (varname=authenticity_token), 

=INFO REPORT==== 8-Mar-2011::18:00:36 ===
           ts_search:(4:<0.837.0>) Dyn Var: no Match (varname=authenticity_token), 

=INFO REPORT==== 8-Mar-2011::18:00:37 ===
           ts_search:(4:<0.869.0>) Dyn Var: no Match (varname=authenticity_token), 

=INFO REPORT==== 8-Mar-2011::18:00:39 ===
           ts_search:(4:<0.883.0>) Dyn Var: no Match (varname=authenticity_token), 

=INFO REPORT==== 8-Mar-2011::18:00:39 ===
           ts_search:(4:<0.865.0>) Dyn Var: no Match (varname=authenticity_token), 

=INFO REPORT==== 8-Mar-2011::18:00:40 ===
           ts_search:(4:<0.890.0>) Dyn Var: no Match (varname=authenticity_token), 
