
=INFO REPORT==== 8-Mar-2011::17:01:02 ===
    ts_config_server:(5:<0.52.0>) Config server started, logdir is "/home/ec2-user/.tsung/log/20110308-22:01"
 
=INFO REPORT==== 8-Mar-2011::17:01:02 ===
              ts_mon:(5:<0.51.0>) starting monitor, global 

=INFO REPORT==== 8-Mar-2011::17:01:02 ===
              ts_mon:(5:<0.53.0>) Init, log dir is "/home/ec2-user/.tsung/log/20110308-22:01"

=INFO REPORT==== 8-Mar-2011::17:01:02 ===
              ts_mon:(5:<0.53.0>) starting monitor

=INFO REPORT==== 8-Mar-2011::17:01:02 ===
        ts_stats_mon:(5:<0.51.0>) starting stats server, global 

=INFO REPORT==== 8-Mar-2011::17:01:02 ===
        ts_stats_mon:(5:<0.55.0>) starting ts_stats_mon stats server

=INFO REPORT==== 8-Mar-2011::17:01:02 ===
        ts_stats_mon:(5:<0.51.0>) starting request stats server, global 

=INFO REPORT==== 8-Mar-2011::17:01:02 ===
        ts_stats_mon:(5:<0.56.0>) starting dedicated stats server for request 

=INFO REPORT==== 8-Mar-2011::17:01:02 ===
        ts_stats_mon:(5:<0.51.0>) starting page stats server, global 

=INFO REPORT==== 8-Mar-2011::17:01:02 ===
        ts_stats_mon:(5:<0.57.0>) starting dedicated stats server for page 

=INFO REPORT==== 8-Mar-2011::17:01:02 ===
        ts_stats_mon:(5:<0.51.0>) starting connect stats server, global 

=INFO REPORT==== 8-Mar-2011::17:01:02 ===
        ts_stats_mon:(5:<0.58.0>) starting dedicated stats server for connect 

=INFO REPORT==== 8-Mar-2011::17:01:02 ===
        ts_stats_mon:(5:<0.51.0>) starting transaction stats server, global 

=INFO REPORT==== 8-Mar-2011::17:01:02 ===
        ts_stats_mon:(5:<0.59.0>) starting transaction stats server

=INFO REPORT==== 8-Mar-2011::17:01:02 ===
     ts_match_logger:(5:<0.51.0>) starting match logger, global 

=INFO REPORT==== 8-Mar-2011::17:01:02 ===
     ts_match_logger:(5:<0.60.0>) starting match logger

=INFO REPORT==== 8-Mar-2011::17:01:02 ===
     ts_match_logger:(5:<0.60.0>) starting match logger

=INFO REPORT==== 8-Mar-2011::17:01:02 ===
           ts_config:(5:<0.52.0>) Reading config file: /home/ec2-user/speedmetal/apps/rails2/redmine-1.1.1/tsung.xml

=INFO REPORT==== 8-Mar-2011::17:01:02 ===
           ts_config:(5:<0.52.0>) Session name for id 1 is "ensureproject"

=INFO REPORT==== 8-Mar-2011::17:01:02 ===
           ts_config:(5:<0.52.0>) Session type: persistent=true, bidi=false

=INFO REPORT==== 8-Mar-2011::17:01:02 ===
      ts_config_http:(5:<0.52.0>) Relative URL, single server 
=INFO REPORT==== 8-Mar-2011::17:01:02 ===
           ts_config:(5:<0.52.0>) Session name for id 2 is "browse_site"

=INFO REPORT==== 8-Mar-2011::17:01:02 ===
           ts_config:(5:<0.52.0>) Session type: persistent=true, bidi=false

=INFO REPORT==== 8-Mar-2011::17:01:02 ===
      ts_config_http:(5:<0.52.0>) Relative URL, single server 
=INFO REPORT==== 8-Mar-2011::17:01:02 ===
           ts_config:(5:<0.52.0>) Session name for id 3 is "create_issue"

=INFO REPORT==== 8-Mar-2011::17:01:02 ===
           ts_config:(5:<0.52.0>) Session type: persistent=true, bidi=false

=INFO REPORT==== 8-Mar-2011::17:01:02 ===
      ts_config_http:(5:<0.52.0>) Relative URL, single server 
=INFO REPORT==== 8-Mar-2011::17:01:02 ===
    ts_config_server:(5:<0.52.0>) SYSINFO:Erlang version: Erlang R14B01 (erts-5.8.2) [source] [64-bit] [smp:2:2] [rq:2] [async-threads:16] [kernel-poll:true]


=INFO REPORT==== 8-Mar-2011::17:01:02 ===
    ts_config_server:(5:<0.52.0>) SYSINFO:System architecture x86_64-redhat-linux-gnu

=INFO REPORT==== 8-Mar-2011::17:01:02 ===
    ts_config_server:(5:<0.52.0>) SYSINFO:Current path: /usr/lib/erlang/lib/tsung-1.3.3/ebin/tsung.beam

=INFO REPORT==== 8-Mar-2011::17:01:02 ===
    ts_os_mon_erlang:(5:<0.66.0>) starting os_mon_erlang with args {"server",
                                                                    {},10000,
                                                                    {global,
                                                                     ts_mon}}
=INFO REPORT==== 8-Mar-2011::17:01:02 ===
              ts_mon:(5:<0.53.0>) Activate clients with text backend

=INFO REPORT==== 8-Mar-2011::17:01:03 ===
    ts_config_server:(5:<0.73.0>) started newbeam on node tsung0@localhost 

=INFO REPORT==== 8-Mar-2011::17:01:03 ===
    ts_config_server:(5:<0.73.0>) ping tsung0@localhost pong

=INFO REPORT==== 8-Mar-2011::17:01:03 ===
    ts_config_server:(5:<0.76.0>) started newbeam on node tsung1@localhost 

=INFO REPORT==== 8-Mar-2011::17:01:03 ===
    ts_config_server:(5:<0.76.0>) ping tsung1@localhost pong

=INFO REPORT==== 8-Mar-2011::17:01:03 ===
    ts_config_server:(5:<0.52.0>) New arrival phase 1 for client "localhost": will start 60.0 users

=INFO REPORT==== 8-Mar-2011::17:01:03 ===
    ts_config_server:(5:<0.52.0>) New arrival phase 2 for client "localhost": will start 120.0 users

=INFO REPORT==== 8-Mar-2011::17:01:03 ===
    ts_config_server:(5:<0.52.0>) New arrival phase 3 for client "localhost": will start 180.0 users

=INFO REPORT==== 8-Mar-2011::17:01:03 ===
    ts_config_server:(5:<0.52.0>) New arrival phase 4 for client "localhost": will start 240.0 users

=INFO REPORT==== 8-Mar-2011::17:01:03 ===
    ts_config_server:(5:<0.52.0>) New arrival phase 5 for client "localhost": will start 300.0 users

=INFO REPORT==== 8-Mar-2011::17:01:03 ===
    ts_config_server:(5:<0.52.0>) New arrival phase 6 for client "localhost": will start 1050.0 users

=INFO REPORT==== 8-Mar-2011::17:01:03 ===
    ts_config_server:(5:<0.52.0>) New arrival phase 7 for client "localhost": will start 1.5e3 users

=INFO REPORT==== 8-Mar-2011::17:01:03 ===
    ts_config_server:(5:<0.52.0>) New arrival phase 8 for client "localhost": will start 2.7e4 users

=INFO REPORT==== 8-Mar-2011::17:01:03 ===
    ts_config_server:(5:<0.52.0>) New arrival phase 1 for client "localhost": will start 60.0 users

=INFO REPORT==== 8-Mar-2011::17:01:03 ===
    ts_config_server:(5:<0.52.0>) New arrival phase 2 for client "localhost": will start 120.0 users

=INFO REPORT==== 8-Mar-2011::17:01:03 ===
    ts_config_server:(5:<0.52.0>) New arrival phase 3 for client "localhost": will start 180.0 users

=INFO REPORT==== 8-Mar-2011::17:01:03 ===
    ts_config_server:(5:<0.52.0>) New arrival phase 4 for client "localhost": will start 240.0 users

=INFO REPORT==== 8-Mar-2011::17:01:03 ===
    ts_config_server:(5:<0.52.0>) New arrival phase 5 for client "localhost": will start 300.0 users

=INFO REPORT==== 8-Mar-2011::17:01:03 ===
    ts_config_server:(5:<0.52.0>) New arrival phase 6 for client "localhost": will start 1050.0 users

=INFO REPORT==== 8-Mar-2011::17:01:03 ===
    ts_config_server:(5:<0.52.0>) New arrival phase 7 for client "localhost": will start 1.5e3 users

=INFO REPORT==== 8-Mar-2011::17:01:03 ===
    ts_config_server:(5:<0.52.0>) New arrival phase 8 for client "localhost": will start 2.7e4 users

=INFO REPORT==== 8-Mar-2011::17:01:04 ===
    ts_os_mon_erlang:(5:<0.71.0>) loading tsung monitor on nodes [os_mon@server]

=INFO REPORT==== 8-Mar-2011::17:54:11 ===
    ts_config_server:(5:<0.745.0>) started newbeam on node tsung2@localhost 

=INFO REPORT==== 8-Mar-2011::17:54:11 ===
    ts_config_server:(5:<0.745.0>) ping tsung2@localhost pong

=INFO REPORT==== 8-Mar-2011::17:54:23 ===
    ts_config_server:(5:<0.759.0>) started newbeam on node tsung3@localhost 

=INFO REPORT==== 8-Mar-2011::17:54:23 ===
    ts_config_server:(5:<0.759.0>) ping tsung3@localhost pong

=INFO REPORT==== 8-Mar-2011::17:56:05 ===
    ts_config_server:(5:<0.790.0>) started newbeam on node tsung4@localhost 

=INFO REPORT==== 8-Mar-2011::17:56:05 ===
    ts_config_server:(5:<0.790.0>) ping tsung4@localhost pong

=INFO REPORT==== 8-Mar-2011::17:56:13 ===
    ts_config_server:(5:<0.803.0>) started newbeam on node tsung5@localhost 

=INFO REPORT==== 8-Mar-2011::17:56:13 ===
    ts_config_server:(5:<0.803.0>) ping tsung5@localhost pong

=INFO REPORT==== 8-Mar-2011::17:57:10 ===
              ts_mon:(5:<0.53.0>) A launcher has finished, but not all users have finished, wait before stopping

=INFO REPORT==== 8-Mar-2011::17:57:23 ===
              ts_mon:(5:<0.53.0>) A launcher has finished, but not all users have finished, wait before stopping

=INFO REPORT==== 8-Mar-2011::17:57:57 ===
    ts_config_server:(5:<0.835.0>) started newbeam on node tsung6@localhost 

=INFO REPORT==== 8-Mar-2011::17:57:57 ===
    ts_config_server:(5:<0.835.0>) ping tsung6@localhost pong

=INFO REPORT==== 8-Mar-2011::17:57:57 ===
    ts_config_server:(5:<0.839.0>) started newbeam on node tsung7@localhost 

=INFO REPORT==== 8-Mar-2011::17:57:57 ===
    ts_config_server:(5:<0.839.0>) ping tsung7@localhost pong

=INFO REPORT==== 8-Mar-2011::17:59:39 ===
    ts_config_server:(5:<0.877.0>) started newbeam on node tsung8@localhost 

=INFO REPORT==== 8-Mar-2011::17:59:39 ===
    ts_config_server:(5:<0.877.0>) ping tsung8@localhost pong

=INFO REPORT==== 8-Mar-2011::17:59:48 ===
    ts_config_server:(5:<0.890.0>) started newbeam on node tsung9@localhost 

=INFO REPORT==== 8-Mar-2011::17:59:48 ===
    ts_config_server:(5:<0.890.0>) ping tsung9@localhost pong

=INFO REPORT==== 8-Mar-2011::18:01:28 ===
    ts_config_server:(5:<0.921.0>) started newbeam on node tsung10@localhost 

=INFO REPORT==== 8-Mar-2011::18:01:28 ===
    ts_config_server:(5:<0.921.0>) ping tsung10@localhost pong

=INFO REPORT==== 8-Mar-2011::18:01:31 ===
    ts_config_server:(5:<0.932.0>) started newbeam on node tsung11@localhost 

=INFO REPORT==== 8-Mar-2011::18:01:31 ===
    ts_config_server:(5:<0.932.0>) ping tsung11@localhost pong

=INFO REPORT==== 8-Mar-2011::18:03:05 ===
    ts_config_server:(5:<0.962.0>) started newbeam on node tsung12@localhost 

=INFO REPORT==== 8-Mar-2011::18:03:05 ===
    ts_config_server:(5:<0.962.0>) ping tsung12@localhost pong

=INFO REPORT==== 8-Mar-2011::18:03:15 ===
    ts_config_server:(5:<0.975.0>) started newbeam on node tsung13@localhost 

=INFO REPORT==== 8-Mar-2011::18:03:15 ===
    ts_config_server:(5:<0.975.0>) ping tsung13@localhost pong

=INFO REPORT==== 8-Mar-2011::18:04:51 ===
    ts_config_server:(5:<0.1005.0>) started newbeam on node tsung14@localhost 

=INFO REPORT==== 8-Mar-2011::18:04:51 ===
    ts_config_server:(5:<0.1005.0>) ping tsung14@localhost pong

=INFO REPORT==== 8-Mar-2011::18:05:08 ===
    ts_config_server:(5:<0.1019.0>) started newbeam on node tsung15@localhost 

=INFO REPORT==== 8-Mar-2011::18:05:08 ===
    ts_config_server:(5:<0.1019.0>) ping tsung15@localhost pong

=INFO REPORT==== 8-Mar-2011::18:06:39 ===
    ts_config_server:(5:<0.1049.0>) started newbeam on node tsung16@localhost 

=INFO REPORT==== 8-Mar-2011::18:06:39 ===
    ts_config_server:(5:<0.1049.0>) ping tsung16@localhost pong

=INFO REPORT==== 8-Mar-2011::18:06:56 ===
    ts_config_server:(5:<0.1063.0>) started newbeam on node tsung17@localhost 

=INFO REPORT==== 8-Mar-2011::18:06:56 ===
    ts_config_server:(5:<0.1063.0>) ping tsung17@localhost pong

=INFO REPORT==== 8-Mar-2011::18:08:29 ===
    ts_config_server:(5:<0.1092.0>) started newbeam on node tsung18@localhost 

=INFO REPORT==== 8-Mar-2011::18:08:29 ===
    ts_config_server:(5:<0.1092.0>) ping tsung18@localhost pong

=INFO REPORT==== 8-Mar-2011::18:08:54 ===
    ts_config_server:(5:<0.1109.0>) started newbeam on node tsung19@localhost 

=INFO REPORT==== 8-Mar-2011::18:08:54 ===
    ts_config_server:(5:<0.1109.0>) ping tsung19@localhost pong

=INFO REPORT==== 8-Mar-2011::18:10:13 ===
    ts_config_server:(5:<0.1135.0>) started newbeam on node tsung20@localhost 

=INFO REPORT==== 8-Mar-2011::18:10:13 ===
    ts_config_server:(5:<0.1135.0>) ping tsung20@localhost pong

=INFO REPORT==== 8-Mar-2011::18:10:44 ===
    ts_config_server:(5:<0.1153.0>) started newbeam on node tsung21@localhost 

=INFO REPORT==== 8-Mar-2011::18:10:44 ===
    ts_config_server:(5:<0.1153.0>) ping tsung21@localhost pong

=INFO REPORT==== 8-Mar-2011::18:12:03 ===
    ts_config_server:(5:<0.1179.0>) started newbeam on node tsung22@localhost 

=INFO REPORT==== 8-Mar-2011::18:12:03 ===
    ts_config_server:(5:<0.1179.0>) ping tsung22@localhost pong

=INFO REPORT==== 8-Mar-2011::18:12:35 ===
    ts_config_server:(5:<0.1197.0>) started newbeam on node tsung23@localhost 

=INFO REPORT==== 8-Mar-2011::18:12:35 ===
    ts_config_server:(5:<0.1197.0>) ping tsung23@localhost pong

=INFO REPORT==== 8-Mar-2011::18:13:57 ===
    ts_config_server:(5:<0.1224.0>) started newbeam on node tsung24@localhost 

=INFO REPORT==== 8-Mar-2011::18:13:57 ===
    ts_config_server:(5:<0.1224.0>) ping tsung24@localhost pong

=INFO REPORT==== 8-Mar-2011::18:14:26 ===
    ts_config_server:(5:<0.1241.0>) started newbeam on node tsung25@localhost 

=INFO REPORT==== 8-Mar-2011::18:14:26 ===
    ts_config_server:(5:<0.1241.0>) ping tsung25@localhost pong
