
=INFO REPORT==== 8-Mar-2011::17:57:57 ===
         ts_launcher:(5:<0.61.0>) Expected duration of phase: 1395.6 sec 

=INFO REPORT==== 8-Mar-2011::17:57:57 ===
     ts_launcher_mgr:(4:<0.56.0>) No registered processes ! syncing ...

=INFO REPORT==== 8-Mar-2011::17:59:48 ===
         ts_launcher:(5:<0.61.0>) Max number of concurrent clients reached, must start a new beam

=INFO REPORT==== 8-Mar-2011::18:00:41 ===
           ts_search:(4:<0.100.0>) Dyn Var: no Match (varname=authenticity_token), 

=INFO REPORT==== 8-Mar-2011::18:00:42 ===
           ts_search:(4:<0.91.0>) Dyn Var: no Match (varname=authenticity_token), 

=INFO REPORT==== 8-Mar-2011::18:00:43 ===
           ts_search:(4:<0.107.0>) Dyn Var: no Match (varname=authenticity_token), 

=INFO REPORT==== 8-Mar-2011::18:00:47 ===
           ts_search:(4:<0.139.0>) Dyn Var: no Match (varname=authenticity_token), 

=INFO REPORT==== 8-Mar-2011::18:00:47 ===
           ts_search:(4:<0.137.0>) Dyn Var: no Match (varname=authenticity_token), 

=INFO REPORT==== 8-Mar-2011::18:00:47 ===
           ts_search:(4:<0.132.0>) Dyn Var: no Match (varname=authenticity_token), 

=INFO REPORT==== 8-Mar-2011::18:00:48 ===
           ts_search:(4:<0.114.0>) Dyn Var: no Match (varname=authenticity_token), 

=INFO REPORT==== 8-Mar-2011::18:00:49 ===
           ts_search:(4:<0.143.0>) Dyn Var: no Match (varname=authenticity_token), 

=INFO REPORT==== 8-Mar-2011::18:00:49 ===
           ts_search:(4:<0.124.0>) Dyn Var: no Match (varname=authenticity_token), 

=INFO REPORT==== 8-Mar-2011::18:00:51 ===
           ts_search:(4:<0.165.0>) Dyn Var: no Match (varname=authenticity_token), 

=INFO REPORT==== 8-Mar-2011::18:00:53 ===
           ts_search:(4:<0.201.0>) Dyn Var: no Match (varname=authenticity_token), 

=INFO REPORT==== 8-Mar-2011::18:00:53 ===
           ts_search:(4:<0.191.0>) Dyn Var: no Match (varname=authenticity_token), 

=INFO REPORT==== 8-Mar-2011::18:00:53 ===
           ts_search:(4:<0.194.0>) Dyn Var: no Match (varname=authenticity_token), 

=INFO REPORT==== 8-Mar-2011::18:00:53 ===
           ts_search:(4:<0.198.0>) Dyn Var: no Match (varname=authenticity_token), 

=INFO REPORT==== 8-Mar-2011::18:00:53 ===
           ts_search:(4:<0.189.0>) Dyn Var: no Match (varname=authenticity_token), 

=INFO REPORT==== 8-Mar-2011::18:00:54 ===
           ts_search:(4:<0.176.0>) Dyn Var: no Match (varname=authenticity_token), 

=INFO REPORT==== 8-Mar-2011::18:00:54 ===
           ts_search:(4:<0.192.0>) Dyn Var: no Match (varname=authenticity_token), 

=INFO REPORT==== 8-Mar-2011::18:00:55 ===
           ts_search:(4:<0.208.0>) Dyn Var: no Match (varname=authenticity_token), 

=INFO REPORT==== 8-Mar-2011::18:00:56 ===
           ts_search:(4:<0.179.0>) Dyn Var: no Match (varname=authenticity_token), 

=INFO REPORT==== 8-Mar-2011::18:01:00 ===
           ts_search:(4:<0.234.0>) Dyn Var: no Match (varname=authenticity_token), 

=INFO REPORT==== 8-Mar-2011::18:01:01 ===
           ts_search:(4:<0.225.0>) Dyn Var: no Match (varname=authenticity_token), 

=INFO REPORT==== 8-Mar-2011::18:01:01 ===
           ts_search:(4:<0.238.0>) Dyn Var: no Match (varname=authenticity_token), 

=INFO REPORT==== 8-Mar-2011::18:01:01 ===
           ts_search:(4:<0.237.0>) Dyn Var: no Match (varname=authenticity_token), 

=INFO REPORT==== 8-Mar-2011::18:01:01 ===
           ts_search:(4:<0.241.0>) Dyn Var: no Match (varname=authenticity_token), 

=INFO REPORT==== 8-Mar-2011::18:01:01 ===
           ts_search:(4:<0.243.0>) Dyn Var: no Match (varname=authenticity_token), 

=INFO REPORT==== 8-Mar-2011::18:01:01 ===
           ts_search:(4:<0.228.0>) Dyn Var: no Match (varname=authenticity_token), 

=INFO REPORT==== 8-Mar-2011::18:01:08 ===
           ts_search:(4:<0.291.0>) Dyn Var: no Match (varname=authenticity_token), 

=INFO REPORT==== 8-Mar-2011::18:01:08 ===
           ts_search:(4:<0.276.0>) Dyn Var: no Match (varname=authenticity_token), 

=INFO REPORT==== 8-Mar-2011::18:01:08 ===
           ts_search:(4:<0.288.0>) Dyn Var: no Match (varname=authenticity_token), 

=INFO REPORT==== 8-Mar-2011::18:01:09 ===
           ts_search:(4:<0.329.0>) Dyn Var: no Match (varname=authenticity_token), 

=INFO REPORT==== 8-Mar-2011::18:01:09 ===
           ts_search:(4:<0.333.0>) Dyn Var: no Match (varname=authenticity_token), 

=INFO REPORT==== 8-Mar-2011::18:01:10 ===
           ts_search:(4:<0.274.0>) Dyn Var: no Match (varname=authenticity_token), 

=INFO REPORT==== 8-Mar-2011::18:01:10 ===
           ts_search:(4:<0.254.0>) Dyn Var: no Match (varname=authenticity_token), 

=INFO REPORT==== 8-Mar-2011::18:01:10 ===
           ts_search:(4:<0.282.0>) Dyn Var: no Match (varname=authenticity_token), 

=INFO REPORT==== 8-Mar-2011::18:01:10 ===
           ts_search:(4:<0.326.0>) Dyn Var: no Match (varname=authenticity_token), 

=INFO REPORT==== 8-Mar-2011::18:01:10 ===
           ts_search:(4:<0.275.0>) Dyn Var: no Match (varname=authenticity_token), 

=INFO REPORT==== 8-Mar-2011::18:01:10 ===
           ts_search:(4:<0.339.0>) Dyn Var: no Match (varname=authenticity_token), 

=INFO REPORT==== 8-Mar-2011::18:01:10 ===
           ts_search:(4:<0.308.0>) Dyn Var: no Match (varname=authenticity_token), 

=INFO REPORT==== 8-Mar-2011::18:01:11 ===
           ts_search:(4:<0.350.0>) Dyn Var: no Match (varname=authenticity_token), 

=INFO REPORT==== 8-Mar-2011::18:01:15 ===
           ts_search:(4:<0.356.0>) Dyn Var: no Match (varname=authenticity_token), 

=INFO REPORT==== 8-Mar-2011::18:01:16 ===
           ts_search:(4:<0.378.0>) Dyn Var: no Match (varname=authenticity_token), 

=INFO REPORT==== 8-Mar-2011::18:01:16 ===
           ts_search:(4:<0.363.0>) Dyn Var: no Match (varname=authenticity_token), 

=INFO REPORT==== 8-Mar-2011::18:01:18 ===
           ts_search:(4:<0.380.0>) Dyn Var: no Match (varname=authenticity_token), 

=INFO REPORT==== 8-Mar-2011::18:01:18 ===
           ts_search:(4:<0.377.0>) Dyn Var: no Match (varname=authenticity_token), 

=INFO REPORT==== 8-Mar-2011::18:01:20 ===
           ts_search:(4:<0.404.0>) Dyn Var: no Match (varname=authenticity_token), 

=INFO REPORT==== 8-Mar-2011::18:01:21 ===
           ts_search:(4:<0.408.0>) Dyn Var: no Match (varname=authenticity_token), 

=INFO REPORT==== 8-Mar-2011::18:01:21 ===
           ts_search:(4:<0.412.0>) Dyn Var: no Match (varname=authenticity_token), 

=INFO REPORT==== 8-Mar-2011::18:01:21 ===
           ts_search:(4:<0.410.0>) Dyn Var: no Match (varname=authenticity_token), 

=INFO REPORT==== 8-Mar-2011::18:01:23 ===
           ts_search:(4:<0.424.0>) Dyn Var: no Match (varname=authenticity_token), 

=INFO REPORT==== 8-Mar-2011::18:01:23 ===
           ts_search:(4:<0.437.0>) Dyn Var: no Match (varname=authenticity_token), 

=INFO REPORT==== 8-Mar-2011::18:01:23 ===
           ts_search:(4:<0.429.0>) Dyn Var: no Match (varname=authenticity_token), 

=INFO REPORT==== 8-Mar-2011::18:01:23 ===
           ts_search:(4:<0.428.0>) Dyn Var: no Match (varname=authenticity_token), 

=INFO REPORT==== 8-Mar-2011::18:01:23 ===
           ts_search:(4:<0.438.0>) Dyn Var: no Match (varname=authenticity_token), 

=INFO REPORT==== 8-Mar-2011::18:01:23 ===
           ts_search:(4:<0.420.0>) Dyn Var: no Match (varname=authenticity_token), 

=INFO REPORT==== 8-Mar-2011::18:01:24 ===
           ts_search:(4:<0.443.0>) Dyn Var: no Match (varname=authenticity_token), 

=INFO REPORT==== 8-Mar-2011::18:01:28 ===
           ts_search:(4:<0.453.0>) Dyn Var: no Match (varname=authenticity_token), 

=INFO REPORT==== 8-Mar-2011::18:01:37 ===
           ts_search:(4:<0.458.0>) Dyn Var: no Match (varname=authenticity_token), 

=INFO REPORT==== 8-Mar-2011::18:01:38 ===
           ts_search:(4:<0.461.0>) Dyn Var: no Match (varname=authenticity_token), 

=INFO REPORT==== 8-Mar-2011::18:01:41 ===
           ts_search:(4:<0.462.0>) Dyn Var: no Match (varname=authenticity_token), 

=INFO REPORT==== 8-Mar-2011::18:01:41 ===
           ts_search:(4:<0.460.0>) Dyn Var: no Match (varname=authenticity_token), 

=INFO REPORT==== 8-Mar-2011::18:01:41 ===
           ts_search:(4:<0.474.0>) Dyn Var: no Match (varname=authenticity_token), 

=INFO REPORT==== 8-Mar-2011::18:01:41 ===
           ts_search:(4:<0.481.0>) Dyn Var: no Match (varname=authenticity_token), 

=INFO REPORT==== 8-Mar-2011::18:01:45 ===
           ts_search:(4:<0.509.0>) Dyn Var: no Match (varname=authenticity_token), 

=INFO REPORT==== 8-Mar-2011::18:01:46 ===
           ts_search:(4:<0.521.0>) Dyn Var: no Match (varname=authenticity_token), 

=INFO REPORT==== 8-Mar-2011::18:01:46 ===
           ts_search:(4:<0.497.0>) Dyn Var: no Match (varname=authenticity_token), 

=INFO REPORT==== 8-Mar-2011::18:01:46 ===
           ts_search:(4:<0.489.0>) Dyn Var: no Match (varname=authenticity_token), 

=INFO REPORT==== 8-Mar-2011::18:01:48 ===
           ts_search:(4:<0.540.0>) Dyn Var: no Match (varname=authenticity_token), 

=INFO REPORT==== 8-Mar-2011::18:01:48 ===
           ts_search:(4:<0.527.0>) Dyn Var: no Match (varname=authenticity_token), 

=INFO REPORT==== 8-Mar-2011::18:01:48 ===
           ts_search:(4:<0.519.0>) Dyn Var: no Match (varname=authenticity_token), 

=INFO REPORT==== 8-Mar-2011::18:01:48 ===
           ts_search:(4:<0.535.0>) Dyn Var: no Match (varname=authenticity_token), 

=INFO REPORT==== 8-Mar-2011::18:01:48 ===
           ts_search:(4:<0.520.0>) Dyn Var: no Match (varname=authenticity_token), 

=INFO REPORT==== 8-Mar-2011::18:01:48 ===
           ts_search:(4:<0.530.0>) Dyn Var: no Match (varname=authenticity_token), 

=INFO REPORT==== 8-Mar-2011::18:01:48 ===
           ts_search:(4:<0.533.0>) Dyn Var: no Match (varname=authenticity_token), 

=INFO REPORT==== 8-Mar-2011::18:01:48 ===
           ts_search:(4:<0.534.0>) Dyn Var: no Match (varname=authenticity_token), 

=INFO REPORT==== 8-Mar-2011::18:01:54 ===
           ts_search:(4:<0.561.0>) Dyn Var: no Match (varname=authenticity_token), 

=INFO REPORT==== 8-Mar-2011::18:01:54 ===
           ts_search:(4:<0.583.0>) Dyn Var: no Match (varname=authenticity_token), 

=INFO REPORT==== 8-Mar-2011::18:01:54 ===
           ts_search:(4:<0.597.0>) Dyn Var: no Match (varname=authenticity_token), 

=INFO REPORT==== 8-Mar-2011::18:01:54 ===
           ts_search:(4:<0.575.0>) Dyn Var: no Match (varname=authenticity_token), 

=INFO REPORT==== 8-Mar-2011::18:01:54 ===
           ts_search:(4:<0.560.0>) Dyn Var: no Match (varname=authenticity_token), 

=INFO REPORT==== 8-Mar-2011::18:01:54 ===
           ts_search:(4:<0.596.0>) Dyn Var: no Match (varname=authenticity_token), 

=INFO REPORT==== 8-Mar-2011::18:01:54 ===
           ts_search:(4:<0.563.0>) Dyn Var: no Match (varname=authenticity_token), 

=INFO REPORT==== 8-Mar-2011::18:01:55 ===
           ts_search:(4:<0.587.0>) Dyn Var: no Match (varname=authenticity_token), 

=INFO REPORT==== 8-Mar-2011::18:01:56 ===
           ts_search:(4:<0.609.0>) Dyn Var: no Match (varname=authenticity_token), 

=INFO REPORT==== 8-Mar-2011::18:01:57 ===
           ts_search:(4:<0.602.0>) Dyn Var: no Match (varname=authenticity_token), 

=INFO REPORT==== 8-Mar-2011::18:01:58 ===
           ts_search:(4:<0.598.0>) Dyn Var: no Match (varname=authenticity_token), 

=INFO REPORT==== 8-Mar-2011::18:01:58 ===
           ts_search:(4:<0.608.0>) Dyn Var: no Match (varname=authenticity_token), 

=INFO REPORT==== 8-Mar-2011::18:01:59 ===
           ts_search:(4:<0.622.0>) Dyn Var: no Match (varname=authenticity_token), 

=INFO REPORT==== 8-Mar-2011::18:01:59 ===
           ts_search:(4:<0.621.0>) Dyn Var: no Match (varname=authenticity_token), 

=INFO REPORT==== 8-Mar-2011::18:02:01 ===
           ts_search:(4:<0.635.0>) Dyn Var: no Match (varname=authenticity_token), 

=INFO REPORT==== 8-Mar-2011::18:02:01 ===
           ts_search:(4:<0.628.0>) Dyn Var: no Match (varname=authenticity_token), 

=INFO REPORT==== 8-Mar-2011::18:02:02 ===
           ts_search:(4:<0.625.0>) Dyn Var: no Match (varname=authenticity_token), 

=INFO REPORT==== 8-Mar-2011::18:02:04 ===
           ts_search:(4:<0.657.0>) Dyn Var: no Match (varname=authenticity_token), 

=INFO REPORT==== 8-Mar-2011::18:02:04 ===
           ts_search:(4:<0.649.0>) Dyn Var: no Match (varname=authenticity_token), 

=INFO REPORT==== 8-Mar-2011::18:02:04 ===
           ts_search:(4:<0.654.0>) Dyn Var: no Match (varname=authenticity_token), 

=INFO REPORT==== 8-Mar-2011::18:02:04 ===
           ts_search:(4:<0.645.0>) Dyn Var: no Match (varname=authenticity_token), 

=INFO REPORT==== 8-Mar-2011::18:02:04 ===
           ts_search:(4:<0.646.0>) Dyn Var: no Match (varname=authenticity_token), 

=INFO REPORT==== 8-Mar-2011::18:02:04 ===
           ts_search:(4:<0.658.0>) Dyn Var: no Match (varname=authenticity_token), 

=INFO REPORT==== 8-Mar-2011::18:02:10 ===
           ts_search:(4:<0.671.0>) Dyn Var: no Match (varname=authenticity_token), 

=INFO REPORT==== 8-Mar-2011::18:02:14 ===
           ts_search:(4:<0.709.0>) Dyn Var: no Match (varname=authenticity_token), 

=INFO REPORT==== 8-Mar-2011::18:02:14 ===
           ts_search:(4:<0.695.0>) Dyn Var: no Match (varname=authenticity_token), 

=INFO REPORT==== 8-Mar-2011::18:02:14 ===
           ts_search:(4:<0.693.0>) Dyn Var: no Match (varname=authenticity_token), 

=INFO REPORT==== 8-Mar-2011::18:02:14 ===
           ts_search:(4:<0.690.0>) Dyn Var: no Match (varname=authenticity_token), 

=INFO REPORT==== 8-Mar-2011::18:02:15 ===
           ts_search:(4:<0.692.0>) Dyn Var: no Match (varname=authenticity_token), 

=INFO REPORT==== 8-Mar-2011::18:02:16 ===
           ts_search:(4:<0.723.0>) Dyn Var: no Match (varname=authenticity_token), 

=INFO REPORT==== 8-Mar-2011::18:02:16 ===
           ts_search:(4:<0.712.0>) Dyn Var: no Match (varname=authenticity_token), 

=INFO REPORT==== 8-Mar-2011::18:02:16 ===
           ts_search:(4:<0.717.0>) Dyn Var: no Match (varname=authenticity_token), 

=INFO REPORT==== 8-Mar-2011::18:02:17 ===
           ts_search:(4:<0.713.0>) Dyn Var: no Match (varname=authenticity_token), 

=INFO REPORT==== 8-Mar-2011::18:02:17 ===
           ts_search:(4:<0.714.0>) Dyn Var: no Match (varname=authenticity_token), 

=INFO REPORT==== 8-Mar-2011::18:02:19 ===
           ts_search:(4:<0.737.0>) Dyn Var: no Match (varname=authenticity_token), 

=INFO REPORT==== 8-Mar-2011::18:02:20 ===
           ts_search:(4:<0.742.0>) Dyn Var: no Match (varname=authenticity_token), 

=INFO REPORT==== 8-Mar-2011::18:02:20 ===
           ts_search:(4:<0.727.0>) Dyn Var: no Match (varname=authenticity_token), 

=INFO REPORT==== 8-Mar-2011::18:02:21 ===
           ts_search:(4:<0.726.0>) Dyn Var: no Match (varname=authenticity_token), 

=INFO REPORT==== 8-Mar-2011::18:02:21 ===
           ts_search:(4:<0.740.0>) Dyn Var: no Match (varname=authenticity_token), 

=INFO REPORT==== 8-Mar-2011::18:02:21 ===
           ts_search:(4:<0.736.0>) Dyn Var: no Match (varname=authenticity_token), 

=INFO REPORT==== 8-Mar-2011::18:02:25 ===
           ts_search:(4:<0.787.0>) Dyn Var: no Match (varname=authenticity_token), 

=INFO REPORT==== 8-Mar-2011::18:02:25 ===
           ts_search:(4:<0.795.0>) Dyn Var: no Match (varname=authenticity_token), 

=INFO REPORT==== 8-Mar-2011::18:02:26 ===
           ts_search:(4:<0.750.0>) Dyn Var: no Match (varname=authenticity_token), 

=INFO REPORT==== 8-Mar-2011::18:02:26 ===
           ts_search:(4:<0.775.0>) Dyn Var: no Match (varname=authenticity_token), 

=INFO REPORT==== 8-Mar-2011::18:02:26 ===
           ts_search:(4:<0.763.0>) Dyn Var: no Match (varname=authenticity_token), 

=INFO REPORT==== 8-Mar-2011::18:02:27 ===
           ts_search:(4:<0.784.0>) Dyn Var: no Match (varname=authenticity_token), 

=INFO REPORT==== 8-Mar-2011::18:02:27 ===
           ts_search:(4:<0.794.0>) Dyn Var: no Match (varname=authenticity_token), 

=INFO REPORT==== 8-Mar-2011::18:02:27 ===
           ts_search:(4:<0.771.0>) Dyn Var: no Match (varname=authenticity_token), 

=INFO REPORT==== 8-Mar-2011::18:02:27 ===
           ts_search:(4:<0.785.0>) Dyn Var: no Match (varname=authenticity_token), 

=INFO REPORT==== 8-Mar-2011::18:02:27 ===
           ts_search:(4:<0.752.0>) Dyn Var: no Match (varname=authenticity_token), 

=INFO REPORT==== 8-Mar-2011::18:02:28 ===
           ts_search:(4:<0.792.0>) Dyn Var: no Match (varname=authenticity_token), 

=INFO REPORT==== 8-Mar-2011::18:02:29 ===
           ts_search:(4:<0.800.0>) Dyn Var: no Match (varname=authenticity_token), 

=INFO REPORT==== 8-Mar-2011::18:02:33 ===
           ts_search:(4:<0.821.0>) Dyn Var: no Match (varname=authenticity_token), 

=INFO REPORT==== 8-Mar-2011::18:02:33 ===
           ts_search:(4:<0.798.0>) Dyn Var: no Match (varname=authenticity_token), 

=INFO REPORT==== 8-Mar-2011::18:02:33 ===
           ts_search:(4:<0.810.0>) Dyn Var: no Match (varname=authenticity_token), 

=INFO REPORT==== 8-Mar-2011::18:02:33 ===
           ts_search:(4:<0.819.0>) Dyn Var: no Match (varname=authenticity_token), 

=INFO REPORT==== 8-Mar-2011::18:02:33 ===
           ts_search:(4:<0.808.0>) Dyn Var: no Match (varname=authenticity_token), 

=INFO REPORT==== 8-Mar-2011::18:02:33 ===
           ts_search:(4:<0.804.0>) Dyn Var: no Match (varname=authenticity_token), 

=INFO REPORT==== 8-Mar-2011::18:02:33 ===
           ts_search:(4:<0.838.0>) Dyn Var: no Match (varname=authenticity_token), 

=INFO REPORT==== 8-Mar-2011::18:02:33 ===
           ts_search:(4:<0.805.0>) Dyn Var: no Match (varname=authenticity_token), 

=INFO REPORT==== 8-Mar-2011::18:02:36 ===
           ts_search:(4:<0.869.0>) Dyn Var: no Match (varname=authenticity_token), 

=INFO REPORT==== 8-Mar-2011::18:02:36 ===
           ts_search:(4:<0.857.0>) Dyn Var: no Match (varname=authenticity_token), 

=INFO REPORT==== 8-Mar-2011::18:02:36 ===
           ts_search:(4:<0.842.0>) Dyn Var: no Match (varname=authenticity_token), 

=INFO REPORT==== 8-Mar-2011::18:02:37 ===
           ts_search:(4:<0.851.0>) Dyn Var: no Match (varname=authenticity_token), 

=INFO REPORT==== 8-Mar-2011::18:02:37 ===
           ts_search:(4:<0.867.0>) Dyn Var: no Match (varname=authenticity_token), 

=INFO REPORT==== 8-Mar-2011::18:02:38 ===
           ts_search:(4:<0.866.0>) Dyn Var: no Match (varname=authenticity_token), 

=INFO REPORT==== 8-Mar-2011::18:02:38 ===
           ts_search:(4:<0.889.0>) Dyn Var: no Match (varname=authenticity_token), 

=INFO REPORT==== 8-Mar-2011::18:02:38 ===
           ts_search:(4:<0.871.0>) Dyn Var: no Match (varname=authenticity_token), 

=INFO REPORT==== 8-Mar-2011::18:02:38 ===
           ts_search:(4:<0.860.0>) Dyn Var: no Match (varname=authenticity_token), 

=INFO REPORT==== 8-Mar-2011::18:02:39 ===
           ts_search:(4:<0.875.0>) Dyn Var: no Match (varname=authenticity_token), 
