
=INFO REPORT==== 8-Mar-2011::18:10:13 ===
         ts_launcher:(5:<0.61.0>) Expected duration of phase: 648.0 sec 

=INFO REPORT==== 8-Mar-2011::18:10:13 ===
     ts_launcher_mgr:(4:<0.56.0>) No registered processes ! syncing ...

=INFO REPORT==== 8-Mar-2011::18:12:02 ===
         ts_launcher:(5:<0.61.0>) Max number of concurrent clients reached, must start a new beam

=INFO REPORT==== 8-Mar-2011::18:14:53 ===
           ts_search:(4:<0.130.0>) Dyn Var: no Match (varname=authenticity_token), 

=INFO REPORT==== 8-Mar-2011::18:14:54 ===
           ts_search:(4:<0.131.0>) Dyn Var: no Match (varname=authenticity_token), 

=INFO REPORT==== 8-Mar-2011::18:14:56 ===
           ts_search:(4:<0.161.0>) Dyn Var: no Match (varname=authenticity_token), 

=INFO REPORT==== 8-Mar-2011::18:14:57 ===
           ts_search:(4:<0.154.0>) Dyn Var: no Match (varname=authenticity_token), 

=INFO REPORT==== 8-Mar-2011::18:14:57 ===
           ts_search:(4:<0.155.0>) Dyn Var: no Match (varname=authenticity_token), 

=INFO REPORT==== 8-Mar-2011::18:15:03 ===
           ts_search:(4:<0.194.0>) Dyn Var: no Match (varname=authenticity_token), 

=INFO REPORT==== 8-Mar-2011::18:15:04 ===
           ts_search:(4:<0.190.0>) Dyn Var: no Match (varname=authenticity_token), 

=INFO REPORT==== 8-Mar-2011::18:15:04 ===
           ts_search:(4:<0.201.0>) Dyn Var: no Match (varname=authenticity_token), 

=INFO REPORT==== 8-Mar-2011::18:15:17 ===
           ts_search:(4:<0.250.0>) Dyn Var: no Match (varname=authenticity_token), 

=INFO REPORT==== 8-Mar-2011::18:15:17 ===
           ts_search:(4:<0.264.0>) Dyn Var: no Match (varname=authenticity_token), 

=INFO REPORT==== 8-Mar-2011::18:15:17 ===
           ts_search:(4:<0.220.0>) Dyn Var: no Match (varname=authenticity_token), 

=INFO REPORT==== 8-Mar-2011::18:15:17 ===
           ts_search:(4:<0.231.0>) Dyn Var: no Match (varname=authenticity_token), 

=INFO REPORT==== 8-Mar-2011::18:15:17 ===
           ts_search:(4:<0.256.0>) Dyn Var: no Match (varname=authenticity_token), 

=INFO REPORT==== 8-Mar-2011::18:15:17 ===
           ts_search:(4:<0.244.0>) Dyn Var: no Match (varname=authenticity_token), 

=INFO REPORT==== 8-Mar-2011::18:15:17 ===
           ts_search:(4:<0.260.0>) Dyn Var: no Match (varname=authenticity_token), 

=INFO REPORT==== 8-Mar-2011::18:15:17 ===
           ts_search:(4:<0.271.0>) Dyn Var: no Match (varname=authenticity_token), 

=INFO REPORT==== 8-Mar-2011::18:15:17 ===
           ts_search:(4:<0.270.0>) Dyn Var: no Match (varname=authenticity_token), 

=INFO REPORT==== 8-Mar-2011::18:15:17 ===
           ts_search:(4:<0.263.0>) Dyn Var: no Match (varname=authenticity_token), 

=INFO REPORT==== 8-Mar-2011::18:15:17 ===
           ts_search:(4:<0.241.0>) Dyn Var: no Match (varname=authenticity_token), 

=INFO REPORT==== 8-Mar-2011::18:15:17 ===
           ts_search:(4:<0.281.0>) Dyn Var: no Match (varname=authenticity_token), 

=INFO REPORT==== 8-Mar-2011::18:15:19 ===
           ts_search:(4:<0.293.0>) Dyn Var: no Match (varname=authenticity_token), 

=INFO REPORT==== 8-Mar-2011::18:15:19 ===
           ts_search:(4:<0.303.0>) Dyn Var: no Match (varname=authenticity_token), 

=INFO REPORT==== 8-Mar-2011::18:15:20 ===
           ts_search:(4:<0.305.0>) Dyn Var: no Match (varname=authenticity_token), 
