
=INFO REPORT==== 8-Mar-2011::17:59:48 ===
         ts_launcher:(5:<0.61.0>) Expected duration of phase: 1288.8 sec 

=INFO REPORT==== 8-Mar-2011::17:59:48 ===
     ts_launcher_mgr:(4:<0.56.0>) No registered processes ! syncing ...

=INFO REPORT==== 8-Mar-2011::18:01:27 ===
         ts_launcher:(5:<0.61.0>) Max number of concurrent clients reached, must start a new beam

=INFO REPORT==== 8-Mar-2011::18:02:39 ===
           ts_search:(4:<0.104.0>) Dyn Var: no Match (varname=authenticity_token), 

=INFO REPORT==== 8-Mar-2011::18:02:40 ===
           ts_search:(4:<0.103.0>) Dyn Var: no Match (varname=authenticity_token), 

=INFO REPORT==== 8-Mar-2011::18:02:43 ===
           ts_search:(4:<0.138.0>) Dyn Var: no Match (varname=authenticity_token), 

=INFO REPORT==== 8-Mar-2011::18:02:43 ===
           ts_search:(4:<0.114.0>) Dyn Var: no Match (varname=authenticity_token), 

=INFO REPORT==== 8-Mar-2011::18:02:44 ===
           ts_search:(4:<0.167.0>) Dyn Var: no Match (varname=authenticity_token), 

=INFO REPORT==== 8-Mar-2011::18:02:44 ===
           ts_search:(4:<0.141.0>) Dyn Var: no Match (varname=authenticity_token), 

=INFO REPORT==== 8-Mar-2011::18:02:44 ===
           ts_search:(4:<0.134.0>) Dyn Var: no Match (varname=authenticity_token), 

=INFO REPORT==== 8-Mar-2011::18:02:44 ===
           ts_search:(4:<0.145.0>) Dyn Var: no Match (varname=authenticity_token), 

=INFO REPORT==== 8-Mar-2011::18:02:44 ===
           ts_search:(4:<0.169.0>) Dyn Var: no Match (varname=authenticity_token), 

=INFO REPORT==== 8-Mar-2011::18:02:50 ===
           ts_search:(4:<0.173.0>) Dyn Var: no Match (varname=authenticity_token), 

=INFO REPORT==== 8-Mar-2011::18:02:50 ===
           ts_search:(4:<0.170.0>) Dyn Var: no Match (varname=authenticity_token), 

=INFO REPORT==== 8-Mar-2011::18:02:50 ===
           ts_search:(4:<0.166.0>) Dyn Var: no Match (varname=authenticity_token), 

=INFO REPORT==== 8-Mar-2011::18:02:54 ===
           ts_search:(4:<0.179.0>) Dyn Var: no Match (varname=authenticity_token), 

=INFO REPORT==== 8-Mar-2011::18:02:56 ===
           ts_search:(4:<0.227.0>) Dyn Var: no Match (varname=authenticity_token), 

=INFO REPORT==== 8-Mar-2011::18:02:56 ===
           ts_search:(4:<0.222.0>) Dyn Var: no Match (varname=authenticity_token), 

=INFO REPORT==== 8-Mar-2011::18:02:56 ===
           ts_search:(4:<0.238.0>) Dyn Var: no Match (varname=authenticity_token), 

=INFO REPORT==== 8-Mar-2011::18:02:57 ===
           ts_search:(4:<0.219.0>) Dyn Var: no Match (varname=authenticity_token), 

=INFO REPORT==== 8-Mar-2011::18:02:57 ===
           ts_search:(4:<0.216.0>) Dyn Var: no Match (varname=authenticity_token), 

=INFO REPORT==== 8-Mar-2011::18:02:59 ===
           ts_search:(4:<0.286.0>) Dyn Var: no Match (varname=authenticity_token), 

=INFO REPORT==== 8-Mar-2011::18:03:00 ===
           ts_search:(4:<0.257.0>) Dyn Var: no Match (varname=authenticity_token), 

=INFO REPORT==== 8-Mar-2011::18:03:00 ===
           ts_search:(4:<0.282.0>) Dyn Var: no Match (varname=authenticity_token), 

=INFO REPORT==== 8-Mar-2011::18:03:00 ===
           ts_search:(4:<0.289.0>) Dyn Var: no Match (varname=authenticity_token), 

=INFO REPORT==== 8-Mar-2011::18:03:00 ===
           ts_search:(4:<0.283.0>) Dyn Var: no Match (varname=authenticity_token), 

=INFO REPORT==== 8-Mar-2011::18:03:00 ===
           ts_search:(4:<0.272.0>) Dyn Var: no Match (varname=authenticity_token), 

=INFO REPORT==== 8-Mar-2011::18:03:00 ===
           ts_search:(4:<0.301.0>) Dyn Var: no Match (varname=authenticity_token), 

=INFO REPORT==== 8-Mar-2011::18:03:00 ===
           ts_search:(4:<0.278.0>) Dyn Var: no Match (varname=authenticity_token), 

=INFO REPORT==== 8-Mar-2011::18:03:00 ===
           ts_search:(4:<0.300.0>) Dyn Var: no Match (varname=authenticity_token), 

=INFO REPORT==== 8-Mar-2011::18:03:05 ===
           ts_search:(4:<0.308.0>) Dyn Var: no Match (varname=authenticity_token), 

=INFO REPORT==== 8-Mar-2011::18:03:05 ===
           ts_search:(4:<0.313.0>) Dyn Var: no Match (varname=authenticity_token), 

=INFO REPORT==== 8-Mar-2011::18:03:05 ===
           ts_search:(4:<0.311.0>) Dyn Var: no Match (varname=authenticity_token), 

=INFO REPORT==== 8-Mar-2011::18:03:05 ===
           ts_search:(4:<0.314.0>) Dyn Var: no Match (varname=authenticity_token), 

=INFO REPORT==== 8-Mar-2011::18:03:05 ===
           ts_search:(4:<0.332.0>) Dyn Var: no Match (varname=authenticity_token), 

=INFO REPORT==== 8-Mar-2011::18:03:05 ===
           ts_search:(4:<0.323.0>) Dyn Var: no Match (varname=authenticity_token), 

=INFO REPORT==== 8-Mar-2011::18:03:05 ===
           ts_search:(4:<0.338.0>) Dyn Var: no Match (varname=authenticity_token), 

=INFO REPORT==== 8-Mar-2011::18:03:05 ===
           ts_search:(4:<0.325.0>) Dyn Var: no Match (varname=authenticity_token), 

=INFO REPORT==== 8-Mar-2011::18:03:06 ===
           ts_search:(4:<0.322.0>) Dyn Var: no Match (varname=authenticity_token), 

=INFO REPORT==== 8-Mar-2011::18:03:12 ===
           ts_search:(4:<0.340.0>) Dyn Var: no Match (varname=authenticity_token), 

=INFO REPORT==== 8-Mar-2011::18:03:12 ===
           ts_search:(4:<0.347.0>) Dyn Var: no Match (varname=authenticity_token), 

=INFO REPORT==== 8-Mar-2011::18:03:18 ===
           ts_search:(4:<0.386.0>) Dyn Var: no Match (varname=authenticity_token), 

=INFO REPORT==== 8-Mar-2011::18:03:18 ===
           ts_search:(4:<0.346.0>) Dyn Var: no Match (varname=authenticity_token), 

=INFO REPORT==== 8-Mar-2011::18:03:19 ===
           ts_search:(4:<0.404.0>) Dyn Var: no Match (varname=authenticity_token), 

=INFO REPORT==== 8-Mar-2011::18:03:19 ===
           ts_search:(4:<0.425.0>) Dyn Var: no Match (varname=authenticity_token), 

=INFO REPORT==== 8-Mar-2011::18:03:20 ===
           ts_search:(4:<0.344.0>) Dyn Var: no Match (varname=authenticity_token), 

=INFO REPORT==== 8-Mar-2011::18:03:20 ===
           ts_search:(4:<0.397.0>) Dyn Var: no Match (varname=authenticity_token), 

=INFO REPORT==== 8-Mar-2011::18:03:20 ===
           ts_search:(4:<0.362.0>) Dyn Var: no Match (varname=authenticity_token), 

=INFO REPORT==== 8-Mar-2011::18:03:20 ===
           ts_search:(4:<0.401.0>) Dyn Var: no Match (varname=authenticity_token), 

=INFO REPORT==== 8-Mar-2011::18:03:20 ===
           ts_search:(4:<0.402.0>) Dyn Var: no Match (varname=authenticity_token), 

=INFO REPORT==== 8-Mar-2011::18:03:21 ===
           ts_search:(4:<0.391.0>) Dyn Var: no Match (varname=authenticity_token), 

=INFO REPORT==== 8-Mar-2011::18:03:21 ===
           ts_search:(4:<0.380.0>) Dyn Var: no Match (varname=authenticity_token), 

=INFO REPORT==== 8-Mar-2011::18:03:25 ===
           ts_search:(4:<0.426.0>) Dyn Var: no Match (varname=authenticity_token), 

=INFO REPORT==== 8-Mar-2011::18:03:30 ===
           ts_search:(4:<0.449.0>) Dyn Var: no Match (varname=authenticity_token), 

=INFO REPORT==== 8-Mar-2011::18:03:30 ===
           ts_search:(4:<0.422.0>) Dyn Var: no Match (varname=authenticity_token), 

=INFO REPORT==== 8-Mar-2011::18:03:30 ===
           ts_search:(4:<0.431.0>) Dyn Var: no Match (varname=authenticity_token), 

=INFO REPORT==== 8-Mar-2011::18:03:39 ===
           ts_search:(4:<0.459.0>) Dyn Var: no Match (varname=authenticity_token), 

=INFO REPORT==== 8-Mar-2011::18:03:40 ===
           ts_search:(4:<0.450.0>) Dyn Var: no Match (varname=authenticity_token), 

=INFO REPORT==== 8-Mar-2011::18:03:40 ===
           ts_search:(4:<0.466.0>) Dyn Var: no Match (varname=authenticity_token), 

=INFO REPORT==== 8-Mar-2011::18:03:40 ===
           ts_search:(4:<0.455.0>) Dyn Var: no Match (varname=authenticity_token), 

=INFO REPORT==== 8-Mar-2011::18:03:40 ===
           ts_search:(4:<0.452.0>) Dyn Var: no Match (varname=authenticity_token), 

=INFO REPORT==== 8-Mar-2011::18:03:41 ===
           ts_search:(4:<0.460.0>) Dyn Var: no Match (varname=authenticity_token), 

=INFO REPORT==== 8-Mar-2011::18:03:41 ===
           ts_search:(4:<0.467.0>) Dyn Var: no Match (varname=authenticity_token), 

=INFO REPORT==== 8-Mar-2011::18:03:46 ===
           ts_search:(4:<0.536.0>) Dyn Var: no Match (varname=authenticity_token), 

=INFO REPORT==== 8-Mar-2011::18:03:46 ===
           ts_search:(4:<0.488.0>) Dyn Var: no Match (varname=authenticity_token), 

=INFO REPORT==== 8-Mar-2011::18:03:46 ===
           ts_search:(4:<0.486.0>) Dyn Var: no Match (varname=authenticity_token), 

=INFO REPORT==== 8-Mar-2011::18:03:46 ===
           ts_search:(4:<0.499.0>) Dyn Var: no Match (varname=authenticity_token), 

=INFO REPORT==== 8-Mar-2011::18:03:46 ===
           ts_search:(4:<0.492.0>) Dyn Var: no Match (varname=authenticity_token), 

=INFO REPORT==== 8-Mar-2011::18:03:46 ===
           ts_search:(4:<0.549.0>) Dyn Var: no Match (varname=authenticity_token), 

=INFO REPORT==== 8-Mar-2011::18:03:46 ===
           ts_search:(4:<0.530.0>) Dyn Var: no Match (varname=authenticity_token), 

=INFO REPORT==== 8-Mar-2011::18:03:46 ===
           ts_search:(4:<0.477.0>) Dyn Var: no Match (varname=authenticity_token), 

=INFO REPORT==== 8-Mar-2011::18:03:46 ===
           ts_search:(4:<0.540.0>) Dyn Var: no Match (varname=authenticity_token), 

=INFO REPORT==== 8-Mar-2011::18:03:46 ===
           ts_search:(4:<0.503.0>) Dyn Var: no Match (varname=authenticity_token), 

=INFO REPORT==== 8-Mar-2011::18:03:47 ===
           ts_search:(4:<0.525.0>) Dyn Var: no Match (varname=authenticity_token), 

=INFO REPORT==== 8-Mar-2011::18:03:47 ===
           ts_search:(4:<0.514.0>) Dyn Var: no Match (varname=authenticity_token), 

=INFO REPORT==== 8-Mar-2011::18:03:48 ===
           ts_search:(4:<0.568.0>) Dyn Var: no Match (varname=authenticity_token), 

=INFO REPORT==== 8-Mar-2011::18:03:48 ===
           ts_search:(4:<0.566.0>) Dyn Var: no Match (varname=authenticity_token), 

=INFO REPORT==== 8-Mar-2011::18:03:48 ===
           ts_search:(4:<0.573.0>) Dyn Var: no Match (varname=authenticity_token), 

=INFO REPORT==== 8-Mar-2011::18:03:48 ===
           ts_search:(4:<0.567.0>) Dyn Var: no Match (varname=authenticity_token), 

=INFO REPORT==== 8-Mar-2011::18:03:49 ===
           ts_search:(4:<0.563.0>) Dyn Var: no Match (varname=authenticity_token), 

=INFO REPORT==== 8-Mar-2011::18:03:49 ===
           ts_search:(4:<0.578.0>) Dyn Var: no Match (varname=authenticity_token), 

=INFO REPORT==== 8-Mar-2011::18:03:49 ===
           ts_search:(4:<0.584.0>) Dyn Var: no Match (varname=authenticity_token), 

=INFO REPORT==== 8-Mar-2011::18:03:49 ===
           ts_search:(4:<0.579.0>) Dyn Var: no Match (varname=authenticity_token), 

=INFO REPORT==== 8-Mar-2011::18:03:49 ===
           ts_search:(4:<0.598.0>) Dyn Var: no Match (varname=authenticity_token), 

=INFO REPORT==== 8-Mar-2011::18:03:49 ===
           ts_search:(4:<0.597.0>) Dyn Var: no Match (varname=authenticity_token), 

=INFO REPORT==== 8-Mar-2011::18:03:50 ===
           ts_search:(4:<0.616.0>) Dyn Var: no Match (varname=authenticity_token), 

=INFO REPORT==== 8-Mar-2011::18:03:51 ===
           ts_search:(4:<0.619.0>) Dyn Var: no Match (varname=authenticity_token), 

=INFO REPORT==== 8-Mar-2011::18:03:51 ===
           ts_search:(4:<0.609.0>) Dyn Var: no Match (varname=authenticity_token), 

=INFO REPORT==== 8-Mar-2011::18:04:01 ===
           ts_search:(4:<0.656.0>) Dyn Var: no Match (varname=authenticity_token), 

=INFO REPORT==== 8-Mar-2011::18:04:03 ===
           ts_search:(4:<0.643.0>) Dyn Var: no Match (varname=authenticity_token), 

=INFO REPORT==== 8-Mar-2011::18:04:03 ===
           ts_search:(4:<0.639.0>) Dyn Var: no Match (varname=authenticity_token), 

=INFO REPORT==== 8-Mar-2011::18:04:03 ===
           ts_search:(4:<0.642.0>) Dyn Var: no Match (varname=authenticity_token), 

=INFO REPORT==== 8-Mar-2011::18:04:03 ===
           ts_search:(4:<0.652.0>) Dyn Var: no Match (varname=authenticity_token), 

=INFO REPORT==== 8-Mar-2011::18:04:06 ===
           ts_search:(4:<0.662.0>) Dyn Var: no Match (varname=authenticity_token), 

=INFO REPORT==== 8-Mar-2011::18:04:06 ===
           ts_search:(4:<0.685.0>) Dyn Var: no Match (varname=authenticity_token), 

=INFO REPORT==== 8-Mar-2011::18:04:06 ===
           ts_search:(4:<0.684.0>) Dyn Var: no Match (varname=authenticity_token), 

=INFO REPORT==== 8-Mar-2011::18:04:06 ===
           ts_search:(4:<0.681.0>) Dyn Var: no Match (varname=authenticity_token), 

=INFO REPORT==== 8-Mar-2011::18:04:06 ===
           ts_search:(4:<0.690.0>) Dyn Var: no Match (varname=authenticity_token), 

=INFO REPORT==== 8-Mar-2011::18:04:07 ===
           ts_search:(4:<0.670.0>) Dyn Var: no Match (varname=authenticity_token), 

=INFO REPORT==== 8-Mar-2011::18:04:13 ===
           ts_search:(4:<0.705.0>) Dyn Var: no Match (varname=authenticity_token), 

=INFO REPORT==== 8-Mar-2011::18:04:13 ===
           ts_search:(4:<0.698.0>) Dyn Var: no Match (varname=authenticity_token), 

=INFO REPORT==== 8-Mar-2011::18:04:13 ===
           ts_search:(4:<0.704.0>) Dyn Var: no Match (varname=authenticity_token), 

=INFO REPORT==== 8-Mar-2011::18:04:13 ===
           ts_search:(4:<0.702.0>) Dyn Var: no Match (varname=authenticity_token), 

=INFO REPORT==== 8-Mar-2011::18:04:13 ===
           ts_search:(4:<0.703.0>) Dyn Var: no Match (varname=authenticity_token), 

=INFO REPORT==== 8-Mar-2011::18:04:14 ===
           ts_search:(4:<0.715.0>) Dyn Var: no Match (varname=authenticity_token), 

=INFO REPORT==== 8-Mar-2011::18:04:14 ===
           ts_search:(4:<0.739.0>) Dyn Var: no Match (varname=authenticity_token), 

=INFO REPORT==== 8-Mar-2011::18:04:14 ===
           ts_search:(4:<0.741.0>) Dyn Var: no Match (varname=authenticity_token), 

=INFO REPORT==== 8-Mar-2011::18:04:16 ===
           ts_search:(4:<0.759.0>) Dyn Var: no Match (varname=authenticity_token), 

=INFO REPORT==== 8-Mar-2011::18:04:20 ===
           ts_search:(4:<0.767.0>) Dyn Var: no Match (varname=authenticity_token), 

=INFO REPORT==== 8-Mar-2011::18:04:25 ===
           ts_search:(4:<0.779.0>) Dyn Var: no Match (varname=authenticity_token), 

=INFO REPORT==== 8-Mar-2011::18:04:25 ===
           ts_search:(4:<0.782.0>) Dyn Var: no Match (varname=authenticity_token), 

=INFO REPORT==== 8-Mar-2011::18:04:26 ===
           ts_search:(4:<0.793.0>) Dyn Var: no Match (varname=authenticity_token), 

=INFO REPORT==== 8-Mar-2011::18:04:26 ===
           ts_search:(4:<0.816.0>) Dyn Var: no Match (varname=authenticity_token), 

=INFO REPORT==== 8-Mar-2011::18:04:27 ===
           ts_search:(4:<0.797.0>) Dyn Var: no Match (varname=authenticity_token), 

=INFO REPORT==== 8-Mar-2011::18:04:27 ===
           ts_search:(4:<0.789.0>) Dyn Var: no Match (varname=authenticity_token), 

=INFO REPORT==== 8-Mar-2011::18:04:27 ===
           ts_search:(4:<0.819.0>) Dyn Var: no Match (varname=authenticity_token), 

=INFO REPORT==== 8-Mar-2011::18:04:27 ===
           ts_search:(4:<0.788.0>) Dyn Var: no Match (varname=authenticity_token), 

=INFO REPORT==== 8-Mar-2011::18:04:29 ===
           ts_search:(4:<0.862.0>) Dyn Var: no Match (varname=authenticity_token), 

=INFO REPORT==== 8-Mar-2011::18:04:29 ===
           ts_search:(4:<0.831.0>) Dyn Var: no Match (varname=authenticity_token), 

=INFO REPORT==== 8-Mar-2011::18:04:29 ===
           ts_search:(4:<0.839.0>) Dyn Var: no Match (varname=authenticity_token), 

=INFO REPORT==== 8-Mar-2011::18:04:30 ===
           ts_search:(4:<0.828.0>) Dyn Var: no Match (varname=authenticity_token), 

=INFO REPORT==== 8-Mar-2011::18:04:30 ===
           ts_search:(4:<0.821.0>) Dyn Var: no Match (varname=authenticity_token), 

=INFO REPORT==== 8-Mar-2011::18:04:30 ===
           ts_search:(4:<0.837.0>) Dyn Var: no Match (varname=authenticity_token), 

=INFO REPORT==== 8-Mar-2011::18:04:30 ===
           ts_search:(4:<0.834.0>) Dyn Var: no Match (varname=authenticity_token), 

=INFO REPORT==== 8-Mar-2011::18:04:35 ===
           ts_search:(4:<0.868.0>) Dyn Var: no Match (varname=authenticity_token), 

=INFO REPORT==== 8-Mar-2011::18:04:35 ===
           ts_search:(4:<0.877.0>) Dyn Var: no Match (varname=authenticity_token), 

=INFO REPORT==== 8-Mar-2011::18:04:35 ===
           ts_search:(4:<0.876.0>) Dyn Var: no Match (varname=authenticity_token), 
