
=INFO REPORT==== 8-Mar-2011::18:03:15 ===
         ts_launcher:(5:<0.61.0>) Expected duration of phase: 1094.4 sec 

=INFO REPORT==== 8-Mar-2011::18:03:15 ===
     ts_launcher_mgr:(4:<0.56.0>) No registered processes ! syncing ...

=INFO REPORT==== 8-Mar-2011::18:05:08 ===
         ts_launcher:(5:<0.61.0>) Max number of concurrent clients reached, must start a new beam

=INFO REPORT==== 8-Mar-2011::18:06:57 ===
           ts_search:(4:<0.126.0>) Dyn Var: no Match (varname=authenticity_token), 

=INFO REPORT==== 8-Mar-2011::18:06:57 ===
           ts_search:(4:<0.190.0>) Dyn Var: no Match (varname=authenticity_token), 

=INFO REPORT==== 8-Mar-2011::18:06:57 ===
           ts_search:(4:<0.127.0>) Dyn Var: no Match (varname=authenticity_token), 

=INFO REPORT==== 8-Mar-2011::18:06:58 ===
           ts_search:(4:<0.120.0>) Dyn Var: no Match (varname=authenticity_token), 

=INFO REPORT==== 8-Mar-2011::18:06:58 ===
           ts_search:(4:<0.198.0>) Dyn Var: no Match (varname=authenticity_token), 

=INFO REPORT==== 8-Mar-2011::18:06:59 ===
           ts_search:(4:<0.210.0>) Dyn Var: no Match (varname=authenticity_token), 

=INFO REPORT==== 8-Mar-2011::18:06:59 ===
           ts_search:(4:<0.111.0>) Dyn Var: no Match (varname=authenticity_token), 

=INFO REPORT==== 8-Mar-2011::18:06:59 ===
           ts_search:(4:<0.128.0>) Dyn Var: no Match (varname=authenticity_token), 

=INFO REPORT==== 8-Mar-2011::18:07:00 ===
           ts_search:(4:<0.180.0>) Dyn Var: no Match (varname=authenticity_token), 

=INFO REPORT==== 8-Mar-2011::18:07:02 ===
           ts_search:(4:<0.155.0>) Dyn Var: no Match (varname=authenticity_token), 

=INFO REPORT==== 8-Mar-2011::18:07:04 ===
           ts_search:(4:<0.242.0>) Dyn Var: no Match (varname=authenticity_token), 

=INFO REPORT==== 8-Mar-2011::18:07:05 ===
           ts_search:(4:<0.228.0>) Dyn Var: no Match (varname=authenticity_token), 

=INFO REPORT==== 8-Mar-2011::18:07:07 ===
           ts_search:(4:<0.233.0>) Dyn Var: no Match (varname=authenticity_token), 

=INFO REPORT==== 8-Mar-2011::18:07:07 ===
           ts_search:(4:<0.239.0>) Dyn Var: no Match (varname=authenticity_token), 

=INFO REPORT==== 8-Mar-2011::18:07:08 ===
           ts_search:(4:<0.236.0>) Dyn Var: no Match (varname=authenticity_token), 

=INFO REPORT==== 8-Mar-2011::18:07:11 ===
           ts_search:(4:<0.245.0>) Dyn Var: no Match (varname=authenticity_token), 

=INFO REPORT==== 8-Mar-2011::18:07:17 ===
           ts_search:(4:<0.265.0>) Dyn Var: no Match (varname=authenticity_token), 

=INFO REPORT==== 8-Mar-2011::18:07:17 ===
           ts_search:(4:<0.270.0>) Dyn Var: no Match (varname=authenticity_token), 

=INFO REPORT==== 8-Mar-2011::18:07:18 ===
           ts_search:(4:<0.313.0>) Dyn Var: no Match (varname=authenticity_token), 

=INFO REPORT==== 8-Mar-2011::18:07:18 ===
           ts_search:(4:<0.308.0>) Dyn Var: no Match (varname=authenticity_token), 

=INFO REPORT==== 8-Mar-2011::18:07:20 ===
           ts_search:(4:<0.307.0>) Dyn Var: no Match (varname=authenticity_token), 

=INFO REPORT==== 8-Mar-2011::18:07:20 ===
           ts_search:(4:<0.312.0>) Dyn Var: no Match (varname=authenticity_token), 

=INFO REPORT==== 8-Mar-2011::18:07:24 ===
           ts_search:(4:<0.349.0>) Dyn Var: no Match (varname=authenticity_token), 

=INFO REPORT==== 8-Mar-2011::18:07:24 ===
           ts_search:(4:<0.383.0>) Dyn Var: no Match (varname=authenticity_token), 

=INFO REPORT==== 8-Mar-2011::18:07:24 ===
           ts_search:(4:<0.376.0>) Dyn Var: no Match (varname=authenticity_token), 

=INFO REPORT==== 8-Mar-2011::18:07:24 ===
           ts_search:(4:<0.326.0>) Dyn Var: no Match (varname=authenticity_token), 

=INFO REPORT==== 8-Mar-2011::18:07:24 ===
           ts_search:(4:<0.381.0>) Dyn Var: no Match (varname=authenticity_token), 

=INFO REPORT==== 8-Mar-2011::18:07:24 ===
           ts_search:(4:<0.337.0>) Dyn Var: no Match (varname=authenticity_token), 

=INFO REPORT==== 8-Mar-2011::18:07:24 ===
           ts_search:(4:<0.355.0>) Dyn Var: no Match (varname=authenticity_token), 

=INFO REPORT==== 8-Mar-2011::18:07:24 ===
           ts_search:(4:<0.354.0>) Dyn Var: no Match (varname=authenticity_token), 

=INFO REPORT==== 8-Mar-2011::18:07:24 ===
           ts_search:(4:<0.367.0>) Dyn Var: no Match (varname=authenticity_token), 

=INFO REPORT==== 8-Mar-2011::18:07:24 ===
           ts_search:(4:<0.363.0>) Dyn Var: no Match (varname=authenticity_token), 

=INFO REPORT==== 8-Mar-2011::18:07:25 ===
           ts_search:(4:<0.387.0>) Dyn Var: no Match (varname=authenticity_token), 

=INFO REPORT==== 8-Mar-2011::18:07:26 ===
           ts_search:(4:<0.341.0>) Dyn Var: no Match (varname=authenticity_token), 

=INFO REPORT==== 8-Mar-2011::18:07:27 ===
           ts_search:(4:<0.378.0>) Dyn Var: no Match (varname=authenticity_token), 

=INFO REPORT==== 8-Mar-2011::18:07:27 ===
           ts_search:(4:<0.369.0>) Dyn Var: no Match (varname=authenticity_token), 

=INFO REPORT==== 8-Mar-2011::18:07:28 ===
           ts_search:(4:<0.359.0>) Dyn Var: no Match (varname=authenticity_token), 

=INFO REPORT==== 8-Mar-2011::18:07:31 ===
           ts_search:(4:<0.396.0>) Dyn Var: no Match (varname=authenticity_token), 

=INFO REPORT==== 8-Mar-2011::18:07:32 ===
           ts_search:(4:<0.361.0>) Dyn Var: no Match (varname=authenticity_token), 

=INFO REPORT==== 8-Mar-2011::18:07:32 ===
           ts_search:(4:<0.404.0>) Dyn Var: no Match (varname=authenticity_token), 

=INFO REPORT==== 8-Mar-2011::18:07:33 ===
           ts_search:(4:<0.402.0>) Dyn Var: no Match (varname=authenticity_token), 

=INFO REPORT==== 8-Mar-2011::18:07:33 ===
           ts_search:(4:<0.405.0>) Dyn Var: no Match (varname=authenticity_token), 

=INFO REPORT==== 8-Mar-2011::18:07:40 ===
           ts_search:(4:<0.446.0>) Dyn Var: no Match (varname=authenticity_token), 

=INFO REPORT==== 8-Mar-2011::18:07:40 ===
           ts_search:(4:<0.440.0>) Dyn Var: no Match (varname=authenticity_token), 

=INFO REPORT==== 8-Mar-2011::18:07:41 ===
           ts_search:(4:<0.437.0>) Dyn Var: no Match (varname=authenticity_token), 

=INFO REPORT==== 8-Mar-2011::18:07:45 ===
           ts_search:(4:<0.467.0>) Dyn Var: no Match (varname=authenticity_token), 

=INFO REPORT==== 8-Mar-2011::18:07:45 ===
           ts_search:(4:<0.462.0>) Dyn Var: no Match (varname=authenticity_token), 

=INFO REPORT==== 8-Mar-2011::18:07:45 ===
           ts_search:(4:<0.463.0>) Dyn Var: no Match (varname=authenticity_token), 

=INFO REPORT==== 8-Mar-2011::18:07:46 ===
           ts_search:(4:<0.461.0>) Dyn Var: no Match (varname=authenticity_token), 

=INFO REPORT==== 8-Mar-2011::18:07:49 ===
           ts_search:(4:<0.450.0>) Dyn Var: no Match (varname=authenticity_token), 

=INFO REPORT==== 8-Mar-2011::18:07:54 ===
           ts_search:(4:<0.502.0>) Dyn Var: no Match (varname=authenticity_token), 

=INFO REPORT==== 8-Mar-2011::18:07:54 ===
           ts_search:(4:<0.480.0>) Dyn Var: no Match (varname=authenticity_token), 

=INFO REPORT==== 8-Mar-2011::18:07:54 ===
           ts_search:(4:<0.493.0>) Dyn Var: no Match (varname=authenticity_token), 

=INFO REPORT==== 8-Mar-2011::18:07:54 ===
           ts_search:(4:<0.465.0>) Dyn Var: no Match (varname=authenticity_token), 

=INFO REPORT==== 8-Mar-2011::18:07:55 ===
           ts_search:(4:<0.501.0>) Dyn Var: no Match (varname=authenticity_token), 

=INFO REPORT==== 8-Mar-2011::18:07:55 ===
           ts_search:(4:<0.482.0>) Dyn Var: no Match (varname=authenticity_token), 

=INFO REPORT==== 8-Mar-2011::18:07:56 ===
           ts_search:(4:<0.486.0>) Dyn Var: no Match (varname=authenticity_token), 

=INFO REPORT==== 8-Mar-2011::18:07:58 ===
           ts_search:(4:<0.542.0>) Dyn Var: no Match (varname=authenticity_token), 

=INFO REPORT==== 8-Mar-2011::18:07:58 ===
           ts_search:(4:<0.539.0>) Dyn Var: no Match (varname=authenticity_token), 

=INFO REPORT==== 8-Mar-2011::18:07:59 ===
           ts_search:(4:<0.526.0>) Dyn Var: no Match (varname=authenticity_token), 

=INFO REPORT==== 8-Mar-2011::18:07:59 ===
           ts_search:(4:<0.521.0>) Dyn Var: no Match (varname=authenticity_token), 

=INFO REPORT==== 8-Mar-2011::18:07:59 ===
           ts_search:(4:<0.538.0>) Dyn Var: no Match (varname=authenticity_token), 

=INFO REPORT==== 8-Mar-2011::18:07:59 ===
           ts_search:(4:<0.564.0>) Dyn Var: no Match (varname=authenticity_token), 

=INFO REPORT==== 8-Mar-2011::18:08:00 ===
           ts_search:(4:<0.547.0>) Dyn Var: no Match (varname=authenticity_token), 

=INFO REPORT==== 8-Mar-2011::18:08:00 ===
           ts_search:(4:<0.535.0>) Dyn Var: no Match (varname=authenticity_token), 

=INFO REPORT==== 8-Mar-2011::18:08:00 ===
           ts_search:(4:<0.543.0>) Dyn Var: no Match (varname=authenticity_token), 

=INFO REPORT==== 8-Mar-2011::18:08:01 ===
           ts_search:(4:<0.562.0>) Dyn Var: no Match (varname=authenticity_token), 

=INFO REPORT==== 8-Mar-2011::18:08:01 ===
           ts_search:(4:<0.541.0>) Dyn Var: no Match (varname=authenticity_token), 

=INFO REPORT==== 8-Mar-2011::18:08:01 ===
           ts_search:(4:<0.552.0>) Dyn Var: no Match (varname=authenticity_token), 

=INFO REPORT==== 8-Mar-2011::18:08:03 ===
           ts_search:(4:<0.595.0>) Dyn Var: no Match (varname=authenticity_token), 

=INFO REPORT==== 8-Mar-2011::18:08:03 ===
           ts_search:(4:<0.585.0>) Dyn Var: no Match (varname=authenticity_token), 

=INFO REPORT==== 8-Mar-2011::18:08:03 ===
           ts_search:(4:<0.582.0>) Dyn Var: no Match (varname=authenticity_token), 

=INFO REPORT==== 8-Mar-2011::18:08:03 ===
           ts_search:(4:<0.577.0>) Dyn Var: no Match (varname=authenticity_token), 

=INFO REPORT==== 8-Mar-2011::18:08:03 ===
           ts_search:(4:<0.642.0>) Dyn Var: no Match (varname=authenticity_token), 

=INFO REPORT==== 8-Mar-2011::18:08:04 ===
           ts_search:(4:<0.604.0>) Dyn Var: no Match (varname=authenticity_token), 

=INFO REPORT==== 8-Mar-2011::18:08:05 ===
           ts_search:(4:<0.630.0>) Dyn Var: no Match (varname=authenticity_token), 

=INFO REPORT==== 8-Mar-2011::18:08:05 ===
           ts_search:(4:<0.625.0>) Dyn Var: no Match (varname=authenticity_token), 

=INFO REPORT==== 8-Mar-2011::18:08:05 ===
           ts_search:(4:<0.632.0>) Dyn Var: no Match (varname=authenticity_token), 

=INFO REPORT==== 8-Mar-2011::18:08:06 ===
           ts_search:(4:<0.622.0>) Dyn Var: no Match (varname=authenticity_token), 

=INFO REPORT==== 8-Mar-2011::18:08:06 ===
           ts_search:(4:<0.614.0>) Dyn Var: no Match (varname=authenticity_token), 

=INFO REPORT==== 8-Mar-2011::18:08:06 ===
           ts_search:(4:<0.618.0>) Dyn Var: no Match (varname=authenticity_token), 

=INFO REPORT==== 8-Mar-2011::18:08:07 ===
           ts_search:(4:<0.645.0>) Dyn Var: no Match (varname=authenticity_token), 

=INFO REPORT==== 8-Mar-2011::18:08:08 ===
           ts_search:(4:<0.643.0>) Dyn Var: no Match (varname=authenticity_token), 

=INFO REPORT==== 8-Mar-2011::18:08:22 ===
           ts_search:(4:<0.678.0>) Dyn Var: no Match (varname=authenticity_token), 

=INFO REPORT==== 8-Mar-2011::18:08:22 ===
           ts_search:(4:<0.685.0>) Dyn Var: no Match (varname=authenticity_token), 

=INFO REPORT==== 8-Mar-2011::18:08:22 ===
           ts_search:(4:<0.705.0>) Dyn Var: no Match (varname=authenticity_token), 

=INFO REPORT==== 8-Mar-2011::18:08:22 ===
           ts_search:(4:<0.667.0>) Dyn Var: no Match (varname=authenticity_token), 

=INFO REPORT==== 8-Mar-2011::18:08:22 ===
           ts_search:(4:<0.662.0>) Dyn Var: no Match (varname=authenticity_token), 

=INFO REPORT==== 8-Mar-2011::18:08:22 ===
           ts_search:(4:<0.708.0>) Dyn Var: no Match (varname=authenticity_token), 

=INFO REPORT==== 8-Mar-2011::18:08:22 ===
           ts_search:(4:<0.660.0>) Dyn Var: no Match (varname=authenticity_token), 

=INFO REPORT==== 8-Mar-2011::18:08:22 ===
           ts_search:(4:<0.706.0>) Dyn Var: no Match (varname=authenticity_token), 

=INFO REPORT==== 8-Mar-2011::18:08:22 ===
           ts_search:(4:<0.707.0>) Dyn Var: no Match (varname=authenticity_token), 

=INFO REPORT==== 8-Mar-2011::18:08:23 ===
           ts_search:(4:<0.697.0>) Dyn Var: no Match (varname=authenticity_token), 

=INFO REPORT==== 8-Mar-2011::18:08:23 ===
           ts_search:(4:<0.718.0>) Dyn Var: no Match (varname=authenticity_token), 

=INFO REPORT==== 8-Mar-2011::18:08:23 ===
           ts_search:(4:<0.719.0>) Dyn Var: no Match (varname=authenticity_token), 

=INFO REPORT==== 8-Mar-2011::18:08:23 ===
           ts_search:(4:<0.654.0>) Dyn Var: no Match (varname=authenticity_token), 

=INFO REPORT==== 8-Mar-2011::18:08:24 ===
           ts_search:(4:<0.699.0>) Dyn Var: no Match (varname=authenticity_token), 

=INFO REPORT==== 8-Mar-2011::18:08:24 ===
           ts_search:(4:<0.727.0>) Dyn Var: no Match (varname=authenticity_token), 

=INFO REPORT==== 8-Mar-2011::18:08:27 ===
           ts_search:(4:<0.737.0>) Dyn Var: no Match (varname=authenticity_token), 

=INFO REPORT==== 8-Mar-2011::18:08:28 ===
           ts_search:(4:<0.732.0>) Dyn Var: no Match (varname=authenticity_token), 

=INFO REPORT==== 8-Mar-2011::18:08:28 ===
           ts_search:(4:<0.728.0>) Dyn Var: no Match (varname=authenticity_token), 

=INFO REPORT==== 8-Mar-2011::18:08:31 ===
           ts_search:(4:<0.766.0>) Dyn Var: no Match (varname=authenticity_token), 

=INFO REPORT==== 8-Mar-2011::18:08:31 ===
           ts_search:(4:<0.761.0>) Dyn Var: no Match (varname=authenticity_token), 

=INFO REPORT==== 8-Mar-2011::18:08:38 ===
           ts_search:(4:<0.775.0>) Dyn Var: no Match (varname=authenticity_token), 

=INFO REPORT==== 8-Mar-2011::18:08:38 ===
           ts_search:(4:<0.776.0>) Dyn Var: no Match (varname=authenticity_token), 

=INFO REPORT==== 8-Mar-2011::18:08:38 ===
           ts_search:(4:<0.772.0>) Dyn Var: no Match (varname=authenticity_token), 

=INFO REPORT==== 8-Mar-2011::18:08:46 ===
           ts_search:(4:<0.804.0>) Dyn Var: no Match (varname=authenticity_token), 

=INFO REPORT==== 8-Mar-2011::18:08:46 ===
           ts_search:(4:<0.787.0>) Dyn Var: no Match (varname=authenticity_token), 

=INFO REPORT==== 8-Mar-2011::18:08:46 ===
           ts_search:(4:<0.783.0>) Dyn Var: no Match (varname=authenticity_token), 

=INFO REPORT==== 8-Mar-2011::18:08:46 ===
           ts_search:(4:<0.792.0>) Dyn Var: no Match (varname=authenticity_token), 

=INFO REPORT==== 8-Mar-2011::18:08:50 ===
           ts_search:(4:<0.821.0>) Dyn Var: no Match (varname=authenticity_token), 

=INFO REPORT==== 8-Mar-2011::18:08:50 ===
           ts_search:(4:<0.816.0>) Dyn Var: no Match (varname=authenticity_token), 

=INFO REPORT==== 8-Mar-2011::18:08:51 ===
           ts_search:(4:<0.828.0>) Dyn Var: no Match (varname=authenticity_token), 

=INFO REPORT==== 8-Mar-2011::18:08:51 ===
           ts_search:(4:<0.829.0>) Dyn Var: no Match (varname=authenticity_token), 

=INFO REPORT==== 8-Mar-2011::18:08:51 ===
           ts_search:(4:<0.867.0>) Dyn Var: no Match (varname=authenticity_token), 

=INFO REPORT==== 8-Mar-2011::18:08:51 ===
           ts_search:(4:<0.817.0>) Dyn Var: no Match (varname=authenticity_token), 

=INFO REPORT==== 8-Mar-2011::18:08:52 ===
           ts_search:(4:<0.877.0>) Dyn Var: no Match (varname=authenticity_token), 

=INFO REPORT==== 8-Mar-2011::18:08:52 ===
           ts_search:(4:<0.839.0>) Dyn Var: no Match (varname=authenticity_token), 

=INFO REPORT==== 8-Mar-2011::18:08:52 ===
           ts_search:(4:<0.859.0>) Dyn Var: no Match (varname=authenticity_token), 

=INFO REPORT==== 8-Mar-2011::18:08:52 ===
           ts_search:(4:<0.842.0>) Dyn Var: no Match (varname=authenticity_token), 

=INFO REPORT==== 8-Mar-2011::18:08:52 ===
           ts_search:(4:<0.820.0>) Dyn Var: no Match (varname=authenticity_token), 

=INFO REPORT==== 8-Mar-2011::18:08:55 ===
           ts_search:(4:<0.901.0>) Dyn Var: no Match (varname=authenticity_token), 

=INFO REPORT==== 8-Mar-2011::18:08:55 ===
           ts_search:(4:<0.881.0>) Dyn Var: no Match (varname=authenticity_token), 

=INFO REPORT==== 8-Mar-2011::18:08:56 ===
           ts_search:(4:<0.897.0>) Dyn Var: no Match (varname=authenticity_token), 
