
=INFO REPORT==== 8-Mar-2011::17:54:11 ===
         ts_launcher:(5:<0.61.0>) Expected duration of phase: 1614.1333333333334 sec 

=INFO REPORT==== 8-Mar-2011::17:54:11 ===
     ts_launcher_mgr:(4:<0.56.0>) No registered processes ! syncing ...

=INFO REPORT==== 8-Mar-2011::17:56:04 ===
         ts_launcher:(5:<0.61.0>) Max number of concurrent clients reached, must start a new beam

=INFO REPORT==== 8-Mar-2011::17:56:24 ===
           ts_search:(4:<0.94.0>) Dyn Var: no Match (varname=authenticity_token), 

=INFO REPORT==== 8-Mar-2011::17:56:24 ===
           ts_search:(4:<0.86.0>) Dyn Var: no Match (varname=authenticity_token), 

=INFO REPORT==== 8-Mar-2011::17:56:25 ===
           ts_search:(4:<0.99.0>) Dyn Var: no Match (varname=authenticity_token), 

=INFO REPORT==== 8-Mar-2011::17:56:27 ===
           ts_search:(4:<0.104.0>) Dyn Var: no Match (varname=authenticity_token), 

=INFO REPORT==== 8-Mar-2011::17:56:27 ===
           ts_search:(4:<0.111.0>) Dyn Var: no Match (varname=authenticity_token), 

=INFO REPORT==== 8-Mar-2011::17:56:27 ===
           ts_search:(4:<0.116.0>) Dyn Var: no Match (varname=authenticity_token), 

=INFO REPORT==== 8-Mar-2011::17:56:27 ===
           ts_search:(4:<0.109.0>) Dyn Var: no Match (varname=authenticity_token), 

=INFO REPORT==== 8-Mar-2011::17:56:29 ===
           ts_search:(4:<0.122.0>) Dyn Var: no Match (varname=authenticity_token), 

=INFO REPORT==== 8-Mar-2011::17:56:29 ===
           ts_search:(4:<0.146.0>) Dyn Var: no Match (varname=authenticity_token), 

=INFO REPORT==== 8-Mar-2011::17:56:30 ===
           ts_search:(4:<0.156.0>) Dyn Var: no Match (varname=authenticity_token), 

=INFO REPORT==== 8-Mar-2011::17:56:30 ===
           ts_search:(4:<0.151.0>) Dyn Var: no Match (varname=authenticity_token), 

=INFO REPORT==== 8-Mar-2011::17:56:30 ===
           ts_search:(4:<0.152.0>) Dyn Var: no Match (varname=authenticity_token), 

=INFO REPORT==== 8-Mar-2011::17:56:30 ===
           ts_search:(4:<0.136.0>) Dyn Var: no Match (varname=authenticity_token), 

=INFO REPORT==== 8-Mar-2011::17:56:30 ===
           ts_search:(4:<0.173.0>) Dyn Var: no Match (varname=authenticity_token), 

=INFO REPORT==== 8-Mar-2011::17:56:30 ===
           ts_search:(4:<0.175.0>) Dyn Var: no Match (varname=authenticity_token), 

=INFO REPORT==== 8-Mar-2011::17:56:30 ===
           ts_search:(4:<0.170.0>) Dyn Var: no Match (varname=authenticity_token), 

=INFO REPORT==== 8-Mar-2011::17:56:31 ===
           ts_search:(4:<0.174.0>) Dyn Var: no Match (varname=authenticity_token), 

=INFO REPORT==== 8-Mar-2011::17:56:34 ===
           ts_search:(4:<0.177.0>) Dyn Var: no Match (varname=authenticity_token), 

=INFO REPORT==== 8-Mar-2011::17:56:37 ===
           ts_search:(4:<0.192.0>) Dyn Var: no Match (varname=authenticity_token), 

=INFO REPORT==== 8-Mar-2011::17:56:37 ===
           ts_search:(4:<0.186.0>) Dyn Var: no Match (varname=authenticity_token), 

=INFO REPORT==== 8-Mar-2011::17:56:38 ===
           ts_search:(4:<0.184.0>) Dyn Var: no Match (varname=authenticity_token), 

=INFO REPORT==== 8-Mar-2011::17:56:38 ===
           ts_search:(4:<0.189.0>) Dyn Var: no Match (varname=authenticity_token), 

=INFO REPORT==== 8-Mar-2011::17:56:38 ===
           ts_search:(4:<0.188.0>) Dyn Var: no Match (varname=authenticity_token), 

=INFO REPORT==== 8-Mar-2011::17:56:39 ===
           ts_search:(4:<0.217.0>) Dyn Var: no Match (varname=authenticity_token), 

=INFO REPORT==== 8-Mar-2011::17:56:39 ===
           ts_search:(4:<0.210.0>) Dyn Var: no Match (varname=authenticity_token), 

=INFO REPORT==== 8-Mar-2011::17:56:39 ===
           ts_search:(4:<0.218.0>) Dyn Var: no Match (varname=authenticity_token), 

=INFO REPORT==== 8-Mar-2011::17:56:42 ===
           ts_search:(4:<0.230.0>) Dyn Var: no Match (varname=authenticity_token), 

=INFO REPORT==== 8-Mar-2011::17:56:42 ===
           ts_search:(4:<0.229.0>) Dyn Var: no Match (varname=authenticity_token), 

=INFO REPORT==== 8-Mar-2011::17:56:45 ===
           ts_search:(4:<0.239.0>) Dyn Var: no Match (varname=authenticity_token), 

=INFO REPORT==== 8-Mar-2011::17:56:45 ===
           ts_search:(4:<0.272.0>) Dyn Var: no Match (varname=authenticity_token), 

=INFO REPORT==== 8-Mar-2011::17:56:45 ===
           ts_search:(4:<0.247.0>) Dyn Var: no Match (varname=authenticity_token), 

=INFO REPORT==== 8-Mar-2011::17:56:45 ===
           ts_search:(4:<0.277.0>) Dyn Var: no Match (varname=authenticity_token), 

=INFO REPORT==== 8-Mar-2011::17:56:45 ===
           ts_search:(4:<0.236.0>) Dyn Var: no Match (varname=authenticity_token), 

=INFO REPORT==== 8-Mar-2011::17:56:45 ===
           ts_search:(4:<0.263.0>) Dyn Var: no Match (varname=authenticity_token), 

=INFO REPORT==== 8-Mar-2011::17:56:46 ===
           ts_search:(4:<0.256.0>) Dyn Var: no Match (varname=authenticity_token), 

=INFO REPORT==== 8-Mar-2011::17:56:46 ===
           ts_search:(4:<0.261.0>) Dyn Var: no Match (varname=authenticity_token), 

=INFO REPORT==== 8-Mar-2011::17:56:46 ===
           ts_search:(4:<0.264.0>) Dyn Var: no Match (varname=authenticity_token), 

=INFO REPORT==== 8-Mar-2011::17:56:46 ===
           ts_search:(4:<0.262.0>) Dyn Var: no Match (varname=authenticity_token), 

=INFO REPORT==== 8-Mar-2011::17:56:46 ===
           ts_search:(4:<0.285.0>) Dyn Var: no Match (varname=authenticity_token), 

=INFO REPORT==== 8-Mar-2011::17:56:46 ===
           ts_search:(4:<0.292.0>) Dyn Var: no Match (varname=authenticity_token), 

=INFO REPORT==== 8-Mar-2011::17:56:56 ===
           ts_search:(4:<0.282.0>) Dyn Var: no Match (varname=authenticity_token), 

=INFO REPORT==== 8-Mar-2011::17:56:56 ===
           ts_search:(4:<0.309.0>) Dyn Var: no Match (varname=authenticity_token), 

=INFO REPORT==== 8-Mar-2011::17:56:57 ===
           ts_search:(4:<0.310.0>) Dyn Var: no Match (varname=authenticity_token), 

=INFO REPORT==== 8-Mar-2011::17:56:58 ===
           ts_search:(4:<0.332.0>) Dyn Var: no Match (varname=authenticity_token), 

=INFO REPORT==== 8-Mar-2011::17:56:58 ===
           ts_search:(4:<0.324.0>) Dyn Var: no Match (varname=authenticity_token), 

=INFO REPORT==== 8-Mar-2011::17:56:58 ===
           ts_search:(4:<0.325.0>) Dyn Var: no Match (varname=authenticity_token), 

=INFO REPORT==== 8-Mar-2011::17:57:05 ===
           ts_search:(4:<0.326.0>) Dyn Var: no Match (varname=authenticity_token), 

=INFO REPORT==== 8-Mar-2011::17:57:05 ===
           ts_search:(4:<0.328.0>) Dyn Var: no Match (varname=authenticity_token), 

=INFO REPORT==== 8-Mar-2011::17:57:06 ===
           ts_search:(4:<0.323.0>) Dyn Var: no Match (varname=authenticity_token), 

=INFO REPORT==== 8-Mar-2011::17:57:06 ===
           ts_search:(4:<0.322.0>) Dyn Var: no Match (varname=authenticity_token), 

=INFO REPORT==== 8-Mar-2011::17:57:07 ===
           ts_search:(4:<0.358.0>) Dyn Var: no Match (varname=authenticity_token), 

=INFO REPORT==== 8-Mar-2011::17:57:08 ===
           ts_search:(4:<0.350.0>) Dyn Var: no Match (varname=authenticity_token), 

=INFO REPORT==== 8-Mar-2011::17:57:09 ===
           ts_search:(4:<0.348.0>) Dyn Var: no Match (varname=authenticity_token), 

=INFO REPORT==== 8-Mar-2011::17:57:09 ===
           ts_search:(4:<0.359.0>) Dyn Var: no Match (varname=authenticity_token), 

=INFO REPORT==== 8-Mar-2011::17:57:09 ===
           ts_search:(4:<0.352.0>) Dyn Var: no Match (varname=authenticity_token), 

=INFO REPORT==== 8-Mar-2011::17:57:16 ===
           ts_search:(4:<0.372.0>) Dyn Var: no Match (varname=authenticity_token), 

=INFO REPORT==== 8-Mar-2011::17:57:16 ===
           ts_search:(4:<0.378.0>) Dyn Var: no Match (varname=authenticity_token), 

=INFO REPORT==== 8-Mar-2011::17:57:16 ===
           ts_search:(4:<0.371.0>) Dyn Var: no Match (varname=authenticity_token), 

=INFO REPORT==== 8-Mar-2011::17:57:17 ===
           ts_search:(4:<0.411.0>) Dyn Var: no Match (varname=authenticity_token), 

=INFO REPORT==== 8-Mar-2011::17:57:17 ===
           ts_search:(4:<0.408.0>) Dyn Var: no Match (varname=authenticity_token), 

=INFO REPORT==== 8-Mar-2011::17:57:18 ===
           ts_search:(4:<0.403.0>) Dyn Var: no Match (varname=authenticity_token), 

=INFO REPORT==== 8-Mar-2011::17:57:18 ===
           ts_search:(4:<0.412.0>) Dyn Var: no Match (varname=authenticity_token), 

=INFO REPORT==== 8-Mar-2011::17:57:18 ===
           ts_search:(4:<0.397.0>) Dyn Var: no Match (varname=authenticity_token), 

=INFO REPORT==== 8-Mar-2011::17:57:18 ===
           ts_search:(4:<0.396.0>) Dyn Var: no Match (varname=authenticity_token), 

=INFO REPORT==== 8-Mar-2011::17:57:18 ===
           ts_search:(4:<0.421.0>) Dyn Var: no Match (varname=authenticity_token), 

=INFO REPORT==== 8-Mar-2011::17:57:18 ===
           ts_search:(4:<0.418.0>) Dyn Var: no Match (varname=authenticity_token), 

=INFO REPORT==== 8-Mar-2011::17:57:19 ===
           ts_search:(4:<0.410.0>) Dyn Var: no Match (varname=authenticity_token), 

=INFO REPORT==== 8-Mar-2011::17:57:25 ===
           ts_search:(4:<0.441.0>) Dyn Var: no Match (varname=authenticity_token), 

=INFO REPORT==== 8-Mar-2011::17:57:25 ===
           ts_search:(4:<0.445.0>) Dyn Var: no Match (varname=authenticity_token), 

=INFO REPORT==== 8-Mar-2011::17:57:25 ===
           ts_search:(4:<0.455.0>) Dyn Var: no Match (varname=authenticity_token), 

=INFO REPORT==== 8-Mar-2011::17:57:25 ===
           ts_search:(4:<0.436.0>) Dyn Var: no Match (varname=authenticity_token), 

=INFO REPORT==== 8-Mar-2011::17:57:26 ===
           ts_search:(4:<0.460.0>) Dyn Var: no Match (varname=authenticity_token), 

=INFO REPORT==== 8-Mar-2011::17:57:27 ===
           ts_search:(4:<0.467.0>) Dyn Var: no Match (varname=authenticity_token), 

=INFO REPORT==== 8-Mar-2011::17:57:29 ===
           ts_search:(4:<0.497.0>) Dyn Var: no Match (varname=authenticity_token), 

=INFO REPORT==== 8-Mar-2011::17:57:29 ===
           ts_search:(4:<0.486.0>) Dyn Var: no Match (varname=authenticity_token), 

=INFO REPORT==== 8-Mar-2011::17:57:29 ===
           ts_search:(4:<0.488.0>) Dyn Var: no Match (varname=authenticity_token), 

=INFO REPORT==== 8-Mar-2011::17:57:29 ===
           ts_search:(4:<0.493.0>) Dyn Var: no Match (varname=authenticity_token), 

=INFO REPORT==== 8-Mar-2011::17:57:30 ===
           ts_search:(4:<0.495.0>) Dyn Var: no Match (varname=authenticity_token), 

=INFO REPORT==== 8-Mar-2011::17:57:30 ===
           ts_search:(4:<0.515.0>) Dyn Var: no Match (varname=authenticity_token), 

=INFO REPORT==== 8-Mar-2011::17:57:30 ===
           ts_search:(4:<0.502.0>) Dyn Var: no Match (varname=authenticity_token), 

=INFO REPORT==== 8-Mar-2011::17:57:31 ===
           ts_search:(4:<0.508.0>) Dyn Var: no Match (varname=authenticity_token), 

=INFO REPORT==== 8-Mar-2011::17:57:31 ===
           ts_search:(4:<0.511.0>) Dyn Var: no Match (varname=authenticity_token), 

=INFO REPORT==== 8-Mar-2011::17:57:31 ===
           ts_search:(4:<0.510.0>) Dyn Var: no Match (varname=authenticity_token), 

=INFO REPORT==== 8-Mar-2011::17:57:33 ===
           ts_search:(4:<0.499.0>) Dyn Var: no Match (varname=authenticity_token), 

=INFO REPORT==== 8-Mar-2011::17:57:34 ===
           ts_search:(4:<0.524.0>) Dyn Var: no Match (varname=authenticity_token), 

=INFO REPORT==== 8-Mar-2011::17:57:35 ===
           ts_search:(4:<0.526.0>) Dyn Var: no Match (varname=authenticity_token), 

=INFO REPORT==== 8-Mar-2011::17:57:36 ===
           ts_search:(4:<0.521.0>) Dyn Var: no Match (varname=authenticity_token), 

=INFO REPORT==== 8-Mar-2011::17:57:38 ===
           ts_search:(4:<0.580.0>) Dyn Var: no Match (varname=authenticity_token), 

=INFO REPORT==== 8-Mar-2011::17:57:38 ===
           ts_search:(4:<0.551.0>) Dyn Var: no Match (varname=authenticity_token), 

=INFO REPORT==== 8-Mar-2011::17:57:38 ===
           ts_search:(4:<0.560.0>) Dyn Var: no Match (varname=authenticity_token), 

=INFO REPORT==== 8-Mar-2011::17:57:38 ===
           ts_search:(4:<0.542.0>) Dyn Var: no Match (varname=authenticity_token), 

=INFO REPORT==== 8-Mar-2011::17:57:38 ===
           ts_search:(4:<0.555.0>) Dyn Var: no Match (varname=authenticity_token), 

=INFO REPORT==== 8-Mar-2011::17:57:38 ===
           ts_search:(4:<0.549.0>) Dyn Var: no Match (varname=authenticity_token), 

=INFO REPORT==== 8-Mar-2011::17:57:38 ===
           ts_search:(4:<0.539.0>) Dyn Var: no Match (varname=authenticity_token), 

=INFO REPORT==== 8-Mar-2011::17:57:38 ===
           ts_search:(4:<0.545.0>) Dyn Var: no Match (varname=authenticity_token), 

=INFO REPORT==== 8-Mar-2011::17:57:38 ===
           ts_search:(4:<0.565.0>) Dyn Var: no Match (varname=authenticity_token), 

=INFO REPORT==== 8-Mar-2011::17:57:39 ===
           ts_search:(4:<0.541.0>) Dyn Var: no Match (varname=authenticity_token), 

=INFO REPORT==== 8-Mar-2011::17:57:39 ===
           ts_search:(4:<0.575.0>) Dyn Var: no Match (varname=authenticity_token), 

=INFO REPORT==== 8-Mar-2011::17:57:39 ===
           ts_search:(4:<0.588.0>) Dyn Var: no Match (varname=authenticity_token), 

=INFO REPORT==== 8-Mar-2011::17:57:40 ===
           ts_search:(4:<0.518.0>) Dyn Var: no Match (varname=authenticity_token), 

=INFO REPORT==== 8-Mar-2011::17:57:41 ===
           ts_search:(4:<0.573.0>) Dyn Var: no Match (varname=authenticity_token), 

=INFO REPORT==== 8-Mar-2011::17:57:42 ===
           ts_search:(4:<0.601.0>) Dyn Var: no Match (varname=authenticity_token), 

=INFO REPORT==== 8-Mar-2011::17:57:42 ===
           ts_search:(4:<0.610.0>) Dyn Var: no Match (varname=authenticity_token), 

=INFO REPORT==== 8-Mar-2011::17:57:42 ===
           ts_search:(4:<0.604.0>) Dyn Var: no Match (varname=authenticity_token), 

=INFO REPORT==== 8-Mar-2011::17:57:42 ===
           ts_search:(4:<0.623.0>) Dyn Var: no Match (varname=authenticity_token), 

=INFO REPORT==== 8-Mar-2011::17:57:42 ===
           ts_search:(4:<0.614.0>) Dyn Var: no Match (varname=authenticity_token), 

=INFO REPORT==== 8-Mar-2011::17:57:53 ===
           ts_search:(4:<0.639.0>) Dyn Var: no Match (varname=authenticity_token), 

=INFO REPORT==== 8-Mar-2011::17:57:54 ===
           ts_search:(4:<0.648.0>) Dyn Var: no Match (varname=authenticity_token), 

=INFO REPORT==== 8-Mar-2011::17:57:54 ===
           ts_search:(4:<0.640.0>) Dyn Var: no Match (varname=authenticity_token), 

=INFO REPORT==== 8-Mar-2011::17:57:54 ===
           ts_search:(4:<0.693.0>) Dyn Var: no Match (varname=authenticity_token), 

=INFO REPORT==== 8-Mar-2011::17:57:55 ===
           ts_search:(4:<0.657.0>) Dyn Var: no Match (varname=authenticity_token), 

=INFO REPORT==== 8-Mar-2011::17:57:55 ===
           ts_search:(4:<0.677.0>) Dyn Var: no Match (varname=authenticity_token), 

=INFO REPORT==== 8-Mar-2011::17:57:55 ===
           ts_search:(4:<0.698.0>) Dyn Var: no Match (varname=authenticity_token), 

=INFO REPORT==== 8-Mar-2011::17:57:55 ===
           ts_search:(4:<0.694.0>) Dyn Var: no Match (varname=authenticity_token), 

=INFO REPORT==== 8-Mar-2011::17:57:55 ===
           ts_search:(4:<0.684.0>) Dyn Var: no Match (varname=authenticity_token), 

=INFO REPORT==== 8-Mar-2011::17:57:55 ===
           ts_search:(4:<0.697.0>) Dyn Var: no Match (varname=authenticity_token), 

=INFO REPORT==== 8-Mar-2011::17:57:55 ===
           ts_search:(4:<0.667.0>) Dyn Var: no Match (varname=authenticity_token), 

=INFO REPORT==== 8-Mar-2011::17:57:55 ===
           ts_search:(4:<0.707.0>) Dyn Var: no Match (varname=authenticity_token), 

=INFO REPORT==== 8-Mar-2011::17:57:55 ===
           ts_search:(4:<0.655.0>) Dyn Var: no Match (varname=authenticity_token), 

=INFO REPORT==== 8-Mar-2011::17:57:58 ===
           ts_search:(4:<0.706.0>) Dyn Var: no Match (varname=authenticity_token), 

=INFO REPORT==== 8-Mar-2011::17:58:05 ===
           ts_search:(4:<0.723.0>) Dyn Var: no Match (varname=authenticity_token), 

=INFO REPORT==== 8-Mar-2011::17:58:07 ===
           ts_search:(4:<0.743.0>) Dyn Var: no Match (varname=authenticity_token), 

=INFO REPORT==== 8-Mar-2011::17:58:07 ===
           ts_search:(4:<0.762.0>) Dyn Var: no Match (varname=authenticity_token), 

=INFO REPORT==== 8-Mar-2011::17:58:08 ===
           ts_search:(4:<0.740.0>) Dyn Var: no Match (varname=authenticity_token), 

=INFO REPORT==== 8-Mar-2011::17:58:08 ===
           ts_search:(4:<0.728.0>) Dyn Var: no Match (varname=authenticity_token), 

=INFO REPORT==== 8-Mar-2011::17:58:08 ===
           ts_search:(4:<0.749.0>) Dyn Var: no Match (varname=authenticity_token), 

=INFO REPORT==== 8-Mar-2011::17:58:08 ===
           ts_search:(4:<0.730.0>) Dyn Var: no Match (varname=authenticity_token), 

=INFO REPORT==== 8-Mar-2011::17:58:09 ===
           ts_search:(4:<0.742.0>) Dyn Var: no Match (varname=authenticity_token), 

=INFO REPORT==== 8-Mar-2011::17:58:10 ===
           ts_search:(4:<0.767.0>) Dyn Var: no Match (varname=authenticity_token), 

=INFO REPORT==== 8-Mar-2011::17:58:10 ===
           ts_search:(4:<0.785.0>) Dyn Var: no Match (varname=authenticity_token), 

=INFO REPORT==== 8-Mar-2011::17:58:10 ===
           ts_search:(4:<0.763.0>) Dyn Var: no Match (varname=authenticity_token), 

=INFO REPORT==== 8-Mar-2011::17:58:11 ===
           ts_search:(4:<0.764.0>) Dyn Var: no Match (varname=authenticity_token), 

=INFO REPORT==== 8-Mar-2011::17:58:11 ===
           ts_search:(4:<0.769.0>) Dyn Var: no Match (varname=authenticity_token), 

=INFO REPORT==== 8-Mar-2011::17:58:11 ===
           ts_search:(4:<0.781.0>) Dyn Var: no Match (varname=authenticity_token), 

=INFO REPORT==== 8-Mar-2011::17:58:12 ===
           ts_search:(4:<0.766.0>) Dyn Var: no Match (varname=authenticity_token), 

=INFO REPORT==== 8-Mar-2011::17:58:12 ===
           ts_search:(4:<0.795.0>) Dyn Var: no Match (varname=authenticity_token), 

=INFO REPORT==== 8-Mar-2011::17:58:14 ===
           ts_search:(4:<0.794.0>) Dyn Var: no Match (varname=authenticity_token), 

=INFO REPORT==== 8-Mar-2011::17:58:14 ===
           ts_search:(4:<0.818.0>) Dyn Var: no Match (varname=authenticity_token), 

=INFO REPORT==== 8-Mar-2011::17:58:14 ===
           ts_search:(4:<0.815.0>) Dyn Var: no Match (varname=authenticity_token), 

=INFO REPORT==== 8-Mar-2011::17:58:14 ===
           ts_search:(4:<0.814.0>) Dyn Var: no Match (varname=authenticity_token), 

=INFO REPORT==== 8-Mar-2011::17:58:17 ===
           ts_search:(4:<0.820.0>) Dyn Var: no Match (varname=authenticity_token), 

=INFO REPORT==== 8-Mar-2011::17:58:19 ===
           ts_search:(4:<0.833.0>) Dyn Var: no Match (varname=authenticity_token), 

=INFO REPORT==== 8-Mar-2011::17:58:20 ===
           ts_search:(4:<0.862.0>) Dyn Var: no Match (varname=authenticity_token), 

=INFO REPORT==== 8-Mar-2011::17:58:20 ===
           ts_search:(4:<0.843.0>) Dyn Var: no Match (varname=authenticity_token), 

=INFO REPORT==== 8-Mar-2011::17:58:20 ===
           ts_search:(4:<0.860.0>) Dyn Var: no Match (varname=authenticity_token), 

=INFO REPORT==== 8-Mar-2011::17:58:20 ===
           ts_search:(4:<0.840.0>) Dyn Var: no Match (varname=authenticity_token), 

=INFO REPORT==== 8-Mar-2011::17:58:20 ===
           ts_search:(4:<0.846.0>) Dyn Var: no Match (varname=authenticity_token), 

=INFO REPORT==== 8-Mar-2011::17:58:20 ===
           ts_search:(4:<0.849.0>) Dyn Var: no Match (varname=authenticity_token), 

=INFO REPORT==== 8-Mar-2011::17:58:20 ===
           ts_search:(4:<0.848.0>) Dyn Var: no Match (varname=authenticity_token), 

=INFO REPORT==== 8-Mar-2011::17:58:20 ===
           ts_search:(4:<0.852.0>) Dyn Var: no Match (varname=authenticity_token), 

=INFO REPORT==== 8-Mar-2011::17:58:21 ===
           ts_search:(4:<0.863.0>) Dyn Var: no Match (varname=authenticity_token), 

=INFO REPORT==== 8-Mar-2011::17:58:35 ===
           ts_search:(4:<0.905.0>) Dyn Var: no Match (varname=authenticity_token), 

=INFO REPORT==== 8-Mar-2011::17:58:35 ===
           ts_search:(4:<0.896.0>) Dyn Var: no Match (varname=authenticity_token), 

=INFO REPORT==== 8-Mar-2011::17:58:35 ===
           ts_search:(4:<0.888.0>) Dyn Var: no Match (varname=authenticity_token), 

=INFO REPORT==== 8-Mar-2011::17:58:35 ===
           ts_search:(4:<0.890.0>) Dyn Var: no Match (varname=authenticity_token), 

=INFO REPORT==== 8-Mar-2011::17:58:36 ===
           ts_search:(4:<0.902.0>) Dyn Var: no Match (varname=authenticity_token), 

=INFO REPORT==== 8-Mar-2011::17:58:36 ===
           ts_search:(4:<0.891.0>) Dyn Var: no Match (varname=authenticity_token), 

=INFO REPORT==== 8-Mar-2011::17:58:37 ===
           ts_search:(4:<0.898.0>) Dyn Var: no Match (varname=authenticity_token), 

=INFO REPORT==== 8-Mar-2011::17:58:42 ===
           ts_search:(4:<0.914.0>) Dyn Var: no Match (varname=authenticity_token), 
