
=INFO REPORT==== 8-Mar-2011::18:08:29 ===
         ts_launcher:(5:<0.61.0>) Expected duration of phase: 754.8 sec 

=INFO REPORT==== 8-Mar-2011::18:08:29 ===
     ts_launcher_mgr:(4:<0.56.0>) No registered processes ! syncing ...

=INFO REPORT==== 8-Mar-2011::18:10:12 ===
         ts_launcher:(5:<0.61.0>) Max number of concurrent clients reached, must start a new beam

=INFO REPORT==== 8-Mar-2011::18:13:06 ===
           ts_search:(4:<0.132.0>) Dyn Var: no Match (varname=authenticity_token), 

=INFO REPORT==== 8-Mar-2011::18:13:07 ===
           ts_search:(4:<0.170.0>) Dyn Var: no Match (varname=authenticity_token), 

=INFO REPORT==== 8-Mar-2011::18:13:07 ===
           ts_search:(4:<0.129.0>) Dyn Var: no Match (varname=authenticity_token), 

=INFO REPORT==== 8-Mar-2011::18:13:07 ===
           ts_search:(4:<0.175.0>) Dyn Var: no Match (varname=authenticity_token), 

=INFO REPORT==== 8-Mar-2011::18:13:07 ===
           ts_search:(4:<0.164.0>) Dyn Var: no Match (varname=authenticity_token), 

=INFO REPORT==== 8-Mar-2011::18:13:07 ===
           ts_search:(4:<0.200.0>) Dyn Var: no Match (varname=authenticity_token), 

=INFO REPORT==== 8-Mar-2011::18:13:08 ===
           ts_search:(4:<0.182.0>) Dyn Var: no Match (varname=authenticity_token), 

=INFO REPORT==== 8-Mar-2011::18:13:08 ===
           ts_search:(4:<0.151.0>) Dyn Var: no Match (varname=authenticity_token), 

=INFO REPORT==== 8-Mar-2011::18:13:08 ===
           ts_search:(4:<0.138.0>) Dyn Var: no Match (varname=authenticity_token), 

=INFO REPORT==== 8-Mar-2011::18:13:08 ===
           ts_search:(4:<0.210.0>) Dyn Var: no Match (varname=authenticity_token), 

=INFO REPORT==== 8-Mar-2011::18:13:09 ===
           ts_search:(4:<0.136.0>) Dyn Var: no Match (varname=authenticity_token), 

=INFO REPORT==== 8-Mar-2011::18:13:15 ===
           ts_search:(4:<0.261.0>) Dyn Var: no Match (varname=authenticity_token), 

=INFO REPORT==== 8-Mar-2011::18:13:15 ===
           ts_search:(4:<0.233.0>) Dyn Var: no Match (varname=authenticity_token), 

=INFO REPORT==== 8-Mar-2011::18:13:16 ===
           ts_search:(4:<0.237.0>) Dyn Var: no Match (varname=authenticity_token), 

=INFO REPORT==== 8-Mar-2011::18:13:16 ===
           ts_search:(4:<0.228.0>) Dyn Var: no Match (varname=authenticity_token), 

=INFO REPORT==== 8-Mar-2011::18:13:16 ===
           ts_search:(4:<0.230.0>) Dyn Var: no Match (varname=authenticity_token), 

=INFO REPORT==== 8-Mar-2011::18:13:20 ===
           ts_search:(4:<0.270.0>) Dyn Var: no Match (varname=authenticity_token), 

=INFO REPORT==== 8-Mar-2011::18:13:20 ===
           ts_search:(4:<0.274.0>) Dyn Var: no Match (varname=authenticity_token), 

=INFO REPORT==== 8-Mar-2011::18:13:20 ===
           ts_search:(4:<0.269.0>) Dyn Var: no Match (varname=authenticity_token), 

=INFO REPORT==== 8-Mar-2011::18:13:20 ===
           ts_search:(4:<0.281.0>) Dyn Var: no Match (varname=authenticity_token), 

=INFO REPORT==== 8-Mar-2011::18:13:20 ===
           ts_search:(4:<0.283.0>) Dyn Var: no Match (varname=authenticity_token), 

=INFO REPORT==== 8-Mar-2011::18:13:20 ===
           ts_search:(4:<0.275.0>) Dyn Var: no Match (varname=authenticity_token), 

=INFO REPORT==== 8-Mar-2011::18:13:20 ===
           ts_search:(4:<0.299.0>) Dyn Var: no Match (varname=authenticity_token), 

=INFO REPORT==== 8-Mar-2011::18:13:20 ===
           ts_search:(4:<0.290.0>) Dyn Var: no Match (varname=authenticity_token), 

=INFO REPORT==== 8-Mar-2011::18:13:21 ===
           ts_search:(4:<0.287.0>) Dyn Var: no Match (varname=authenticity_token), 

=INFO REPORT==== 8-Mar-2011::18:13:22 ===
           ts_search:(4:<0.289.0>) Dyn Var: no Match (varname=authenticity_token), 

=INFO REPORT==== 8-Mar-2011::18:13:26 ===
           ts_search:(4:<0.331.0>) Dyn Var: no Match (varname=authenticity_token), 

=INFO REPORT==== 8-Mar-2011::18:13:27 ===
           ts_search:(4:<0.332.0>) Dyn Var: no Match (varname=authenticity_token), 

=INFO REPORT==== 8-Mar-2011::18:13:27 ===
           ts_search:(4:<0.375.0>) Dyn Var: no Match (varname=authenticity_token), 

=INFO REPORT==== 8-Mar-2011::18:13:27 ===
           ts_search:(4:<0.340.0>) Dyn Var: no Match (varname=authenticity_token), 

=INFO REPORT==== 8-Mar-2011::18:13:27 ===
           ts_search:(4:<0.359.0>) Dyn Var: no Match (varname=authenticity_token), 

=INFO REPORT==== 8-Mar-2011::18:13:27 ===
           ts_search:(4:<0.356.0>) Dyn Var: no Match (varname=authenticity_token), 

=INFO REPORT==== 8-Mar-2011::18:13:27 ===
           ts_search:(4:<0.371.0>) Dyn Var: no Match (varname=authenticity_token), 

=INFO REPORT==== 8-Mar-2011::18:13:28 ===
           ts_search:(4:<0.368.0>) Dyn Var: no Match (varname=authenticity_token), 

=INFO REPORT==== 8-Mar-2011::18:13:28 ===
           ts_search:(4:<0.376.0>) Dyn Var: no Match (varname=authenticity_token), 

=INFO REPORT==== 8-Mar-2011::18:13:28 ===
           ts_search:(4:<0.316.0>) Dyn Var: no Match (varname=authenticity_token), 

=INFO REPORT==== 8-Mar-2011::18:13:28 ===
           ts_search:(4:<0.338.0>) Dyn Var: no Match (varname=authenticity_token), 

=INFO REPORT==== 8-Mar-2011::18:13:28 ===
           ts_search:(4:<0.333.0>) Dyn Var: no Match (varname=authenticity_token), 

=INFO REPORT==== 8-Mar-2011::18:13:28 ===
           ts_search:(4:<0.329.0>) Dyn Var: no Match (varname=authenticity_token), 

=INFO REPORT==== 8-Mar-2011::18:13:30 ===
           ts_search:(4:<0.341.0>) Dyn Var: no Match (varname=authenticity_token), 

=INFO REPORT==== 8-Mar-2011::18:13:44 ===
           ts_search:(4:<0.451.0>) Dyn Var: no Match (varname=authenticity_token), 

=INFO REPORT==== 8-Mar-2011::18:13:44 ===
           ts_search:(4:<0.409.0>) Dyn Var: no Match (varname=authenticity_token), 

=INFO REPORT==== 8-Mar-2011::18:13:44 ===
           ts_search:(4:<0.467.0>) Dyn Var: no Match (varname=authenticity_token), 

=INFO REPORT==== 8-Mar-2011::18:13:44 ===
           ts_search:(4:<0.399.0>) Dyn Var: no Match (varname=authenticity_token), 

=INFO REPORT==== 8-Mar-2011::18:13:44 ===
           ts_search:(4:<0.386.0>) Dyn Var: no Match (varname=authenticity_token), 

=INFO REPORT==== 8-Mar-2011::18:13:44 ===
           ts_search:(4:<0.403.0>) Dyn Var: no Match (varname=authenticity_token), 

=INFO REPORT==== 8-Mar-2011::18:13:44 ===
           ts_search:(4:<0.466.0>) Dyn Var: no Match (varname=authenticity_token), 

=INFO REPORT==== 8-Mar-2011::18:13:44 ===
           ts_search:(4:<0.437.0>) Dyn Var: no Match (varname=authenticity_token), 

=INFO REPORT==== 8-Mar-2011::18:13:44 ===
           ts_search:(4:<0.407.0>) Dyn Var: no Match (varname=authenticity_token), 

=INFO REPORT==== 8-Mar-2011::18:13:44 ===
           ts_search:(4:<0.416.0>) Dyn Var: no Match (varname=authenticity_token), 

=INFO REPORT==== 8-Mar-2011::18:13:44 ===
           ts_search:(4:<0.481.0>) Dyn Var: no Match (varname=authenticity_token), 

=INFO REPORT==== 8-Mar-2011::18:13:44 ===
           ts_search:(4:<0.457.0>) Dyn Var: no Match (varname=authenticity_token), 

=INFO REPORT==== 8-Mar-2011::18:13:44 ===
           ts_search:(4:<0.480.0>) Dyn Var: no Match (varname=authenticity_token), 

=INFO REPORT==== 8-Mar-2011::18:13:44 ===
           ts_search:(4:<0.469.0>) Dyn Var: no Match (varname=authenticity_token), 

=INFO REPORT==== 8-Mar-2011::18:13:44 ===
           ts_search:(4:<0.388.0>) Dyn Var: no Match (varname=authenticity_token), 

=INFO REPORT==== 8-Mar-2011::18:13:44 ===
           ts_search:(4:<0.485.0>) Dyn Var: no Match (varname=authenticity_token), 

=INFO REPORT==== 8-Mar-2011::18:13:44 ===
           ts_search:(4:<0.464.0>) Dyn Var: no Match (varname=authenticity_token), 

=INFO REPORT==== 8-Mar-2011::18:13:45 ===
           ts_search:(4:<0.486.0>) Dyn Var: no Match (varname=authenticity_token), 

=INFO REPORT==== 8-Mar-2011::18:13:45 ===
           ts_search:(4:<0.471.0>) Dyn Var: no Match (varname=authenticity_token), 

=INFO REPORT==== 8-Mar-2011::18:13:48 ===
           ts_search:(4:<0.493.0>) Dyn Var: no Match (varname=authenticity_token), 

=INFO REPORT==== 8-Mar-2011::18:13:48 ===
           ts_search:(4:<0.488.0>) Dyn Var: no Match (varname=authenticity_token), 

=INFO REPORT==== 8-Mar-2011::18:13:51 ===
           ts_search:(4:<0.500.0>) Dyn Var: no Match (varname=authenticity_token), 

=INFO REPORT==== 8-Mar-2011::18:13:54 ===
           ts_search:(4:<0.512.0>) Dyn Var: no Match (varname=authenticity_token), 

=INFO REPORT==== 8-Mar-2011::18:13:55 ===
           ts_search:(4:<0.497.0>) Dyn Var: no Match (varname=authenticity_token), 

=INFO REPORT==== 8-Mar-2011::18:13:56 ===
           ts_search:(4:<0.537.0>) Dyn Var: no Match (varname=authenticity_token), 

=INFO REPORT==== 8-Mar-2011::18:13:56 ===
           ts_search:(4:<0.535.0>) Dyn Var: no Match (varname=authenticity_token), 

=INFO REPORT==== 8-Mar-2011::18:13:57 ===
           ts_search:(4:<0.545.0>) Dyn Var: no Match (varname=authenticity_token), 

=INFO REPORT==== 8-Mar-2011::18:13:57 ===
           ts_search:(4:<0.557.0>) Dyn Var: no Match (varname=authenticity_token), 

=INFO REPORT==== 8-Mar-2011::18:13:58 ===
           ts_search:(4:<0.542.0>) Dyn Var: no Match (varname=authenticity_token), 

=INFO REPORT==== 8-Mar-2011::18:14:04 ===
           ts_search:(4:<0.591.0>) Dyn Var: no Match (varname=authenticity_token), 

=INFO REPORT==== 8-Mar-2011::18:14:04 ===
           ts_search:(4:<0.620.0>) Dyn Var: no Match (varname=authenticity_token), 

=INFO REPORT==== 8-Mar-2011::18:14:05 ===
           ts_search:(4:<0.590.0>) Dyn Var: no Match (varname=authenticity_token), 

=INFO REPORT==== 8-Mar-2011::18:14:07 ===
           ts_search:(4:<0.619.0>) Dyn Var: no Match (varname=authenticity_token), 

=INFO REPORT==== 8-Mar-2011::18:14:07 ===
           ts_search:(4:<0.613.0>) Dyn Var: no Match (varname=authenticity_token), 

=INFO REPORT==== 8-Mar-2011::18:14:07 ===
           ts_search:(4:<0.584.0>) Dyn Var: no Match (varname=authenticity_token), 

=INFO REPORT==== 8-Mar-2011::18:14:13 ===
           ts_search:(4:<0.626.0>) Dyn Var: no Match (varname=authenticity_token), 

=INFO REPORT==== 8-Mar-2011::18:14:14 ===
           ts_search:(4:<0.625.0>) Dyn Var: no Match (varname=authenticity_token), 

=INFO REPORT==== 8-Mar-2011::18:14:16 ===
           ts_search:(4:<0.657.0>) Dyn Var: no Match (varname=authenticity_token), 

=INFO REPORT==== 8-Mar-2011::18:14:17 ===
           ts_search:(4:<0.669.0>) Dyn Var: no Match (varname=authenticity_token), 

=INFO REPORT==== 8-Mar-2011::18:14:17 ===
           ts_search:(4:<0.649.0>) Dyn Var: no Match (varname=authenticity_token), 

=INFO REPORT==== 8-Mar-2011::18:14:17 ===
           ts_search:(4:<0.698.0>) Dyn Var: no Match (varname=authenticity_token), 

=INFO REPORT==== 8-Mar-2011::18:14:17 ===
           ts_search:(4:<0.701.0>) Dyn Var: no Match (varname=authenticity_token), 

=INFO REPORT==== 8-Mar-2011::18:14:17 ===
           ts_search:(4:<0.668.0>) Dyn Var: no Match (varname=authenticity_token), 

=INFO REPORT==== 8-Mar-2011::18:14:17 ===
           ts_search:(4:<0.658.0>) Dyn Var: no Match (varname=authenticity_token), 

=INFO REPORT==== 8-Mar-2011::18:14:17 ===
           ts_search:(4:<0.700.0>) Dyn Var: no Match (varname=authenticity_token), 

=INFO REPORT==== 8-Mar-2011::18:14:17 ===
           ts_search:(4:<0.636.0>) Dyn Var: no Match (varname=authenticity_token), 

=INFO REPORT==== 8-Mar-2011::18:14:19 ===
           ts_search:(4:<0.676.0>) Dyn Var: no Match (varname=authenticity_token), 

=INFO REPORT==== 8-Mar-2011::18:14:27 ===
           ts_search:(4:<0.712.0>) Dyn Var: no Match (varname=authenticity_token), 

=INFO REPORT==== 8-Mar-2011::18:14:27 ===
           ts_search:(4:<0.715.0>) Dyn Var: no Match (varname=authenticity_token), 

=INFO REPORT==== 8-Mar-2011::18:14:27 ===
           ts_search:(4:<0.717.0>) Dyn Var: no Match (varname=authenticity_token), 

=INFO REPORT==== 8-Mar-2011::18:14:35 ===
           ts_search:(4:<0.764.0>) Dyn Var: no Match (varname=authenticity_token), 

=INFO REPORT==== 8-Mar-2011::18:14:35 ===
           ts_search:(4:<0.779.0>) Dyn Var: no Match (varname=authenticity_token), 

=INFO REPORT==== 8-Mar-2011::18:14:36 ===
           ts_search:(4:<0.732.0>) Dyn Var: no Match (varname=authenticity_token), 

=INFO REPORT==== 8-Mar-2011::18:14:36 ===
           ts_search:(4:<0.736.0>) Dyn Var: no Match (varname=authenticity_token), 

=INFO REPORT==== 8-Mar-2011::18:14:36 ===
           ts_search:(4:<0.730.0>) Dyn Var: no Match (varname=authenticity_token), 

=INFO REPORT==== 8-Mar-2011::18:14:36 ===
           ts_search:(4:<0.758.0>) Dyn Var: no Match (varname=authenticity_token), 

=INFO REPORT==== 8-Mar-2011::18:14:36 ===
           ts_search:(4:<0.780.0>) Dyn Var: no Match (varname=authenticity_token), 

=INFO REPORT==== 8-Mar-2011::18:14:36 ===
           ts_search:(4:<0.767.0>) Dyn Var: no Match (varname=authenticity_token), 

=INFO REPORT==== 8-Mar-2011::18:14:36 ===
           ts_search:(4:<0.752.0>) Dyn Var: no Match (varname=authenticity_token), 

=INFO REPORT==== 8-Mar-2011::18:14:45 ===
           ts_search:(4:<0.830.0>) Dyn Var: no Match (varname=authenticity_token), 

=INFO REPORT==== 8-Mar-2011::18:14:46 ===
           ts_search:(4:<0.836.0>) Dyn Var: no Match (varname=authenticity_token), 

=INFO REPORT==== 8-Mar-2011::18:14:46 ===
           ts_search:(4:<0.787.0>) Dyn Var: no Match (varname=authenticity_token), 

=INFO REPORT==== 8-Mar-2011::18:14:46 ===
           ts_search:(4:<0.795.0>) Dyn Var: no Match (varname=authenticity_token), 

=INFO REPORT==== 8-Mar-2011::18:14:47 ===
           ts_search:(4:<0.802.0>) Dyn Var: no Match (varname=authenticity_token), 

=INFO REPORT==== 8-Mar-2011::18:14:47 ===
           ts_search:(4:<0.773.0>) Dyn Var: no Match (varname=authenticity_token), 

=INFO REPORT==== 8-Mar-2011::18:14:49 ===
           ts_search:(4:<0.874.0>) Dyn Var: no Match (varname=authenticity_token), 

=INFO REPORT==== 8-Mar-2011::18:14:49 ===
           ts_search:(4:<0.847.0>) Dyn Var: no Match (varname=authenticity_token), 

=INFO REPORT==== 8-Mar-2011::18:14:49 ===
           ts_search:(4:<0.877.0>) Dyn Var: no Match (varname=authenticity_token), 

=INFO REPORT==== 8-Mar-2011::18:14:49 ===
           ts_search:(4:<0.886.0>) Dyn Var: no Match (varname=authenticity_token), 

=INFO REPORT==== 8-Mar-2011::18:14:49 ===
           ts_search:(4:<0.875.0>) Dyn Var: no Match (varname=authenticity_token), 

=INFO REPORT==== 8-Mar-2011::18:14:50 ===
           ts_search:(4:<0.884.0>) Dyn Var: no Match (varname=authenticity_token), 

=INFO REPORT==== 8-Mar-2011::18:14:50 ===
           ts_search:(4:<0.890.0>) Dyn Var: no Match (varname=authenticity_token), 

=INFO REPORT==== 8-Mar-2011::18:14:50 ===
           ts_search:(4:<0.898.0>) Dyn Var: no Match (varname=authenticity_token), 

=INFO REPORT==== 8-Mar-2011::18:14:50 ===
           ts_search:(4:<0.869.0>) Dyn Var: no Match (varname=authenticity_token), 

=INFO REPORT==== 8-Mar-2011::18:14:50 ===
           ts_search:(4:<0.921.0>) Dyn Var: no Match (varname=authenticity_token), 

=INFO REPORT==== 8-Mar-2011::18:14:50 ===
           ts_search:(4:<0.906.0>) Dyn Var: no Match (varname=authenticity_token), 

=INFO REPORT==== 8-Mar-2011::18:14:50 ===
           ts_search:(4:<0.916.0>) Dyn Var: no Match (varname=authenticity_token), 

=INFO REPORT==== 8-Mar-2011::18:14:50 ===
           ts_search:(4:<0.888.0>) Dyn Var: no Match (varname=authenticity_token), 

=INFO REPORT==== 8-Mar-2011::18:14:51 ===
           ts_search:(4:<0.892.0>) Dyn Var: no Match (varname=authenticity_token), 
