
=INFO REPORT==== 2-Mar-2011::11:32:47 ===
    ts_config_server:(5:<0.52.0>) Config server started, logdir is "/home/ec2-user/.tsung/log/20110302-16:32"
 
=INFO REPORT==== 2-Mar-2011::11:32:47 ===
              ts_mon:(5:<0.51.0>) starting monitor, global 

=INFO REPORT==== 2-Mar-2011::11:32:47 ===
              ts_mon:(5:<0.53.0>) Init, log dir is "/home/ec2-user/.tsung/log/20110302-16:32"

=INFO REPORT==== 2-Mar-2011::11:32:47 ===
              ts_mon:(5:<0.53.0>) starting monitor

=INFO REPORT==== 2-Mar-2011::11:32:47 ===
        ts_stats_mon:(5:<0.51.0>) starting stats server, global 

=INFO REPORT==== 2-Mar-2011::11:32:47 ===
        ts_stats_mon:(5:<0.55.0>) starting ts_stats_mon stats server

=INFO REPORT==== 2-Mar-2011::11:32:47 ===
        ts_stats_mon:(5:<0.51.0>) starting request stats server, global 

=INFO REPORT==== 2-Mar-2011::11:32:47 ===
        ts_stats_mon:(5:<0.56.0>) starting dedicated stats server for request 

=INFO REPORT==== 2-Mar-2011::11:32:47 ===
        ts_stats_mon:(5:<0.51.0>) starting page stats server, global 

=INFO REPORT==== 2-Mar-2011::11:32:47 ===
        ts_stats_mon:(5:<0.57.0>) starting dedicated stats server for page 

=INFO REPORT==== 2-Mar-2011::11:32:47 ===
        ts_stats_mon:(5:<0.51.0>) starting connect stats server, global 

=INFO REPORT==== 2-Mar-2011::11:32:47 ===
        ts_stats_mon:(5:<0.58.0>) starting dedicated stats server for connect 

=INFO REPORT==== 2-Mar-2011::11:32:47 ===
        ts_stats_mon:(5:<0.51.0>) starting transaction stats server, global 

=INFO REPORT==== 2-Mar-2011::11:32:47 ===
        ts_stats_mon:(5:<0.59.0>) starting transaction stats server

=INFO REPORT==== 2-Mar-2011::11:32:47 ===
     ts_match_logger:(5:<0.51.0>) starting match logger, global 

=INFO REPORT==== 2-Mar-2011::11:32:47 ===
     ts_match_logger:(5:<0.60.0>) starting match logger

=INFO REPORT==== 2-Mar-2011::11:32:47 ===
     ts_match_logger:(5:<0.60.0>) starting match logger

=INFO REPORT==== 2-Mar-2011::11:32:47 ===
           ts_config:(5:<0.52.0>) Reading config file: /home/ec2-user/speedmetal/apps/rails2/redmine-1.1.1/tsung.xml

=INFO REPORT==== 2-Mar-2011::11:32:48 ===
           ts_config:(5:<0.52.0>) Session name for id 1 is "ensureproject"

=INFO REPORT==== 2-Mar-2011::11:32:48 ===
           ts_config:(5:<0.52.0>) Session type: persistent=true, bidi=false

=INFO REPORT==== 2-Mar-2011::11:32:48 ===
      ts_config_http:(5:<0.52.0>) Relative URL, single server 
=INFO REPORT==== 2-Mar-2011::11:32:48 ===
           ts_config:(5:<0.52.0>) Session name for id 2 is "browse_site"

=INFO REPORT==== 2-Mar-2011::11:32:48 ===
           ts_config:(5:<0.52.0>) Session type: persistent=true, bidi=false

=INFO REPORT==== 2-Mar-2011::11:32:48 ===
      ts_config_http:(5:<0.52.0>) Relative URL, single server 
=INFO REPORT==== 2-Mar-2011::11:32:48 ===
           ts_config:(5:<0.52.0>) Session name for id 3 is "create_issue"

=INFO REPORT==== 2-Mar-2011::11:32:48 ===
           ts_config:(5:<0.52.0>) Session type: persistent=true, bidi=false

=INFO REPORT==== 2-Mar-2011::11:32:48 ===
      ts_config_http:(5:<0.52.0>) Relative URL, single server 
=INFO REPORT==== 2-Mar-2011::11:32:48 ===
    ts_config_server:(5:<0.52.0>) SYSINFO:Erlang version: Erlang R14B01 (erts-5.8.2) [source] [64-bit] [smp:2:2] [rq:2] [async-threads:16] [kernel-poll:true]


=INFO REPORT==== 2-Mar-2011::11:32:48 ===
    ts_config_server:(5:<0.52.0>) SYSINFO:System architecture x86_64-redhat-linux-gnu

=INFO REPORT==== 2-Mar-2011::11:32:48 ===
    ts_config_server:(5:<0.52.0>) SYSINFO:Current path: /usr/lib/erlang/lib/tsung-1.3.3/ebin/tsung.beam

=INFO REPORT==== 2-Mar-2011::11:32:48 ===
    ts_os_mon_erlang:(5:<0.66.0>) starting os_mon_erlang with args {"server",
                                                                    {},10000,
                                                                    {global,
                                                                     ts_mon}}
=INFO REPORT==== 2-Mar-2011::11:32:48 ===
              ts_mon:(5:<0.53.0>) Activate clients with text backend

=INFO REPORT==== 2-Mar-2011::11:32:48 ===
    ts_config_server:(5:<0.52.0>) Start a launcher on the controller beam 'ip-10-77-9-159'

=INFO REPORT==== 2-Mar-2011::11:32:48 ===
               tsung:(7:<0.78.0>) open logfile  

=INFO REPORT==== 2-Mar-2011::11:32:48 ===
               tsung:(7:<0.78.0>) ok

=INFO REPORT==== 2-Mar-2011::11:32:48 ===
              ts_sup:(6:<0.78.0>) starting supervisor ...

=INFO REPORT==== 2-Mar-2011::11:32:48 ===
              ts_sup:(6:<0.79.0>) starting
=INFO REPORT==== 2-Mar-2011::11:32:48 ===
     ts_launcher_mgr:(6:<0.80.0>) starting
=INFO REPORT==== 2-Mar-2011::11:32:48 ===
    ts_session_cache:(6:<0.79.0>) Starting

=INFO REPORT==== 2-Mar-2011::11:32:48 ===
        ts_mon_cache:(6:<0.79.0>) Starting

=INFO REPORT==== 2-Mar-2011::11:32:48 ===
       ts_client_sup:(6:<0.83.0>) Starting 

=INFO REPORT==== 2-Mar-2011::11:32:48 ===
  ts_launcher_static:(6:<0.79.0>) starting 

=INFO REPORT==== 2-Mar-2011::11:32:48 ===
     ts_launcher_mgr:(7:<0.80.0>) static launcher is starting on node 'tsung_controller@ip-10-77-9-159' 

=INFO REPORT==== 2-Mar-2011::11:32:48 ===
         ts_launcher:(6:<0.79.0>) starting 

=INFO REPORT==== 2-Mar-2011::11:32:48 ===
     ts_launcher_mgr:(7:<0.80.0>) dynamic launcher is starting on node 'tsung_controller@ip-10-77-9-159' 

=INFO REPORT==== 2-Mar-2011::11:32:48 ===
  ts_launcher_static:(5:<0.84.0>) Launch msg receive ("localhost")

=INFO REPORT==== 2-Mar-2011::11:32:48 ===
         ts_launcher:(5:<0.85.0>) Launch msg receive ("localhost")

=INFO REPORT==== 2-Mar-2011::11:32:48 ===
    ts_config_server:(5:<0.52.0>) New arrival phase 1 for client "localhost": will start 300.0 users

=INFO REPORT==== 2-Mar-2011::11:32:48 ===
    ts_config_server:(5:<0.52.0>) New arrival phase 2 for client "localhost": will start 400.0 users

=INFO REPORT==== 2-Mar-2011::11:32:48 ===
    ts_config_server:(5:<0.52.0>) New arrival phase 3 for client "localhost": will start 600.0 users

=INFO REPORT==== 2-Mar-2011::11:32:48 ===
    ts_config_server:(5:<0.52.0>) New arrival phase 4 for client "localhost": will start 1.2e3 users

=INFO REPORT==== 2-Mar-2011::11:32:48 ===
  ts_launcher_static:(5:<0.84.0>) Activate launcher (1 static users) in 10000 msec, first user after 0 ms 

=INFO REPORT==== 2-Mar-2011::11:32:48 ===
         ts_launcher:(5:<0.85.0>) Expected duration of first phase: 600.0 sec 

=INFO REPORT==== 2-Mar-2011::11:32:48 ===
         ts_launcher:(5:<0.85.0>) Activate launcher (300 users) in 10811 msec 

=INFO REPORT==== 2-Mar-2011::11:32:50 ===
    ts_os_mon_erlang:(5:<0.71.0>) loading tsung monitor on nodes [os_mon@server]

=INFO REPORT==== 2-Mar-2011::11:36:48 ===
           ts_search:(4:<0.245.0>) Dyn Var: no Match (varname=authenticity_token), 

=INFO REPORT==== 2-Mar-2011::11:42:18 ===
         ts_launcher:(5:<0.85.0>) Start a new arrival phase (400 6.666666666666666e-4); expected duration=559.9933562011719 sec

=INFO REPORT==== 2-Mar-2011::11:47:58 ===
           ts_search:(4:<0.790.0>) Dyn Var: no Match (varname=authenticity_token), 

=INFO REPORT==== 2-Mar-2011::11:52:07 ===
         ts_launcher:(5:<0.85.0>) Start a new arrival phase (600 0.001); expected duration=589.8548029785156 sec

=INFO REPORT==== 2-Mar-2011::11:54:33 ===
           ts_search:(4:<0.1179.0>) Dyn Var: no Match (varname=authenticity_token), 

=INFO REPORT==== 2-Mar-2011::12:02:08 ===
         ts_launcher:(5:<0.85.0>) Start a new arrival phase (1200 0.002); expected duration=600.5037819824219 sec

=INFO REPORT==== 2-Mar-2011::12:03:49 ===
           ts_search:(4:<0.1898.0>) Dyn Var: no Match (varname=authenticity_token), 

=INFO REPORT==== 2-Mar-2011::12:04:10 ===
           ts_search:(4:<0.1902.0>) Dyn Var: no Match (varname=authenticity_token), 

=INFO REPORT==== 2-Mar-2011::12:05:01 ===
           ts_search:(4:<0.2036.0>) Dyn Var: no Match (varname=authenticity_token), 

=INFO REPORT==== 2-Mar-2011::12:06:01 ===
           ts_search:(4:<0.2137.0>) Dyn Var: no Match (varname=authenticity_token), 

=INFO REPORT==== 2-Mar-2011::12:07:02 ===
           ts_search:(4:<0.2284.0>) Dyn Var: no Match (varname=authenticity_token), 

=INFO REPORT==== 2-Mar-2011::12:08:01 ===
           ts_search:(4:<0.2386.0>) Dyn Var: no Match (varname=authenticity_token), 

=INFO REPORT==== 2-Mar-2011::12:08:02 ===
           ts_search:(4:<0.2391.0>) Dyn Var: no Match (varname=authenticity_token), 

=INFO REPORT==== 2-Mar-2011::12:08:16 ===
           ts_search:(4:<0.2432.0>) Dyn Var: no Match (varname=authenticity_token), 

=INFO REPORT==== 2-Mar-2011::12:08:45 ===
           ts_search:(4:<0.2512.0>) Dyn Var: no Match (varname=authenticity_token), 

=INFO REPORT==== 2-Mar-2011::12:09:00 ===
           ts_search:(4:<0.2542.0>) Dyn Var: no Match (varname=authenticity_token), 

=INFO REPORT==== 2-Mar-2011::12:09:27 ===
           ts_search:(4:<0.2613.0>) Dyn Var: no Match (varname=authenticity_token), 

=INFO REPORT==== 2-Mar-2011::12:09:40 ===
           ts_search:(4:<0.2652.0>) Dyn Var: no Match (varname=authenticity_token), 

=INFO REPORT==== 2-Mar-2011::12:10:10 ===
           ts_search:(4:<0.2691.0>) Dyn Var: no Match (varname=authenticity_token), 

=INFO REPORT==== 2-Mar-2011::12:10:24 ===
           ts_search:(4:<0.2688.0>) Dyn Var: no Match (varname=authenticity_token), 

=INFO REPORT==== 2-Mar-2011::12:10:32 ===
           ts_search:(4:<0.2732.0>) Dyn Var: no Match (varname=authenticity_token), 

=INFO REPORT==== 2-Mar-2011::12:10:37 ===
           ts_search:(4:<0.2785.0>) Dyn Var: no Match (varname=authenticity_token), 

=INFO REPORT==== 2-Mar-2011::12:11:51 ===
           ts_search:(4:<0.2913.0>) Dyn Var: no Match (varname=authenticity_token), 

=INFO REPORT==== 2-Mar-2011::12:12:08 ===
         ts_launcher:(5:<0.85.0>) Phase duration exceeded, but not all users were launched (44 users, 3.7% of phase)

=INFO REPORT==== 2-Mar-2011::12:12:08 ===
         ts_launcher:(5:<0.85.0>) This was the last phase, wait for connected users to finish their session

=INFO REPORT==== 2-Mar-2011::12:12:08 ===
     ts_launcher_mgr:(5:<0.80.0>) Still 61 active client(s)

=INFO REPORT==== 2-Mar-2011::12:13:08 ===
     ts_launcher_mgr:(5:<0.80.0>) No more active users

=INFO REPORT==== 2-Mar-2011::12:13:08 ===
              ts_mon:(5:<0.53.0>) stopping monitor (normal)
