
=INFO REPORT==== 12-Oct-2011::21:47:03 ===
  ts_launcher_static:(5:<0.60.0>) Launch msg receive ("localhost")

=INFO REPORT==== 12-Oct-2011::21:47:03 ===
         ts_launcher:(5:<0.61.0>) Launch msg receive ("localhost")

=INFO REPORT==== 12-Oct-2011::21:47:03 ===
     ts_launcher_mgr:(4:<0.56.0>) No registered processes ! syncing ...

=INFO REPORT==== 12-Oct-2011::21:47:04 ===
         ts_launcher:(5:<0.61.0>) Expected duration of first phase: 120.0 sec 

=INFO REPORT==== 12-Oct-2011::21:47:04 ===
         ts_launcher:(5:<0.61.0>) Activate launcher (120 users) in 10037 msec 

=INFO REPORT==== 12-Oct-2011::21:49:16 ===
         ts_launcher:(5:<0.61.0>) Start a new arrival phase (240 0.002); expected duration=122.30130712890625 sec

=INFO REPORT==== 12-Oct-2011::21:51:00 ===
         ts_launcher:(5:<0.61.0>) Start a new arrival phase (360 0.003); expected duration=103.21573388671875 sec

=INFO REPORT==== 12-Oct-2011::21:52:54 ===
         ts_launcher:(5:<0.61.0>) Start a new arrival phase (480 0.004); expected duration=114.5017568359375 sec

=INFO REPORT==== 12-Oct-2011::21:54:54 ===
         ts_launcher:(5:<0.61.0>) Phase duration exceeded, but not all users were launched (19 users, 4.0% of phase)

=INFO REPORT==== 12-Oct-2011::21:54:54 ===
         ts_launcher:(5:<0.61.0>) Start a new arrival phase (600 0.005); expected duration=120.25205810546875 sec

=INFO REPORT==== 12-Oct-2011::21:56:54 ===
         ts_launcher:(5:<0.61.0>) Phase duration exceeded, but not all users were launched (20 users, 3.3% of phase)

=INFO REPORT==== 12-Oct-2011::21:56:54 ===
         ts_launcher:(5:<0.61.0>) Start a new arrival phase (4500 0.0075); expected duration=120.13823095703125 sec

=INFO REPORT==== 12-Oct-2011::22:06:55 ===
         ts_launcher:(5:<0.61.0>) Phase duration exceeded, but not all users were launched (3 users, 0.1% of phase)

=INFO REPORT==== 12-Oct-2011::22:06:55 ===
         ts_launcher:(5:<0.61.0>) Start a new arrival phase (6000 0.01); expected duration=600.0766120605468 sec

=INFO REPORT==== 12-Oct-2011::22:16:55 ===
         ts_launcher:(5:<0.61.0>) Phase duration exceeded, but not all users were launched (58 users, 1.0% of phase)

=INFO REPORT==== 12-Oct-2011::22:16:55 ===
         ts_launcher:(5:<0.61.0>) Start a new arrival phase (7500 0.0125); expected duration=600.113625 sec

=INFO REPORT==== 12-Oct-2011::22:26:55 ===
         ts_launcher:(5:<0.61.0>) Phase duration exceeded, but not all users were launched (79 users, 1.1% of phase)

=INFO REPORT==== 12-Oct-2011::22:26:55 ===
         ts_launcher:(5:<0.61.0>) Start a new arrival phase (9000 0.015); expected duration=600.0686599121094 sec

=INFO REPORT==== 12-Oct-2011::22:36:55 ===
         ts_launcher:(5:<0.61.0>) Phase duration exceeded, but not all users were launched (244 users, 2.7% of phase)

=INFO REPORT==== 12-Oct-2011::22:36:55 ===
         ts_launcher:(5:<0.61.0>) Start a new arrival phase (10500 0.0175); expected duration=600.0606091308593 sec

=INFO REPORT==== 12-Oct-2011::22:46:55 ===
         ts_launcher:(5:<0.61.0>) Phase duration exceeded, but not all users were launched (15 users, 0.1% of phase)

=INFO REPORT==== 12-Oct-2011::22:46:55 ===
         ts_launcher:(5:<0.61.0>) Start a new arrival phase (5184000 0.02); expected duration=600.1656069335937 sec

=INFO REPORT==== 12-Oct-2011::23:43:40 ===
           ts_client:(4:<0.6545.3>) connection close while sending message !

=INFO REPORT==== 12-Oct-2011::23:43:40 ===
           ts_client:(5:<0.6545.3>) Server must have closed connection upon us, waiting 10 msec

=INFO REPORT==== 13-Oct-2011::00:17:37 ===
           ts_client:(4:<0.13429.4>) connection close while sending message !

=INFO REPORT==== 13-Oct-2011::00:17:37 ===
           ts_client:(5:<0.13429.4>) Server must have closed connection upon us, waiting 10 msec

=INFO REPORT==== 13-Oct-2011::00:27:03 ===
           ts_client:(4:<0.24254.4>) connection close while sending message !

=INFO REPORT==== 13-Oct-2011::00:27:03 ===
           ts_client:(5:<0.24254.4>) Server must have closed connection upon us, waiting 10 msec

=INFO REPORT==== 13-Oct-2011::00:56:22 ===
           ts_client:(4:<0.25668.5>) connection close while sending message !

=INFO REPORT==== 13-Oct-2011::00:56:22 ===
           ts_client:(5:<0.25668.5>) Server must have closed connection upon us, waiting 10 msec

=INFO REPORT==== 13-Oct-2011::00:56:22 ===
           ts_client:(4:<0.25630.5>) connection close while sending message !

=INFO REPORT==== 13-Oct-2011::00:56:22 ===
           ts_client:(5:<0.25630.5>) Server must have closed connection upon us, waiting 10 msec

=INFO REPORT==== 13-Oct-2011::01:17:45 ===
           ts_client:(4:<0.17462.6>) connection close while sending message !

=INFO REPORT==== 13-Oct-2011::01:17:45 ===
           ts_client:(5:<0.17462.6>) Server must have closed connection upon us, waiting 10 msec

=INFO REPORT==== 13-Oct-2011::02:06:35 ===
           ts_client:(4:<0.21373.8>) connection close while sending message !

=INFO REPORT==== 13-Oct-2011::02:06:35 ===
           ts_client:(5:<0.21373.8>) Server must have closed connection upon us, waiting 10 msec

=INFO REPORT==== 13-Oct-2011::02:28:00 ===
           ts_client:(4:<0.13669.9>) connection close while sending message !

=INFO REPORT==== 13-Oct-2011::02:28:00 ===
           ts_client:(5:<0.13669.9>) Server must have closed connection upon us, waiting 10 msec

=INFO REPORT==== 13-Oct-2011::02:36:39 ===
           ts_client:(4:<0.23609.9>) connection close while sending message !

=INFO REPORT==== 13-Oct-2011::02:36:39 ===
           ts_client:(5:<0.23609.9>) Server must have closed connection upon us, waiting 10 msec

=INFO REPORT==== 13-Oct-2011::05:15:13 ===
           ts_client:(4:<0.11941.15>) connection close while sending message !

=INFO REPORT==== 13-Oct-2011::05:15:13 ===
           ts_client:(5:<0.11941.15>) Server must have closed connection upon us, waiting 10 msec

=INFO REPORT==== 13-Oct-2011::05:16:22 ===
           ts_client:(4:<0.13501.15>) connection close while sending message !

=INFO REPORT==== 13-Oct-2011::05:16:22 ===
           ts_client:(5:<0.13501.15>) Server must have closed connection upon us, waiting 10 msec

=INFO REPORT==== 13-Oct-2011::05:22:25 ===
           ts_client:(4:<0.133.16>) connection close while sending message !

=INFO REPORT==== 13-Oct-2011::05:22:25 ===
           ts_client:(5:<0.133.16>) Server must have closed connection upon us, waiting 10 msec

=INFO REPORT==== 13-Oct-2011::05:22:25 ===
           ts_client:(4:<0.132.16>) connection close while sending message !

=INFO REPORT==== 13-Oct-2011::05:22:25 ===
           ts_client:(5:<0.132.16>) Server must have closed connection upon us, waiting 10 msec

=INFO REPORT==== 13-Oct-2011::06:09:17 ===
           ts_client:(4:<0.22371.17>) connection close while sending message !

=INFO REPORT==== 13-Oct-2011::06:09:17 ===
           ts_client:(5:<0.22371.17>) Server must have closed connection upon us, waiting 10 msec

=INFO REPORT==== 13-Oct-2011::08:57:07 ===
           ts_client:(4:<0.1044.24>) connection close while sending message !

=INFO REPORT==== 13-Oct-2011::08:57:07 ===
           ts_client:(5:<0.1044.24>) Server must have closed connection upon us, waiting 10 msec

=INFO REPORT==== 13-Oct-2011::09:09:18 ===
           ts_client:(4:<0.15325.24>) connection close while sending message !

=INFO REPORT==== 13-Oct-2011::09:09:18 ===
           ts_client:(5:<0.15325.24>) Server must have closed connection upon us, waiting 10 msec

=INFO REPORT==== 13-Oct-2011::09:09:18 ===
           ts_client:(4:<0.15272.24>) connection close while sending message !

=INFO REPORT==== 13-Oct-2011::09:09:18 ===
           ts_client:(5:<0.15272.24>) Server must have closed connection upon us, waiting 10 msec

=INFO REPORT==== 13-Oct-2011::09:09:50 ===
           ts_client:(4:<0.15883.24>) connection close while sending message !

=INFO REPORT==== 13-Oct-2011::09:09:50 ===
           ts_client:(5:<0.15883.24>) Server must have closed connection upon us, waiting 10 msec

=INFO REPORT==== 13-Oct-2011::09:10:35 ===
           ts_client:(4:<0.16748.24>) connection close while sending message !

=INFO REPORT==== 13-Oct-2011::09:10:35 ===
           ts_client:(5:<0.16748.24>) Server must have closed connection upon us, waiting 10 msec

=INFO REPORT==== 13-Oct-2011::10:27:32 ===
           ts_client:(4:<0.8435.27>) connection close while sending message !

=INFO REPORT==== 13-Oct-2011::10:27:32 ===
           ts_client:(5:<0.8435.27>) Server must have closed connection upon us, waiting 10 msec

=INFO REPORT==== 13-Oct-2011::10:42:02 ===
           ts_client:(4:<0.25254.27>) connection close while sending message !

=INFO REPORT==== 13-Oct-2011::10:42:02 ===
           ts_client:(5:<0.25254.27>) Server must have closed connection upon us, waiting 10 msec

=INFO REPORT==== 13-Oct-2011::11:05:04 ===
           ts_client:(4:<0.19005.28>) connection close while sending message !

=INFO REPORT==== 13-Oct-2011::11:05:04 ===
           ts_client:(5:<0.19005.28>) Server must have closed connection upon us, waiting 10 msec

=INFO REPORT==== 13-Oct-2011::11:27:27 ===
           ts_client:(4:<0.12575.29>) connection close while sending message !

=INFO REPORT==== 13-Oct-2011::11:27:27 ===
           ts_client:(5:<0.12575.29>) Server must have closed connection upon us, waiting 10 msec

=INFO REPORT==== 13-Oct-2011::12:17:18 ===
           ts_client:(4:<0.5243.31>) connection close while sending message !

=INFO REPORT==== 13-Oct-2011::12:17:18 ===
           ts_client:(5:<0.5243.31>) Server must have closed connection upon us, waiting 10 msec

=INFO REPORT==== 13-Oct-2011::12:17:18 ===
           ts_client:(4:<0.5244.31>) connection close while sending message !

=INFO REPORT==== 13-Oct-2011::12:17:18 ===
           ts_client:(5:<0.5244.31>) Server must have closed connection upon us, waiting 10 msec

=INFO REPORT==== 13-Oct-2011::14:19:52 ===
           ts_client:(4:<0.29396.35>) connection close while sending message !

=INFO REPORT==== 13-Oct-2011::14:19:52 ===
           ts_client:(5:<0.29396.35>) Server must have closed connection upon us, waiting 10 msec

=INFO REPORT==== 13-Oct-2011::14:46:11 ===
           ts_client:(4:<0.27027.36>) connection close while sending message !

=INFO REPORT==== 13-Oct-2011::14:46:11 ===
           ts_client:(5:<0.27027.36>) Server must have closed connection upon us, waiting 10 msec

=INFO REPORT==== 13-Oct-2011::15:54:04 ===
           ts_client:(4:<0.8324.39>) connection close while sending message !

=INFO REPORT==== 13-Oct-2011::15:54:04 ===
           ts_client:(5:<0.8324.39>) Server must have closed connection upon us, waiting 10 msec

=INFO REPORT==== 13-Oct-2011::16:12:14 ===
           ts_client:(4:<0.8992.40>) connection close while sending message !

=INFO REPORT==== 13-Oct-2011::16:12:14 ===
           ts_client:(5:<0.8992.40>) Server must have closed connection upon us, waiting 10 msec

=INFO REPORT==== 13-Oct-2011::17:11:21 ===
           ts_client:(4:<0.12384.42>) connection close while sending message !

=INFO REPORT==== 13-Oct-2011::17:11:21 ===
           ts_client:(5:<0.12384.42>) Server must have closed connection upon us, waiting 10 msec

=INFO REPORT==== 13-Oct-2011::18:14:13 ===
           ts_client:(4:<0.20107.44>) connection close while sending message !

=INFO REPORT==== 13-Oct-2011::18:14:13 ===
           ts_client:(5:<0.20107.44>) Server must have closed connection upon us, waiting 10 msec

=INFO REPORT==== 13-Oct-2011::18:55:04 ===
           ts_client:(4:<0.1967.46>) connection close while sending message !

=INFO REPORT==== 13-Oct-2011::18:55:04 ===
           ts_client:(5:<0.1967.46>) Server must have closed connection upon us, waiting 10 msec

=INFO REPORT==== 13-Oct-2011::19:23:04 ===
           ts_client:(4:<0.1962.47>) connection close while sending message !

=INFO REPORT==== 13-Oct-2011::19:23:04 ===
           ts_client:(5:<0.1962.47>) Server must have closed connection upon us, waiting 10 msec

=INFO REPORT==== 13-Oct-2011::20:45:06 ===
           ts_client:(4:<0.11308.50>) connection close while sending message !

=INFO REPORT==== 13-Oct-2011::20:45:06 ===
           ts_client:(5:<0.11308.50>) Server must have closed connection upon us, waiting 10 msec

=INFO REPORT==== 13-Oct-2011::20:45:06 ===
           ts_client:(4:<0.11309.50>) connection close while sending message !

=INFO REPORT==== 13-Oct-2011::20:45:06 ===
           ts_client:(5:<0.11309.50>) Server must have closed connection upon us, waiting 10 msec

=INFO REPORT==== 13-Oct-2011::21:54:07 ===
           ts_client:(4:<0.26030.52>) connection close while sending message !

=INFO REPORT==== 13-Oct-2011::21:54:07 ===
           ts_client:(5:<0.26030.52>) Server must have closed connection upon us, waiting 10 msec

=INFO REPORT==== 13-Oct-2011::22:59:56 ===
           ts_client:(4:<0.4405.55>) connection close while sending message !

=INFO REPORT==== 13-Oct-2011::22:59:56 ===
           ts_client:(5:<0.4405.55>) Server must have closed connection upon us, waiting 10 msec

=INFO REPORT==== 14-Oct-2011::01:53:49 ===
           ts_client:(4:<0.21985.61>) connection close while sending message !

=INFO REPORT==== 14-Oct-2011::01:53:49 ===
           ts_client:(5:<0.21985.61>) Server must have closed connection upon us, waiting 10 msec

=INFO REPORT==== 14-Oct-2011::01:53:49 ===
           ts_client:(4:<0.22014.61>) connection close while sending message !

=INFO REPORT==== 14-Oct-2011::01:53:49 ===
           ts_client:(5:<0.22014.61>) Server must have closed connection upon us, waiting 10 msec

=INFO REPORT==== 14-Oct-2011::01:57:05 ===
           ts_client:(4:<0.25784.61>) connection close while sending message !

=INFO REPORT==== 14-Oct-2011::01:57:05 ===
           ts_client:(5:<0.25784.61>) Server must have closed connection upon us, waiting 10 msec

=INFO REPORT==== 14-Oct-2011::01:57:05 ===
           ts_client:(4:<0.25839.61>) connection close while sending message !

=INFO REPORT==== 14-Oct-2011::01:57:05 ===
           ts_client:(5:<0.25839.61>) Server must have closed connection upon us, waiting 10 msec

=INFO REPORT==== 14-Oct-2011::02:37:26 ===
           ts_client:(4:<0.7442.63>) connection close while sending message !

=INFO REPORT==== 14-Oct-2011::02:37:26 ===
           ts_client:(5:<0.7442.63>) Server must have closed connection upon us, waiting 10 msec

=INFO REPORT==== 14-Oct-2011::02:46:14 ===
           ts_client:(4:<0.17615.63>) connection close while sending message !

=INFO REPORT==== 14-Oct-2011::02:46:14 ===
           ts_client:(5:<0.17615.63>) Server must have closed connection upon us, waiting 10 msec

=INFO REPORT==== 14-Oct-2011::03:54:42 ===
           ts_client:(4:<0.11114.66>) connection close while sending message !

=INFO REPORT==== 14-Oct-2011::03:54:42 ===
           ts_client:(5:<0.11114.66>) Server must have closed connection upon us, waiting 10 msec

=INFO REPORT==== 14-Oct-2011::04:09:42 ===
           ts_client:(4:<0.28350.66>) connection close while sending message !

=INFO REPORT==== 14-Oct-2011::04:09:42 ===
           ts_client:(5:<0.28350.66>) Server must have closed connection upon us, waiting 10 msec

=INFO REPORT==== 14-Oct-2011::04:26:32 ===
           ts_client:(4:<0.15192.67>) connection close while sending message !

=INFO REPORT==== 14-Oct-2011::04:26:32 ===
           ts_client:(5:<0.15192.67>) Server must have closed connection upon us, waiting 10 msec

=INFO REPORT==== 14-Oct-2011::05:43:35 ===
           ts_client:(4:<0.7080.70>) connection close while sending message !

=INFO REPORT==== 14-Oct-2011::05:43:35 ===
           ts_client:(5:<0.7080.70>) Server must have closed connection upon us, waiting 10 msec

=INFO REPORT==== 14-Oct-2011::05:43:35 ===
           ts_client:(4:<0.7066.70>) connection close while sending message !

=INFO REPORT==== 14-Oct-2011::05:43:35 ===
           ts_client:(5:<0.7066.70>) Server must have closed connection upon us, waiting 10 msec

=INFO REPORT==== 14-Oct-2011::05:43:35 ===
           ts_client:(4:<0.7081.70>) connection close while sending message !

=INFO REPORT==== 14-Oct-2011::05:43:35 ===
           ts_client:(5:<0.7081.70>) Server must have closed connection upon us, waiting 10 msec

=INFO REPORT==== 14-Oct-2011::08:11:43 ===
           ts_client:(4:<0.28577.75>) connection close while sending message !

=INFO REPORT==== 14-Oct-2011::08:11:43 ===
           ts_client:(5:<0.28577.75>) Server must have closed connection upon us, waiting 10 msec

=INFO REPORT==== 14-Oct-2011::08:49:03 ===
           ts_client:(4:<0.5712.77>) connection close while sending message !

=INFO REPORT==== 14-Oct-2011::08:49:03 ===
           ts_client:(5:<0.5712.77>) Server must have closed connection upon us, waiting 10 msec

=INFO REPORT==== 14-Oct-2011::13:34:15 ===
           ts_client:(4:<0.3069.88>) connection close while sending message !

=INFO REPORT==== 14-Oct-2011::13:34:15 ===
           ts_client:(5:<0.3069.88>) Server must have closed connection upon us, waiting 10 msec

=INFO REPORT==== 14-Oct-2011::13:34:33 ===
           ts_client:(4:<0.3428.88>) connection close while sending message !

=INFO REPORT==== 14-Oct-2011::13:34:33 ===
           ts_client:(5:<0.3428.88>) Server must have closed connection upon us, waiting 10 msec

=INFO REPORT==== 14-Oct-2011::13:51:42 ===
           ts_client:(4:<0.23462.88>) connection close while sending message !

=INFO REPORT==== 14-Oct-2011::13:51:42 ===
           ts_client:(5:<0.23462.88>) Server must have closed connection upon us, waiting 10 msec

=INFO REPORT==== 14-Oct-2011::16:36:33 ===
           ts_client:(4:<0.18406.94>) connection close while sending message !

=INFO REPORT==== 14-Oct-2011::16:36:33 ===
           ts_client:(5:<0.18406.94>) Server must have closed connection upon us, waiting 10 msec

=INFO REPORT==== 14-Oct-2011::17:29:06 ===
           ts_client:(4:<0.26190.96>) connection close while sending message !

=INFO REPORT==== 14-Oct-2011::17:29:06 ===
           ts_client:(5:<0.26190.96>) Server must have closed connection upon us, waiting 10 msec

=INFO REPORT==== 14-Oct-2011::18:12:55 ===
           ts_client:(4:<0.11932.98>) connection close while sending message !

=INFO REPORT==== 14-Oct-2011::18:12:55 ===
           ts_client:(5:<0.11932.98>) Server must have closed connection upon us, waiting 10 msec

=INFO REPORT==== 14-Oct-2011::21:19:14 ===
           ts_client:(4:<0.12531.105>) connection close while sending message !

=INFO REPORT==== 14-Oct-2011::21:19:14 ===
           ts_client:(5:<0.12531.105>) Server must have closed connection upon us, waiting 10 msec

=INFO REPORT==== 14-Oct-2011::21:19:14 ===
           ts_client:(4:<0.12532.105>) connection close while sending message !

=INFO REPORT==== 14-Oct-2011::21:19:14 ===
           ts_client:(5:<0.12532.105>) Server must have closed connection upon us, waiting 10 msec

=INFO REPORT==== 14-Oct-2011::22:46:13 ===
           ts_client:(4:<0.15166.108>) connection close while sending message !

=INFO REPORT==== 14-Oct-2011::22:46:13 ===
           ts_client:(5:<0.15166.108>) Server must have closed connection upon us, waiting 10 msec

=INFO REPORT==== 15-Oct-2011::00:12:06 ===
           ts_client:(4:<0.16986.111>) connection close while sending message !

=INFO REPORT==== 15-Oct-2011::00:12:06 ===
           ts_client:(5:<0.16986.111>) Server must have closed connection upon us, waiting 10 msec

=INFO REPORT==== 15-Oct-2011::00:43:27 ===
           ts_client:(4:<0.355.113>) connection close while sending message !

=INFO REPORT==== 15-Oct-2011::00:43:27 ===
           ts_client:(5:<0.355.113>) Server must have closed connection upon us, waiting 10 msec

=INFO REPORT==== 15-Oct-2011::03:18:17 ===
           ts_client:(4:<0.17191.118>) connection close while sending message !

=INFO REPORT==== 15-Oct-2011::03:18:17 ===
           ts_client:(5:<0.17191.118>) Server must have closed connection upon us, waiting 10 msec

=INFO REPORT==== 15-Oct-2011::05:21:14 ===
           ts_client:(4:<0.9211.123>) connection close while sending message !

=INFO REPORT==== 15-Oct-2011::05:21:14 ===
           ts_client:(5:<0.9211.123>) Server must have closed connection upon us, waiting 10 msec

=INFO REPORT==== 15-Oct-2011::06:53:41 ===
           ts_client:(4:<0.18265.126>) connection close while sending message !

=INFO REPORT==== 15-Oct-2011::06:53:41 ===
           ts_client:(5:<0.18265.126>) Server must have closed connection upon us, waiting 10 msec

=INFO REPORT==== 15-Oct-2011::08:12:18 ===
           ts_client:(4:<0.24259.129>) connection close while sending message !

=INFO REPORT==== 15-Oct-2011::08:12:18 ===
           ts_client:(5:<0.24259.129>) Server must have closed connection upon us, waiting 10 msec

=INFO REPORT==== 15-Oct-2011::08:12:18 ===
           ts_client:(4:<0.24188.129>) connection close while sending message !

=INFO REPORT==== 15-Oct-2011::08:12:18 ===
           ts_client:(5:<0.24188.129>) Server must have closed connection upon us, waiting 10 msec

=INFO REPORT==== 15-Oct-2011::09:15:26 ===
           ts_client:(4:<0.32452.131>) connection close while sending message !

=INFO REPORT==== 15-Oct-2011::09:15:26 ===
           ts_client:(5:<0.32452.131>) Server must have closed connection upon us, waiting 10 msec

=INFO REPORT==== 15-Oct-2011::10:46:23 ===
           ts_client:(4:<0.6907.135>) connection close while sending message !

=INFO REPORT==== 15-Oct-2011::10:46:23 ===
           ts_client:(5:<0.6907.135>) Server must have closed connection upon us, waiting 10 msec

=INFO REPORT==== 15-Oct-2011::11:20:07 ===
           ts_client:(4:<0.25506.136>) connection close while sending message !

=INFO REPORT==== 15-Oct-2011::11:20:07 ===
           ts_client:(5:<0.25506.136>) Server must have closed connection upon us, waiting 10 msec

=INFO REPORT==== 15-Oct-2011::16:05:32 ===
           ts_client:(4:<0.9545.147>) connection close while sending message !

=INFO REPORT==== 15-Oct-2011::16:05:32 ===
           ts_client:(5:<0.9545.147>) Server must have closed connection upon us, waiting 10 msec

=INFO REPORT==== 15-Oct-2011::16:11:07 ===
           ts_client:(4:<0.16422.147>) connection close while sending message !

=INFO REPORT==== 15-Oct-2011::16:11:07 ===
           ts_client:(5:<0.16422.147>) Server must have closed connection upon us, waiting 10 msec

=INFO REPORT==== 15-Oct-2011::19:20:01 ===
           ts_client:(4:<0.19494.154>) connection close while sending message !

=INFO REPORT==== 15-Oct-2011::19:20:01 ===
           ts_client:(5:<0.19494.154>) Server must have closed connection upon us, waiting 10 msec

=INFO REPORT==== 15-Oct-2011::19:42:13 ===
           ts_client:(4:<0.12642.155>) connection close while sending message !

=INFO REPORT==== 15-Oct-2011::19:42:13 ===
           ts_client:(5:<0.12642.155>) Server must have closed connection upon us, waiting 10 msec

=INFO REPORT==== 15-Oct-2011::22:46:55 ===
         ts_launcher:(5:<0.61.0>) Phase duration exceeded, but not all users were launched (152404 users, 2.9% of phase)

=INFO REPORT==== 15-Oct-2011::22:46:55 ===
         ts_launcher:(5:<0.61.0>) This was the last phase, wait for connected users to finish their session

=INFO REPORT==== 15-Oct-2011::22:46:55 ===
     ts_launcher_mgr:(5:<0.56.0>) Still 208 active client(s)

=INFO REPORT==== 15-Oct-2011::22:47:55 ===
     ts_launcher_mgr:(5:<0.56.0>) No more active users
