
=INFO REPORT==== 12-Oct-2011::21:47:03 ===
  ts_launcher_static:(5:<0.60.0>) Launch msg receive ("localhost")

=INFO REPORT==== 12-Oct-2011::21:47:03 ===
         ts_launcher:(5:<0.61.0>) Launch msg receive ("localhost")

=INFO REPORT==== 12-Oct-2011::21:47:03 ===
     ts_launcher_mgr:(4:<0.56.0>) No registered processes ! syncing ...

=INFO REPORT==== 12-Oct-2011::21:47:07 ===
         ts_launcher:(5:<0.61.0>) Expected duration of first phase: 120.0 sec 

=INFO REPORT==== 12-Oct-2011::21:47:07 ===
         ts_launcher:(5:<0.61.0>) Activate launcher (120 users) in 7172 msec 

=INFO REPORT==== 12-Oct-2011::21:49:09 ===
         ts_launcher:(5:<0.61.0>) Start a new arrival phase (240 0.002); expected duration=115.166591796875 sec

=INFO REPORT==== 12-Oct-2011::21:51:09 ===
         ts_launcher:(5:<0.61.0>) Phase duration exceeded, but not all users were launched (26 users, 10.8% of phase)

=INFO REPORT==== 12-Oct-2011::21:51:09 ===
         ts_launcher:(5:<0.61.0>) Start a new arrival phase (360 0.003); expected duration=120.09272485351562 sec

=INFO REPORT==== 12-Oct-2011::21:53:07 ===
         ts_launcher:(5:<0.61.0>) Start a new arrival phase (480 0.004); expected duration=117.48755102539063 sec

=INFO REPORT==== 12-Oct-2011::21:55:02 ===
         ts_launcher:(5:<0.61.0>) Start a new arrival phase (600 0.005); expected duration=114.95666186523438 sec

=INFO REPORT==== 12-Oct-2011::21:57:02 ===
         ts_launcher:(5:<0.61.0>) Phase duration exceeded, but not all users were launched (2 users, 0.3% of phase)

=INFO REPORT==== 12-Oct-2011::21:57:02 ===
         ts_launcher:(5:<0.61.0>) Start a new arrival phase (4500 0.0075); expected duration=120.00475390625 sec

=INFO REPORT==== 12-Oct-2011::22:07:02 ===
         ts_launcher:(5:<0.61.0>) Phase duration exceeded, but not all users were launched (110 users, 2.4% of phase)

=INFO REPORT==== 12-Oct-2011::22:07:02 ===
         ts_launcher:(5:<0.61.0>) Start a new arrival phase (6000 0.01); expected duration=600.0595908203125 sec

=INFO REPORT==== 12-Oct-2011::22:17:02 ===
         ts_launcher:(5:<0.61.0>) Phase duration exceeded, but not all users were launched (111 users, 1.9% of phase)

=INFO REPORT==== 12-Oct-2011::22:17:02 ===
         ts_launcher:(5:<0.61.0>) Start a new arrival phase (7500 0.0125); expected duration=600.0757338867187 sec

=INFO REPORT==== 12-Oct-2011::22:27:02 ===
         ts_launcher:(5:<0.61.0>) Phase duration exceeded, but not all users were launched (87 users, 1.2% of phase)

=INFO REPORT==== 12-Oct-2011::22:27:02 ===
         ts_launcher:(5:<0.61.0>) Start a new arrival phase (9000 0.015); expected duration=600.1062900390625 sec

=INFO REPORT==== 12-Oct-2011::22:37:02 ===
         ts_launcher:(5:<0.61.0>) Phase duration exceeded, but not all users were launched (303 users, 3.4% of phase)

=INFO REPORT==== 12-Oct-2011::22:37:02 ===
         ts_launcher:(5:<0.61.0>) Start a new arrival phase (10500 0.0175); expected duration=600.0714899902343 sec

=INFO REPORT==== 12-Oct-2011::22:39:33 ===
           ts_client:(4:<0.30807.0>) connection close while sending message !

=INFO REPORT==== 12-Oct-2011::22:39:33 ===
           ts_client:(5:<0.30807.0>) Server must have closed connection upon us, waiting 10 msec

=INFO REPORT==== 12-Oct-2011::22:47:02 ===
         ts_launcher:(5:<0.61.0>) Phase duration exceeded, but not all users were launched (193 users, 1.8% of phase)

=INFO REPORT==== 12-Oct-2011::22:47:02 ===
         ts_launcher:(5:<0.61.0>) Start a new arrival phase (5184000 0.02); expected duration=600.0745998535157 sec

=INFO REPORT==== 12-Oct-2011::22:53:37 ===
           ts_client:(4:<0.13239.1>) connection close while sending message !

=INFO REPORT==== 12-Oct-2011::22:53:37 ===
           ts_client:(5:<0.13239.1>) Server must have closed connection upon us, waiting 10 msec

=INFO REPORT==== 12-Oct-2011::23:47:19 ===
           ts_client:(4:<0.10231.3>) connection close while sending message !

=INFO REPORT==== 12-Oct-2011::23:47:19 ===
           ts_client:(5:<0.10231.3>) Server must have closed connection upon us, waiting 10 msec

=INFO REPORT==== 12-Oct-2011::23:47:19 ===
           ts_client:(4:<0.10408.3>) connection close while sending message !

=INFO REPORT==== 12-Oct-2011::23:47:19 ===
           ts_client:(5:<0.10408.3>) Server must have closed connection upon us, waiting 10 msec

=INFO REPORT==== 13-Oct-2011::02:11:02 ===
           ts_client:(4:<0.26618.8>) connection close while sending message !

=INFO REPORT==== 13-Oct-2011::02:11:02 ===
           ts_client:(5:<0.26618.8>) Server must have closed connection upon us, waiting 10 msec

=INFO REPORT==== 13-Oct-2011::02:11:02 ===
           ts_client:(4:<0.26577.8>) connection close while sending message !

=INFO REPORT==== 13-Oct-2011::02:11:02 ===
           ts_client:(5:<0.26577.8>) Server must have closed connection upon us, waiting 10 msec

=INFO REPORT==== 13-Oct-2011::02:11:02 ===
           ts_client:(4:<0.26571.8>) connection close while sending message !

=INFO REPORT==== 13-Oct-2011::02:11:02 ===
           ts_client:(5:<0.26571.8>) Server must have closed connection upon us, waiting 10 msec

=INFO REPORT==== 13-Oct-2011::02:36:39 ===
           ts_client:(4:<0.23826.9>) connection close while sending message !

=INFO REPORT==== 13-Oct-2011::02:36:39 ===
           ts_client:(5:<0.23826.9>) Server must have closed connection upon us, waiting 10 msec

=INFO REPORT==== 13-Oct-2011::02:36:39 ===
           ts_client:(4:<0.23618.9>) connection close while sending message !

=INFO REPORT==== 13-Oct-2011::02:36:39 ===
           ts_client:(5:<0.23618.9>) Server must have closed connection upon us, waiting 10 msec

=INFO REPORT==== 13-Oct-2011::03:04:11 ===
           ts_client:(4:<0.22866.10>) connection close while sending message !

=INFO REPORT==== 13-Oct-2011::03:04:11 ===
           ts_client:(5:<0.22866.10>) Server must have closed connection upon us, waiting 10 msec

=INFO REPORT==== 13-Oct-2011::03:33:27 ===
           ts_client:(4:<0.24228.11>) connection close while sending message !

=INFO REPORT==== 13-Oct-2011::03:33:27 ===
           ts_client:(5:<0.24228.11>) Server must have closed connection upon us, waiting 10 msec

=INFO REPORT==== 13-Oct-2011::03:35:12 ===
           ts_client:(4:<0.26264.11>) connection close while sending message !

=INFO REPORT==== 13-Oct-2011::03:35:12 ===
           ts_client:(5:<0.26264.11>) Server must have closed connection upon us, waiting 10 msec

=INFO REPORT==== 13-Oct-2011::04:10:03 ===
           ts_client:(4:<0.1107.13>) connection close while sending message !

=INFO REPORT==== 13-Oct-2011::04:10:03 ===
           ts_client:(5:<0.1107.13>) Server must have closed connection upon us, waiting 10 msec

=INFO REPORT==== 13-Oct-2011::04:25:56 ===
           ts_client:(4:<0.19708.13>) connection close while sending message !

=INFO REPORT==== 13-Oct-2011::04:25:56 ===
           ts_client:(5:<0.19708.13>) Server must have closed connection upon us, waiting 10 msec

=INFO REPORT==== 13-Oct-2011::04:41:17 ===
           ts_client:(4:<0.4774.14>) connection close while sending message !

=INFO REPORT==== 13-Oct-2011::04:41:17 ===
           ts_client:(5:<0.4774.14>) Server must have closed connection upon us, waiting 10 msec

=INFO REPORT==== 13-Oct-2011::04:41:17 ===
           ts_client:(4:<0.4744.14>) connection close while sending message !

=INFO REPORT==== 13-Oct-2011::04:41:17 ===
           ts_client:(5:<0.4744.14>) Server must have closed connection upon us, waiting 10 msec

=INFO REPORT==== 13-Oct-2011::04:41:17 ===
           ts_client:(4:<0.4747.14>) connection close while sending message !

=INFO REPORT==== 13-Oct-2011::04:41:17 ===
           ts_client:(5:<0.4747.14>) Server must have closed connection upon us, waiting 10 msec

=INFO REPORT==== 13-Oct-2011::04:41:17 ===
           ts_client:(4:<0.4816.14>) connection close while sending message !

=INFO REPORT==== 13-Oct-2011::04:41:17 ===
           ts_client:(5:<0.4816.14>) Server must have closed connection upon us, waiting 10 msec

=INFO REPORT==== 13-Oct-2011::06:21:23 ===
           ts_client:(4:<0.2994.18>) connection close while sending message !

=INFO REPORT==== 13-Oct-2011::06:21:23 ===
           ts_client:(5:<0.2994.18>) Server must have closed connection upon us, waiting 10 msec

=INFO REPORT==== 13-Oct-2011::06:41:54 ===
           ts_client:(4:<0.26731.18>) connection close while sending message !

=INFO REPORT==== 13-Oct-2011::06:41:54 ===
           ts_client:(5:<0.26731.18>) Server must have closed connection upon us, waiting 10 msec

=INFO REPORT==== 13-Oct-2011::06:41:54 ===
           ts_client:(4:<0.26772.18>) connection close while sending message !

=INFO REPORT==== 13-Oct-2011::06:41:54 ===
           ts_client:(5:<0.26772.18>) Server must have closed connection upon us, waiting 10 msec

=INFO REPORT==== 13-Oct-2011::06:46:10 ===
           ts_client:(4:<0.31438.18>) connection close while sending message !

=INFO REPORT==== 13-Oct-2011::06:46:10 ===
           ts_client:(5:<0.31438.18>) Server must have closed connection upon us, waiting 10 msec

=INFO REPORT==== 13-Oct-2011::08:07:03 ===
           ts_client:(4:<0.27575.21>) connection close while sending message !

=INFO REPORT==== 13-Oct-2011::08:07:03 ===
           ts_client:(5:<0.27575.21>) Server must have closed connection upon us, waiting 10 msec

=INFO REPORT==== 13-Oct-2011::08:13:42 ===
           ts_client:(4:<0.2758.22>) connection close while sending message !

=INFO REPORT==== 13-Oct-2011::08:13:42 ===
           ts_client:(5:<0.2758.22>) Server must have closed connection upon us, waiting 10 msec

=INFO REPORT==== 13-Oct-2011::09:36:13 ===
           ts_client:(4:<0.13063.25>) connection close while sending message !

=INFO REPORT==== 13-Oct-2011::09:36:13 ===
           ts_client:(5:<0.13063.25>) Server must have closed connection upon us, waiting 10 msec

=INFO REPORT==== 13-Oct-2011::10:03:55 ===
           ts_client:(4:<0.12286.26>) connection close while sending message !

=INFO REPORT==== 13-Oct-2011::10:03:55 ===
           ts_client:(5:<0.12286.26>) Server must have closed connection upon us, waiting 10 msec

=INFO REPORT==== 13-Oct-2011::10:03:55 ===
           ts_client:(4:<0.12372.26>) connection close while sending message !

=INFO REPORT==== 13-Oct-2011::10:03:55 ===
           ts_client:(5:<0.12372.26>) Server must have closed connection upon us, waiting 10 msec

=INFO REPORT==== 13-Oct-2011::10:36:15 ===
           ts_client:(4:<0.17356.27>) connection close while sending message !

=INFO REPORT==== 13-Oct-2011::10:36:15 ===
           ts_client:(5:<0.17356.27>) Server must have closed connection upon us, waiting 10 msec

=INFO REPORT==== 13-Oct-2011::11:09:04 ===
           ts_client:(4:<0.23355.28>) connection close while sending message !

=INFO REPORT==== 13-Oct-2011::11:09:04 ===
           ts_client:(5:<0.23355.28>) Server must have closed connection upon us, waiting 10 msec

=INFO REPORT==== 13-Oct-2011::11:27:27 ===
           ts_client:(4:<0.11672.29>) connection close while sending message !

=INFO REPORT==== 13-Oct-2011::11:27:27 ===
           ts_client:(5:<0.11672.29>) Server must have closed connection upon us, waiting 10 msec

=INFO REPORT==== 13-Oct-2011::11:43:44 ===
           ts_client:(4:<0.30924.29>) connection close while sending message !

=INFO REPORT==== 13-Oct-2011::11:43:44 ===
           ts_client:(5:<0.30924.29>) Server must have closed connection upon us, waiting 10 msec

=INFO REPORT==== 13-Oct-2011::11:43:44 ===
           ts_client:(4:<0.31172.29>) connection close while sending message !

=INFO REPORT==== 13-Oct-2011::11:43:44 ===
           ts_client:(5:<0.31172.29>) Server must have closed connection upon us, waiting 10 msec

=INFO REPORT==== 13-Oct-2011::11:43:44 ===
           ts_client:(4:<0.31173.29>) connection close while sending message !

=INFO REPORT==== 13-Oct-2011::11:43:44 ===
           ts_client:(5:<0.31173.29>) Server must have closed connection upon us, waiting 10 msec

=INFO REPORT==== 13-Oct-2011::12:20:13 ===
           ts_client:(4:<0.8037.31>) connection close while sending message !

=INFO REPORT==== 13-Oct-2011::12:20:13 ===
           ts_client:(5:<0.8037.31>) Server must have closed connection upon us, waiting 10 msec

=INFO REPORT==== 13-Oct-2011::13:06:25 ===
           ts_client:(4:<0.8389.33>) connection close while sending message !

=INFO REPORT==== 13-Oct-2011::13:06:25 ===
           ts_client:(5:<0.8389.33>) Server must have closed connection upon us, waiting 10 msec

=INFO REPORT==== 13-Oct-2011::13:06:35 ===
           ts_client:(4:<0.8640.33>) connection close while sending message !

=INFO REPORT==== 13-Oct-2011::13:06:35 ===
           ts_client:(5:<0.8640.33>) Server must have closed connection upon us, waiting 10 msec

=INFO REPORT==== 13-Oct-2011::15:03:14 ===
           ts_client:(4:<0.12798.37>) connection close while sending message !

=INFO REPORT==== 13-Oct-2011::15:03:14 ===
           ts_client:(5:<0.12798.37>) Server must have closed connection upon us, waiting 10 msec

=INFO REPORT==== 13-Oct-2011::17:07:10 ===
           ts_client:(4:<0.6126.42>) connection close while sending message !

=INFO REPORT==== 13-Oct-2011::17:07:10 ===
           ts_client:(5:<0.6126.42>) Server must have closed connection upon us, waiting 10 msec

=INFO REPORT==== 13-Oct-2011::18:48:08 ===
           ts_client:(4:<0.25515.45>) connection close while sending message !

=INFO REPORT==== 13-Oct-2011::18:48:08 ===
           ts_client:(5:<0.25515.45>) Server must have closed connection upon us, waiting 10 msec

=INFO REPORT==== 13-Oct-2011::19:11:24 ===
           ts_client:(4:<0.19576.46>) connection close while sending message !

=INFO REPORT==== 13-Oct-2011::19:11:24 ===
           ts_client:(5:<0.19576.46>) Server must have closed connection upon us, waiting 10 msec

=INFO REPORT==== 13-Oct-2011::19:22:09 ===
           ts_client:(4:<0.32188.46>) connection close while sending message !

=INFO REPORT==== 13-Oct-2011::19:22:09 ===
           ts_client:(5:<0.32188.46>) Server must have closed connection upon us, waiting 10 msec

=INFO REPORT==== 13-Oct-2011::20:12:00 ===
           ts_client:(4:<0.4189.49>) connection close while sending message !

=INFO REPORT==== 13-Oct-2011::20:12:00 ===
           ts_client:(5:<0.4189.49>) Server must have closed connection upon us, waiting 10 msec

=INFO REPORT==== 13-Oct-2011::20:12:42 ===
           ts_client:(4:<0.4826.49>) connection close while sending message !

=INFO REPORT==== 13-Oct-2011::20:12:42 ===
           ts_client:(5:<0.4826.49>) Server must have closed connection upon us, waiting 10 msec

=INFO REPORT==== 13-Oct-2011::20:14:05 ===
           ts_client:(4:<0.6624.49>) connection close while sending message !

=INFO REPORT==== 13-Oct-2011::20:14:05 ===
           ts_client:(5:<0.6624.49>) Server must have closed connection upon us, waiting 10 msec

=INFO REPORT==== 13-Oct-2011::20:26:04 ===
           ts_client:(4:<0.20603.49>) connection close while sending message !

=INFO REPORT==== 13-Oct-2011::20:26:04 ===
           ts_client:(5:<0.20603.49>) Server must have closed connection upon us, waiting 10 msec

=INFO REPORT==== 13-Oct-2011::20:59:32 ===
           ts_client:(4:<0.26759.50>) connection close while sending message !

=INFO REPORT==== 13-Oct-2011::20:59:32 ===
           ts_client:(5:<0.26759.50>) Server must have closed connection upon us, waiting 10 msec

=INFO REPORT==== 13-Oct-2011::21:22:38 ===
           ts_client:(4:<0.20803.51>) connection close while sending message !

=INFO REPORT==== 13-Oct-2011::21:22:38 ===
           ts_client:(5:<0.20803.51>) Server must have closed connection upon us, waiting 10 msec

=INFO REPORT==== 13-Oct-2011::22:06:32 ===
           ts_client:(4:<0.6980.53>) connection close while sending message !

=INFO REPORT==== 13-Oct-2011::22:06:32 ===
           ts_client:(5:<0.6980.53>) Server must have closed connection upon us, waiting 10 msec

=INFO REPORT==== 13-Oct-2011::22:55:16 ===
           ts_client:(4:<0.31145.54>) connection close while sending message !

=INFO REPORT==== 13-Oct-2011::22:55:16 ===
           ts_client:(5:<0.31145.54>) Server must have closed connection upon us, waiting 10 msec

=INFO REPORT==== 13-Oct-2011::23:56:16 ===
           ts_client:(4:<0.16269.57>) connection close while sending message !

=INFO REPORT==== 13-Oct-2011::23:56:16 ===
           ts_client:(5:<0.16269.57>) Server must have closed connection upon us, waiting 10 msec

=INFO REPORT==== 13-Oct-2011::23:56:16 ===
           ts_client:(4:<0.16246.57>) connection close while sending message !

=INFO REPORT==== 13-Oct-2011::23:56:16 ===
           ts_client:(5:<0.16246.57>) Server must have closed connection upon us, waiting 10 msec

=INFO REPORT==== 13-Oct-2011::23:56:16 ===
           ts_client:(4:<0.16197.57>) connection close while sending message !

=INFO REPORT==== 13-Oct-2011::23:56:16 ===
           ts_client:(5:<0.16197.57>) Server must have closed connection upon us, waiting 10 msec

=INFO REPORT==== 14-Oct-2011::01:45:55 ===
           ts_client:(4:<0.13087.61>) connection close while sending message !

=INFO REPORT==== 14-Oct-2011::01:45:55 ===
           ts_client:(5:<0.13087.61>) Server must have closed connection upon us, waiting 10 msec

=INFO REPORT==== 14-Oct-2011::02:46:23 ===
           ts_client:(4:<0.17993.63>) connection close while sending message !

=INFO REPORT==== 14-Oct-2011::02:46:23 ===
           ts_client:(5:<0.17993.63>) Server must have closed connection upon us, waiting 10 msec

=INFO REPORT==== 14-Oct-2011::02:46:23 ===
           ts_client:(4:<0.18247.63>) connection close while sending message !

=INFO REPORT==== 14-Oct-2011::02:46:23 ===
           ts_client:(5:<0.18247.63>) Server must have closed connection upon us, waiting 10 msec

=INFO REPORT==== 14-Oct-2011::02:52:12 ===
           ts_client:(4:<0.4271.64>) connection close while sending message !

=INFO REPORT==== 14-Oct-2011::02:52:12 ===
           ts_client:(5:<0.4271.64>) Server must have closed connection upon us, waiting 10 msec

=INFO REPORT==== 14-Oct-2011::02:52:12 ===
           ts_client:(4:<0.4399.64>) connection close while sending message !

=INFO REPORT==== 14-Oct-2011::02:52:12 ===
           ts_client:(5:<0.4399.64>) Server must have closed connection upon us, waiting 10 msec

=INFO REPORT==== 14-Oct-2011::02:52:12 ===
           ts_client:(4:<0.4456.64>) connection close while sending message !

=INFO REPORT==== 14-Oct-2011::02:52:12 ===
           ts_client:(5:<0.4456.64>) Server must have closed connection upon us, waiting 10 msec

=INFO REPORT==== 14-Oct-2011::04:31:05 ===
           ts_client:(4:<0.21458.67>) connection close while sending message !

=INFO REPORT==== 14-Oct-2011::04:31:05 ===
           ts_client:(5:<0.21458.67>) Server must have closed connection upon us, waiting 10 msec

=INFO REPORT==== 14-Oct-2011::04:46:03 ===
           ts_client:(4:<0.6079.68>) connection close while sending message !

=INFO REPORT==== 14-Oct-2011::04:46:03 ===
           ts_client:(5:<0.6079.68>) Server must have closed connection upon us, waiting 10 msec

=INFO REPORT==== 14-Oct-2011::04:46:03 ===
           ts_client:(4:<0.5843.68>) connection close while sending message !

=INFO REPORT==== 14-Oct-2011::04:46:03 ===
           ts_client:(5:<0.5843.68>) Server must have closed connection upon us, waiting 10 msec

=INFO REPORT==== 14-Oct-2011::04:49:31 ===
           ts_client:(4:<0.10237.68>) connection close while sending message !

=INFO REPORT==== 14-Oct-2011::04:49:31 ===
           ts_client:(5:<0.10237.68>) Server must have closed connection upon us, waiting 10 msec

=INFO REPORT==== 14-Oct-2011::05:02:54 ===
           ts_client:(4:<0.25710.68>) connection close while sending message !

=INFO REPORT==== 14-Oct-2011::05:02:54 ===
           ts_client:(5:<0.25710.68>) Server must have closed connection upon us, waiting 10 msec

=INFO REPORT==== 14-Oct-2011::05:42:29 ===
           ts_client:(4:<0.6902.70>) connection close while sending message !

=INFO REPORT==== 14-Oct-2011::05:42:29 ===
           ts_client:(5:<0.6902.70>) Server must have closed connection upon us, waiting 10 msec

=INFO REPORT==== 14-Oct-2011::06:06:41 ===
           ts_client:(4:<0.2039.71>) connection close while sending message !

=INFO REPORT==== 14-Oct-2011::06:06:41 ===
           ts_client:(5:<0.2039.71>) Server must have closed connection upon us, waiting 10 msec

=INFO REPORT==== 14-Oct-2011::08:10:57 ===
           ts_client:(4:<0.28320.75>) connection close while sending message !

=INFO REPORT==== 14-Oct-2011::08:10:57 ===
           ts_client:(5:<0.28320.75>) Server must have closed connection upon us, waiting 10 msec

=INFO REPORT==== 14-Oct-2011::09:52:35 ===
           ts_client:(4:<0.16134.79>) connection close while sending message !

=INFO REPORT==== 14-Oct-2011::09:52:35 ===
           ts_client:(5:<0.16134.79>) Server must have closed connection upon us, waiting 10 msec

=INFO REPORT==== 14-Oct-2011::11:36:20 ===
           ts_client:(4:<0.17381.83>) connection close while sending message !

=INFO REPORT==== 14-Oct-2011::11:36:20 ===
           ts_client:(5:<0.17381.83>) Server must have closed connection upon us, waiting 10 msec

=INFO REPORT==== 14-Oct-2011::12:23:31 ===
           ts_client:(4:<0.7257.85>) connection close while sending message !

=INFO REPORT==== 14-Oct-2011::12:23:31 ===
           ts_client:(5:<0.7257.85>) Server must have closed connection upon us, waiting 10 msec

=INFO REPORT==== 14-Oct-2011::12:42:30 ===
           ts_client:(4:<0.29281.85>) connection close while sending message !

=INFO REPORT==== 14-Oct-2011::12:42:30 ===
           ts_client:(5:<0.29281.85>) Server must have closed connection upon us, waiting 10 msec

=INFO REPORT==== 14-Oct-2011::12:42:30 ===
           ts_client:(4:<0.29419.85>) connection close while sending message !

=INFO REPORT==== 14-Oct-2011::12:42:30 ===
           ts_client:(5:<0.29419.85>) Server must have closed connection upon us, waiting 10 msec

=INFO REPORT==== 14-Oct-2011::12:46:06 ===
           ts_client:(4:<0.745.86>) connection close while sending message !

=INFO REPORT==== 14-Oct-2011::12:46:06 ===
           ts_client:(5:<0.745.86>) Server must have closed connection upon us, waiting 10 msec

=INFO REPORT==== 14-Oct-2011::12:50:11 ===
           ts_client:(4:<0.5476.86>) connection close while sending message !

=INFO REPORT==== 14-Oct-2011::12:50:11 ===
           ts_client:(5:<0.5476.86>) Server must have closed connection upon us, waiting 10 msec

=INFO REPORT==== 14-Oct-2011::12:50:11 ===
           ts_client:(4:<0.5663.86>) connection close while sending message !

=INFO REPORT==== 14-Oct-2011::12:50:11 ===
           ts_client:(5:<0.5663.86>) Server must have closed connection upon us, waiting 10 msec

=INFO REPORT==== 14-Oct-2011::14:31:12 ===
           ts_client:(4:<0.4270.90>) connection close while sending message !

=INFO REPORT==== 14-Oct-2011::14:31:12 ===
           ts_client:(5:<0.4270.90>) Server must have closed connection upon us, waiting 10 msec

=INFO REPORT==== 14-Oct-2011::14:31:12 ===
           ts_client:(4:<0.4048.90>) connection close while sending message !

=INFO REPORT==== 14-Oct-2011::14:31:12 ===
           ts_client:(5:<0.4048.90>) Server must have closed connection upon us, waiting 10 msec

=INFO REPORT==== 14-Oct-2011::15:02:06 ===
           ts_client:(4:<0.7612.91>) connection close while sending message !

=INFO REPORT==== 14-Oct-2011::15:02:06 ===
           ts_client:(5:<0.7612.91>) Server must have closed connection upon us, waiting 10 msec

=INFO REPORT==== 14-Oct-2011::15:28:50 ===
           ts_client:(4:<0.5932.92>) connection close while sending message !

=INFO REPORT==== 14-Oct-2011::15:28:50 ===
           ts_client:(5:<0.5932.92>) Server must have closed connection upon us, waiting 10 msec

=INFO REPORT==== 14-Oct-2011::16:08:36 ===
           ts_client:(4:<0.19641.93>) connection close while sending message !

=INFO REPORT==== 14-Oct-2011::16:08:36 ===
           ts_client:(5:<0.19641.93>) Server must have closed connection upon us, waiting 10 msec

=INFO REPORT==== 14-Oct-2011::18:06:06 ===
           ts_client:(4:<0.4364.98>) connection close while sending message !

=INFO REPORT==== 14-Oct-2011::18:06:06 ===
           ts_client:(5:<0.4364.98>) Server must have closed connection upon us, waiting 10 msec

=INFO REPORT==== 14-Oct-2011::18:06:06 ===
           ts_client:(4:<0.4856.98>) connection close while sending message !

=INFO REPORT==== 14-Oct-2011::18:06:06 ===
           ts_client:(5:<0.4856.98>) Server must have closed connection upon us, waiting 10 msec

=INFO REPORT==== 14-Oct-2011::18:55:11 ===
           ts_client:(4:<0.29531.99>) connection close while sending message !

=INFO REPORT==== 14-Oct-2011::18:55:11 ===
           ts_client:(5:<0.29531.99>) Server must have closed connection upon us, waiting 10 msec

=INFO REPORT==== 14-Oct-2011::19:27:17 ===
           ts_client:(4:<0.1144.101>) connection close while sending message !

=INFO REPORT==== 14-Oct-2011::19:27:17 ===
           ts_client:(5:<0.1144.101>) Server must have closed connection upon us, waiting 10 msec

=INFO REPORT==== 14-Oct-2011::22:32:25 ===
           ts_client:(4:<0.227.108>) connection close while sending message !

=INFO REPORT==== 14-Oct-2011::22:32:25 ===
           ts_client:(5:<0.227.108>) Server must have closed connection upon us, waiting 10 msec

=INFO REPORT==== 14-Oct-2011::22:35:07 ===
           ts_client:(4:<0.3411.108>) connection close while sending message !

=INFO REPORT==== 14-Oct-2011::22:35:07 ===
           ts_client:(5:<0.3411.108>) Server must have closed connection upon us, waiting 10 msec

=INFO REPORT==== 14-Oct-2011::23:43:56 ===
           ts_client:(4:<0.17853.110>) connection close while sending message !

=INFO REPORT==== 14-Oct-2011::23:43:56 ===
           ts_client:(5:<0.17853.110>) Server must have closed connection upon us, waiting 10 msec

=INFO REPORT==== 15-Oct-2011::01:25:21 ===
           ts_client:(4:<0.17442.114>) connection close while sending message !

=INFO REPORT==== 15-Oct-2011::01:25:21 ===
           ts_client:(5:<0.17442.114>) Server must have closed connection upon us, waiting 10 msec

=INFO REPORT==== 15-Oct-2011::01:25:21 ===
           ts_client:(4:<0.17444.114>) connection close while sending message !

=INFO REPORT==== 15-Oct-2011::01:25:21 ===
           ts_client:(5:<0.17444.114>) Server must have closed connection upon us, waiting 10 msec

=INFO REPORT==== 15-Oct-2011::02:45:07 ===
           ts_client:(4:<0.12018.117>) connection close while sending message !

=INFO REPORT==== 15-Oct-2011::02:45:07 ===
           ts_client:(5:<0.12018.117>) Server must have closed connection upon us, waiting 10 msec

=INFO REPORT==== 15-Oct-2011::03:21:30 ===
           ts_client:(4:<0.21674.118>) connection close while sending message !

=INFO REPORT==== 15-Oct-2011::03:21:30 ===
           ts_client:(5:<0.21674.118>) Server must have closed connection upon us, waiting 10 msec

=INFO REPORT==== 15-Oct-2011::03:34:06 ===
           ts_client:(4:<0.3738.119>) connection close while sending message !

=INFO REPORT==== 15-Oct-2011::03:34:06 ===
           ts_client:(5:<0.3738.119>) Server must have closed connection upon us, waiting 10 msec

=INFO REPORT==== 15-Oct-2011::03:34:06 ===
           ts_client:(4:<0.3534.119>) connection close while sending message !

=INFO REPORT==== 15-Oct-2011::03:34:06 ===
           ts_client:(5:<0.3534.119>) Server must have closed connection upon us, waiting 10 msec

=INFO REPORT==== 15-Oct-2011::04:00:16 ===
           ts_client:(4:<0.13692.120>) connection close while sending message !

=INFO REPORT==== 15-Oct-2011::04:00:16 ===
           ts_client:(5:<0.13692.120>) Server must have closed connection upon us, waiting 10 msec

=INFO REPORT==== 15-Oct-2011::05:25:10 ===
           ts_client:(4:<0.14291.123>) connection close while sending message !

=INFO REPORT==== 15-Oct-2011::05:25:10 ===
           ts_client:(5:<0.14291.123>) Server must have closed connection upon us, waiting 10 msec

=INFO REPORT==== 15-Oct-2011::05:25:10 ===
           ts_client:(4:<0.14375.123>) connection close while sending message !

=INFO REPORT==== 15-Oct-2011::05:25:10 ===
           ts_client:(5:<0.14375.123>) Server must have closed connection upon us, waiting 10 msec

=INFO REPORT==== 15-Oct-2011::05:25:10 ===
           ts_client:(4:<0.14374.123>) connection close while sending message !

=INFO REPORT==== 15-Oct-2011::05:25:10 ===
           ts_client:(5:<0.14374.123>) Server must have closed connection upon us, waiting 10 msec

=INFO REPORT==== 15-Oct-2011::05:50:26 ===
           ts_client:(4:<0.11238.124>) connection close while sending message !

=INFO REPORT==== 15-Oct-2011::05:50:26 ===
           ts_client:(5:<0.11238.124>) Server must have closed connection upon us, waiting 10 msec

=INFO REPORT==== 15-Oct-2011::07:26:56 ===
           ts_client:(4:<0.5721.128>) connection close while sending message !

=INFO REPORT==== 15-Oct-2011::07:26:56 ===
           ts_client:(5:<0.5721.128>) Server must have closed connection upon us, waiting 10 msec

=INFO REPORT==== 15-Oct-2011::08:03:29 ===
           ts_client:(4:<0.15573.129>) connection close while sending message !

=INFO REPORT==== 15-Oct-2011::08:03:29 ===
           ts_client:(5:<0.15573.129>) Server must have closed connection upon us, waiting 10 msec

=INFO REPORT==== 15-Oct-2011::08:34:31 ===
           ts_client:(4:<0.18687.130>) connection close while sending message !

=INFO REPORT==== 15-Oct-2011::08:34:31 ===
           ts_client:(5:<0.18687.130>) Server must have closed connection upon us, waiting 10 msec

=INFO REPORT==== 15-Oct-2011::08:34:31 ===
           ts_client:(4:<0.18879.130>) connection close while sending message !

=INFO REPORT==== 15-Oct-2011::08:34:31 ===
           ts_client:(5:<0.18879.130>) Server must have closed connection upon us, waiting 10 msec

=INFO REPORT==== 15-Oct-2011::11:12:31 ===
           ts_client:(4:<0.19131.136>) connection close while sending message !

=INFO REPORT==== 15-Oct-2011::11:12:31 ===
           ts_client:(5:<0.19131.136>) Server must have closed connection upon us, waiting 10 msec

=INFO REPORT==== 15-Oct-2011::13:13:36 ===
           ts_client:(4:<0.29071.140>) connection close while sending message !

=INFO REPORT==== 15-Oct-2011::13:13:36 ===
           ts_client:(5:<0.29071.140>) Server must have closed connection upon us, waiting 10 msec

=INFO REPORT==== 15-Oct-2011::13:13:36 ===
           ts_client:(4:<0.28914.140>) connection close while sending message !

=INFO REPORT==== 15-Oct-2011::13:13:36 ===
           ts_client:(5:<0.28914.140>) Server must have closed connection upon us, waiting 10 msec

=INFO REPORT==== 15-Oct-2011::13:13:36 ===
           ts_client:(4:<0.28734.140>) connection close while sending message !

=INFO REPORT==== 15-Oct-2011::13:13:36 ===
           ts_client:(5:<0.28734.140>) Server must have closed connection upon us, waiting 10 msec

=INFO REPORT==== 15-Oct-2011::17:31:18 ===
           ts_client:(4:<0.13547.150>) connection close while sending message !

=INFO REPORT==== 15-Oct-2011::17:31:18 ===
           ts_client:(5:<0.13547.150>) Server must have closed connection upon us, waiting 10 msec

=INFO REPORT==== 15-Oct-2011::17:35:07 ===
           ts_client:(4:<0.18080.150>) connection close while sending message !

=INFO REPORT==== 15-Oct-2011::17:35:07 ===
           ts_client:(5:<0.18080.150>) Server must have closed connection upon us, waiting 10 msec

=INFO REPORT==== 15-Oct-2011::18:12:35 ===
           ts_client:(4:<0.8951.152>) connection close while sending message !

=INFO REPORT==== 15-Oct-2011::18:12:35 ===
           ts_client:(5:<0.8951.152>) Server must have closed connection upon us, waiting 10 msec

=INFO REPORT==== 15-Oct-2011::18:13:44 ===
           ts_client:(4:<0.10456.152>) connection close while sending message !

=INFO REPORT==== 15-Oct-2011::18:13:44 ===
           ts_client:(5:<0.10456.152>) Server must have closed connection upon us, waiting 10 msec

=INFO REPORT==== 15-Oct-2011::19:51:08 ===
           ts_client:(4:<0.25424.155>) connection close while sending message !

=INFO REPORT==== 15-Oct-2011::19:51:08 ===
           ts_client:(5:<0.25424.155>) Server must have closed connection upon us, waiting 10 msec

=INFO REPORT==== 15-Oct-2011::20:26:52 ===
           ts_client:(4:<0.1538.157>) connection close while sending message !

=INFO REPORT==== 15-Oct-2011::20:26:52 ===
           ts_client:(5:<0.1538.157>) Server must have closed connection upon us, waiting 10 msec

=INFO REPORT==== 15-Oct-2011::20:26:52 ===
           ts_client:(4:<0.1539.157>) connection close while sending message !

=INFO REPORT==== 15-Oct-2011::20:26:52 ===
           ts_client:(5:<0.1539.157>) Server must have closed connection upon us, waiting 10 msec

=INFO REPORT==== 15-Oct-2011::21:23:13 ===
           ts_client:(4:<0.1492.159>) connection close while sending message !

=INFO REPORT==== 15-Oct-2011::21:23:13 ===
           ts_client:(5:<0.1492.159>) Server must have closed connection upon us, waiting 10 msec

=INFO REPORT==== 15-Oct-2011::21:49:49 ===
           ts_client:(4:<0.12305.160>) connection close while sending message !

=INFO REPORT==== 15-Oct-2011::21:49:49 ===
           ts_client:(5:<0.12305.160>) Server must have closed connection upon us, waiting 10 msec

=INFO REPORT==== 15-Oct-2011::22:47:02 ===
         ts_launcher:(5:<0.61.0>) Phase duration exceeded, but not all users were launched (148863 users, 2.9% of phase)

=INFO REPORT==== 15-Oct-2011::22:47:02 ===
         ts_launcher:(5:<0.61.0>) This was the last phase, wait for connected users to finish their session

=INFO REPORT==== 15-Oct-2011::22:47:02 ===
     ts_launcher_mgr:(5:<0.56.0>) Still 188 active client(s)
